ARM GAS  C:\Users\Greg\AppData\Local\Temp\cc8MGIAT.s 			page 1


   1              		.syntax unified
   2              		.cpu cortex-m3
   3              		.fpu softvfp
   4              		.eabi_attribute 20, 1
   5              		.eabi_attribute 21, 1
   6              		.eabi_attribute 23, 3
   7              		.eabi_attribute 24, 1
   8              		.eabi_attribute 25, 1
   9              		.eabi_attribute 26, 1
  10              		.eabi_attribute 30, 6
  11              		.eabi_attribute 34, 1
  12              		.eabi_attribute 18, 4
  13              		.thumb
  14              		.file	"ADC_2_IRQ.c"
  15              		.text
  16              	.Ltext0:
  17              		.cfi_sections	.debug_frame
  18              		.section	.text.ADC_2_IRQ_Start,"ax",%progbits
  19              		.align	2
  20              		.global	ADC_2_IRQ_Start
  21              		.thumb
  22              		.thumb_func
  23              		.type	ADC_2_IRQ_Start, %function
  24              	ADC_2_IRQ_Start:
  25              	.LFB0:
  26              		.file 1 "Generated_Source\\PSoC5\\ADC_2_IRQ.c"
   1:Generated_Source\PSoC5/ADC_2_IRQ.c **** /*******************************************************************************
   2:Generated_Source\PSoC5/ADC_2_IRQ.c **** * File Name: ADC_2_IRQ.c  
   3:Generated_Source\PSoC5/ADC_2_IRQ.c **** * Version 1.70
   4:Generated_Source\PSoC5/ADC_2_IRQ.c **** *
   5:Generated_Source\PSoC5/ADC_2_IRQ.c **** *  Description:
   6:Generated_Source\PSoC5/ADC_2_IRQ.c **** *   API for controlling the state of an interrupt.
   7:Generated_Source\PSoC5/ADC_2_IRQ.c **** *
   8:Generated_Source\PSoC5/ADC_2_IRQ.c **** *
   9:Generated_Source\PSoC5/ADC_2_IRQ.c **** *  Note:
  10:Generated_Source\PSoC5/ADC_2_IRQ.c **** *
  11:Generated_Source\PSoC5/ADC_2_IRQ.c **** ********************************************************************************
  12:Generated_Source\PSoC5/ADC_2_IRQ.c **** * Copyright 2008-2015, Cypress Semiconductor Corporation.  All rights reserved.
  13:Generated_Source\PSoC5/ADC_2_IRQ.c **** * You may use this file only in accordance with the license, terms, conditions, 
  14:Generated_Source\PSoC5/ADC_2_IRQ.c **** * disclaimers, and limitations in the end user license agreement accompanying 
  15:Generated_Source\PSoC5/ADC_2_IRQ.c **** * the software package with which this file was provided.
  16:Generated_Source\PSoC5/ADC_2_IRQ.c **** *******************************************************************************/
  17:Generated_Source\PSoC5/ADC_2_IRQ.c **** 
  18:Generated_Source\PSoC5/ADC_2_IRQ.c **** 
  19:Generated_Source\PSoC5/ADC_2_IRQ.c **** #include <cydevice_trm.h>
  20:Generated_Source\PSoC5/ADC_2_IRQ.c **** #include <CyLib.h>
  21:Generated_Source\PSoC5/ADC_2_IRQ.c **** #include <ADC_2_IRQ.h>
  22:Generated_Source\PSoC5/ADC_2_IRQ.c **** 
  23:Generated_Source\PSoC5/ADC_2_IRQ.c **** 
  24:Generated_Source\PSoC5/ADC_2_IRQ.c **** #if !defined(ADC_2_IRQ__REMOVED) /* Check for removal by optimization */
  25:Generated_Source\PSoC5/ADC_2_IRQ.c **** 
  26:Generated_Source\PSoC5/ADC_2_IRQ.c **** /*******************************************************************************
  27:Generated_Source\PSoC5/ADC_2_IRQ.c **** *  Place your includes, defines and code here 
  28:Generated_Source\PSoC5/ADC_2_IRQ.c **** ********************************************************************************/
  29:Generated_Source\PSoC5/ADC_2_IRQ.c **** /* `#START ADC_2_IRQ_intc` */
  30:Generated_Source\PSoC5/ADC_2_IRQ.c **** 
  31:Generated_Source\PSoC5/ADC_2_IRQ.c **** /* `#END` */
ARM GAS  C:\Users\Greg\AppData\Local\Temp\cc8MGIAT.s 			page 2


  32:Generated_Source\PSoC5/ADC_2_IRQ.c **** 
  33:Generated_Source\PSoC5/ADC_2_IRQ.c **** #ifndef CYINT_IRQ_BASE
  34:Generated_Source\PSoC5/ADC_2_IRQ.c **** #define CYINT_IRQ_BASE      16
  35:Generated_Source\PSoC5/ADC_2_IRQ.c **** #endif /* CYINT_IRQ_BASE */
  36:Generated_Source\PSoC5/ADC_2_IRQ.c **** #ifndef CYINT_VECT_TABLE
  37:Generated_Source\PSoC5/ADC_2_IRQ.c **** #define CYINT_VECT_TABLE    ((cyisraddress **) CYREG_NVIC_VECT_OFFSET)
  38:Generated_Source\PSoC5/ADC_2_IRQ.c **** #endif /* CYINT_VECT_TABLE */
  39:Generated_Source\PSoC5/ADC_2_IRQ.c **** 
  40:Generated_Source\PSoC5/ADC_2_IRQ.c **** /* Declared in startup, used to set unused interrupts to. */
  41:Generated_Source\PSoC5/ADC_2_IRQ.c **** CY_ISR_PROTO(IntDefaultHandler);
  42:Generated_Source\PSoC5/ADC_2_IRQ.c **** 
  43:Generated_Source\PSoC5/ADC_2_IRQ.c **** 
  44:Generated_Source\PSoC5/ADC_2_IRQ.c **** /*******************************************************************************
  45:Generated_Source\PSoC5/ADC_2_IRQ.c **** * Function Name: ADC_2_IRQ_Start
  46:Generated_Source\PSoC5/ADC_2_IRQ.c **** ********************************************************************************
  47:Generated_Source\PSoC5/ADC_2_IRQ.c **** *
  48:Generated_Source\PSoC5/ADC_2_IRQ.c **** * Summary:
  49:Generated_Source\PSoC5/ADC_2_IRQ.c **** *  Set up the interrupt and enable it. This function disables the interrupt, 
  50:Generated_Source\PSoC5/ADC_2_IRQ.c **** *  sets the default interrupt vector, sets the priority from the value in the
  51:Generated_Source\PSoC5/ADC_2_IRQ.c **** *  Design Wide Resources Interrupt Editor, then enables the interrupt to the 
  52:Generated_Source\PSoC5/ADC_2_IRQ.c **** *  interrupt controller.
  53:Generated_Source\PSoC5/ADC_2_IRQ.c **** *
  54:Generated_Source\PSoC5/ADC_2_IRQ.c **** * Parameters:  
  55:Generated_Source\PSoC5/ADC_2_IRQ.c **** *   None
  56:Generated_Source\PSoC5/ADC_2_IRQ.c **** *
  57:Generated_Source\PSoC5/ADC_2_IRQ.c **** * Return:
  58:Generated_Source\PSoC5/ADC_2_IRQ.c **** *   None
  59:Generated_Source\PSoC5/ADC_2_IRQ.c **** *
  60:Generated_Source\PSoC5/ADC_2_IRQ.c **** *******************************************************************************/
  61:Generated_Source\PSoC5/ADC_2_IRQ.c **** void ADC_2_IRQ_Start(void)
  62:Generated_Source\PSoC5/ADC_2_IRQ.c **** {
  27              		.loc 1 62 0
  28              		.cfi_startproc
  29              		@ args = 0, pretend = 0, frame = 0
  30              		@ frame_needed = 1, uses_anonymous_args = 0
  31 0000 80B5     		push	{r7, lr}
  32              		.cfi_def_cfa_offset 8
  33              		.cfi_offset 7, -8
  34              		.cfi_offset 14, -4
  35 0002 00AF     		add	r7, sp, #0
  36              		.cfi_def_cfa_register 7
  63:Generated_Source\PSoC5/ADC_2_IRQ.c ****     /* For all we know the interrupt is active. */
  64:Generated_Source\PSoC5/ADC_2_IRQ.c ****     ADC_2_IRQ_Disable();
  37              		.loc 1 64 0
  38 0004 FFF7FEFF 		bl	ADC_2_IRQ_Disable
  65:Generated_Source\PSoC5/ADC_2_IRQ.c **** 
  66:Generated_Source\PSoC5/ADC_2_IRQ.c ****     /* Set the ISR to point to the ADC_2_IRQ Interrupt. */
  67:Generated_Source\PSoC5/ADC_2_IRQ.c ****     ADC_2_IRQ_SetVector(&ADC_2_IRQ_Interrupt);
  39              		.loc 1 67 0
  40 0008 0448     		ldr	r0, .L2
  41 000a FFF7FEFF 		bl	ADC_2_IRQ_SetVector
  68:Generated_Source\PSoC5/ADC_2_IRQ.c **** 
  69:Generated_Source\PSoC5/ADC_2_IRQ.c ****     /* Set the priority. */
  70:Generated_Source\PSoC5/ADC_2_IRQ.c ****     ADC_2_IRQ_SetPriority((uint8)ADC_2_IRQ_INTC_PRIOR_NUMBER);
  42              		.loc 1 70 0
  43 000e 0720     		movs	r0, #7
  44 0010 FFF7FEFF 		bl	ADC_2_IRQ_SetPriority
ARM GAS  C:\Users\Greg\AppData\Local\Temp\cc8MGIAT.s 			page 3


  71:Generated_Source\PSoC5/ADC_2_IRQ.c **** 
  72:Generated_Source\PSoC5/ADC_2_IRQ.c ****     /* Enable it. */
  73:Generated_Source\PSoC5/ADC_2_IRQ.c ****     ADC_2_IRQ_Enable();
  45              		.loc 1 73 0
  46 0014 FFF7FEFF 		bl	ADC_2_IRQ_Enable
  74:Generated_Source\PSoC5/ADC_2_IRQ.c **** }
  47              		.loc 1 74 0
  48 0018 80BD     		pop	{r7, pc}
  49              	.L3:
  50 001a 00BF     		.align	2
  51              	.L2:
  52 001c 00000000 		.word	ADC_2_IRQ_Interrupt
  53              		.cfi_endproc
  54              	.LFE0:
  55              		.size	ADC_2_IRQ_Start, .-ADC_2_IRQ_Start
  56              		.section	.text.ADC_2_IRQ_StartEx,"ax",%progbits
  57              		.align	2
  58              		.global	ADC_2_IRQ_StartEx
  59              		.thumb
  60              		.thumb_func
  61              		.type	ADC_2_IRQ_StartEx, %function
  62              	ADC_2_IRQ_StartEx:
  63              	.LFB1:
  75:Generated_Source\PSoC5/ADC_2_IRQ.c **** 
  76:Generated_Source\PSoC5/ADC_2_IRQ.c **** 
  77:Generated_Source\PSoC5/ADC_2_IRQ.c **** /*******************************************************************************
  78:Generated_Source\PSoC5/ADC_2_IRQ.c **** * Function Name: ADC_2_IRQ_StartEx
  79:Generated_Source\PSoC5/ADC_2_IRQ.c **** ********************************************************************************
  80:Generated_Source\PSoC5/ADC_2_IRQ.c **** *
  81:Generated_Source\PSoC5/ADC_2_IRQ.c **** * Summary:
  82:Generated_Source\PSoC5/ADC_2_IRQ.c **** *  Sets up the interrupt and enables it. This function disables the interrupt,
  83:Generated_Source\PSoC5/ADC_2_IRQ.c **** *  sets the interrupt vector based on the address passed in, sets the priority 
  84:Generated_Source\PSoC5/ADC_2_IRQ.c **** *  from the value in the Design Wide Resources Interrupt Editor, then enables 
  85:Generated_Source\PSoC5/ADC_2_IRQ.c **** *  the interrupt to the interrupt controller.
  86:Generated_Source\PSoC5/ADC_2_IRQ.c **** *  
  87:Generated_Source\PSoC5/ADC_2_IRQ.c **** *  When defining ISR functions, the CY_ISR and CY_ISR_PROTO macros should be 
  88:Generated_Source\PSoC5/ADC_2_IRQ.c **** *  used to provide consistent definition across compilers:
  89:Generated_Source\PSoC5/ADC_2_IRQ.c **** *  
  90:Generated_Source\PSoC5/ADC_2_IRQ.c **** *  Function definition example:
  91:Generated_Source\PSoC5/ADC_2_IRQ.c **** *   CY_ISR(MyISR)
  92:Generated_Source\PSoC5/ADC_2_IRQ.c **** *   {
  93:Generated_Source\PSoC5/ADC_2_IRQ.c **** *   }
  94:Generated_Source\PSoC5/ADC_2_IRQ.c **** *   Function prototype example:
  95:Generated_Source\PSoC5/ADC_2_IRQ.c **** *   CY_ISR_PROTO(MyISR);
  96:Generated_Source\PSoC5/ADC_2_IRQ.c **** *
  97:Generated_Source\PSoC5/ADC_2_IRQ.c **** * Parameters:  
  98:Generated_Source\PSoC5/ADC_2_IRQ.c **** *   address: Address of the ISR to set in the interrupt vector table.
  99:Generated_Source\PSoC5/ADC_2_IRQ.c **** *
 100:Generated_Source\PSoC5/ADC_2_IRQ.c **** * Return:
 101:Generated_Source\PSoC5/ADC_2_IRQ.c **** *   None
 102:Generated_Source\PSoC5/ADC_2_IRQ.c **** *
 103:Generated_Source\PSoC5/ADC_2_IRQ.c **** *******************************************************************************/
 104:Generated_Source\PSoC5/ADC_2_IRQ.c **** void ADC_2_IRQ_StartEx(cyisraddress address)
 105:Generated_Source\PSoC5/ADC_2_IRQ.c **** {
  64              		.loc 1 105 0
  65              		.cfi_startproc
  66              		@ args = 0, pretend = 0, frame = 8
ARM GAS  C:\Users\Greg\AppData\Local\Temp\cc8MGIAT.s 			page 4


  67              		@ frame_needed = 1, uses_anonymous_args = 0
  68 0000 80B5     		push	{r7, lr}
  69              		.cfi_def_cfa_offset 8
  70              		.cfi_offset 7, -8
  71              		.cfi_offset 14, -4
  72 0002 82B0     		sub	sp, sp, #8
  73              		.cfi_def_cfa_offset 16
  74 0004 00AF     		add	r7, sp, #0
  75              		.cfi_def_cfa_register 7
  76 0006 7860     		str	r0, [r7, #4]
 106:Generated_Source\PSoC5/ADC_2_IRQ.c ****     /* For all we know the interrupt is active. */
 107:Generated_Source\PSoC5/ADC_2_IRQ.c ****     ADC_2_IRQ_Disable();
  77              		.loc 1 107 0
  78 0008 FFF7FEFF 		bl	ADC_2_IRQ_Disable
 108:Generated_Source\PSoC5/ADC_2_IRQ.c **** 
 109:Generated_Source\PSoC5/ADC_2_IRQ.c ****     /* Set the ISR to point to the ADC_2_IRQ Interrupt. */
 110:Generated_Source\PSoC5/ADC_2_IRQ.c ****     ADC_2_IRQ_SetVector(address);
  79              		.loc 1 110 0
  80 000c 7868     		ldr	r0, [r7, #4]
  81 000e FFF7FEFF 		bl	ADC_2_IRQ_SetVector
 111:Generated_Source\PSoC5/ADC_2_IRQ.c **** 
 112:Generated_Source\PSoC5/ADC_2_IRQ.c ****     /* Set the priority. */
 113:Generated_Source\PSoC5/ADC_2_IRQ.c ****     ADC_2_IRQ_SetPriority((uint8)ADC_2_IRQ_INTC_PRIOR_NUMBER);
  82              		.loc 1 113 0
  83 0012 0720     		movs	r0, #7
  84 0014 FFF7FEFF 		bl	ADC_2_IRQ_SetPriority
 114:Generated_Source\PSoC5/ADC_2_IRQ.c **** 
 115:Generated_Source\PSoC5/ADC_2_IRQ.c ****     /* Enable it. */
 116:Generated_Source\PSoC5/ADC_2_IRQ.c ****     ADC_2_IRQ_Enable();
  85              		.loc 1 116 0
  86 0018 FFF7FEFF 		bl	ADC_2_IRQ_Enable
 117:Generated_Source\PSoC5/ADC_2_IRQ.c **** }
  87              		.loc 1 117 0
  88 001c 0837     		adds	r7, r7, #8
  89              		.cfi_def_cfa_offset 8
  90 001e BD46     		mov	sp, r7
  91              		.cfi_def_cfa_register 13
  92              		@ sp needed
  93 0020 80BD     		pop	{r7, pc}
  94              		.cfi_endproc
  95              	.LFE1:
  96              		.size	ADC_2_IRQ_StartEx, .-ADC_2_IRQ_StartEx
  97 0022 00BF     		.section	.text.ADC_2_IRQ_Stop,"ax",%progbits
  98              		.align	2
  99              		.global	ADC_2_IRQ_Stop
 100              		.thumb
 101              		.thumb_func
 102              		.type	ADC_2_IRQ_Stop, %function
 103              	ADC_2_IRQ_Stop:
 104              	.LFB2:
 118:Generated_Source\PSoC5/ADC_2_IRQ.c **** 
 119:Generated_Source\PSoC5/ADC_2_IRQ.c **** 
 120:Generated_Source\PSoC5/ADC_2_IRQ.c **** /*******************************************************************************
 121:Generated_Source\PSoC5/ADC_2_IRQ.c **** * Function Name: ADC_2_IRQ_Stop
 122:Generated_Source\PSoC5/ADC_2_IRQ.c **** ********************************************************************************
 123:Generated_Source\PSoC5/ADC_2_IRQ.c **** *
 124:Generated_Source\PSoC5/ADC_2_IRQ.c **** * Summary:
ARM GAS  C:\Users\Greg\AppData\Local\Temp\cc8MGIAT.s 			page 5


 125:Generated_Source\PSoC5/ADC_2_IRQ.c **** *   Disables and removes the interrupt.
 126:Generated_Source\PSoC5/ADC_2_IRQ.c **** *
 127:Generated_Source\PSoC5/ADC_2_IRQ.c **** * Parameters:  
 128:Generated_Source\PSoC5/ADC_2_IRQ.c **** *   None
 129:Generated_Source\PSoC5/ADC_2_IRQ.c **** *
 130:Generated_Source\PSoC5/ADC_2_IRQ.c **** * Return:
 131:Generated_Source\PSoC5/ADC_2_IRQ.c **** *   None
 132:Generated_Source\PSoC5/ADC_2_IRQ.c **** *
 133:Generated_Source\PSoC5/ADC_2_IRQ.c **** *******************************************************************************/
 134:Generated_Source\PSoC5/ADC_2_IRQ.c **** void ADC_2_IRQ_Stop(void)
 135:Generated_Source\PSoC5/ADC_2_IRQ.c **** {
 105              		.loc 1 135 0
 106              		.cfi_startproc
 107              		@ args = 0, pretend = 0, frame = 0
 108              		@ frame_needed = 1, uses_anonymous_args = 0
 109 0000 80B5     		push	{r7, lr}
 110              		.cfi_def_cfa_offset 8
 111              		.cfi_offset 7, -8
 112              		.cfi_offset 14, -4
 113 0002 00AF     		add	r7, sp, #0
 114              		.cfi_def_cfa_register 7
 136:Generated_Source\PSoC5/ADC_2_IRQ.c ****     /* Disable this interrupt. */
 137:Generated_Source\PSoC5/ADC_2_IRQ.c ****     ADC_2_IRQ_Disable();
 115              		.loc 1 137 0
 116 0004 FFF7FEFF 		bl	ADC_2_IRQ_Disable
 138:Generated_Source\PSoC5/ADC_2_IRQ.c **** 
 139:Generated_Source\PSoC5/ADC_2_IRQ.c ****     /* Set the ISR to point to the passive one. */
 140:Generated_Source\PSoC5/ADC_2_IRQ.c ****     ADC_2_IRQ_SetVector(&IntDefaultHandler);
 117              		.loc 1 140 0
 118 0008 0148     		ldr	r0, .L6
 119 000a FFF7FEFF 		bl	ADC_2_IRQ_SetVector
 141:Generated_Source\PSoC5/ADC_2_IRQ.c **** }
 120              		.loc 1 141 0
 121 000e 80BD     		pop	{r7, pc}
 122              	.L7:
 123              		.align	2
 124              	.L6:
 125 0010 00000000 		.word	IntDefaultHandler
 126              		.cfi_endproc
 127              	.LFE2:
 128              		.size	ADC_2_IRQ_Stop, .-ADC_2_IRQ_Stop
 129              		.section	.text.ADC_2_IRQ_Interrupt,"ax",%progbits
 130              		.align	2
 131              		.global	ADC_2_IRQ_Interrupt
 132              		.thumb
 133              		.thumb_func
 134              		.type	ADC_2_IRQ_Interrupt, %function
 135              	ADC_2_IRQ_Interrupt:
 136              	.LFB3:
 142:Generated_Source\PSoC5/ADC_2_IRQ.c **** 
 143:Generated_Source\PSoC5/ADC_2_IRQ.c **** 
 144:Generated_Source\PSoC5/ADC_2_IRQ.c **** /*******************************************************************************
 145:Generated_Source\PSoC5/ADC_2_IRQ.c **** * Function Name: ADC_2_IRQ_Interrupt
 146:Generated_Source\PSoC5/ADC_2_IRQ.c **** ********************************************************************************
 147:Generated_Source\PSoC5/ADC_2_IRQ.c **** *
 148:Generated_Source\PSoC5/ADC_2_IRQ.c **** * Summary:
 149:Generated_Source\PSoC5/ADC_2_IRQ.c **** *   The default Interrupt Service Routine for ADC_2_IRQ.
ARM GAS  C:\Users\Greg\AppData\Local\Temp\cc8MGIAT.s 			page 6


 150:Generated_Source\PSoC5/ADC_2_IRQ.c **** *
 151:Generated_Source\PSoC5/ADC_2_IRQ.c **** *   Add custom code between the coments to keep the next version of this file
 152:Generated_Source\PSoC5/ADC_2_IRQ.c **** *   from over writting your code.
 153:Generated_Source\PSoC5/ADC_2_IRQ.c **** *
 154:Generated_Source\PSoC5/ADC_2_IRQ.c **** * Parameters:  
 155:Generated_Source\PSoC5/ADC_2_IRQ.c **** *
 156:Generated_Source\PSoC5/ADC_2_IRQ.c **** * Return:
 157:Generated_Source\PSoC5/ADC_2_IRQ.c **** *   None
 158:Generated_Source\PSoC5/ADC_2_IRQ.c **** *
 159:Generated_Source\PSoC5/ADC_2_IRQ.c **** *******************************************************************************/
 160:Generated_Source\PSoC5/ADC_2_IRQ.c **** CY_ISR(ADC_2_IRQ_Interrupt)
 161:Generated_Source\PSoC5/ADC_2_IRQ.c **** {
 137              		.loc 1 161 0
 138              		.cfi_startproc
 139              		@ args = 0, pretend = 0, frame = 0
 140              		@ frame_needed = 1, uses_anonymous_args = 0
 141              		@ link register save eliminated.
 142 0000 80B4     		push	{r7}
 143              		.cfi_def_cfa_offset 4
 144              		.cfi_offset 7, -4
 145 0002 00AF     		add	r7, sp, #0
 146              		.cfi_def_cfa_register 7
 162:Generated_Source\PSoC5/ADC_2_IRQ.c ****     #ifdef ADC_2_IRQ_INTERRUPT_INTERRUPT_CALLBACK
 163:Generated_Source\PSoC5/ADC_2_IRQ.c ****         ADC_2_IRQ_Interrupt_InterruptCallback();
 164:Generated_Source\PSoC5/ADC_2_IRQ.c ****     #endif /* ADC_2_IRQ_INTERRUPT_INTERRUPT_CALLBACK */ 
 165:Generated_Source\PSoC5/ADC_2_IRQ.c **** 
 166:Generated_Source\PSoC5/ADC_2_IRQ.c ****     /*  Place your Interrupt code here. */
 167:Generated_Source\PSoC5/ADC_2_IRQ.c ****     /* `#START ADC_2_IRQ_Interrupt` */
 168:Generated_Source\PSoC5/ADC_2_IRQ.c **** 
 169:Generated_Source\PSoC5/ADC_2_IRQ.c ****     /* `#END` */
 170:Generated_Source\PSoC5/ADC_2_IRQ.c **** }
 147              		.loc 1 170 0
 148 0004 BD46     		mov	sp, r7
 149              		.cfi_def_cfa_register 13
 150              		@ sp needed
 151 0006 5DF8047B 		ldr	r7, [sp], #4
 152              		.cfi_restore 7
 153              		.cfi_def_cfa_offset 0
 154 000a 7047     		bx	lr
 155              		.cfi_endproc
 156              	.LFE3:
 157              		.size	ADC_2_IRQ_Interrupt, .-ADC_2_IRQ_Interrupt
 158              		.section	.text.ADC_2_IRQ_SetVector,"ax",%progbits
 159              		.align	2
 160              		.global	ADC_2_IRQ_SetVector
 161              		.thumb
 162              		.thumb_func
 163              		.type	ADC_2_IRQ_SetVector, %function
 164              	ADC_2_IRQ_SetVector:
 165              	.LFB4:
 171:Generated_Source\PSoC5/ADC_2_IRQ.c **** 
 172:Generated_Source\PSoC5/ADC_2_IRQ.c **** 
 173:Generated_Source\PSoC5/ADC_2_IRQ.c **** /*******************************************************************************
 174:Generated_Source\PSoC5/ADC_2_IRQ.c **** * Function Name: ADC_2_IRQ_SetVector
 175:Generated_Source\PSoC5/ADC_2_IRQ.c **** ********************************************************************************
 176:Generated_Source\PSoC5/ADC_2_IRQ.c **** *
 177:Generated_Source\PSoC5/ADC_2_IRQ.c **** * Summary:
ARM GAS  C:\Users\Greg\AppData\Local\Temp\cc8MGIAT.s 			page 7


 178:Generated_Source\PSoC5/ADC_2_IRQ.c **** *   Change the ISR vector for the Interrupt. Note calling ADC_2_IRQ_Start
 179:Generated_Source\PSoC5/ADC_2_IRQ.c **** *   will override any effect this method would have had. To set the vector 
 180:Generated_Source\PSoC5/ADC_2_IRQ.c **** *   before the component has been started use ADC_2_IRQ_StartEx instead.
 181:Generated_Source\PSoC5/ADC_2_IRQ.c **** * 
 182:Generated_Source\PSoC5/ADC_2_IRQ.c **** *   When defining ISR functions, the CY_ISR and CY_ISR_PROTO macros should be 
 183:Generated_Source\PSoC5/ADC_2_IRQ.c **** *   used to provide consistent definition across compilers:
 184:Generated_Source\PSoC5/ADC_2_IRQ.c **** *
 185:Generated_Source\PSoC5/ADC_2_IRQ.c **** *   Function definition example:
 186:Generated_Source\PSoC5/ADC_2_IRQ.c **** *   CY_ISR(MyISR)
 187:Generated_Source\PSoC5/ADC_2_IRQ.c **** *   {
 188:Generated_Source\PSoC5/ADC_2_IRQ.c **** *   }
 189:Generated_Source\PSoC5/ADC_2_IRQ.c **** *
 190:Generated_Source\PSoC5/ADC_2_IRQ.c **** *   Function prototype example:
 191:Generated_Source\PSoC5/ADC_2_IRQ.c **** *     CY_ISR_PROTO(MyISR);
 192:Generated_Source\PSoC5/ADC_2_IRQ.c **** *
 193:Generated_Source\PSoC5/ADC_2_IRQ.c **** * Parameters:
 194:Generated_Source\PSoC5/ADC_2_IRQ.c **** *   address: Address of the ISR to set in the interrupt vector table.
 195:Generated_Source\PSoC5/ADC_2_IRQ.c **** *
 196:Generated_Source\PSoC5/ADC_2_IRQ.c **** * Return:
 197:Generated_Source\PSoC5/ADC_2_IRQ.c **** *   None
 198:Generated_Source\PSoC5/ADC_2_IRQ.c **** *
 199:Generated_Source\PSoC5/ADC_2_IRQ.c **** *******************************************************************************/
 200:Generated_Source\PSoC5/ADC_2_IRQ.c **** void ADC_2_IRQ_SetVector(cyisraddress address)
 201:Generated_Source\PSoC5/ADC_2_IRQ.c **** {
 166              		.loc 1 201 0
 167              		.cfi_startproc
 168              		@ args = 0, pretend = 0, frame = 16
 169              		@ frame_needed = 1, uses_anonymous_args = 0
 170              		@ link register save eliminated.
 171 0000 80B4     		push	{r7}
 172              		.cfi_def_cfa_offset 4
 173              		.cfi_offset 7, -4
 174 0002 85B0     		sub	sp, sp, #20
 175              		.cfi_def_cfa_offset 24
 176 0004 00AF     		add	r7, sp, #0
 177              		.cfi_def_cfa_register 7
 178 0006 7860     		str	r0, [r7, #4]
 202:Generated_Source\PSoC5/ADC_2_IRQ.c ****     cyisraddress * ramVectorTable;
 203:Generated_Source\PSoC5/ADC_2_IRQ.c **** 
 204:Generated_Source\PSoC5/ADC_2_IRQ.c ****     ramVectorTable = (cyisraddress *) *CYINT_VECT_TABLE;
 179              		.loc 1 204 0
 180 0008 054B     		ldr	r3, .L10
 181 000a 1B68     		ldr	r3, [r3]
 182 000c FB60     		str	r3, [r7, #12]
 205:Generated_Source\PSoC5/ADC_2_IRQ.c **** 
 206:Generated_Source\PSoC5/ADC_2_IRQ.c ****     ramVectorTable[CYINT_IRQ_BASE + (uint32)ADC_2_IRQ__INTC_NUMBER] = address;
 183              		.loc 1 206 0
 184 000e FB68     		ldr	r3, [r7, #12]
 185 0010 4433     		adds	r3, r3, #68
 186 0012 7A68     		ldr	r2, [r7, #4]
 187 0014 1A60     		str	r2, [r3]
 207:Generated_Source\PSoC5/ADC_2_IRQ.c **** }
 188              		.loc 1 207 0
 189 0016 1437     		adds	r7, r7, #20
 190              		.cfi_def_cfa_offset 4
 191 0018 BD46     		mov	sp, r7
 192              		.cfi_def_cfa_register 13
ARM GAS  C:\Users\Greg\AppData\Local\Temp\cc8MGIAT.s 			page 8


 193              		@ sp needed
 194 001a 5DF8047B 		ldr	r7, [sp], #4
 195              		.cfi_restore 7
 196              		.cfi_def_cfa_offset 0
 197 001e 7047     		bx	lr
 198              	.L11:
 199              		.align	2
 200              	.L10:
 201 0020 08ED00E0 		.word	-536810232
 202              		.cfi_endproc
 203              	.LFE4:
 204              		.size	ADC_2_IRQ_SetVector, .-ADC_2_IRQ_SetVector
 205              		.section	.text.ADC_2_IRQ_GetVector,"ax",%progbits
 206              		.align	2
 207              		.global	ADC_2_IRQ_GetVector
 208              		.thumb
 209              		.thumb_func
 210              		.type	ADC_2_IRQ_GetVector, %function
 211              	ADC_2_IRQ_GetVector:
 212              	.LFB5:
 208:Generated_Source\PSoC5/ADC_2_IRQ.c **** 
 209:Generated_Source\PSoC5/ADC_2_IRQ.c **** 
 210:Generated_Source\PSoC5/ADC_2_IRQ.c **** /*******************************************************************************
 211:Generated_Source\PSoC5/ADC_2_IRQ.c **** * Function Name: ADC_2_IRQ_GetVector
 212:Generated_Source\PSoC5/ADC_2_IRQ.c **** ********************************************************************************
 213:Generated_Source\PSoC5/ADC_2_IRQ.c **** *
 214:Generated_Source\PSoC5/ADC_2_IRQ.c **** * Summary:
 215:Generated_Source\PSoC5/ADC_2_IRQ.c **** *   Gets the "address" of the current ISR vector for the Interrupt.
 216:Generated_Source\PSoC5/ADC_2_IRQ.c **** *
 217:Generated_Source\PSoC5/ADC_2_IRQ.c **** * Parameters:
 218:Generated_Source\PSoC5/ADC_2_IRQ.c **** *   None
 219:Generated_Source\PSoC5/ADC_2_IRQ.c **** *
 220:Generated_Source\PSoC5/ADC_2_IRQ.c **** * Return:
 221:Generated_Source\PSoC5/ADC_2_IRQ.c **** *   Address of the ISR in the interrupt vector table.
 222:Generated_Source\PSoC5/ADC_2_IRQ.c **** *
 223:Generated_Source\PSoC5/ADC_2_IRQ.c **** *******************************************************************************/
 224:Generated_Source\PSoC5/ADC_2_IRQ.c **** cyisraddress ADC_2_IRQ_GetVector(void)
 225:Generated_Source\PSoC5/ADC_2_IRQ.c **** {
 213              		.loc 1 225 0
 214              		.cfi_startproc
 215              		@ args = 0, pretend = 0, frame = 8
 216              		@ frame_needed = 1, uses_anonymous_args = 0
 217              		@ link register save eliminated.
 218 0000 80B4     		push	{r7}
 219              		.cfi_def_cfa_offset 4
 220              		.cfi_offset 7, -4
 221 0002 83B0     		sub	sp, sp, #12
 222              		.cfi_def_cfa_offset 16
 223 0004 00AF     		add	r7, sp, #0
 224              		.cfi_def_cfa_register 7
 226:Generated_Source\PSoC5/ADC_2_IRQ.c ****     cyisraddress * ramVectorTable;
 227:Generated_Source\PSoC5/ADC_2_IRQ.c **** 
 228:Generated_Source\PSoC5/ADC_2_IRQ.c ****     ramVectorTable = (cyisraddress *) *CYINT_VECT_TABLE;
 225              		.loc 1 228 0
 226 0006 054B     		ldr	r3, .L14
 227 0008 1B68     		ldr	r3, [r3]
 228 000a 7B60     		str	r3, [r7, #4]
ARM GAS  C:\Users\Greg\AppData\Local\Temp\cc8MGIAT.s 			page 9


 229:Generated_Source\PSoC5/ADC_2_IRQ.c **** 
 230:Generated_Source\PSoC5/ADC_2_IRQ.c ****     return ramVectorTable[CYINT_IRQ_BASE + (uint32)ADC_2_IRQ__INTC_NUMBER];
 229              		.loc 1 230 0
 230 000c 7B68     		ldr	r3, [r7, #4]
 231 000e 5B6C     		ldr	r3, [r3, #68]
 231:Generated_Source\PSoC5/ADC_2_IRQ.c **** }
 232              		.loc 1 231 0
 233 0010 1846     		mov	r0, r3
 234 0012 0C37     		adds	r7, r7, #12
 235              		.cfi_def_cfa_offset 4
 236 0014 BD46     		mov	sp, r7
 237              		.cfi_def_cfa_register 13
 238              		@ sp needed
 239 0016 5DF8047B 		ldr	r7, [sp], #4
 240              		.cfi_restore 7
 241              		.cfi_def_cfa_offset 0
 242 001a 7047     		bx	lr
 243              	.L15:
 244              		.align	2
 245              	.L14:
 246 001c 08ED00E0 		.word	-536810232
 247              		.cfi_endproc
 248              	.LFE5:
 249              		.size	ADC_2_IRQ_GetVector, .-ADC_2_IRQ_GetVector
 250              		.section	.text.ADC_2_IRQ_SetPriority,"ax",%progbits
 251              		.align	2
 252              		.global	ADC_2_IRQ_SetPriority
 253              		.thumb
 254              		.thumb_func
 255              		.type	ADC_2_IRQ_SetPriority, %function
 256              	ADC_2_IRQ_SetPriority:
 257              	.LFB6:
 232:Generated_Source\PSoC5/ADC_2_IRQ.c **** 
 233:Generated_Source\PSoC5/ADC_2_IRQ.c **** 
 234:Generated_Source\PSoC5/ADC_2_IRQ.c **** /*******************************************************************************
 235:Generated_Source\PSoC5/ADC_2_IRQ.c **** * Function Name: ADC_2_IRQ_SetPriority
 236:Generated_Source\PSoC5/ADC_2_IRQ.c **** ********************************************************************************
 237:Generated_Source\PSoC5/ADC_2_IRQ.c **** *
 238:Generated_Source\PSoC5/ADC_2_IRQ.c **** * Summary:
 239:Generated_Source\PSoC5/ADC_2_IRQ.c **** *   Sets the Priority of the Interrupt. 
 240:Generated_Source\PSoC5/ADC_2_IRQ.c **** *
 241:Generated_Source\PSoC5/ADC_2_IRQ.c **** *   Note calling ADC_2_IRQ_Start or ADC_2_IRQ_StartEx will 
 242:Generated_Source\PSoC5/ADC_2_IRQ.c **** *   override any effect this API would have had. This API should only be called
 243:Generated_Source\PSoC5/ADC_2_IRQ.c **** *   after ADC_2_IRQ_Start or ADC_2_IRQ_StartEx has been called. 
 244:Generated_Source\PSoC5/ADC_2_IRQ.c **** *   To set the initial priority for the component, use the Design-Wide Resources
 245:Generated_Source\PSoC5/ADC_2_IRQ.c **** *   Interrupt Editor.
 246:Generated_Source\PSoC5/ADC_2_IRQ.c **** *
 247:Generated_Source\PSoC5/ADC_2_IRQ.c **** *   Note This API has no effect on Non-maskable interrupt NMI).
 248:Generated_Source\PSoC5/ADC_2_IRQ.c **** *
 249:Generated_Source\PSoC5/ADC_2_IRQ.c **** * Parameters:
 250:Generated_Source\PSoC5/ADC_2_IRQ.c **** *   priority: Priority of the interrupt, 0 being the highest priority
 251:Generated_Source\PSoC5/ADC_2_IRQ.c **** *             PSoC 3 and PSoC 5LP: Priority is from 0 to 7.
 252:Generated_Source\PSoC5/ADC_2_IRQ.c **** *             PSoC 4: Priority is from 0 to 3.
 253:Generated_Source\PSoC5/ADC_2_IRQ.c **** *
 254:Generated_Source\PSoC5/ADC_2_IRQ.c **** * Return:
 255:Generated_Source\PSoC5/ADC_2_IRQ.c **** *   None
 256:Generated_Source\PSoC5/ADC_2_IRQ.c **** *
ARM GAS  C:\Users\Greg\AppData\Local\Temp\cc8MGIAT.s 			page 10


 257:Generated_Source\PSoC5/ADC_2_IRQ.c **** *******************************************************************************/
 258:Generated_Source\PSoC5/ADC_2_IRQ.c **** void ADC_2_IRQ_SetPriority(uint8 priority)
 259:Generated_Source\PSoC5/ADC_2_IRQ.c **** {
 258              		.loc 1 259 0
 259              		.cfi_startproc
 260              		@ args = 0, pretend = 0, frame = 8
 261              		@ frame_needed = 1, uses_anonymous_args = 0
 262              		@ link register save eliminated.
 263 0000 80B4     		push	{r7}
 264              		.cfi_def_cfa_offset 4
 265              		.cfi_offset 7, -4
 266 0002 83B0     		sub	sp, sp, #12
 267              		.cfi_def_cfa_offset 16
 268 0004 00AF     		add	r7, sp, #0
 269              		.cfi_def_cfa_register 7
 270 0006 0346     		mov	r3, r0
 271 0008 FB71     		strb	r3, [r7, #7]
 260:Generated_Source\PSoC5/ADC_2_IRQ.c ****     *ADC_2_IRQ_INTC_PRIOR = priority << 5;
 272              		.loc 1 260 0
 273 000a 054A     		ldr	r2, .L17
 274 000c FB79     		ldrb	r3, [r7, #7]
 275 000e 5B01     		lsls	r3, r3, #5
 276 0010 DBB2     		uxtb	r3, r3
 277 0012 1370     		strb	r3, [r2]
 261:Generated_Source\PSoC5/ADC_2_IRQ.c **** }
 278              		.loc 1 261 0
 279 0014 0C37     		adds	r7, r7, #12
 280              		.cfi_def_cfa_offset 4
 281 0016 BD46     		mov	sp, r7
 282              		.cfi_def_cfa_register 13
 283              		@ sp needed
 284 0018 5DF8047B 		ldr	r7, [sp], #4
 285              		.cfi_restore 7
 286              		.cfi_def_cfa_offset 0
 287 001c 7047     		bx	lr
 288              	.L18:
 289 001e 00BF     		.align	2
 290              	.L17:
 291 0020 01E400E0 		.word	-536812543
 292              		.cfi_endproc
 293              	.LFE6:
 294              		.size	ADC_2_IRQ_SetPriority, .-ADC_2_IRQ_SetPriority
 295              		.section	.text.ADC_2_IRQ_GetPriority,"ax",%progbits
 296              		.align	2
 297              		.global	ADC_2_IRQ_GetPriority
 298              		.thumb
 299              		.thumb_func
 300              		.type	ADC_2_IRQ_GetPriority, %function
 301              	ADC_2_IRQ_GetPriority:
 302              	.LFB7:
 262:Generated_Source\PSoC5/ADC_2_IRQ.c **** 
 263:Generated_Source\PSoC5/ADC_2_IRQ.c **** 
 264:Generated_Source\PSoC5/ADC_2_IRQ.c **** /*******************************************************************************
 265:Generated_Source\PSoC5/ADC_2_IRQ.c **** * Function Name: ADC_2_IRQ_GetPriority
 266:Generated_Source\PSoC5/ADC_2_IRQ.c **** ********************************************************************************
 267:Generated_Source\PSoC5/ADC_2_IRQ.c **** *
 268:Generated_Source\PSoC5/ADC_2_IRQ.c **** * Summary:
ARM GAS  C:\Users\Greg\AppData\Local\Temp\cc8MGIAT.s 			page 11


 269:Generated_Source\PSoC5/ADC_2_IRQ.c **** *   Gets the Priority of the Interrupt.
 270:Generated_Source\PSoC5/ADC_2_IRQ.c **** *
 271:Generated_Source\PSoC5/ADC_2_IRQ.c **** * Parameters:
 272:Generated_Source\PSoC5/ADC_2_IRQ.c **** *   None
 273:Generated_Source\PSoC5/ADC_2_IRQ.c **** *
 274:Generated_Source\PSoC5/ADC_2_IRQ.c **** * Return:
 275:Generated_Source\PSoC5/ADC_2_IRQ.c **** *   Priority of the interrupt, 0 being the highest priority
 276:Generated_Source\PSoC5/ADC_2_IRQ.c **** *    PSoC 3 and PSoC 5LP: Priority is from 0 to 7.
 277:Generated_Source\PSoC5/ADC_2_IRQ.c **** *    PSoC 4: Priority is from 0 to 3.
 278:Generated_Source\PSoC5/ADC_2_IRQ.c **** *
 279:Generated_Source\PSoC5/ADC_2_IRQ.c **** *******************************************************************************/
 280:Generated_Source\PSoC5/ADC_2_IRQ.c **** uint8 ADC_2_IRQ_GetPriority(void)
 281:Generated_Source\PSoC5/ADC_2_IRQ.c **** {
 303              		.loc 1 281 0
 304              		.cfi_startproc
 305              		@ args = 0, pretend = 0, frame = 8
 306              		@ frame_needed = 1, uses_anonymous_args = 0
 307              		@ link register save eliminated.
 308 0000 80B4     		push	{r7}
 309              		.cfi_def_cfa_offset 4
 310              		.cfi_offset 7, -4
 311 0002 83B0     		sub	sp, sp, #12
 312              		.cfi_def_cfa_offset 16
 313 0004 00AF     		add	r7, sp, #0
 314              		.cfi_def_cfa_register 7
 282:Generated_Source\PSoC5/ADC_2_IRQ.c ****     uint8 priority;
 283:Generated_Source\PSoC5/ADC_2_IRQ.c **** 
 284:Generated_Source\PSoC5/ADC_2_IRQ.c **** 
 285:Generated_Source\PSoC5/ADC_2_IRQ.c ****     priority = *ADC_2_IRQ_INTC_PRIOR >> 5;
 315              		.loc 1 285 0
 316 0006 064B     		ldr	r3, .L21
 317 0008 1B78     		ldrb	r3, [r3]
 318 000a DBB2     		uxtb	r3, r3
 319 000c 5B09     		lsrs	r3, r3, #5
 320 000e FB71     		strb	r3, [r7, #7]
 286:Generated_Source\PSoC5/ADC_2_IRQ.c **** 
 287:Generated_Source\PSoC5/ADC_2_IRQ.c ****     return priority;
 321              		.loc 1 287 0
 322 0010 FB79     		ldrb	r3, [r7, #7]	@ zero_extendqisi2
 288:Generated_Source\PSoC5/ADC_2_IRQ.c **** }
 323              		.loc 1 288 0
 324 0012 1846     		mov	r0, r3
 325 0014 0C37     		adds	r7, r7, #12
 326              		.cfi_def_cfa_offset 4
 327 0016 BD46     		mov	sp, r7
 328              		.cfi_def_cfa_register 13
 329              		@ sp needed
 330 0018 5DF8047B 		ldr	r7, [sp], #4
 331              		.cfi_restore 7
 332              		.cfi_def_cfa_offset 0
 333 001c 7047     		bx	lr
 334              	.L22:
 335 001e 00BF     		.align	2
 336              	.L21:
 337 0020 01E400E0 		.word	-536812543
 338              		.cfi_endproc
 339              	.LFE7:
ARM GAS  C:\Users\Greg\AppData\Local\Temp\cc8MGIAT.s 			page 12


 340              		.size	ADC_2_IRQ_GetPriority, .-ADC_2_IRQ_GetPriority
 341              		.section	.text.ADC_2_IRQ_Enable,"ax",%progbits
 342              		.align	2
 343              		.global	ADC_2_IRQ_Enable
 344              		.thumb
 345              		.thumb_func
 346              		.type	ADC_2_IRQ_Enable, %function
 347              	ADC_2_IRQ_Enable:
 348              	.LFB8:
 289:Generated_Source\PSoC5/ADC_2_IRQ.c **** 
 290:Generated_Source\PSoC5/ADC_2_IRQ.c **** 
 291:Generated_Source\PSoC5/ADC_2_IRQ.c **** /*******************************************************************************
 292:Generated_Source\PSoC5/ADC_2_IRQ.c **** * Function Name: ADC_2_IRQ_Enable
 293:Generated_Source\PSoC5/ADC_2_IRQ.c **** ********************************************************************************
 294:Generated_Source\PSoC5/ADC_2_IRQ.c **** *
 295:Generated_Source\PSoC5/ADC_2_IRQ.c **** * Summary:
 296:Generated_Source\PSoC5/ADC_2_IRQ.c **** *   Enables the interrupt to the interrupt controller. Do not call this function
 297:Generated_Source\PSoC5/ADC_2_IRQ.c **** *   unless ISR_Start() has been called or the functionality of the ISR_Start() 
 298:Generated_Source\PSoC5/ADC_2_IRQ.c **** *   function, which sets the vector and the priority, has been called.
 299:Generated_Source\PSoC5/ADC_2_IRQ.c **** *
 300:Generated_Source\PSoC5/ADC_2_IRQ.c **** * Parameters:
 301:Generated_Source\PSoC5/ADC_2_IRQ.c **** *   None
 302:Generated_Source\PSoC5/ADC_2_IRQ.c **** *
 303:Generated_Source\PSoC5/ADC_2_IRQ.c **** * Return:
 304:Generated_Source\PSoC5/ADC_2_IRQ.c **** *   None
 305:Generated_Source\PSoC5/ADC_2_IRQ.c **** *
 306:Generated_Source\PSoC5/ADC_2_IRQ.c **** *******************************************************************************/
 307:Generated_Source\PSoC5/ADC_2_IRQ.c **** void ADC_2_IRQ_Enable(void)
 308:Generated_Source\PSoC5/ADC_2_IRQ.c **** {
 349              		.loc 1 308 0
 350              		.cfi_startproc
 351              		@ args = 0, pretend = 0, frame = 0
 352              		@ frame_needed = 1, uses_anonymous_args = 0
 353              		@ link register save eliminated.
 354 0000 80B4     		push	{r7}
 355              		.cfi_def_cfa_offset 4
 356              		.cfi_offset 7, -4
 357 0002 00AF     		add	r7, sp, #0
 358              		.cfi_def_cfa_register 7
 309:Generated_Source\PSoC5/ADC_2_IRQ.c ****     /* Enable the general interrupt. */
 310:Generated_Source\PSoC5/ADC_2_IRQ.c ****     *ADC_2_IRQ_INTC_SET_EN = ADC_2_IRQ__INTC_MASK;
 359              		.loc 1 310 0
 360 0004 034B     		ldr	r3, .L24
 361 0006 0222     		movs	r2, #2
 362 0008 1A60     		str	r2, [r3]
 311:Generated_Source\PSoC5/ADC_2_IRQ.c **** }
 363              		.loc 1 311 0
 364 000a BD46     		mov	sp, r7
 365              		.cfi_def_cfa_register 13
 366              		@ sp needed
 367 000c 5DF8047B 		ldr	r7, [sp], #4
 368              		.cfi_restore 7
 369              		.cfi_def_cfa_offset 0
 370 0010 7047     		bx	lr
 371              	.L25:
 372 0012 00BF     		.align	2
 373              	.L24:
ARM GAS  C:\Users\Greg\AppData\Local\Temp\cc8MGIAT.s 			page 13


 374 0014 00E100E0 		.word	-536813312
 375              		.cfi_endproc
 376              	.LFE8:
 377              		.size	ADC_2_IRQ_Enable, .-ADC_2_IRQ_Enable
 378              		.section	.text.ADC_2_IRQ_GetState,"ax",%progbits
 379              		.align	2
 380              		.global	ADC_2_IRQ_GetState
 381              		.thumb
 382              		.thumb_func
 383              		.type	ADC_2_IRQ_GetState, %function
 384              	ADC_2_IRQ_GetState:
 385              	.LFB9:
 312:Generated_Source\PSoC5/ADC_2_IRQ.c **** 
 313:Generated_Source\PSoC5/ADC_2_IRQ.c **** 
 314:Generated_Source\PSoC5/ADC_2_IRQ.c **** /*******************************************************************************
 315:Generated_Source\PSoC5/ADC_2_IRQ.c **** * Function Name: ADC_2_IRQ_GetState
 316:Generated_Source\PSoC5/ADC_2_IRQ.c **** ********************************************************************************
 317:Generated_Source\PSoC5/ADC_2_IRQ.c **** *
 318:Generated_Source\PSoC5/ADC_2_IRQ.c **** * Summary:
 319:Generated_Source\PSoC5/ADC_2_IRQ.c **** *   Gets the state (enabled, disabled) of the Interrupt.
 320:Generated_Source\PSoC5/ADC_2_IRQ.c **** *
 321:Generated_Source\PSoC5/ADC_2_IRQ.c **** * Parameters:
 322:Generated_Source\PSoC5/ADC_2_IRQ.c **** *   None
 323:Generated_Source\PSoC5/ADC_2_IRQ.c **** *
 324:Generated_Source\PSoC5/ADC_2_IRQ.c **** * Return:
 325:Generated_Source\PSoC5/ADC_2_IRQ.c **** *   1 if enabled, 0 if disabled.
 326:Generated_Source\PSoC5/ADC_2_IRQ.c **** *
 327:Generated_Source\PSoC5/ADC_2_IRQ.c **** *******************************************************************************/
 328:Generated_Source\PSoC5/ADC_2_IRQ.c **** uint8 ADC_2_IRQ_GetState(void)
 329:Generated_Source\PSoC5/ADC_2_IRQ.c **** {
 386              		.loc 1 329 0
 387              		.cfi_startproc
 388              		@ args = 0, pretend = 0, frame = 0
 389              		@ frame_needed = 1, uses_anonymous_args = 0
 390              		@ link register save eliminated.
 391 0000 80B4     		push	{r7}
 392              		.cfi_def_cfa_offset 4
 393              		.cfi_offset 7, -4
 394 0002 00AF     		add	r7, sp, #0
 395              		.cfi_def_cfa_register 7
 330:Generated_Source\PSoC5/ADC_2_IRQ.c ****     /* Get the state of the general interrupt. */
 331:Generated_Source\PSoC5/ADC_2_IRQ.c ****     return ((*ADC_2_IRQ_INTC_SET_EN & (uint32)ADC_2_IRQ__INTC_MASK) != 0u) ? 1u:0u;
 396              		.loc 1 331 0
 397 0004 064B     		ldr	r3, .L30
 398 0006 1B68     		ldr	r3, [r3]
 399 0008 03F00203 		and	r3, r3, #2
 400 000c 002B     		cmp	r3, #0
 401 000e 01D0     		beq	.L27
 402              		.loc 1 331 0 is_stmt 0 discriminator 1
 403 0010 0123     		movs	r3, #1
 404 0012 00E0     		b	.L28
 405              	.L27:
 406              		.loc 1 331 0 discriminator 2
 407 0014 0023     		movs	r3, #0
 408              	.L28:
 332:Generated_Source\PSoC5/ADC_2_IRQ.c **** }
 409              		.loc 1 332 0 is_stmt 1 discriminator 4
ARM GAS  C:\Users\Greg\AppData\Local\Temp\cc8MGIAT.s 			page 14


 410 0016 1846     		mov	r0, r3
 411 0018 BD46     		mov	sp, r7
 412              		.cfi_def_cfa_register 13
 413              		@ sp needed
 414 001a 5DF8047B 		ldr	r7, [sp], #4
 415              		.cfi_restore 7
 416              		.cfi_def_cfa_offset 0
 417 001e 7047     		bx	lr
 418              	.L31:
 419              		.align	2
 420              	.L30:
 421 0020 00E100E0 		.word	-536813312
 422              		.cfi_endproc
 423              	.LFE9:
 424              		.size	ADC_2_IRQ_GetState, .-ADC_2_IRQ_GetState
 425              		.section	.text.ADC_2_IRQ_Disable,"ax",%progbits
 426              		.align	2
 427              		.global	ADC_2_IRQ_Disable
 428              		.thumb
 429              		.thumb_func
 430              		.type	ADC_2_IRQ_Disable, %function
 431              	ADC_2_IRQ_Disable:
 432              	.LFB10:
 333:Generated_Source\PSoC5/ADC_2_IRQ.c **** 
 334:Generated_Source\PSoC5/ADC_2_IRQ.c **** 
 335:Generated_Source\PSoC5/ADC_2_IRQ.c **** /*******************************************************************************
 336:Generated_Source\PSoC5/ADC_2_IRQ.c **** * Function Name: ADC_2_IRQ_Disable
 337:Generated_Source\PSoC5/ADC_2_IRQ.c **** ********************************************************************************
 338:Generated_Source\PSoC5/ADC_2_IRQ.c **** *
 339:Generated_Source\PSoC5/ADC_2_IRQ.c **** * Summary:
 340:Generated_Source\PSoC5/ADC_2_IRQ.c **** *   Disables the Interrupt in the interrupt controller.
 341:Generated_Source\PSoC5/ADC_2_IRQ.c **** *
 342:Generated_Source\PSoC5/ADC_2_IRQ.c **** * Parameters:
 343:Generated_Source\PSoC5/ADC_2_IRQ.c **** *   None
 344:Generated_Source\PSoC5/ADC_2_IRQ.c **** *
 345:Generated_Source\PSoC5/ADC_2_IRQ.c **** * Return:
 346:Generated_Source\PSoC5/ADC_2_IRQ.c **** *   None
 347:Generated_Source\PSoC5/ADC_2_IRQ.c **** *
 348:Generated_Source\PSoC5/ADC_2_IRQ.c **** *******************************************************************************/
 349:Generated_Source\PSoC5/ADC_2_IRQ.c **** void ADC_2_IRQ_Disable(void)
 350:Generated_Source\PSoC5/ADC_2_IRQ.c **** {
 433              		.loc 1 350 0
 434              		.cfi_startproc
 435              		@ args = 0, pretend = 0, frame = 0
 436              		@ frame_needed = 1, uses_anonymous_args = 0
 437              		@ link register save eliminated.
 438 0000 80B4     		push	{r7}
 439              		.cfi_def_cfa_offset 4
 440              		.cfi_offset 7, -4
 441 0002 00AF     		add	r7, sp, #0
 442              		.cfi_def_cfa_register 7
 351:Generated_Source\PSoC5/ADC_2_IRQ.c ****     /* Disable the general interrupt. */
 352:Generated_Source\PSoC5/ADC_2_IRQ.c ****     *ADC_2_IRQ_INTC_CLR_EN = ADC_2_IRQ__INTC_MASK;
 443              		.loc 1 352 0
 444 0004 034B     		ldr	r3, .L33
 445 0006 0222     		movs	r2, #2
 446 0008 1A60     		str	r2, [r3]
ARM GAS  C:\Users\Greg\AppData\Local\Temp\cc8MGIAT.s 			page 15


 353:Generated_Source\PSoC5/ADC_2_IRQ.c **** }
 447              		.loc 1 353 0
 448 000a BD46     		mov	sp, r7
 449              		.cfi_def_cfa_register 13
 450              		@ sp needed
 451 000c 5DF8047B 		ldr	r7, [sp], #4
 452              		.cfi_restore 7
 453              		.cfi_def_cfa_offset 0
 454 0010 7047     		bx	lr
 455              	.L34:
 456 0012 00BF     		.align	2
 457              	.L33:
 458 0014 80E100E0 		.word	-536813184
 459              		.cfi_endproc
 460              	.LFE10:
 461              		.size	ADC_2_IRQ_Disable, .-ADC_2_IRQ_Disable
 462              		.section	.text.ADC_2_IRQ_SetPending,"ax",%progbits
 463              		.align	2
 464              		.global	ADC_2_IRQ_SetPending
 465              		.thumb
 466              		.thumb_func
 467              		.type	ADC_2_IRQ_SetPending, %function
 468              	ADC_2_IRQ_SetPending:
 469              	.LFB11:
 354:Generated_Source\PSoC5/ADC_2_IRQ.c **** 
 355:Generated_Source\PSoC5/ADC_2_IRQ.c **** 
 356:Generated_Source\PSoC5/ADC_2_IRQ.c **** /*******************************************************************************
 357:Generated_Source\PSoC5/ADC_2_IRQ.c **** * Function Name: ADC_2_IRQ_SetPending
 358:Generated_Source\PSoC5/ADC_2_IRQ.c **** ********************************************************************************
 359:Generated_Source\PSoC5/ADC_2_IRQ.c **** *
 360:Generated_Source\PSoC5/ADC_2_IRQ.c **** * Summary:
 361:Generated_Source\PSoC5/ADC_2_IRQ.c **** *   Causes the Interrupt to enter the pending state, a software method of
 362:Generated_Source\PSoC5/ADC_2_IRQ.c **** *   generating the interrupt.
 363:Generated_Source\PSoC5/ADC_2_IRQ.c **** *
 364:Generated_Source\PSoC5/ADC_2_IRQ.c **** * Parameters:
 365:Generated_Source\PSoC5/ADC_2_IRQ.c **** *   None
 366:Generated_Source\PSoC5/ADC_2_IRQ.c **** *
 367:Generated_Source\PSoC5/ADC_2_IRQ.c **** * Return:
 368:Generated_Source\PSoC5/ADC_2_IRQ.c **** *   None
 369:Generated_Source\PSoC5/ADC_2_IRQ.c **** *
 370:Generated_Source\PSoC5/ADC_2_IRQ.c **** * Side Effects:
 371:Generated_Source\PSoC5/ADC_2_IRQ.c **** *   If interrupts are enabled and the interrupt is set up properly, the ISR is
 372:Generated_Source\PSoC5/ADC_2_IRQ.c **** *   entered (depending on the priority of this interrupt and other pending 
 373:Generated_Source\PSoC5/ADC_2_IRQ.c **** *   interrupts).
 374:Generated_Source\PSoC5/ADC_2_IRQ.c **** *
 375:Generated_Source\PSoC5/ADC_2_IRQ.c **** *******************************************************************************/
 376:Generated_Source\PSoC5/ADC_2_IRQ.c **** void ADC_2_IRQ_SetPending(void)
 377:Generated_Source\PSoC5/ADC_2_IRQ.c **** {
 470              		.loc 1 377 0
 471              		.cfi_startproc
 472              		@ args = 0, pretend = 0, frame = 0
 473              		@ frame_needed = 1, uses_anonymous_args = 0
 474              		@ link register save eliminated.
 475 0000 80B4     		push	{r7}
 476              		.cfi_def_cfa_offset 4
 477              		.cfi_offset 7, -4
 478 0002 00AF     		add	r7, sp, #0
ARM GAS  C:\Users\Greg\AppData\Local\Temp\cc8MGIAT.s 			page 16


 479              		.cfi_def_cfa_register 7
 378:Generated_Source\PSoC5/ADC_2_IRQ.c ****     *ADC_2_IRQ_INTC_SET_PD = ADC_2_IRQ__INTC_MASK;
 480              		.loc 1 378 0
 481 0004 034B     		ldr	r3, .L36
 482 0006 0222     		movs	r2, #2
 483 0008 1A60     		str	r2, [r3]
 379:Generated_Source\PSoC5/ADC_2_IRQ.c **** }
 484              		.loc 1 379 0
 485 000a BD46     		mov	sp, r7
 486              		.cfi_def_cfa_register 13
 487              		@ sp needed
 488 000c 5DF8047B 		ldr	r7, [sp], #4
 489              		.cfi_restore 7
 490              		.cfi_def_cfa_offset 0
 491 0010 7047     		bx	lr
 492              	.L37:
 493 0012 00BF     		.align	2
 494              	.L36:
 495 0014 00E200E0 		.word	-536813056
 496              		.cfi_endproc
 497              	.LFE11:
 498              		.size	ADC_2_IRQ_SetPending, .-ADC_2_IRQ_SetPending
 499              		.section	.text.ADC_2_IRQ_ClearPending,"ax",%progbits
 500              		.align	2
 501              		.global	ADC_2_IRQ_ClearPending
 502              		.thumb
 503              		.thumb_func
 504              		.type	ADC_2_IRQ_ClearPending, %function
 505              	ADC_2_IRQ_ClearPending:
 506              	.LFB12:
 380:Generated_Source\PSoC5/ADC_2_IRQ.c **** 
 381:Generated_Source\PSoC5/ADC_2_IRQ.c **** 
 382:Generated_Source\PSoC5/ADC_2_IRQ.c **** /*******************************************************************************
 383:Generated_Source\PSoC5/ADC_2_IRQ.c **** * Function Name: ADC_2_IRQ_ClearPending
 384:Generated_Source\PSoC5/ADC_2_IRQ.c **** ********************************************************************************
 385:Generated_Source\PSoC5/ADC_2_IRQ.c **** *
 386:Generated_Source\PSoC5/ADC_2_IRQ.c **** * Summary:
 387:Generated_Source\PSoC5/ADC_2_IRQ.c **** *   Clears a pending interrupt in the interrupt controller.
 388:Generated_Source\PSoC5/ADC_2_IRQ.c **** *
 389:Generated_Source\PSoC5/ADC_2_IRQ.c **** *   Note Some interrupt sources are clear-on-read and require the block 
 390:Generated_Source\PSoC5/ADC_2_IRQ.c **** *   interrupt/status register to be read/cleared with the appropriate block API 
 391:Generated_Source\PSoC5/ADC_2_IRQ.c **** *   (GPIO, UART, and so on). Otherwise the ISR will continue to remain in 
 392:Generated_Source\PSoC5/ADC_2_IRQ.c **** *   pending state even though the interrupt itself is cleared using this API.
 393:Generated_Source\PSoC5/ADC_2_IRQ.c **** *
 394:Generated_Source\PSoC5/ADC_2_IRQ.c **** * Parameters:
 395:Generated_Source\PSoC5/ADC_2_IRQ.c **** *   None
 396:Generated_Source\PSoC5/ADC_2_IRQ.c **** *
 397:Generated_Source\PSoC5/ADC_2_IRQ.c **** * Return:
 398:Generated_Source\PSoC5/ADC_2_IRQ.c **** *   None
 399:Generated_Source\PSoC5/ADC_2_IRQ.c **** *
 400:Generated_Source\PSoC5/ADC_2_IRQ.c **** *******************************************************************************/
 401:Generated_Source\PSoC5/ADC_2_IRQ.c **** void ADC_2_IRQ_ClearPending(void)
 402:Generated_Source\PSoC5/ADC_2_IRQ.c **** {
 507              		.loc 1 402 0
 508              		.cfi_startproc
 509              		@ args = 0, pretend = 0, frame = 0
 510              		@ frame_needed = 1, uses_anonymous_args = 0
ARM GAS  C:\Users\Greg\AppData\Local\Temp\cc8MGIAT.s 			page 17


 511              		@ link register save eliminated.
 512 0000 80B4     		push	{r7}
 513              		.cfi_def_cfa_offset 4
 514              		.cfi_offset 7, -4
 515 0002 00AF     		add	r7, sp, #0
 516              		.cfi_def_cfa_register 7
 403:Generated_Source\PSoC5/ADC_2_IRQ.c ****     *ADC_2_IRQ_INTC_CLR_PD = ADC_2_IRQ__INTC_MASK;
 517              		.loc 1 403 0
 518 0004 034B     		ldr	r3, .L39
 519 0006 0222     		movs	r2, #2
 520 0008 1A60     		str	r2, [r3]
 404:Generated_Source\PSoC5/ADC_2_IRQ.c **** }
 521              		.loc 1 404 0
 522 000a BD46     		mov	sp, r7
 523              		.cfi_def_cfa_register 13
 524              		@ sp needed
 525 000c 5DF8047B 		ldr	r7, [sp], #4
 526              		.cfi_restore 7
 527              		.cfi_def_cfa_offset 0
 528 0010 7047     		bx	lr
 529              	.L40:
 530 0012 00BF     		.align	2
 531              	.L39:
 532 0014 80E200E0 		.word	-536812928
 533              		.cfi_endproc
 534              	.LFE12:
 535              		.size	ADC_2_IRQ_ClearPending, .-ADC_2_IRQ_ClearPending
 536              		.text
 537              	.Letext0:
 538              		.file 2 "Generated_Source\\PSoC5/cytypes.h"
 539              		.section	.debug_info,"",%progbits
 540              	.Ldebug_info0:
 541 0000 36020000 		.4byte	0x236
 542 0004 0400     		.2byte	0x4
 543 0006 00000000 		.4byte	.Ldebug_abbrev0
 544 000a 04       		.byte	0x4
 545 000b 01       		.uleb128 0x1
 546 000c B7000000 		.4byte	.LASF33
 547 0010 01       		.byte	0x1
 548 0011 38020000 		.4byte	.LASF34
 549 0015 C5010000 		.4byte	.LASF35
 550 0019 00000000 		.4byte	.Ldebug_ranges0+0
 551 001d 00000000 		.4byte	0
 552 0021 00000000 		.4byte	.Ldebug_line0
 553 0025 02       		.uleb128 0x2
 554 0026 04       		.byte	0x4
 555 0027 05       		.byte	0x5
 556 0028 696E7400 		.ascii	"int\000"
 557 002c 03       		.uleb128 0x3
 558 002d 04       		.byte	0x4
 559 002e 07       		.byte	0x7
 560 002f 89010000 		.4byte	.LASF0
 561 0033 03       		.uleb128 0x3
 562 0034 01       		.byte	0x1
 563 0035 06       		.byte	0x6
 564 0036 C4020000 		.4byte	.LASF1
 565 003a 03       		.uleb128 0x3
ARM GAS  C:\Users\Greg\AppData\Local\Temp\cc8MGIAT.s 			page 18


 566 003b 01       		.byte	0x1
 567 003c 08       		.byte	0x8
 568 003d 4C000000 		.4byte	.LASF2
 569 0041 03       		.uleb128 0x3
 570 0042 02       		.byte	0x2
 571 0043 05       		.byte	0x5
 572 0044 9B020000 		.4byte	.LASF3
 573 0048 03       		.uleb128 0x3
 574 0049 02       		.byte	0x2
 575 004a 07       		.byte	0x7
 576 004b 06000000 		.4byte	.LASF4
 577 004f 03       		.uleb128 0x3
 578 0050 04       		.byte	0x4
 579 0051 05       		.byte	0x5
 580 0052 BB020000 		.4byte	.LASF5
 581 0056 03       		.uleb128 0x3
 582 0057 04       		.byte	0x4
 583 0058 07       		.byte	0x7
 584 0059 6E000000 		.4byte	.LASF6
 585 005d 03       		.uleb128 0x3
 586 005e 08       		.byte	0x8
 587 005f 05       		.byte	0x5
 588 0060 64020000 		.4byte	.LASF7
 589 0064 03       		.uleb128 0x3
 590 0065 08       		.byte	0x8
 591 0066 07       		.byte	0x7
 592 0067 AE010000 		.4byte	.LASF8
 593 006b 03       		.uleb128 0x3
 594 006c 04       		.byte	0x4
 595 006d 07       		.byte	0x7
 596 006e 5B020000 		.4byte	.LASF9
 597 0072 04       		.uleb128 0x4
 598 0073 04       		.byte	0x4
 599 0074 78000000 		.4byte	0x78
 600 0078 05       		.uleb128 0x5
 601 0079 03       		.uleb128 0x3
 602 007a 01       		.byte	0x1
 603 007b 08       		.byte	0x8
 604 007c 72020000 		.4byte	.LASF10
 605 0080 06       		.uleb128 0x6
 606 0081 94000000 		.4byte	.LASF11
 607 0085 02       		.byte	0x2
 608 0086 9201     		.2byte	0x192
 609 0088 3A000000 		.4byte	0x3a
 610 008c 06       		.uleb128 0x6
 611 008d 82010000 		.4byte	.LASF12
 612 0091 02       		.byte	0x2
 613 0092 9401     		.2byte	0x194
 614 0094 56000000 		.4byte	0x56
 615 0098 03       		.uleb128 0x3
 616 0099 04       		.byte	0x4
 617 009a 04       		.byte	0x4
 618 009b 46000000 		.4byte	.LASF13
 619 009f 03       		.uleb128 0x3
 620 00a0 08       		.byte	0x8
 621 00a1 04       		.byte	0x4
 622 00a2 45010000 		.4byte	.LASF14
ARM GAS  C:\Users\Greg\AppData\Local\Temp\cc8MGIAT.s 			page 19


 623 00a6 06       		.uleb128 0x6
 624 00a7 5A000000 		.4byte	.LASF15
 625 00ab 02       		.byte	0x2
 626 00ac 3C02     		.2byte	0x23c
 627 00ae B2000000 		.4byte	0xb2
 628 00b2 07       		.uleb128 0x7
 629 00b3 80000000 		.4byte	0x80
 630 00b7 06       		.uleb128 0x6
 631 00b8 00000000 		.4byte	.LASF16
 632 00bc 02       		.byte	0x2
 633 00bd 3E02     		.2byte	0x23e
 634 00bf C3000000 		.4byte	0xc3
 635 00c3 07       		.uleb128 0x7
 636 00c4 8C000000 		.4byte	0x8c
 637 00c8 06       		.uleb128 0x6
 638 00c9 19020000 		.4byte	.LASF17
 639 00cd 02       		.byte	0x2
 640 00ce 4E02     		.2byte	0x24e
 641 00d0 72000000 		.4byte	0x72
 642 00d4 08       		.uleb128 0x8
 643 00d5 96010000 		.4byte	.LASF18
 644 00d9 01       		.byte	0x1
 645 00da 3D       		.byte	0x3d
 646 00db 00000000 		.4byte	.LFB0
 647 00df 20000000 		.4byte	.LFE0-.LFB0
 648 00e3 01       		.uleb128 0x1
 649 00e4 9C       		.byte	0x9c
 650 00e5 09       		.uleb128 0x9
 651 00e6 26020000 		.4byte	.LASF21
 652 00ea 01       		.byte	0x1
 653 00eb 68       		.byte	0x68
 654 00ec 00000000 		.4byte	.LFB1
 655 00f0 22000000 		.4byte	.LFE1-.LFB1
 656 00f4 01       		.uleb128 0x1
 657 00f5 9C       		.byte	0x9c
 658 00f6 09010000 		.4byte	0x109
 659 00fa 0A       		.uleb128 0xa
 660 00fb A6010000 		.4byte	.LASF23
 661 00ff 01       		.byte	0x1
 662 0100 68       		.byte	0x68
 663 0101 C8000000 		.4byte	0xc8
 664 0105 02       		.uleb128 0x2
 665 0106 91       		.byte	0x91
 666 0107 74       		.sleb128 -12
 667 0108 00       		.byte	0
 668 0109 08       		.uleb128 0x8
 669 010a 5F000000 		.4byte	.LASF19
 670 010e 01       		.byte	0x1
 671 010f 86       		.byte	0x86
 672 0110 00000000 		.4byte	.LFB2
 673 0114 14000000 		.4byte	.LFE2-.LFB2
 674 0118 01       		.uleb128 0x1
 675 0119 9C       		.byte	0x9c
 676 011a 0B       		.uleb128 0xb
 677 011b 9A000000 		.4byte	.LASF20
 678 011f 01       		.byte	0x1
 679 0120 A0       		.byte	0xa0
ARM GAS  C:\Users\Greg\AppData\Local\Temp\cc8MGIAT.s 			page 20


 680 0121 00000000 		.4byte	.LFB3
 681 0125 0C000000 		.4byte	.LFE3-.LFB3
 682 0129 01       		.uleb128 0x1
 683 012a 9C       		.byte	0x9c
 684 012b 0C       		.uleb128 0xc
 685 012c D0020000 		.4byte	.LASF22
 686 0130 01       		.byte	0x1
 687 0131 C8       		.byte	0xc8
 688 0132 00000000 		.4byte	.LFB4
 689 0136 24000000 		.4byte	.LFE4-.LFB4
 690 013a 01       		.uleb128 0x1
 691 013b 9C       		.byte	0x9c
 692 013c 5D010000 		.4byte	0x15d
 693 0140 0A       		.uleb128 0xa
 694 0141 A6010000 		.4byte	.LASF23
 695 0145 01       		.byte	0x1
 696 0146 C8       		.byte	0xc8
 697 0147 C8000000 		.4byte	0xc8
 698 014b 02       		.uleb128 0x2
 699 014c 91       		.byte	0x91
 700 014d 6C       		.sleb128 -20
 701 014e 0D       		.uleb128 0xd
 702 014f 77020000 		.4byte	.LASF24
 703 0153 01       		.byte	0x1
 704 0154 CA       		.byte	0xca
 705 0155 5D010000 		.4byte	0x15d
 706 0159 02       		.uleb128 0x2
 707 015a 91       		.byte	0x91
 708 015b 74       		.sleb128 -12
 709 015c 00       		.byte	0
 710 015d 04       		.uleb128 0x4
 711 015e 04       		.byte	0x4
 712 015f C8000000 		.4byte	0xc8
 713 0163 0E       		.uleb128 0xe
 714 0164 80000000 		.4byte	.LASF27
 715 0168 01       		.byte	0x1
 716 0169 E0       		.byte	0xe0
 717 016a C8000000 		.4byte	0xc8
 718 016e 00000000 		.4byte	.LFB5
 719 0172 20000000 		.4byte	.LFE5-.LFB5
 720 0176 01       		.uleb128 0x1
 721 0177 9C       		.byte	0x9c
 722 0178 8B010000 		.4byte	0x18b
 723 017c 0D       		.uleb128 0xd
 724 017d 77020000 		.4byte	.LASF24
 725 0181 01       		.byte	0x1
 726 0182 E2       		.byte	0xe2
 727 0183 5D010000 		.4byte	0x15d
 728 0187 02       		.uleb128 0x2
 729 0188 91       		.byte	0x91
 730 0189 74       		.sleb128 -12
 731 018a 00       		.byte	0
 732 018b 0F       		.uleb128 0xf
 733 018c 30000000 		.4byte	.LASF25
 734 0190 01       		.byte	0x1
 735 0191 0201     		.2byte	0x102
 736 0193 00000000 		.4byte	.LFB6
ARM GAS  C:\Users\Greg\AppData\Local\Temp\cc8MGIAT.s 			page 21


 737 0197 24000000 		.4byte	.LFE6-.LFB6
 738 019b 01       		.uleb128 0x1
 739 019c 9C       		.byte	0x9c
 740 019d B1010000 		.4byte	0x1b1
 741 01a1 10       		.uleb128 0x10
 742 01a2 AE000000 		.4byte	.LASF26
 743 01a6 01       		.byte	0x1
 744 01a7 0201     		.2byte	0x102
 745 01a9 80000000 		.4byte	0x80
 746 01ad 02       		.uleb128 0x2
 747 01ae 91       		.byte	0x91
 748 01af 77       		.sleb128 -9
 749 01b0 00       		.byte	0
 750 01b1 11       		.uleb128 0x11
 751 01b2 A5020000 		.4byte	.LASF28
 752 01b6 01       		.byte	0x1
 753 01b7 1801     		.2byte	0x118
 754 01b9 80000000 		.4byte	0x80
 755 01bd 00000000 		.4byte	.LFB7
 756 01c1 24000000 		.4byte	.LFE7-.LFB7
 757 01c5 01       		.uleb128 0x1
 758 01c6 9C       		.byte	0x9c
 759 01c7 DB010000 		.4byte	0x1db
 760 01cb 12       		.uleb128 0x12
 761 01cc AE000000 		.4byte	.LASF26
 762 01d0 01       		.byte	0x1
 763 01d1 1A01     		.2byte	0x11a
 764 01d3 80000000 		.4byte	0x80
 765 01d7 02       		.uleb128 0x2
 766 01d8 91       		.byte	0x91
 767 01d9 77       		.sleb128 -9
 768 01da 00       		.byte	0
 769 01db 13       		.uleb128 0x13
 770 01dc 5F010000 		.4byte	.LASF29
 771 01e0 01       		.byte	0x1
 772 01e1 3301     		.2byte	0x133
 773 01e3 00000000 		.4byte	.LFB8
 774 01e7 18000000 		.4byte	.LFE8-.LFB8
 775 01eb 01       		.uleb128 0x1
 776 01ec 9C       		.byte	0x9c
 777 01ed 14       		.uleb128 0x14
 778 01ee 4C010000 		.4byte	.LASF36
 779 01f2 01       		.byte	0x1
 780 01f3 4801     		.2byte	0x148
 781 01f5 80000000 		.4byte	0x80
 782 01f9 00000000 		.4byte	.LFB9
 783 01fd 24000000 		.4byte	.LFE9-.LFB9
 784 0201 01       		.uleb128 0x1
 785 0202 9C       		.byte	0x9c
 786 0203 13       		.uleb128 0x13
 787 0204 70010000 		.4byte	.LASF30
 788 0208 01       		.byte	0x1
 789 0209 5D01     		.2byte	0x15d
 790 020b 00000000 		.4byte	.LFB10
 791 020f 18000000 		.4byte	.LFE10-.LFB10
 792 0213 01       		.uleb128 0x1
 793 0214 9C       		.byte	0x9c
ARM GAS  C:\Users\Greg\AppData\Local\Temp\cc8MGIAT.s 			page 22


 794 0215 13       		.uleb128 0x13
 795 0216 86020000 		.4byte	.LASF31
 796 021a 01       		.byte	0x1
 797 021b 7801     		.2byte	0x178
 798 021d 00000000 		.4byte	.LFB11
 799 0221 18000000 		.4byte	.LFE11-.LFB11
 800 0225 01       		.uleb128 0x1
 801 0226 9C       		.byte	0x9c
 802 0227 13       		.uleb128 0x13
 803 0228 19000000 		.4byte	.LASF32
 804 022c 01       		.byte	0x1
 805 022d 9101     		.2byte	0x191
 806 022f 00000000 		.4byte	.LFB12
 807 0233 18000000 		.4byte	.LFE12-.LFB12
 808 0237 01       		.uleb128 0x1
 809 0238 9C       		.byte	0x9c
 810 0239 00       		.byte	0
 811              		.section	.debug_abbrev,"",%progbits
 812              	.Ldebug_abbrev0:
 813 0000 01       		.uleb128 0x1
 814 0001 11       		.uleb128 0x11
 815 0002 01       		.byte	0x1
 816 0003 25       		.uleb128 0x25
 817 0004 0E       		.uleb128 0xe
 818 0005 13       		.uleb128 0x13
 819 0006 0B       		.uleb128 0xb
 820 0007 03       		.uleb128 0x3
 821 0008 0E       		.uleb128 0xe
 822 0009 1B       		.uleb128 0x1b
 823 000a 0E       		.uleb128 0xe
 824 000b 55       		.uleb128 0x55
 825 000c 17       		.uleb128 0x17
 826 000d 11       		.uleb128 0x11
 827 000e 01       		.uleb128 0x1
 828 000f 10       		.uleb128 0x10
 829 0010 17       		.uleb128 0x17
 830 0011 00       		.byte	0
 831 0012 00       		.byte	0
 832 0013 02       		.uleb128 0x2
 833 0014 24       		.uleb128 0x24
 834 0015 00       		.byte	0
 835 0016 0B       		.uleb128 0xb
 836 0017 0B       		.uleb128 0xb
 837 0018 3E       		.uleb128 0x3e
 838 0019 0B       		.uleb128 0xb
 839 001a 03       		.uleb128 0x3
 840 001b 08       		.uleb128 0x8
 841 001c 00       		.byte	0
 842 001d 00       		.byte	0
 843 001e 03       		.uleb128 0x3
 844 001f 24       		.uleb128 0x24
 845 0020 00       		.byte	0
 846 0021 0B       		.uleb128 0xb
 847 0022 0B       		.uleb128 0xb
 848 0023 3E       		.uleb128 0x3e
 849 0024 0B       		.uleb128 0xb
 850 0025 03       		.uleb128 0x3
ARM GAS  C:\Users\Greg\AppData\Local\Temp\cc8MGIAT.s 			page 23


 851 0026 0E       		.uleb128 0xe
 852 0027 00       		.byte	0
 853 0028 00       		.byte	0
 854 0029 04       		.uleb128 0x4
 855 002a 0F       		.uleb128 0xf
 856 002b 00       		.byte	0
 857 002c 0B       		.uleb128 0xb
 858 002d 0B       		.uleb128 0xb
 859 002e 49       		.uleb128 0x49
 860 002f 13       		.uleb128 0x13
 861 0030 00       		.byte	0
 862 0031 00       		.byte	0
 863 0032 05       		.uleb128 0x5
 864 0033 15       		.uleb128 0x15
 865 0034 00       		.byte	0
 866 0035 27       		.uleb128 0x27
 867 0036 19       		.uleb128 0x19
 868 0037 00       		.byte	0
 869 0038 00       		.byte	0
 870 0039 06       		.uleb128 0x6
 871 003a 16       		.uleb128 0x16
 872 003b 00       		.byte	0
 873 003c 03       		.uleb128 0x3
 874 003d 0E       		.uleb128 0xe
 875 003e 3A       		.uleb128 0x3a
 876 003f 0B       		.uleb128 0xb
 877 0040 3B       		.uleb128 0x3b
 878 0041 05       		.uleb128 0x5
 879 0042 49       		.uleb128 0x49
 880 0043 13       		.uleb128 0x13
 881 0044 00       		.byte	0
 882 0045 00       		.byte	0
 883 0046 07       		.uleb128 0x7
 884 0047 35       		.uleb128 0x35
 885 0048 00       		.byte	0
 886 0049 49       		.uleb128 0x49
 887 004a 13       		.uleb128 0x13
 888 004b 00       		.byte	0
 889 004c 00       		.byte	0
 890 004d 08       		.uleb128 0x8
 891 004e 2E       		.uleb128 0x2e
 892 004f 00       		.byte	0
 893 0050 3F       		.uleb128 0x3f
 894 0051 19       		.uleb128 0x19
 895 0052 03       		.uleb128 0x3
 896 0053 0E       		.uleb128 0xe
 897 0054 3A       		.uleb128 0x3a
 898 0055 0B       		.uleb128 0xb
 899 0056 3B       		.uleb128 0x3b
 900 0057 0B       		.uleb128 0xb
 901 0058 27       		.uleb128 0x27
 902 0059 19       		.uleb128 0x19
 903 005a 11       		.uleb128 0x11
 904 005b 01       		.uleb128 0x1
 905 005c 12       		.uleb128 0x12
 906 005d 06       		.uleb128 0x6
 907 005e 40       		.uleb128 0x40
ARM GAS  C:\Users\Greg\AppData\Local\Temp\cc8MGIAT.s 			page 24


 908 005f 18       		.uleb128 0x18
 909 0060 9642     		.uleb128 0x2116
 910 0062 19       		.uleb128 0x19
 911 0063 00       		.byte	0
 912 0064 00       		.byte	0
 913 0065 09       		.uleb128 0x9
 914 0066 2E       		.uleb128 0x2e
 915 0067 01       		.byte	0x1
 916 0068 3F       		.uleb128 0x3f
 917 0069 19       		.uleb128 0x19
 918 006a 03       		.uleb128 0x3
 919 006b 0E       		.uleb128 0xe
 920 006c 3A       		.uleb128 0x3a
 921 006d 0B       		.uleb128 0xb
 922 006e 3B       		.uleb128 0x3b
 923 006f 0B       		.uleb128 0xb
 924 0070 27       		.uleb128 0x27
 925 0071 19       		.uleb128 0x19
 926 0072 11       		.uleb128 0x11
 927 0073 01       		.uleb128 0x1
 928 0074 12       		.uleb128 0x12
 929 0075 06       		.uleb128 0x6
 930 0076 40       		.uleb128 0x40
 931 0077 18       		.uleb128 0x18
 932 0078 9642     		.uleb128 0x2116
 933 007a 19       		.uleb128 0x19
 934 007b 01       		.uleb128 0x1
 935 007c 13       		.uleb128 0x13
 936 007d 00       		.byte	0
 937 007e 00       		.byte	0
 938 007f 0A       		.uleb128 0xa
 939 0080 05       		.uleb128 0x5
 940 0081 00       		.byte	0
 941 0082 03       		.uleb128 0x3
 942 0083 0E       		.uleb128 0xe
 943 0084 3A       		.uleb128 0x3a
 944 0085 0B       		.uleb128 0xb
 945 0086 3B       		.uleb128 0x3b
 946 0087 0B       		.uleb128 0xb
 947 0088 49       		.uleb128 0x49
 948 0089 13       		.uleb128 0x13
 949 008a 02       		.uleb128 0x2
 950 008b 18       		.uleb128 0x18
 951 008c 00       		.byte	0
 952 008d 00       		.byte	0
 953 008e 0B       		.uleb128 0xb
 954 008f 2E       		.uleb128 0x2e
 955 0090 00       		.byte	0
 956 0091 3F       		.uleb128 0x3f
 957 0092 19       		.uleb128 0x19
 958 0093 03       		.uleb128 0x3
 959 0094 0E       		.uleb128 0xe
 960 0095 3A       		.uleb128 0x3a
 961 0096 0B       		.uleb128 0xb
 962 0097 3B       		.uleb128 0x3b
 963 0098 0B       		.uleb128 0xb
 964 0099 27       		.uleb128 0x27
ARM GAS  C:\Users\Greg\AppData\Local\Temp\cc8MGIAT.s 			page 25


 965 009a 19       		.uleb128 0x19
 966 009b 11       		.uleb128 0x11
 967 009c 01       		.uleb128 0x1
 968 009d 12       		.uleb128 0x12
 969 009e 06       		.uleb128 0x6
 970 009f 40       		.uleb128 0x40
 971 00a0 18       		.uleb128 0x18
 972 00a1 9742     		.uleb128 0x2117
 973 00a3 19       		.uleb128 0x19
 974 00a4 00       		.byte	0
 975 00a5 00       		.byte	0
 976 00a6 0C       		.uleb128 0xc
 977 00a7 2E       		.uleb128 0x2e
 978 00a8 01       		.byte	0x1
 979 00a9 3F       		.uleb128 0x3f
 980 00aa 19       		.uleb128 0x19
 981 00ab 03       		.uleb128 0x3
 982 00ac 0E       		.uleb128 0xe
 983 00ad 3A       		.uleb128 0x3a
 984 00ae 0B       		.uleb128 0xb
 985 00af 3B       		.uleb128 0x3b
 986 00b0 0B       		.uleb128 0xb
 987 00b1 27       		.uleb128 0x27
 988 00b2 19       		.uleb128 0x19
 989 00b3 11       		.uleb128 0x11
 990 00b4 01       		.uleb128 0x1
 991 00b5 12       		.uleb128 0x12
 992 00b6 06       		.uleb128 0x6
 993 00b7 40       		.uleb128 0x40
 994 00b8 18       		.uleb128 0x18
 995 00b9 9742     		.uleb128 0x2117
 996 00bb 19       		.uleb128 0x19
 997 00bc 01       		.uleb128 0x1
 998 00bd 13       		.uleb128 0x13
 999 00be 00       		.byte	0
 1000 00bf 00       		.byte	0
 1001 00c0 0D       		.uleb128 0xd
 1002 00c1 34       		.uleb128 0x34
 1003 00c2 00       		.byte	0
 1004 00c3 03       		.uleb128 0x3
 1005 00c4 0E       		.uleb128 0xe
 1006 00c5 3A       		.uleb128 0x3a
 1007 00c6 0B       		.uleb128 0xb
 1008 00c7 3B       		.uleb128 0x3b
 1009 00c8 0B       		.uleb128 0xb
 1010 00c9 49       		.uleb128 0x49
 1011 00ca 13       		.uleb128 0x13
 1012 00cb 02       		.uleb128 0x2
 1013 00cc 18       		.uleb128 0x18
 1014 00cd 00       		.byte	0
 1015 00ce 00       		.byte	0
 1016 00cf 0E       		.uleb128 0xe
 1017 00d0 2E       		.uleb128 0x2e
 1018 00d1 01       		.byte	0x1
 1019 00d2 3F       		.uleb128 0x3f
 1020 00d3 19       		.uleb128 0x19
 1021 00d4 03       		.uleb128 0x3
ARM GAS  C:\Users\Greg\AppData\Local\Temp\cc8MGIAT.s 			page 26


 1022 00d5 0E       		.uleb128 0xe
 1023 00d6 3A       		.uleb128 0x3a
 1024 00d7 0B       		.uleb128 0xb
 1025 00d8 3B       		.uleb128 0x3b
 1026 00d9 0B       		.uleb128 0xb
 1027 00da 27       		.uleb128 0x27
 1028 00db 19       		.uleb128 0x19
 1029 00dc 49       		.uleb128 0x49
 1030 00dd 13       		.uleb128 0x13
 1031 00de 11       		.uleb128 0x11
 1032 00df 01       		.uleb128 0x1
 1033 00e0 12       		.uleb128 0x12
 1034 00e1 06       		.uleb128 0x6
 1035 00e2 40       		.uleb128 0x40
 1036 00e3 18       		.uleb128 0x18
 1037 00e4 9742     		.uleb128 0x2117
 1038 00e6 19       		.uleb128 0x19
 1039 00e7 01       		.uleb128 0x1
 1040 00e8 13       		.uleb128 0x13
 1041 00e9 00       		.byte	0
 1042 00ea 00       		.byte	0
 1043 00eb 0F       		.uleb128 0xf
 1044 00ec 2E       		.uleb128 0x2e
 1045 00ed 01       		.byte	0x1
 1046 00ee 3F       		.uleb128 0x3f
 1047 00ef 19       		.uleb128 0x19
 1048 00f0 03       		.uleb128 0x3
 1049 00f1 0E       		.uleb128 0xe
 1050 00f2 3A       		.uleb128 0x3a
 1051 00f3 0B       		.uleb128 0xb
 1052 00f4 3B       		.uleb128 0x3b
 1053 00f5 05       		.uleb128 0x5
 1054 00f6 27       		.uleb128 0x27
 1055 00f7 19       		.uleb128 0x19
 1056 00f8 11       		.uleb128 0x11
 1057 00f9 01       		.uleb128 0x1
 1058 00fa 12       		.uleb128 0x12
 1059 00fb 06       		.uleb128 0x6
 1060 00fc 40       		.uleb128 0x40
 1061 00fd 18       		.uleb128 0x18
 1062 00fe 9742     		.uleb128 0x2117
 1063 0100 19       		.uleb128 0x19
 1064 0101 01       		.uleb128 0x1
 1065 0102 13       		.uleb128 0x13
 1066 0103 00       		.byte	0
 1067 0104 00       		.byte	0
 1068 0105 10       		.uleb128 0x10
 1069 0106 05       		.uleb128 0x5
 1070 0107 00       		.byte	0
 1071 0108 03       		.uleb128 0x3
 1072 0109 0E       		.uleb128 0xe
 1073 010a 3A       		.uleb128 0x3a
 1074 010b 0B       		.uleb128 0xb
 1075 010c 3B       		.uleb128 0x3b
 1076 010d 05       		.uleb128 0x5
 1077 010e 49       		.uleb128 0x49
 1078 010f 13       		.uleb128 0x13
ARM GAS  C:\Users\Greg\AppData\Local\Temp\cc8MGIAT.s 			page 27


 1079 0110 02       		.uleb128 0x2
 1080 0111 18       		.uleb128 0x18
 1081 0112 00       		.byte	0
 1082 0113 00       		.byte	0
 1083 0114 11       		.uleb128 0x11
 1084 0115 2E       		.uleb128 0x2e
 1085 0116 01       		.byte	0x1
 1086 0117 3F       		.uleb128 0x3f
 1087 0118 19       		.uleb128 0x19
 1088 0119 03       		.uleb128 0x3
 1089 011a 0E       		.uleb128 0xe
 1090 011b 3A       		.uleb128 0x3a
 1091 011c 0B       		.uleb128 0xb
 1092 011d 3B       		.uleb128 0x3b
 1093 011e 05       		.uleb128 0x5
 1094 011f 27       		.uleb128 0x27
 1095 0120 19       		.uleb128 0x19
 1096 0121 49       		.uleb128 0x49
 1097 0122 13       		.uleb128 0x13
 1098 0123 11       		.uleb128 0x11
 1099 0124 01       		.uleb128 0x1
 1100 0125 12       		.uleb128 0x12
 1101 0126 06       		.uleb128 0x6
 1102 0127 40       		.uleb128 0x40
 1103 0128 18       		.uleb128 0x18
 1104 0129 9742     		.uleb128 0x2117
 1105 012b 19       		.uleb128 0x19
 1106 012c 01       		.uleb128 0x1
 1107 012d 13       		.uleb128 0x13
 1108 012e 00       		.byte	0
 1109 012f 00       		.byte	0
 1110 0130 12       		.uleb128 0x12
 1111 0131 34       		.uleb128 0x34
 1112 0132 00       		.byte	0
 1113 0133 03       		.uleb128 0x3
 1114 0134 0E       		.uleb128 0xe
 1115 0135 3A       		.uleb128 0x3a
 1116 0136 0B       		.uleb128 0xb
 1117 0137 3B       		.uleb128 0x3b
 1118 0138 05       		.uleb128 0x5
 1119 0139 49       		.uleb128 0x49
 1120 013a 13       		.uleb128 0x13
 1121 013b 02       		.uleb128 0x2
 1122 013c 18       		.uleb128 0x18
 1123 013d 00       		.byte	0
 1124 013e 00       		.byte	0
 1125 013f 13       		.uleb128 0x13
 1126 0140 2E       		.uleb128 0x2e
 1127 0141 00       		.byte	0
 1128 0142 3F       		.uleb128 0x3f
 1129 0143 19       		.uleb128 0x19
 1130 0144 03       		.uleb128 0x3
 1131 0145 0E       		.uleb128 0xe
 1132 0146 3A       		.uleb128 0x3a
 1133 0147 0B       		.uleb128 0xb
 1134 0148 3B       		.uleb128 0x3b
 1135 0149 05       		.uleb128 0x5
ARM GAS  C:\Users\Greg\AppData\Local\Temp\cc8MGIAT.s 			page 28


 1136 014a 27       		.uleb128 0x27
 1137 014b 19       		.uleb128 0x19
 1138 014c 11       		.uleb128 0x11
 1139 014d 01       		.uleb128 0x1
 1140 014e 12       		.uleb128 0x12
 1141 014f 06       		.uleb128 0x6
 1142 0150 40       		.uleb128 0x40
 1143 0151 18       		.uleb128 0x18
 1144 0152 9742     		.uleb128 0x2117
 1145 0154 19       		.uleb128 0x19
 1146 0155 00       		.byte	0
 1147 0156 00       		.byte	0
 1148 0157 14       		.uleb128 0x14
 1149 0158 2E       		.uleb128 0x2e
 1150 0159 00       		.byte	0
 1151 015a 3F       		.uleb128 0x3f
 1152 015b 19       		.uleb128 0x19
 1153 015c 03       		.uleb128 0x3
 1154 015d 0E       		.uleb128 0xe
 1155 015e 3A       		.uleb128 0x3a
 1156 015f 0B       		.uleb128 0xb
 1157 0160 3B       		.uleb128 0x3b
 1158 0161 05       		.uleb128 0x5
 1159 0162 27       		.uleb128 0x27
 1160 0163 19       		.uleb128 0x19
 1161 0164 49       		.uleb128 0x49
 1162 0165 13       		.uleb128 0x13
 1163 0166 11       		.uleb128 0x11
 1164 0167 01       		.uleb128 0x1
 1165 0168 12       		.uleb128 0x12
 1166 0169 06       		.uleb128 0x6
 1167 016a 40       		.uleb128 0x40
 1168 016b 18       		.uleb128 0x18
 1169 016c 9742     		.uleb128 0x2117
 1170 016e 19       		.uleb128 0x19
 1171 016f 00       		.byte	0
 1172 0170 00       		.byte	0
 1173 0171 00       		.byte	0
 1174              		.section	.debug_aranges,"",%progbits
 1175 0000 7C000000 		.4byte	0x7c
 1176 0004 0200     		.2byte	0x2
 1177 0006 00000000 		.4byte	.Ldebug_info0
 1178 000a 04       		.byte	0x4
 1179 000b 00       		.byte	0
 1180 000c 0000     		.2byte	0
 1181 000e 0000     		.2byte	0
 1182 0010 00000000 		.4byte	.LFB0
 1183 0014 20000000 		.4byte	.LFE0-.LFB0
 1184 0018 00000000 		.4byte	.LFB1
 1185 001c 22000000 		.4byte	.LFE1-.LFB1
 1186 0020 00000000 		.4byte	.LFB2
 1187 0024 14000000 		.4byte	.LFE2-.LFB2
 1188 0028 00000000 		.4byte	.LFB3
 1189 002c 0C000000 		.4byte	.LFE3-.LFB3
 1190 0030 00000000 		.4byte	.LFB4
 1191 0034 24000000 		.4byte	.LFE4-.LFB4
 1192 0038 00000000 		.4byte	.LFB5
ARM GAS  C:\Users\Greg\AppData\Local\Temp\cc8MGIAT.s 			page 29


 1193 003c 20000000 		.4byte	.LFE5-.LFB5
 1194 0040 00000000 		.4byte	.LFB6
 1195 0044 24000000 		.4byte	.LFE6-.LFB6
 1196 0048 00000000 		.4byte	.LFB7
 1197 004c 24000000 		.4byte	.LFE7-.LFB7
 1198 0050 00000000 		.4byte	.LFB8
 1199 0054 18000000 		.4byte	.LFE8-.LFB8
 1200 0058 00000000 		.4byte	.LFB9
 1201 005c 24000000 		.4byte	.LFE9-.LFB9
 1202 0060 00000000 		.4byte	.LFB10
 1203 0064 18000000 		.4byte	.LFE10-.LFB10
 1204 0068 00000000 		.4byte	.LFB11
 1205 006c 18000000 		.4byte	.LFE11-.LFB11
 1206 0070 00000000 		.4byte	.LFB12
 1207 0074 18000000 		.4byte	.LFE12-.LFB12
 1208 0078 00000000 		.4byte	0
 1209 007c 00000000 		.4byte	0
 1210              		.section	.debug_ranges,"",%progbits
 1211              	.Ldebug_ranges0:
 1212 0000 00000000 		.4byte	.LFB0
 1213 0004 20000000 		.4byte	.LFE0
 1214 0008 00000000 		.4byte	.LFB1
 1215 000c 22000000 		.4byte	.LFE1
 1216 0010 00000000 		.4byte	.LFB2
 1217 0014 14000000 		.4byte	.LFE2
 1218 0018 00000000 		.4byte	.LFB3
 1219 001c 0C000000 		.4byte	.LFE3
 1220 0020 00000000 		.4byte	.LFB4
 1221 0024 24000000 		.4byte	.LFE4
 1222 0028 00000000 		.4byte	.LFB5
 1223 002c 20000000 		.4byte	.LFE5
 1224 0030 00000000 		.4byte	.LFB6
 1225 0034 24000000 		.4byte	.LFE6
 1226 0038 00000000 		.4byte	.LFB7
 1227 003c 24000000 		.4byte	.LFE7
 1228 0040 00000000 		.4byte	.LFB8
 1229 0044 18000000 		.4byte	.LFE8
 1230 0048 00000000 		.4byte	.LFB9
 1231 004c 24000000 		.4byte	.LFE9
 1232 0050 00000000 		.4byte	.LFB10
 1233 0054 18000000 		.4byte	.LFE10
 1234 0058 00000000 		.4byte	.LFB11
 1235 005c 18000000 		.4byte	.LFE11
 1236 0060 00000000 		.4byte	.LFB12
 1237 0064 18000000 		.4byte	.LFE12
 1238 0068 00000000 		.4byte	0
 1239 006c 00000000 		.4byte	0
 1240              		.section	.debug_line,"",%progbits
 1241              	.Ldebug_line0:
 1242 0000 50010000 		.section	.debug_str,"MS",%progbits,1
 1242      02004600 
 1242      00000201 
 1242      FB0E0D00 
 1242      01010101 
 1243              	.LASF16:
 1244 0000 72656733 		.ascii	"reg32\000"
 1244      3200
ARM GAS  C:\Users\Greg\AppData\Local\Temp\cc8MGIAT.s 			page 30


 1245              	.LASF4:
 1246 0006 73686F72 		.ascii	"short unsigned int\000"
 1246      7420756E 
 1246      7369676E 
 1246      65642069 
 1246      6E7400
 1247              	.LASF32:
 1248 0019 4144435F 		.ascii	"ADC_2_IRQ_ClearPending\000"
 1248      325F4952 
 1248      515F436C 
 1248      65617250 
 1248      656E6469 
 1249              	.LASF25:
 1250 0030 4144435F 		.ascii	"ADC_2_IRQ_SetPriority\000"
 1250      325F4952 
 1250      515F5365 
 1250      74507269 
 1250      6F726974 
 1251              	.LASF13:
 1252 0046 666C6F61 		.ascii	"float\000"
 1252      7400
 1253              	.LASF2:
 1254 004c 756E7369 		.ascii	"unsigned char\000"
 1254      676E6564 
 1254      20636861 
 1254      7200
 1255              	.LASF15:
 1256 005a 72656738 		.ascii	"reg8\000"
 1256      00
 1257              	.LASF19:
 1258 005f 4144435F 		.ascii	"ADC_2_IRQ_Stop\000"
 1258      325F4952 
 1258      515F5374 
 1258      6F7000
 1259              	.LASF6:
 1260 006e 6C6F6E67 		.ascii	"long unsigned int\000"
 1260      20756E73 
 1260      69676E65 
 1260      6420696E 
 1260      7400
 1261              	.LASF27:
 1262 0080 4144435F 		.ascii	"ADC_2_IRQ_GetVector\000"
 1262      325F4952 
 1262      515F4765 
 1262      74566563 
 1262      746F7200 
 1263              	.LASF11:
 1264 0094 75696E74 		.ascii	"uint8\000"
 1264      3800
 1265              	.LASF20:
 1266 009a 4144435F 		.ascii	"ADC_2_IRQ_Interrupt\000"
 1266      325F4952 
 1266      515F496E 
 1266      74657272 
 1266      75707400 
 1267              	.LASF26:
 1268 00ae 7072696F 		.ascii	"priority\000"
ARM GAS  C:\Users\Greg\AppData\Local\Temp\cc8MGIAT.s 			page 31


 1268      72697479 
 1268      00
 1269              	.LASF33:
 1270 00b7 474E5520 		.ascii	"GNU C 4.9.3 20150303 (release) [ARM/embedded-4_9-br"
 1270      4320342E 
 1270      392E3320 
 1270      32303135 
 1270      30333033 
 1271 00ea 616E6368 		.ascii	"anch revision 221220] -mcpu=cortex-m3 -mthumb -g -O"
 1271      20726576 
 1271      6973696F 
 1271      6E203232 
 1271      31323230 
 1272 011d 30202D66 		.ascii	"0 -ffunction-sections -ffat-lto-objects\000"
 1272      66756E63 
 1272      74696F6E 
 1272      2D736563 
 1272      74696F6E 
 1273              	.LASF14:
 1274 0145 646F7562 		.ascii	"double\000"
 1274      6C6500
 1275              	.LASF36:
 1276 014c 4144435F 		.ascii	"ADC_2_IRQ_GetState\000"
 1276      325F4952 
 1276      515F4765 
 1276      74537461 
 1276      746500
 1277              	.LASF29:
 1278 015f 4144435F 		.ascii	"ADC_2_IRQ_Enable\000"
 1278      325F4952 
 1278      515F456E 
 1278      61626C65 
 1278      00
 1279              	.LASF30:
 1280 0170 4144435F 		.ascii	"ADC_2_IRQ_Disable\000"
 1280      325F4952 
 1280      515F4469 
 1280      7361626C 
 1280      6500
 1281              	.LASF12:
 1282 0182 75696E74 		.ascii	"uint32\000"
 1282      333200
 1283              	.LASF0:
 1284 0189 756E7369 		.ascii	"unsigned int\000"
 1284      676E6564 
 1284      20696E74 
 1284      00
 1285              	.LASF18:
 1286 0196 4144435F 		.ascii	"ADC_2_IRQ_Start\000"
 1286      325F4952 
 1286      515F5374 
 1286      61727400 
 1287              	.LASF23:
 1288 01a6 61646472 		.ascii	"address\000"
 1288      65737300 
 1289              	.LASF8:
 1290 01ae 6C6F6E67 		.ascii	"long long unsigned int\000"
ARM GAS  C:\Users\Greg\AppData\Local\Temp\cc8MGIAT.s 			page 32


 1290      206C6F6E 
 1290      6720756E 
 1290      7369676E 
 1290      65642069 
 1291              	.LASF35:
 1292 01c5 433A5C53 		.ascii	"C:\\SVN\\apps\\trunk\\Cypress Academy\\PSoC-121-Ana"
 1292      564E5C61 
 1292      7070735C 
 1292      7472756E 
 1292      6B5C4379 
 1293 01f3 6C6F675C 		.ascii	"log\\Scope\\KEES_Scope\\PSoC\\Scope.cydsn\000"
 1293      53636F70 
 1293      655C4B45 
 1293      45535F53 
 1293      636F7065 
 1294              	.LASF17:
 1295 0219 63796973 		.ascii	"cyisraddress\000"
 1295      72616464 
 1295      72657373 
 1295      00
 1296              	.LASF21:
 1297 0226 4144435F 		.ascii	"ADC_2_IRQ_StartEx\000"
 1297      325F4952 
 1297      515F5374 
 1297      61727445 
 1297      7800
 1298              	.LASF34:
 1299 0238 47656E65 		.ascii	"Generated_Source\\PSoC5\\ADC_2_IRQ.c\000"
 1299      72617465 
 1299      645F536F 
 1299      75726365 
 1299      5C50536F 
 1300              	.LASF9:
 1301 025b 73697A65 		.ascii	"sizetype\000"
 1301      74797065 
 1301      00
 1302              	.LASF7:
 1303 0264 6C6F6E67 		.ascii	"long long int\000"
 1303      206C6F6E 
 1303      6720696E 
 1303      7400
 1304              	.LASF10:
 1305 0272 63686172 		.ascii	"char\000"
 1305      00
 1306              	.LASF24:
 1307 0277 72616D56 		.ascii	"ramVectorTable\000"
 1307      6563746F 
 1307      72546162 
 1307      6C6500
 1308              	.LASF31:
 1309 0286 4144435F 		.ascii	"ADC_2_IRQ_SetPending\000"
 1309      325F4952 
 1309      515F5365 
 1309      7450656E 
 1309      64696E67 
 1310              	.LASF3:
 1311 029b 73686F72 		.ascii	"short int\000"
ARM GAS  C:\Users\Greg\AppData\Local\Temp\cc8MGIAT.s 			page 33


 1311      7420696E 
 1311      7400
 1312              	.LASF28:
 1313 02a5 4144435F 		.ascii	"ADC_2_IRQ_GetPriority\000"
 1313      325F4952 
 1313      515F4765 
 1313      74507269 
 1313      6F726974 
 1314              	.LASF5:
 1315 02bb 6C6F6E67 		.ascii	"long int\000"
 1315      20696E74 
 1315      00
 1316              	.LASF1:
 1317 02c4 7369676E 		.ascii	"signed char\000"
 1317      65642063 
 1317      68617200 
 1318              	.LASF22:
 1319 02d0 4144435F 		.ascii	"ADC_2_IRQ_SetVector\000"
 1319      325F4952 
 1319      515F5365 
 1319      74566563 
 1319      746F7200 
 1320              		.ident	"GCC: (GNU Tools for ARM Embedded Processors) 4.9.3 20150303 (release) [ARM/embedded-4_9-br
