ARM GAS  C:\Users\Greg\AppData\Local\Temp\ccUD1Aai.s 			page 1


   1              		.syntax unified
   2              		.cpu cortex-m3
   3              		.fpu softvfp
   4              		.eabi_attribute 20, 1
   5              		.eabi_attribute 21, 1
   6              		.eabi_attribute 23, 3
   7              		.eabi_attribute 24, 1
   8              		.eabi_attribute 25, 1
   9              		.eabi_attribute 26, 1
  10              		.eabi_attribute 30, 6
  11              		.eabi_attribute 34, 1
  12              		.eabi_attribute 18, 4
  13              		.thumb
  14              		.file	"ADC_1_PM.c"
  15              		.text
  16              	.Ltext0:
  17              		.cfi_sections	.debug_frame
  18              		.bss
  19              		.align	2
  20              	ADC_1_backup:
  21 0000 00       		.space	1
  22 0001 000000   		.section	.text.ADC_1_SaveConfig,"ax",%progbits
  23              		.align	2
  24              		.global	ADC_1_SaveConfig
  25              		.thumb
  26              		.thumb_func
  27              		.type	ADC_1_SaveConfig, %function
  28              	ADC_1_SaveConfig:
  29              	.LFB0:
  30              		.file 1 "Generated_Source\\PSoC5\\ADC_1_PM.c"
   1:Generated_Source\PSoC5/ADC_1_PM.c **** /*******************************************************************************
   2:Generated_Source\PSoC5/ADC_1_PM.c **** * File Name: ADC_1_PM.c
   3:Generated_Source\PSoC5/ADC_1_PM.c **** * Version 3.0
   4:Generated_Source\PSoC5/ADC_1_PM.c **** *
   5:Generated_Source\PSoC5/ADC_1_PM.c **** * Description:
   6:Generated_Source\PSoC5/ADC_1_PM.c **** *  This file provides Sleep/WakeUp APIs functionality.
   7:Generated_Source\PSoC5/ADC_1_PM.c **** *
   8:Generated_Source\PSoC5/ADC_1_PM.c **** * Note:
   9:Generated_Source\PSoC5/ADC_1_PM.c **** *
  10:Generated_Source\PSoC5/ADC_1_PM.c **** ********************************************************************************
  11:Generated_Source\PSoC5/ADC_1_PM.c **** * Copyright 2008-2015, Cypress Semiconductor Corporation.  All rights reserved.
  12:Generated_Source\PSoC5/ADC_1_PM.c **** * You may use this file only in accordance with the license, terms, conditions,
  13:Generated_Source\PSoC5/ADC_1_PM.c **** * disclaimers, and limitations in the end user license agreement accompanying
  14:Generated_Source\PSoC5/ADC_1_PM.c **** * the software package with which this file was provided.
  15:Generated_Source\PSoC5/ADC_1_PM.c **** *******************************************************************************/
  16:Generated_Source\PSoC5/ADC_1_PM.c **** 
  17:Generated_Source\PSoC5/ADC_1_PM.c **** #include "ADC_1.h"
  18:Generated_Source\PSoC5/ADC_1_PM.c **** 
  19:Generated_Source\PSoC5/ADC_1_PM.c **** 
  20:Generated_Source\PSoC5/ADC_1_PM.c **** /***************************************
  21:Generated_Source\PSoC5/ADC_1_PM.c **** * Local data allocation
  22:Generated_Source\PSoC5/ADC_1_PM.c **** ***************************************/
  23:Generated_Source\PSoC5/ADC_1_PM.c **** 
  24:Generated_Source\PSoC5/ADC_1_PM.c **** static ADC_1_BACKUP_STRUCT  ADC_1_backup =
  25:Generated_Source\PSoC5/ADC_1_PM.c **** {
  26:Generated_Source\PSoC5/ADC_1_PM.c ****     ADC_1_DISABLED
  27:Generated_Source\PSoC5/ADC_1_PM.c **** };
ARM GAS  C:\Users\Greg\AppData\Local\Temp\ccUD1Aai.s 			page 2


  28:Generated_Source\PSoC5/ADC_1_PM.c **** 
  29:Generated_Source\PSoC5/ADC_1_PM.c **** 
  30:Generated_Source\PSoC5/ADC_1_PM.c **** /*******************************************************************************
  31:Generated_Source\PSoC5/ADC_1_PM.c **** * Function Name: ADC_1_SaveConfig
  32:Generated_Source\PSoC5/ADC_1_PM.c **** ********************************************************************************
  33:Generated_Source\PSoC5/ADC_1_PM.c **** *
  34:Generated_Source\PSoC5/ADC_1_PM.c **** * Summary:
  35:Generated_Source\PSoC5/ADC_1_PM.c **** *  Saves the current user configuration.
  36:Generated_Source\PSoC5/ADC_1_PM.c **** *
  37:Generated_Source\PSoC5/ADC_1_PM.c **** * Parameters:
  38:Generated_Source\PSoC5/ADC_1_PM.c **** *  None.
  39:Generated_Source\PSoC5/ADC_1_PM.c **** *
  40:Generated_Source\PSoC5/ADC_1_PM.c **** * Return:
  41:Generated_Source\PSoC5/ADC_1_PM.c **** *  None.
  42:Generated_Source\PSoC5/ADC_1_PM.c **** *
  43:Generated_Source\PSoC5/ADC_1_PM.c **** *******************************************************************************/
  44:Generated_Source\PSoC5/ADC_1_PM.c **** void ADC_1_SaveConfig(void)
  45:Generated_Source\PSoC5/ADC_1_PM.c **** {
  31              		.loc 1 45 0
  32              		.cfi_startproc
  33              		@ args = 0, pretend = 0, frame = 0
  34              		@ frame_needed = 1, uses_anonymous_args = 0
  35              		@ link register save eliminated.
  36 0000 80B4     		push	{r7}
  37              		.cfi_def_cfa_offset 4
  38              		.cfi_offset 7, -4
  39 0002 00AF     		add	r7, sp, #0
  40              		.cfi_def_cfa_register 7
  46:Generated_Source\PSoC5/ADC_1_PM.c ****     /* All configuration registers are marked as [reset_all_retention] */
  47:Generated_Source\PSoC5/ADC_1_PM.c **** }
  41              		.loc 1 47 0
  42 0004 BD46     		mov	sp, r7
  43              		.cfi_def_cfa_register 13
  44              		@ sp needed
  45 0006 5DF8047B 		ldr	r7, [sp], #4
  46              		.cfi_restore 7
  47              		.cfi_def_cfa_offset 0
  48 000a 7047     		bx	lr
  49              		.cfi_endproc
  50              	.LFE0:
  51              		.size	ADC_1_SaveConfig, .-ADC_1_SaveConfig
  52              		.section	.text.ADC_1_RestoreConfig,"ax",%progbits
  53              		.align	2
  54              		.global	ADC_1_RestoreConfig
  55              		.thumb
  56              		.thumb_func
  57              		.type	ADC_1_RestoreConfig, %function
  58              	ADC_1_RestoreConfig:
  59              	.LFB1:
  48:Generated_Source\PSoC5/ADC_1_PM.c **** 
  49:Generated_Source\PSoC5/ADC_1_PM.c **** 
  50:Generated_Source\PSoC5/ADC_1_PM.c **** /*******************************************************************************
  51:Generated_Source\PSoC5/ADC_1_PM.c **** * Function Name: ADC_1_RestoreConfig
  52:Generated_Source\PSoC5/ADC_1_PM.c **** ********************************************************************************
  53:Generated_Source\PSoC5/ADC_1_PM.c **** *
  54:Generated_Source\PSoC5/ADC_1_PM.c **** * Summary:
  55:Generated_Source\PSoC5/ADC_1_PM.c **** *  Restores the current user configuration.
ARM GAS  C:\Users\Greg\AppData\Local\Temp\ccUD1Aai.s 			page 3


  56:Generated_Source\PSoC5/ADC_1_PM.c **** *
  57:Generated_Source\PSoC5/ADC_1_PM.c **** * Parameters:
  58:Generated_Source\PSoC5/ADC_1_PM.c **** *  None.
  59:Generated_Source\PSoC5/ADC_1_PM.c **** *
  60:Generated_Source\PSoC5/ADC_1_PM.c **** * Return:
  61:Generated_Source\PSoC5/ADC_1_PM.c **** *  None.
  62:Generated_Source\PSoC5/ADC_1_PM.c **** *
  63:Generated_Source\PSoC5/ADC_1_PM.c **** *******************************************************************************/
  64:Generated_Source\PSoC5/ADC_1_PM.c **** void ADC_1_RestoreConfig(void)
  65:Generated_Source\PSoC5/ADC_1_PM.c **** {
  60              		.loc 1 65 0
  61              		.cfi_startproc
  62              		@ args = 0, pretend = 0, frame = 0
  63              		@ frame_needed = 1, uses_anonymous_args = 0
  64              		@ link register save eliminated.
  65 0000 80B4     		push	{r7}
  66              		.cfi_def_cfa_offset 4
  67              		.cfi_offset 7, -4
  68 0002 00AF     		add	r7, sp, #0
  69              		.cfi_def_cfa_register 7
  66:Generated_Source\PSoC5/ADC_1_PM.c ****     /* All congiguration registers are marked as [reset_all_retention] */
  67:Generated_Source\PSoC5/ADC_1_PM.c **** }
  70              		.loc 1 67 0
  71 0004 BD46     		mov	sp, r7
  72              		.cfi_def_cfa_register 13
  73              		@ sp needed
  74 0006 5DF8047B 		ldr	r7, [sp], #4
  75              		.cfi_restore 7
  76              		.cfi_def_cfa_offset 0
  77 000a 7047     		bx	lr
  78              		.cfi_endproc
  79              	.LFE1:
  80              		.size	ADC_1_RestoreConfig, .-ADC_1_RestoreConfig
  81              		.section	.text.ADC_1_Sleep,"ax",%progbits
  82              		.align	2
  83              		.global	ADC_1_Sleep
  84              		.thumb
  85              		.thumb_func
  86              		.type	ADC_1_Sleep, %function
  87              	ADC_1_Sleep:
  88              	.LFB2:
  68:Generated_Source\PSoC5/ADC_1_PM.c **** 
  69:Generated_Source\PSoC5/ADC_1_PM.c **** 
  70:Generated_Source\PSoC5/ADC_1_PM.c **** /*******************************************************************************
  71:Generated_Source\PSoC5/ADC_1_PM.c **** * Function Name: ADC_1_Sleep
  72:Generated_Source\PSoC5/ADC_1_PM.c **** ********************************************************************************
  73:Generated_Source\PSoC5/ADC_1_PM.c **** *
  74:Generated_Source\PSoC5/ADC_1_PM.c **** * Summary:
  75:Generated_Source\PSoC5/ADC_1_PM.c **** *  This is the preferred routine to prepare the component for sleep.
  76:Generated_Source\PSoC5/ADC_1_PM.c **** *  The ADC_1_Sleep() routine saves the current component state,
  77:Generated_Source\PSoC5/ADC_1_PM.c **** *  then it calls the ADC_Stop() function.
  78:Generated_Source\PSoC5/ADC_1_PM.c **** *
  79:Generated_Source\PSoC5/ADC_1_PM.c **** * Parameters:
  80:Generated_Source\PSoC5/ADC_1_PM.c **** *  None.
  81:Generated_Source\PSoC5/ADC_1_PM.c **** *
  82:Generated_Source\PSoC5/ADC_1_PM.c **** * Return:
  83:Generated_Source\PSoC5/ADC_1_PM.c **** *  None.
ARM GAS  C:\Users\Greg\AppData\Local\Temp\ccUD1Aai.s 			page 4


  84:Generated_Source\PSoC5/ADC_1_PM.c **** *
  85:Generated_Source\PSoC5/ADC_1_PM.c **** * Global Variables:
  86:Generated_Source\PSoC5/ADC_1_PM.c **** *  ADC_1_backup - The structure field 'enableState' is modified
  87:Generated_Source\PSoC5/ADC_1_PM.c **** *  depending on the enable state of the block before entering to sleep mode.
  88:Generated_Source\PSoC5/ADC_1_PM.c **** *
  89:Generated_Source\PSoC5/ADC_1_PM.c **** *******************************************************************************/
  90:Generated_Source\PSoC5/ADC_1_PM.c **** void ADC_1_Sleep(void)
  91:Generated_Source\PSoC5/ADC_1_PM.c **** {
  89              		.loc 1 91 0
  90              		.cfi_startproc
  91              		@ args = 0, pretend = 0, frame = 0
  92              		@ frame_needed = 1, uses_anonymous_args = 0
  93 0000 80B5     		push	{r7, lr}
  94              		.cfi_def_cfa_offset 8
  95              		.cfi_offset 7, -8
  96              		.cfi_offset 14, -4
  97 0002 00AF     		add	r7, sp, #0
  98              		.cfi_def_cfa_register 7
  92:Generated_Source\PSoC5/ADC_1_PM.c ****     if((ADC_1_PWRMGR_SAR_REG  & ADC_1_ACT_PWR_SAR_EN) != 0u)
  99              		.loc 1 92 0
 100 0004 0D4B     		ldr	r3, .L8
 101 0006 1B78     		ldrb	r3, [r3]
 102 0008 DBB2     		uxtb	r3, r3
 103 000a 03F00103 		and	r3, r3, #1
 104 000e 002B     		cmp	r3, #0
 105 0010 10D0     		beq	.L4
  93:Generated_Source\PSoC5/ADC_1_PM.c ****     {
  94:Generated_Source\PSoC5/ADC_1_PM.c ****         if((ADC_1_SAR_CSR0_REG & ADC_1_SAR_SOF_START_CONV) != 0u)
 106              		.loc 1 94 0
 107 0012 0B4B     		ldr	r3, .L8+4
 108 0014 1B78     		ldrb	r3, [r3]
 109 0016 DBB2     		uxtb	r3, r3
 110 0018 03F00103 		and	r3, r3, #1
 111 001c 002B     		cmp	r3, #0
 112 001e 03D0     		beq	.L5
  95:Generated_Source\PSoC5/ADC_1_PM.c ****         {
  96:Generated_Source\PSoC5/ADC_1_PM.c ****             ADC_1_backup.enableState = ADC_1_ENABLED | ADC_1_STARTED;
 113              		.loc 1 96 0
 114 0020 084B     		ldr	r3, .L8+8
 115 0022 0322     		movs	r2, #3
 116 0024 1A70     		strb	r2, [r3]
 117 0026 02E0     		b	.L6
 118              	.L5:
  97:Generated_Source\PSoC5/ADC_1_PM.c ****         }
  98:Generated_Source\PSoC5/ADC_1_PM.c ****         else
  99:Generated_Source\PSoC5/ADC_1_PM.c ****         {
 100:Generated_Source\PSoC5/ADC_1_PM.c ****             ADC_1_backup.enableState = ADC_1_ENABLED;
 119              		.loc 1 100 0
 120 0028 064B     		ldr	r3, .L8+8
 121 002a 0122     		movs	r2, #1
 122 002c 1A70     		strb	r2, [r3]
 123              	.L6:
 101:Generated_Source\PSoC5/ADC_1_PM.c ****         }
 102:Generated_Source\PSoC5/ADC_1_PM.c ****         ADC_1_Stop();
 124              		.loc 1 102 0
 125 002e FFF7FEFF 		bl	ADC_1_Stop
 126 0032 02E0     		b	.L3
ARM GAS  C:\Users\Greg\AppData\Local\Temp\ccUD1Aai.s 			page 5


 127              	.L4:
 103:Generated_Source\PSoC5/ADC_1_PM.c ****     }
 104:Generated_Source\PSoC5/ADC_1_PM.c ****     else
 105:Generated_Source\PSoC5/ADC_1_PM.c ****     {
 106:Generated_Source\PSoC5/ADC_1_PM.c ****         ADC_1_backup.enableState = ADC_1_DISABLED;
 128              		.loc 1 106 0
 129 0034 034B     		ldr	r3, .L8+8
 130 0036 0022     		movs	r2, #0
 131 0038 1A70     		strb	r2, [r3]
 132              	.L3:
 107:Generated_Source\PSoC5/ADC_1_PM.c ****     }
 108:Generated_Source\PSoC5/ADC_1_PM.c **** }
 133              		.loc 1 108 0
 134 003a 80BD     		pop	{r7, pc}
 135              	.L9:
 136              		.align	2
 137              	.L8:
 138 003c AB430040 		.word	1073759147
 139 0040 00590040 		.word	1073764608
 140 0044 00000000 		.word	ADC_1_backup
 141              		.cfi_endproc
 142              	.LFE2:
 143              		.size	ADC_1_Sleep, .-ADC_1_Sleep
 144              		.section	.text.ADC_1_Wakeup,"ax",%progbits
 145              		.align	2
 146              		.global	ADC_1_Wakeup
 147              		.thumb
 148              		.thumb_func
 149              		.type	ADC_1_Wakeup, %function
 150              	ADC_1_Wakeup:
 151              	.LFB3:
 109:Generated_Source\PSoC5/ADC_1_PM.c **** 
 110:Generated_Source\PSoC5/ADC_1_PM.c **** 
 111:Generated_Source\PSoC5/ADC_1_PM.c **** /*******************************************************************************
 112:Generated_Source\PSoC5/ADC_1_PM.c **** * Function Name: ADC_1_Wakeup
 113:Generated_Source\PSoC5/ADC_1_PM.c **** ********************************************************************************
 114:Generated_Source\PSoC5/ADC_1_PM.c **** *
 115:Generated_Source\PSoC5/ADC_1_PM.c **** * Summary:
 116:Generated_Source\PSoC5/ADC_1_PM.c **** *  This is the preferred routine to restore the component to the state when
 117:Generated_Source\PSoC5/ADC_1_PM.c **** *  ADC_1_Sleep() was called. If the component was enabled before the
 118:Generated_Source\PSoC5/ADC_1_PM.c **** *  ADC_1_Sleep() function was called, the
 119:Generated_Source\PSoC5/ADC_1_PM.c **** *  ADC_1_Wakeup() function also re-enables the component.
 120:Generated_Source\PSoC5/ADC_1_PM.c **** *
 121:Generated_Source\PSoC5/ADC_1_PM.c **** * Parameters:
 122:Generated_Source\PSoC5/ADC_1_PM.c **** *  None.
 123:Generated_Source\PSoC5/ADC_1_PM.c **** *
 124:Generated_Source\PSoC5/ADC_1_PM.c **** * Return:
 125:Generated_Source\PSoC5/ADC_1_PM.c **** *  None.
 126:Generated_Source\PSoC5/ADC_1_PM.c **** *
 127:Generated_Source\PSoC5/ADC_1_PM.c **** * Global Variables:
 128:Generated_Source\PSoC5/ADC_1_PM.c **** *  ADC_1_backup - The structure field 'enableState' is used to
 129:Generated_Source\PSoC5/ADC_1_PM.c **** *  restore the enable state of block after wakeup from sleep mode.
 130:Generated_Source\PSoC5/ADC_1_PM.c **** *
 131:Generated_Source\PSoC5/ADC_1_PM.c **** *******************************************************************************/
 132:Generated_Source\PSoC5/ADC_1_PM.c **** void ADC_1_Wakeup(void)
 133:Generated_Source\PSoC5/ADC_1_PM.c **** {
 152              		.loc 1 133 0
ARM GAS  C:\Users\Greg\AppData\Local\Temp\ccUD1Aai.s 			page 6


 153              		.cfi_startproc
 154              		@ args = 0, pretend = 0, frame = 0
 155              		@ frame_needed = 1, uses_anonymous_args = 0
 156 0000 80B5     		push	{r7, lr}
 157              		.cfi_def_cfa_offset 8
 158              		.cfi_offset 7, -8
 159              		.cfi_offset 14, -4
 160 0002 00AF     		add	r7, sp, #0
 161              		.cfi_def_cfa_register 7
 134:Generated_Source\PSoC5/ADC_1_PM.c ****     if(ADC_1_backup.enableState != ADC_1_DISABLED)
 162              		.loc 1 134 0
 163 0004 034B     		ldr	r3, .L12
 164 0006 1B78     		ldrb	r3, [r3]	@ zero_extendqisi2
 165 0008 002B     		cmp	r3, #0
 166 000a 01D0     		beq	.L10
 135:Generated_Source\PSoC5/ADC_1_PM.c ****     {
 136:Generated_Source\PSoC5/ADC_1_PM.c ****         ADC_1_Enable();
 167              		.loc 1 136 0
 168 000c FFF7FEFF 		bl	ADC_1_Enable
 169              	.L10:
 137:Generated_Source\PSoC5/ADC_1_PM.c ****         #if(ADC_1_DEFAULT_CONV_MODE != ADC_1__HARDWARE_TRIGGER)
 138:Generated_Source\PSoC5/ADC_1_PM.c ****             if((ADC_1_backup.enableState & ADC_1_STARTED) != 0u)
 139:Generated_Source\PSoC5/ADC_1_PM.c ****             {
 140:Generated_Source\PSoC5/ADC_1_PM.c ****                 ADC_1_StartConvert();
 141:Generated_Source\PSoC5/ADC_1_PM.c ****             }
 142:Generated_Source\PSoC5/ADC_1_PM.c ****         #endif /* End ADC_1_DEFAULT_CONV_MODE != ADC_1__HARDWARE_TRIGGER */
 143:Generated_Source\PSoC5/ADC_1_PM.c ****     }
 144:Generated_Source\PSoC5/ADC_1_PM.c **** }
 170              		.loc 1 144 0
 171 0010 80BD     		pop	{r7, pc}
 172              	.L13:
 173 0012 00BF     		.align	2
 174              	.L12:
 175 0014 00000000 		.word	ADC_1_backup
 176              		.cfi_endproc
 177              	.LFE3:
 178              		.size	ADC_1_Wakeup, .-ADC_1_Wakeup
 179              		.text
 180              	.Letext0:
 181              		.file 2 "Generated_Source\\PSoC5\\cytypes.h"
 182              		.file 3 "Generated_Source\\PSoC5\\ADC_1.h"
 183              		.section	.debug_info,"",%progbits
 184              	.Ldebug_info0:
 185 0000 0F010000 		.4byte	0x10f
 186 0004 0400     		.2byte	0x4
 187 0006 00000000 		.4byte	.Ldebug_abbrev0
 188 000a 04       		.byte	0x4
 189 000b 01       		.uleb128 0x1
 190 000c 00000000 		.4byte	.LASF19
 191 0010 01       		.byte	0x1
 192 0011 4C010000 		.4byte	.LASF20
 193 0015 C0000000 		.4byte	.LASF21
 194 0019 00000000 		.4byte	.Ldebug_ranges0+0
 195 001d 00000000 		.4byte	0
 196 0021 00000000 		.4byte	.Ldebug_line0
 197 0025 02       		.uleb128 0x2
 198 0026 01       		.byte	0x1
ARM GAS  C:\Users\Greg\AppData\Local\Temp\ccUD1Aai.s 			page 7


 199 0027 06       		.byte	0x6
 200 0028 E3010000 		.4byte	.LASF0
 201 002c 02       		.uleb128 0x2
 202 002d 01       		.byte	0x1
 203 002e 08       		.byte	0x8
 204 002f B2000000 		.4byte	.LASF1
 205 0033 02       		.uleb128 0x2
 206 0034 02       		.byte	0x2
 207 0035 05       		.byte	0x5
 208 0036 BE010000 		.4byte	.LASF2
 209 003a 02       		.uleb128 0x2
 210 003b 02       		.byte	0x2
 211 003c 07       		.byte	0x7
 212 003d 26010000 		.4byte	.LASF3
 213 0041 02       		.uleb128 0x2
 214 0042 04       		.byte	0x4
 215 0043 05       		.byte	0x5
 216 0044 CE010000 		.4byte	.LASF4
 217 0048 02       		.uleb128 0x2
 218 0049 04       		.byte	0x4
 219 004a 07       		.byte	0x7
 220 004b 14010000 		.4byte	.LASF5
 221 004f 02       		.uleb128 0x2
 222 0050 08       		.byte	0x8
 223 0051 05       		.byte	0x5
 224 0052 97010000 		.4byte	.LASF6
 225 0056 02       		.uleb128 0x2
 226 0057 08       		.byte	0x8
 227 0058 07       		.byte	0x7
 228 0059 7B010000 		.4byte	.LASF7
 229 005d 03       		.uleb128 0x3
 230 005e 04       		.byte	0x4
 231 005f 05       		.byte	0x5
 232 0060 696E7400 		.ascii	"int\000"
 233 0064 02       		.uleb128 0x2
 234 0065 04       		.byte	0x4
 235 0066 07       		.byte	0x7
 236 0067 6E010000 		.4byte	.LASF8
 237 006b 04       		.uleb128 0x4
 238 006c C8010000 		.4byte	.LASF12
 239 0070 02       		.byte	0x2
 240 0071 9201     		.2byte	0x192
 241 0073 2C000000 		.4byte	0x2c
 242 0077 02       		.uleb128 0x2
 243 0078 04       		.byte	0x4
 244 0079 04       		.byte	0x4
 245 007a AC000000 		.4byte	.LASF9
 246 007e 02       		.uleb128 0x2
 247 007f 08       		.byte	0x8
 248 0080 04       		.byte	0x4
 249 0081 39010000 		.4byte	.LASF10
 250 0085 02       		.uleb128 0x2
 251 0086 01       		.byte	0x1
 252 0087 08       		.byte	0x8
 253 0088 B9010000 		.4byte	.LASF11
 254 008c 04       		.uleb128 0x4
 255 008d 92010000 		.4byte	.LASF13
ARM GAS  C:\Users\Greg\AppData\Local\Temp\ccUD1Aai.s 			page 8


 256 0091 02       		.byte	0x2
 257 0092 3C02     		.2byte	0x23c
 258 0094 98000000 		.4byte	0x98
 259 0098 05       		.uleb128 0x5
 260 0099 6B000000 		.4byte	0x6b
 261 009d 06       		.uleb128 0x6
 262 009e 01       		.byte	0x1
 263 009f 03       		.byte	0x3
 264 00a0 2A       		.byte	0x2a
 265 00a1 B2000000 		.4byte	0xb2
 266 00a5 07       		.uleb128 0x7
 267 00a6 D7010000 		.4byte	.LASF22
 268 00aa 03       		.byte	0x3
 269 00ab 2C       		.byte	0x2c
 270 00ac 6B000000 		.4byte	0x6b
 271 00b0 00       		.byte	0
 272 00b1 00       		.byte	0
 273 00b2 08       		.uleb128 0x8
 274 00b3 A5010000 		.4byte	.LASF14
 275 00b7 03       		.byte	0x3
 276 00b8 2D       		.byte	0x2d
 277 00b9 9D000000 		.4byte	0x9d
 278 00bd 09       		.uleb128 0x9
 279 00be 9B000000 		.4byte	.LASF15
 280 00c2 01       		.byte	0x1
 281 00c3 2C       		.byte	0x2c
 282 00c4 00000000 		.4byte	.LFB0
 283 00c8 0C000000 		.4byte	.LFE0-.LFB0
 284 00cc 01       		.uleb128 0x1
 285 00cd 9C       		.byte	0x9c
 286 00ce 09       		.uleb128 0x9
 287 00cf FC010000 		.4byte	.LASF16
 288 00d3 01       		.byte	0x1
 289 00d4 40       		.byte	0x40
 290 00d5 00000000 		.4byte	.LFB1
 291 00d9 0C000000 		.4byte	.LFE1-.LFB1
 292 00dd 01       		.uleb128 0x1
 293 00de 9C       		.byte	0x9c
 294 00df 0A       		.uleb128 0xa
 295 00e0 40010000 		.4byte	.LASF17
 296 00e4 01       		.byte	0x1
 297 00e5 5A       		.byte	0x5a
 298 00e6 00000000 		.4byte	.LFB2
 299 00ea 48000000 		.4byte	.LFE2-.LFB2
 300 00ee 01       		.uleb128 0x1
 301 00ef 9C       		.byte	0x9c
 302 00f0 0A       		.uleb128 0xa
 303 00f1 8E000000 		.4byte	.LASF18
 304 00f5 01       		.byte	0x1
 305 00f6 84       		.byte	0x84
 306 00f7 00000000 		.4byte	.LFB3
 307 00fb 18000000 		.4byte	.LFE3-.LFB3
 308 00ff 01       		.uleb128 0x1
 309 0100 9C       		.byte	0x9c
 310 0101 0B       		.uleb128 0xb
 311 0102 EF010000 		.4byte	.LASF23
 312 0106 01       		.byte	0x1
ARM GAS  C:\Users\Greg\AppData\Local\Temp\ccUD1Aai.s 			page 9


 313 0107 18       		.byte	0x18
 314 0108 B2000000 		.4byte	0xb2
 315 010c 05       		.uleb128 0x5
 316 010d 03       		.byte	0x3
 317 010e 00000000 		.4byte	ADC_1_backup
 318 0112 00       		.byte	0
 319              		.section	.debug_abbrev,"",%progbits
 320              	.Ldebug_abbrev0:
 321 0000 01       		.uleb128 0x1
 322 0001 11       		.uleb128 0x11
 323 0002 01       		.byte	0x1
 324 0003 25       		.uleb128 0x25
 325 0004 0E       		.uleb128 0xe
 326 0005 13       		.uleb128 0x13
 327 0006 0B       		.uleb128 0xb
 328 0007 03       		.uleb128 0x3
 329 0008 0E       		.uleb128 0xe
 330 0009 1B       		.uleb128 0x1b
 331 000a 0E       		.uleb128 0xe
 332 000b 55       		.uleb128 0x55
 333 000c 17       		.uleb128 0x17
 334 000d 11       		.uleb128 0x11
 335 000e 01       		.uleb128 0x1
 336 000f 10       		.uleb128 0x10
 337 0010 17       		.uleb128 0x17
 338 0011 00       		.byte	0
 339 0012 00       		.byte	0
 340 0013 02       		.uleb128 0x2
 341 0014 24       		.uleb128 0x24
 342 0015 00       		.byte	0
 343 0016 0B       		.uleb128 0xb
 344 0017 0B       		.uleb128 0xb
 345 0018 3E       		.uleb128 0x3e
 346 0019 0B       		.uleb128 0xb
 347 001a 03       		.uleb128 0x3
 348 001b 0E       		.uleb128 0xe
 349 001c 00       		.byte	0
 350 001d 00       		.byte	0
 351 001e 03       		.uleb128 0x3
 352 001f 24       		.uleb128 0x24
 353 0020 00       		.byte	0
 354 0021 0B       		.uleb128 0xb
 355 0022 0B       		.uleb128 0xb
 356 0023 3E       		.uleb128 0x3e
 357 0024 0B       		.uleb128 0xb
 358 0025 03       		.uleb128 0x3
 359 0026 08       		.uleb128 0x8
 360 0027 00       		.byte	0
 361 0028 00       		.byte	0
 362 0029 04       		.uleb128 0x4
 363 002a 16       		.uleb128 0x16
 364 002b 00       		.byte	0
 365 002c 03       		.uleb128 0x3
 366 002d 0E       		.uleb128 0xe
 367 002e 3A       		.uleb128 0x3a
 368 002f 0B       		.uleb128 0xb
 369 0030 3B       		.uleb128 0x3b
ARM GAS  C:\Users\Greg\AppData\Local\Temp\ccUD1Aai.s 			page 10


 370 0031 05       		.uleb128 0x5
 371 0032 49       		.uleb128 0x49
 372 0033 13       		.uleb128 0x13
 373 0034 00       		.byte	0
 374 0035 00       		.byte	0
 375 0036 05       		.uleb128 0x5
 376 0037 35       		.uleb128 0x35
 377 0038 00       		.byte	0
 378 0039 49       		.uleb128 0x49
 379 003a 13       		.uleb128 0x13
 380 003b 00       		.byte	0
 381 003c 00       		.byte	0
 382 003d 06       		.uleb128 0x6
 383 003e 13       		.uleb128 0x13
 384 003f 01       		.byte	0x1
 385 0040 0B       		.uleb128 0xb
 386 0041 0B       		.uleb128 0xb
 387 0042 3A       		.uleb128 0x3a
 388 0043 0B       		.uleb128 0xb
 389 0044 3B       		.uleb128 0x3b
 390 0045 0B       		.uleb128 0xb
 391 0046 01       		.uleb128 0x1
 392 0047 13       		.uleb128 0x13
 393 0048 00       		.byte	0
 394 0049 00       		.byte	0
 395 004a 07       		.uleb128 0x7
 396 004b 0D       		.uleb128 0xd
 397 004c 00       		.byte	0
 398 004d 03       		.uleb128 0x3
 399 004e 0E       		.uleb128 0xe
 400 004f 3A       		.uleb128 0x3a
 401 0050 0B       		.uleb128 0xb
 402 0051 3B       		.uleb128 0x3b
 403 0052 0B       		.uleb128 0xb
 404 0053 49       		.uleb128 0x49
 405 0054 13       		.uleb128 0x13
 406 0055 38       		.uleb128 0x38
 407 0056 0B       		.uleb128 0xb
 408 0057 00       		.byte	0
 409 0058 00       		.byte	0
 410 0059 08       		.uleb128 0x8
 411 005a 16       		.uleb128 0x16
 412 005b 00       		.byte	0
 413 005c 03       		.uleb128 0x3
 414 005d 0E       		.uleb128 0xe
 415 005e 3A       		.uleb128 0x3a
 416 005f 0B       		.uleb128 0xb
 417 0060 3B       		.uleb128 0x3b
 418 0061 0B       		.uleb128 0xb
 419 0062 49       		.uleb128 0x49
 420 0063 13       		.uleb128 0x13
 421 0064 00       		.byte	0
 422 0065 00       		.byte	0
 423 0066 09       		.uleb128 0x9
 424 0067 2E       		.uleb128 0x2e
 425 0068 00       		.byte	0
 426 0069 3F       		.uleb128 0x3f
ARM GAS  C:\Users\Greg\AppData\Local\Temp\ccUD1Aai.s 			page 11


 427 006a 19       		.uleb128 0x19
 428 006b 03       		.uleb128 0x3
 429 006c 0E       		.uleb128 0xe
 430 006d 3A       		.uleb128 0x3a
 431 006e 0B       		.uleb128 0xb
 432 006f 3B       		.uleb128 0x3b
 433 0070 0B       		.uleb128 0xb
 434 0071 27       		.uleb128 0x27
 435 0072 19       		.uleb128 0x19
 436 0073 11       		.uleb128 0x11
 437 0074 01       		.uleb128 0x1
 438 0075 12       		.uleb128 0x12
 439 0076 06       		.uleb128 0x6
 440 0077 40       		.uleb128 0x40
 441 0078 18       		.uleb128 0x18
 442 0079 9742     		.uleb128 0x2117
 443 007b 19       		.uleb128 0x19
 444 007c 00       		.byte	0
 445 007d 00       		.byte	0
 446 007e 0A       		.uleb128 0xa
 447 007f 2E       		.uleb128 0x2e
 448 0080 00       		.byte	0
 449 0081 3F       		.uleb128 0x3f
 450 0082 19       		.uleb128 0x19
 451 0083 03       		.uleb128 0x3
 452 0084 0E       		.uleb128 0xe
 453 0085 3A       		.uleb128 0x3a
 454 0086 0B       		.uleb128 0xb
 455 0087 3B       		.uleb128 0x3b
 456 0088 0B       		.uleb128 0xb
 457 0089 27       		.uleb128 0x27
 458 008a 19       		.uleb128 0x19
 459 008b 11       		.uleb128 0x11
 460 008c 01       		.uleb128 0x1
 461 008d 12       		.uleb128 0x12
 462 008e 06       		.uleb128 0x6
 463 008f 40       		.uleb128 0x40
 464 0090 18       		.uleb128 0x18
 465 0091 9642     		.uleb128 0x2116
 466 0093 19       		.uleb128 0x19
 467 0094 00       		.byte	0
 468 0095 00       		.byte	0
 469 0096 0B       		.uleb128 0xb
 470 0097 34       		.uleb128 0x34
 471 0098 00       		.byte	0
 472 0099 03       		.uleb128 0x3
 473 009a 0E       		.uleb128 0xe
 474 009b 3A       		.uleb128 0x3a
 475 009c 0B       		.uleb128 0xb
 476 009d 3B       		.uleb128 0x3b
 477 009e 0B       		.uleb128 0xb
 478 009f 49       		.uleb128 0x49
 479 00a0 13       		.uleb128 0x13
 480 00a1 02       		.uleb128 0x2
 481 00a2 18       		.uleb128 0x18
 482 00a3 00       		.byte	0
 483 00a4 00       		.byte	0
ARM GAS  C:\Users\Greg\AppData\Local\Temp\ccUD1Aai.s 			page 12


 484 00a5 00       		.byte	0
 485              		.section	.debug_aranges,"",%progbits
 486 0000 34000000 		.4byte	0x34
 487 0004 0200     		.2byte	0x2
 488 0006 00000000 		.4byte	.Ldebug_info0
 489 000a 04       		.byte	0x4
 490 000b 00       		.byte	0
 491 000c 0000     		.2byte	0
 492 000e 0000     		.2byte	0
 493 0010 00000000 		.4byte	.LFB0
 494 0014 0C000000 		.4byte	.LFE0-.LFB0
 495 0018 00000000 		.4byte	.LFB1
 496 001c 0C000000 		.4byte	.LFE1-.LFB1
 497 0020 00000000 		.4byte	.LFB2
 498 0024 48000000 		.4byte	.LFE2-.LFB2
 499 0028 00000000 		.4byte	.LFB3
 500 002c 18000000 		.4byte	.LFE3-.LFB3
 501 0030 00000000 		.4byte	0
 502 0034 00000000 		.4byte	0
 503              		.section	.debug_ranges,"",%progbits
 504              	.Ldebug_ranges0:
 505 0000 00000000 		.4byte	.LFB0
 506 0004 0C000000 		.4byte	.LFE0
 507 0008 00000000 		.4byte	.LFB1
 508 000c 0C000000 		.4byte	.LFE1
 509 0010 00000000 		.4byte	.LFB2
 510 0014 48000000 		.4byte	.LFE2
 511 0018 00000000 		.4byte	.LFB3
 512 001c 18000000 		.4byte	.LFE3
 513 0020 00000000 		.4byte	0
 514 0024 00000000 		.4byte	0
 515              		.section	.debug_line,"",%progbits
 516              	.Ldebug_line0:
 517 0000 A1000000 		.section	.debug_str,"MS",%progbits,1
 517      02005000 
 517      00000201 
 517      FB0E0D00 
 517      01010101 
 518              	.LASF19:
 519 0000 474E5520 		.ascii	"GNU C 4.9.3 20150303 (release) [ARM/embedded-4_9-br"
 519      4320342E 
 519      392E3320 
 519      32303135 
 519      30333033 
 520 0033 616E6368 		.ascii	"anch revision 221220] -mcpu=cortex-m3 -mthumb -g -O"
 520      20726576 
 520      6973696F 
 520      6E203232 
 520      31323230 
 521 0066 30202D66 		.ascii	"0 -ffunction-sections -ffat-lto-objects\000"
 521      66756E63 
 521      74696F6E 
 521      2D736563 
 521      74696F6E 
 522              	.LASF18:
 523 008e 4144435F 		.ascii	"ADC_1_Wakeup\000"
 523      315F5761 
ARM GAS  C:\Users\Greg\AppData\Local\Temp\ccUD1Aai.s 			page 13


 523      6B657570 
 523      00
 524              	.LASF15:
 525 009b 4144435F 		.ascii	"ADC_1_SaveConfig\000"
 525      315F5361 
 525      7665436F 
 525      6E666967 
 525      00
 526              	.LASF9:
 527 00ac 666C6F61 		.ascii	"float\000"
 527      7400
 528              	.LASF1:
 529 00b2 756E7369 		.ascii	"unsigned char\000"
 529      676E6564 
 529      20636861 
 529      7200
 530              	.LASF21:
 531 00c0 433A5C53 		.ascii	"C:\\SVN\\apps\\trunk\\Cypress Academy\\PSoC-121-Ana"
 531      564E5C61 
 531      7070735C 
 531      7472756E 
 531      6B5C4379 
 532 00ee 6C6F675C 		.ascii	"log\\Scope\\KEES_Scope\\PSoC\\Scope.cydsn\000"
 532      53636F70 
 532      655C4B45 
 532      45535F53 
 532      636F7065 
 533              	.LASF5:
 534 0114 6C6F6E67 		.ascii	"long unsigned int\000"
 534      20756E73 
 534      69676E65 
 534      6420696E 
 534      7400
 535              	.LASF3:
 536 0126 73686F72 		.ascii	"short unsigned int\000"
 536      7420756E 
 536      7369676E 
 536      65642069 
 536      6E7400
 537              	.LASF10:
 538 0139 646F7562 		.ascii	"double\000"
 538      6C6500
 539              	.LASF17:
 540 0140 4144435F 		.ascii	"ADC_1_Sleep\000"
 540      315F536C 
 540      65657000 
 541              	.LASF20:
 542 014c 47656E65 		.ascii	"Generated_Source\\PSoC5\\ADC_1_PM.c\000"
 542      72617465 
 542      645F536F 
 542      75726365 
 542      5C50536F 
 543              	.LASF8:
 544 016e 756E7369 		.ascii	"unsigned int\000"
 544      676E6564 
 544      20696E74 
 544      00
ARM GAS  C:\Users\Greg\AppData\Local\Temp\ccUD1Aai.s 			page 14


 545              	.LASF7:
 546 017b 6C6F6E67 		.ascii	"long long unsigned int\000"
 546      206C6F6E 
 546      6720756E 
 546      7369676E 
 546      65642069 
 547              	.LASF13:
 548 0192 72656738 		.ascii	"reg8\000"
 548      00
 549              	.LASF6:
 550 0197 6C6F6E67 		.ascii	"long long int\000"
 550      206C6F6E 
 550      6720696E 
 550      7400
 551              	.LASF14:
 552 01a5 4144435F 		.ascii	"ADC_1_BACKUP_STRUCT\000"
 552      315F4241 
 552      434B5550 
 552      5F535452 
 552      55435400 
 553              	.LASF11:
 554 01b9 63686172 		.ascii	"char\000"
 554      00
 555              	.LASF2:
 556 01be 73686F72 		.ascii	"short int\000"
 556      7420696E 
 556      7400
 557              	.LASF12:
 558 01c8 75696E74 		.ascii	"uint8\000"
 558      3800
 559              	.LASF4:
 560 01ce 6C6F6E67 		.ascii	"long int\000"
 560      20696E74 
 560      00
 561              	.LASF22:
 562 01d7 656E6162 		.ascii	"enableState\000"
 562      6C655374 
 562      61746500 
 563              	.LASF0:
 564 01e3 7369676E 		.ascii	"signed char\000"
 564      65642063 
 564      68617200 
 565              	.LASF23:
 566 01ef 4144435F 		.ascii	"ADC_1_backup\000"
 566      315F6261 
 566      636B7570 
 566      00
 567              	.LASF16:
 568 01fc 4144435F 		.ascii	"ADC_1_RestoreConfig\000"
 568      315F5265 
 568      73746F72 
 568      65436F6E 
 568      66696700 
 569              		.ident	"GCC: (GNU Tools for ARM Embedded Processors) 4.9.3 20150303 (release) [ARM/embedded-4_9-br
