ARM GAS  C:\Users\Greg\AppData\Local\Temp\ccakl0TD.s 			page 1


   1              		.syntax unified
   2              		.cpu cortex-m3
   3              		.fpu softvfp
   4              		.eabi_attribute 20, 1
   5              		.eabi_attribute 21, 1
   6              		.eabi_attribute 23, 3
   7              		.eabi_attribute 24, 1
   8              		.eabi_attribute 25, 1
   9              		.eabi_attribute 26, 1
  10              		.eabi_attribute 30, 6
  11              		.eabi_attribute 34, 1
  12              		.eabi_attribute 18, 4
  13              		.thumb
  14              		.file	"ADC_2_INT.c"
  15              		.text
  16              	.Ltext0:
  17              		.cfi_sections	.debug_frame
  18              		.section	.text.ADC_2_ISR,"ax",%progbits
  19              		.align	2
  20              		.global	ADC_2_ISR
  21              		.thumb
  22              		.thumb_func
  23              		.type	ADC_2_ISR, %function
  24              	ADC_2_ISR:
  25              	.LFB0:
  26              		.file 1 "Generated_Source\\PSoC5\\ADC_2_INT.c"
   1:Generated_Source\PSoC5/ADC_2_INT.c **** /*******************************************************************************
   2:Generated_Source\PSoC5/ADC_2_INT.c **** * File Name: ADC_2_INT.c
   3:Generated_Source\PSoC5/ADC_2_INT.c **** * Version 3.0
   4:Generated_Source\PSoC5/ADC_2_INT.c **** *
   5:Generated_Source\PSoC5/ADC_2_INT.c **** *  Description:
   6:Generated_Source\PSoC5/ADC_2_INT.c **** *    This file contains the code that operates during the ADC_SAR interrupt
   7:Generated_Source\PSoC5/ADC_2_INT.c **** *    service routine.
   8:Generated_Source\PSoC5/ADC_2_INT.c **** *
   9:Generated_Source\PSoC5/ADC_2_INT.c **** *   Note:
  10:Generated_Source\PSoC5/ADC_2_INT.c **** *
  11:Generated_Source\PSoC5/ADC_2_INT.c **** ********************************************************************************
  12:Generated_Source\PSoC5/ADC_2_INT.c **** * Copyright 2008-2015, Cypress Semiconductor Corporation.  All rights reserved.
  13:Generated_Source\PSoC5/ADC_2_INT.c **** * You may use this file only in accordance with the license, terms, conditions,
  14:Generated_Source\PSoC5/ADC_2_INT.c **** * disclaimers, and limitations in the end user license agreement accompanying
  15:Generated_Source\PSoC5/ADC_2_INT.c **** * the software package with which this file was provided.
  16:Generated_Source\PSoC5/ADC_2_INT.c **** *******************************************************************************/
  17:Generated_Source\PSoC5/ADC_2_INT.c **** 
  18:Generated_Source\PSoC5/ADC_2_INT.c **** #include "ADC_2.h"
  19:Generated_Source\PSoC5/ADC_2_INT.c **** 
  20:Generated_Source\PSoC5/ADC_2_INT.c **** 
  21:Generated_Source\PSoC5/ADC_2_INT.c **** 
  22:Generated_Source\PSoC5/ADC_2_INT.c **** /******************************************************************************
  23:Generated_Source\PSoC5/ADC_2_INT.c **** * Custom Declarations and Variables
  24:Generated_Source\PSoC5/ADC_2_INT.c **** * - add user inlcude files, prototypes and variables between the following
  25:Generated_Source\PSoC5/ADC_2_INT.c **** *   #START and #END tags
  26:Generated_Source\PSoC5/ADC_2_INT.c **** ******************************************************************************/
  27:Generated_Source\PSoC5/ADC_2_INT.c **** /* `#START ADC_SYS_VAR`  */
  28:Generated_Source\PSoC5/ADC_2_INT.c **** 
  29:Generated_Source\PSoC5/ADC_2_INT.c **** /* `#END`  */
  30:Generated_Source\PSoC5/ADC_2_INT.c **** 
  31:Generated_Source\PSoC5/ADC_2_INT.c **** #if(ADC_2_IRQ_REMOVE == 0u)
ARM GAS  C:\Users\Greg\AppData\Local\Temp\ccakl0TD.s 			page 2


  32:Generated_Source\PSoC5/ADC_2_INT.c **** 
  33:Generated_Source\PSoC5/ADC_2_INT.c **** 
  34:Generated_Source\PSoC5/ADC_2_INT.c ****     /******************************************************************************
  35:Generated_Source\PSoC5/ADC_2_INT.c ****     * Function Name: ADC_2_ISR
  36:Generated_Source\PSoC5/ADC_2_INT.c ****     *******************************************************************************
  37:Generated_Source\PSoC5/ADC_2_INT.c ****     *
  38:Generated_Source\PSoC5/ADC_2_INT.c ****     * Summary:
  39:Generated_Source\PSoC5/ADC_2_INT.c ****     *  Handle Interrupt Service Routine.
  40:Generated_Source\PSoC5/ADC_2_INT.c ****     *
  41:Generated_Source\PSoC5/ADC_2_INT.c ****     * Parameters:
  42:Generated_Source\PSoC5/ADC_2_INT.c ****     *  None.
  43:Generated_Source\PSoC5/ADC_2_INT.c ****     *
  44:Generated_Source\PSoC5/ADC_2_INT.c ****     * Return:
  45:Generated_Source\PSoC5/ADC_2_INT.c ****     *  None.
  46:Generated_Source\PSoC5/ADC_2_INT.c ****     *
  47:Generated_Source\PSoC5/ADC_2_INT.c ****     * Reentrant:
  48:Generated_Source\PSoC5/ADC_2_INT.c ****     *  No.
  49:Generated_Source\PSoC5/ADC_2_INT.c ****     *
  50:Generated_Source\PSoC5/ADC_2_INT.c ****     ******************************************************************************/
  51:Generated_Source\PSoC5/ADC_2_INT.c ****     CY_ISR( ADC_2_ISR )
  52:Generated_Source\PSoC5/ADC_2_INT.c ****     {
  27              		.loc 1 52 0
  28              		.cfi_startproc
  29              		@ args = 0, pretend = 0, frame = 0
  30              		@ frame_needed = 1, uses_anonymous_args = 0
  31              		@ link register save eliminated.
  32 0000 80B4     		push	{r7}
  33              		.cfi_def_cfa_offset 4
  34              		.cfi_offset 7, -4
  35 0002 00AF     		add	r7, sp, #0
  36              		.cfi_def_cfa_register 7
  53:Generated_Source\PSoC5/ADC_2_INT.c ****         #ifdef ADC_2_ISR_INTERRUPT_CALLBACK
  54:Generated_Source\PSoC5/ADC_2_INT.c ****             ADC_2_ISR_InterruptCallback();
  55:Generated_Source\PSoC5/ADC_2_INT.c ****         #endif /* ADC_2_ISR_INTERRUPT_CALLBACK */          
  56:Generated_Source\PSoC5/ADC_2_INT.c **** 
  57:Generated_Source\PSoC5/ADC_2_INT.c ****         
  58:Generated_Source\PSoC5/ADC_2_INT.c ****         /************************************************************************
  59:Generated_Source\PSoC5/ADC_2_INT.c ****         *  Custom Code
  60:Generated_Source\PSoC5/ADC_2_INT.c ****         *  - add user ISR code between the following #START and #END tags
  61:Generated_Source\PSoC5/ADC_2_INT.c ****         *************************************************************************/
  62:Generated_Source\PSoC5/ADC_2_INT.c ****           /* `#START MAIN_ADC_ISR`  */
  63:Generated_Source\PSoC5/ADC_2_INT.c **** 
  64:Generated_Source\PSoC5/ADC_2_INT.c ****           /* `#END`  */
  65:Generated_Source\PSoC5/ADC_2_INT.c ****     }
  37              		.loc 1 65 0
  38 0004 BD46     		mov	sp, r7
  39              		.cfi_def_cfa_register 13
  40              		@ sp needed
  41 0006 5DF8047B 		ldr	r7, [sp], #4
  42              		.cfi_restore 7
  43              		.cfi_def_cfa_offset 0
  44 000a 7047     		bx	lr
  45              		.cfi_endproc
  46              	.LFE0:
  47              		.size	ADC_2_ISR, .-ADC_2_ISR
  48              		.text
  49              	.Letext0:
ARM GAS  C:\Users\Greg\AppData\Local\Temp\ccakl0TD.s 			page 3


  50              		.section	.debug_info,"",%progbits
  51              	.Ldebug_info0:
  52 0000 8E000000 		.4byte	0x8e
  53 0004 0400     		.2byte	0x4
  54 0006 00000000 		.4byte	.Ldebug_abbrev0
  55 000a 04       		.byte	0x4
  56 000b 01       		.uleb128 0x1
  57 000c 00000000 		.4byte	.LASF12
  58 0010 01       		.byte	0x1
  59 0011 6D010000 		.4byte	.LASF13
  60 0015 A2000000 		.4byte	.LASF14
  61 0019 00000000 		.4byte	.Ldebug_ranges0+0
  62 001d 00000000 		.4byte	0
  63 0021 00000000 		.4byte	.Ldebug_line0
  64 0025 02       		.uleb128 0x2
  65 0026 01       		.byte	0x1
  66 0027 06       		.byte	0x6
  67 0028 99010000 		.4byte	.LASF0
  68 002c 02       		.uleb128 0x2
  69 002d 01       		.byte	0x1
  70 002e 08       		.byte	0x8
  71 002f 94000000 		.4byte	.LASF1
  72 0033 02       		.uleb128 0x2
  73 0034 02       		.byte	0x2
  74 0035 05       		.byte	0x5
  75 0036 63010000 		.4byte	.LASF2
  76 003a 02       		.uleb128 0x2
  77 003b 02       		.byte	0x2
  78 003c 07       		.byte	0x7
  79 003d 08010000 		.4byte	.LASF3
  80 0041 02       		.uleb128 0x2
  81 0042 04       		.byte	0x4
  82 0043 05       		.byte	0x5
  83 0044 90010000 		.4byte	.LASF4
  84 0048 02       		.uleb128 0x2
  85 0049 04       		.byte	0x4
  86 004a 07       		.byte	0x7
  87 004b F6000000 		.4byte	.LASF5
  88 004f 02       		.uleb128 0x2
  89 0050 08       		.byte	0x8
  90 0051 05       		.byte	0x5
  91 0052 50010000 		.4byte	.LASF6
  92 0056 02       		.uleb128 0x2
  93 0057 08       		.byte	0x8
  94 0058 07       		.byte	0x7
  95 0059 2F010000 		.4byte	.LASF7
  96 005d 03       		.uleb128 0x3
  97 005e 04       		.byte	0x4
  98 005f 05       		.byte	0x5
  99 0060 696E7400 		.ascii	"int\000"
 100 0064 02       		.uleb128 0x2
 101 0065 04       		.byte	0x4
 102 0066 07       		.byte	0x7
 103 0067 22010000 		.4byte	.LASF8
 104 006b 02       		.uleb128 0x2
 105 006c 04       		.byte	0x4
 106 006d 04       		.byte	0x4
ARM GAS  C:\Users\Greg\AppData\Local\Temp\ccakl0TD.s 			page 4


 107 006e 8E000000 		.4byte	.LASF9
 108 0072 02       		.uleb128 0x2
 109 0073 08       		.byte	0x8
 110 0074 04       		.byte	0x4
 111 0075 1B010000 		.4byte	.LASF10
 112 0079 02       		.uleb128 0x2
 113 007a 01       		.byte	0x1
 114 007b 08       		.byte	0x8
 115 007c 5E010000 		.4byte	.LASF11
 116 0080 04       		.uleb128 0x4
 117 0081 46010000 		.4byte	.LASF15
 118 0085 01       		.byte	0x1
 119 0086 33       		.byte	0x33
 120 0087 00000000 		.4byte	.LFB0
 121 008b 0C000000 		.4byte	.LFE0-.LFB0
 122 008f 01       		.uleb128 0x1
 123 0090 9C       		.byte	0x9c
 124 0091 00       		.byte	0
 125              		.section	.debug_abbrev,"",%progbits
 126              	.Ldebug_abbrev0:
 127 0000 01       		.uleb128 0x1
 128 0001 11       		.uleb128 0x11
 129 0002 01       		.byte	0x1
 130 0003 25       		.uleb128 0x25
 131 0004 0E       		.uleb128 0xe
 132 0005 13       		.uleb128 0x13
 133 0006 0B       		.uleb128 0xb
 134 0007 03       		.uleb128 0x3
 135 0008 0E       		.uleb128 0xe
 136 0009 1B       		.uleb128 0x1b
 137 000a 0E       		.uleb128 0xe
 138 000b 55       		.uleb128 0x55
 139 000c 17       		.uleb128 0x17
 140 000d 11       		.uleb128 0x11
 141 000e 01       		.uleb128 0x1
 142 000f 10       		.uleb128 0x10
 143 0010 17       		.uleb128 0x17
 144 0011 00       		.byte	0
 145 0012 00       		.byte	0
 146 0013 02       		.uleb128 0x2
 147 0014 24       		.uleb128 0x24
 148 0015 00       		.byte	0
 149 0016 0B       		.uleb128 0xb
 150 0017 0B       		.uleb128 0xb
 151 0018 3E       		.uleb128 0x3e
 152 0019 0B       		.uleb128 0xb
 153 001a 03       		.uleb128 0x3
 154 001b 0E       		.uleb128 0xe
 155 001c 00       		.byte	0
 156 001d 00       		.byte	0
 157 001e 03       		.uleb128 0x3
 158 001f 24       		.uleb128 0x24
 159 0020 00       		.byte	0
 160 0021 0B       		.uleb128 0xb
 161 0022 0B       		.uleb128 0xb
 162 0023 3E       		.uleb128 0x3e
 163 0024 0B       		.uleb128 0xb
ARM GAS  C:\Users\Greg\AppData\Local\Temp\ccakl0TD.s 			page 5


 164 0025 03       		.uleb128 0x3
 165 0026 08       		.uleb128 0x8
 166 0027 00       		.byte	0
 167 0028 00       		.byte	0
 168 0029 04       		.uleb128 0x4
 169 002a 2E       		.uleb128 0x2e
 170 002b 00       		.byte	0
 171 002c 3F       		.uleb128 0x3f
 172 002d 19       		.uleb128 0x19
 173 002e 03       		.uleb128 0x3
 174 002f 0E       		.uleb128 0xe
 175 0030 3A       		.uleb128 0x3a
 176 0031 0B       		.uleb128 0xb
 177 0032 3B       		.uleb128 0x3b
 178 0033 0B       		.uleb128 0xb
 179 0034 27       		.uleb128 0x27
 180 0035 19       		.uleb128 0x19
 181 0036 11       		.uleb128 0x11
 182 0037 01       		.uleb128 0x1
 183 0038 12       		.uleb128 0x12
 184 0039 06       		.uleb128 0x6
 185 003a 40       		.uleb128 0x40
 186 003b 18       		.uleb128 0x18
 187 003c 9742     		.uleb128 0x2117
 188 003e 19       		.uleb128 0x19
 189 003f 00       		.byte	0
 190 0040 00       		.byte	0
 191 0041 00       		.byte	0
 192              		.section	.debug_aranges,"",%progbits
 193 0000 1C000000 		.4byte	0x1c
 194 0004 0200     		.2byte	0x2
 195 0006 00000000 		.4byte	.Ldebug_info0
 196 000a 04       		.byte	0x4
 197 000b 00       		.byte	0
 198 000c 0000     		.2byte	0
 199 000e 0000     		.2byte	0
 200 0010 00000000 		.4byte	.LFB0
 201 0014 0C000000 		.4byte	.LFE0-.LFB0
 202 0018 00000000 		.4byte	0
 203 001c 00000000 		.4byte	0
 204              		.section	.debug_ranges,"",%progbits
 205              	.Ldebug_ranges0:
 206 0000 00000000 		.4byte	.LFB0
 207 0004 0C000000 		.4byte	.LFE0
 208 0008 00000000 		.4byte	0
 209 000c 00000000 		.4byte	0
 210              		.section	.debug_line,"",%progbits
 211              	.Ldebug_line0:
 212 0000 51000000 		.section	.debug_str,"MS",%progbits,1
 212      02003900 
 212      00000201 
 212      FB0E0D00 
 212      01010101 
 213              	.LASF12:
 214 0000 474E5520 		.ascii	"GNU C 4.9.3 20150303 (release) [ARM/embedded-4_9-br"
 214      4320342E 
 214      392E3320 
ARM GAS  C:\Users\Greg\AppData\Local\Temp\ccakl0TD.s 			page 6


 214      32303135 
 214      30333033 
 215 0033 616E6368 		.ascii	"anch revision 221220] -mcpu=cortex-m3 -mthumb -g -O"
 215      20726576 
 215      6973696F 
 215      6E203232 
 215      31323230 
 216 0066 30202D66 		.ascii	"0 -ffunction-sections -ffat-lto-objects\000"
 216      66756E63 
 216      74696F6E 
 216      2D736563 
 216      74696F6E 
 217              	.LASF9:
 218 008e 666C6F61 		.ascii	"float\000"
 218      7400
 219              	.LASF1:
 220 0094 756E7369 		.ascii	"unsigned char\000"
 220      676E6564 
 220      20636861 
 220      7200
 221              	.LASF14:
 222 00a2 433A5C53 		.ascii	"C:\\SVN\\apps\\trunk\\Cypress Academy\\PSoC-121-Ana"
 222      564E5C61 
 222      7070735C 
 222      7472756E 
 222      6B5C4379 
 223 00d0 6C6F675C 		.ascii	"log\\Scope\\KEES_Scope\\PSoC\\Scope.cydsn\000"
 223      53636F70 
 223      655C4B45 
 223      45535F53 
 223      636F7065 
 224              	.LASF5:
 225 00f6 6C6F6E67 		.ascii	"long unsigned int\000"
 225      20756E73 
 225      69676E65 
 225      6420696E 
 225      7400
 226              	.LASF3:
 227 0108 73686F72 		.ascii	"short unsigned int\000"
 227      7420756E 
 227      7369676E 
 227      65642069 
 227      6E7400
 228              	.LASF10:
 229 011b 646F7562 		.ascii	"double\000"
 229      6C6500
 230              	.LASF8:
 231 0122 756E7369 		.ascii	"unsigned int\000"
 231      676E6564 
 231      20696E74 
 231      00
 232              	.LASF7:
 233 012f 6C6F6E67 		.ascii	"long long unsigned int\000"
 233      206C6F6E 
 233      6720756E 
 233      7369676E 
 233      65642069 
ARM GAS  C:\Users\Greg\AppData\Local\Temp\ccakl0TD.s 			page 7


 234              	.LASF15:
 235 0146 4144435F 		.ascii	"ADC_2_ISR\000"
 235      325F4953 
 235      5200
 236              	.LASF6:
 237 0150 6C6F6E67 		.ascii	"long long int\000"
 237      206C6F6E 
 237      6720696E 
 237      7400
 238              	.LASF11:
 239 015e 63686172 		.ascii	"char\000"
 239      00
 240              	.LASF2:
 241 0163 73686F72 		.ascii	"short int\000"
 241      7420696E 
 241      7400
 242              	.LASF13:
 243 016d 47656E65 		.ascii	"Generated_Source\\PSoC5\\ADC_2_INT.c\000"
 243      72617465 
 243      645F536F 
 243      75726365 
 243      5C50536F 
 244              	.LASF4:
 245 0190 6C6F6E67 		.ascii	"long int\000"
 245      20696E74 
 245      00
 246              	.LASF0:
 247 0199 7369676E 		.ascii	"signed char\000"
 247      65642063 
 247      68617200 
 248              		.ident	"GCC: (GNU Tools for ARM Embedded Processors) 4.9.3 20150303 (release) [ARM/embedded-4_9-br
