ARM GAS  C:\Users\Greg\AppData\Local\Temp\ccJbaQRE.s 			page 1


   1              		.syntax unified
   2              		.cpu cortex-m3
   3              		.fpu softvfp
   4              		.eabi_attribute 20, 1
   5              		.eabi_attribute 21, 1
   6              		.eabi_attribute 23, 3
   7              		.eabi_attribute 24, 1
   8              		.eabi_attribute 25, 1
   9              		.eabi_attribute 26, 1
  10              		.eabi_attribute 30, 6
  11              		.eabi_attribute 34, 1
  12              		.eabi_attribute 18, 4
  13              		.thumb
  14              		.file	"cymetadata.c"
  15              		.text
  16              	.Ltext0:
  17              		.cfi_sections	.debug_frame
  18              		.global	cy_meta_configecc
  19              		.section	.cyconfigecc,"a",%progbits
  20              		.align	2
  21              		.type	cy_meta_configecc, %object
  22              		.size	cy_meta_configecc, 1952
  23              	cy_meta_configecc:
  24 0000 01       		.byte	1
  25 0001 45       		.byte	69
  26 0002 00       		.byte	0
  27 0003 40       		.byte	64
  28 0004 06       		.byte	6
  29 0005 52       		.byte	82
  30 0006 00       		.byte	0
  31 0007 40       		.byte	64
  32 0008 01       		.byte	1
  33 0009 5A       		.byte	90
  34 000a 00       		.byte	0
  35 000b 40       		.byte	64
  36 000c 02       		.byte	2
  37 000d 5B       		.byte	91
  38 000e 00       		.byte	0
  39 000f 40       		.byte	64
  40 0010 02       		.byte	2
  41 0011 64       		.byte	100
  42 0012 00       		.byte	0
  43 0013 40       		.byte	64
  44 0014 01       		.byte	1
  45 0015 01       		.byte	1
  46 0016 01       		.byte	1
  47 0017 40       		.byte	64
  48 0018 3D       		.byte	61
  49 0019 02       		.byte	2
  50 001a 01       		.byte	1
  51 001b 40       		.byte	64
  52 001c 3D       		.byte	61
  53 001d 03       		.byte	3
  54 001e 01       		.byte	1
  55 001f 40       		.byte	64
  56 0020 51       		.byte	81
  57 0021 04       		.byte	4
ARM GAS  C:\Users\Greg\AppData\Local\Temp\ccJbaQRE.s 			page 2


  58 0022 01       		.byte	1
  59 0023 40       		.byte	64
  60 0024 47       		.byte	71
  61 0025 05       		.byte	5
  62 0026 01       		.byte	1
  63 0027 40       		.byte	64
  64 0028 4E       		.byte	78
  65 0029 06       		.byte	6
  66 002a 01       		.byte	1
  67 002b 40       		.byte	64
  68 002c 4E       		.byte	78
  69 002d 07       		.byte	7
  70 002e 01       		.byte	1
  71 002f 40       		.byte	64
  72 0030 05       		.byte	5
  73 0031 09       		.byte	9
  74 0032 01       		.byte	1
  75 0033 40       		.byte	64
  76 0034 05       		.byte	5
  77 0035 0B       		.byte	11
  78 0036 01       		.byte	1
  79 0037 40       		.byte	64
  80 0038 04       		.byte	4
  81 0039 0D       		.byte	13
  82 003a 01       		.byte	1
  83 003b 40       		.byte	64
  84 003c 46       		.byte	70
  85 003d 14       		.byte	20
  86 003e 01       		.byte	1
  87 003f 40       		.byte	64
  88 0040 3F       		.byte	63
  89 0041 15       		.byte	21
  90 0042 01       		.byte	1
  91 0043 40       		.byte	64
  92 0044 40       		.byte	64
  93 0045 16       		.byte	22
  94 0046 01       		.byte	1
  95 0047 40       		.byte	64
  96 0048 40       		.byte	64
  97 0049 17       		.byte	23
  98 004a 01       		.byte	1
  99 004b 40       		.byte	64
 100 004c 01       		.byte	1
 101 004d 1B       		.byte	27
 102 004e 01       		.byte	1
 103 004f 40       		.byte	64
 104 0050 0F       		.byte	15
 105 0051 40       		.byte	64
 106 0052 01       		.byte	1
 107 0053 40       		.byte	64
 108 0054 13       		.byte	19
 109 0055 41       		.byte	65
 110 0056 01       		.byte	1
 111 0057 40       		.byte	64
 112 0058 10       		.byte	16
 113 0059 42       		.byte	66
 114 005a 01       		.byte	1
ARM GAS  C:\Users\Greg\AppData\Local\Temp\ccJbaQRE.s 			page 3


 115 005b 40       		.byte	64
 116 005c 07       		.byte	7
 117 005d 43       		.byte	67
 118 005e 01       		.byte	1
 119 005f 40       		.byte	64
 120 0060 04       		.byte	4
 121 0061 44       		.byte	68
 122 0062 01       		.byte	1
 123 0063 40       		.byte	64
 124 0064 19       		.byte	25
 125 0065 45       		.byte	69
 126 0066 01       		.byte	1
 127 0067 40       		.byte	64
 128 0068 0E       		.byte	14
 129 0069 46       		.byte	70
 130 006a 01       		.byte	1
 131 006b 40       		.byte	64
 132 006c 16       		.byte	22
 133 006d 47       		.byte	71
 134 006e 01       		.byte	1
 135 006f 40       		.byte	64
 136 0070 03       		.byte	3
 137 0071 48       		.byte	72
 138 0072 01       		.byte	1
 139 0073 40       		.byte	64
 140 0074 0B       		.byte	11
 141 0075 49       		.byte	73
 142 0076 01       		.byte	1
 143 0077 40       		.byte	64
 144 0078 09       		.byte	9
 145 0079 4C       		.byte	76
 146 007a 01       		.byte	1
 147 007b 40       		.byte	64
 148 007c 02       		.byte	2
 149 007d 4D       		.byte	77
 150 007e 01       		.byte	1
 151 007f 40       		.byte	64
 152 0080 0A       		.byte	10
 153 0081 50       		.byte	80
 154 0082 01       		.byte	1
 155 0083 40       		.byte	64
 156 0084 03       		.byte	3
 157 0085 51       		.byte	81
 158 0086 01       		.byte	1
 159 0087 40       		.byte	64
 160 0088 7E       		.byte	126
 161 0089 02       		.byte	2
 162 008a 00       		.byte	0
 163 008b C0       		.byte	-64
 164 008c 01       		.byte	1
 165 008d 80       		.byte	-128
 166 008e 11       		.byte	17
 167 008f 02       		.byte	2
 168 0090 60       		.byte	96
 169 0091 1C       		.byte	28
 170 0092 61       		.byte	97
 171 0093 06       		.byte	6
ARM GAS  C:\Users\Greg\AppData\Local\Temp\ccJbaQRE.s 			page 4


 172 0094 7C       		.byte	124
 173 0095 40       		.byte	64
 174 0096 8F       		.byte	-113
 175 0097 01       		.byte	1
 176 0098 27       		.byte	39
 177 0099 84       		.byte	-124
 178 009a 2F       		.byte	47
 179 009b 84       		.byte	-124
 180 009c 83       		.byte	-125
 181 009d 0F       		.byte	15
 182 009e 84       		.byte	-124
 183 009f 0D       		.byte	13
 184 00a0 82       		.byte	-126
 185 00a1 04       		.byte	4
 186 00a2 17       		.byte	23
 187 00a3 01       		.byte	1
 188 00a4 18       		.byte	24
 189 00a5 01       		.byte	1
 190 00a6 1E       		.byte	30
 191 00a7 01       		.byte	1
 192 00a8 23       		.byte	35
 193 00a9 01       		.byte	1
 194 00aa 2C       		.byte	44
 195 00ab 01       		.byte	1
 196 00ac 33       		.byte	51
 197 00ad 01       		.byte	1
 198 00ae 34       		.byte	52
 199 00af 01       		.byte	1
 200 00b0 56       		.byte	86
 201 00b1 08       		.byte	8
 202 00b2 58       		.byte	88
 203 00b3 04       		.byte	4
 204 00b4 59       		.byte	89
 205 00b5 04       		.byte	4
 206 00b6 5B       		.byte	91
 207 00b7 04       		.byte	4
 208 00b8 5C       		.byte	92
 209 00b9 22       		.byte	34
 210 00ba 5D       		.byte	93
 211 00bb 90       		.byte	-112
 212 00bc 5F       		.byte	95
 213 00bd 01       		.byte	1
 214 00be 82       		.byte	-126
 215 00bf 02       		.byte	2
 216 00c0 85       		.byte	-123
 217 00c1 01       		.byte	1
 218 00c2 8D       		.byte	-115
 219 00c3 01       		.byte	1
 220 00c4 8E       		.byte	-114
 221 00c5 02       		.byte	2
 222 00c6 91       		.byte	-111
 223 00c7 04       		.byte	4
 224 00c8 92       		.byte	-110
 225 00c9 01       		.byte	1
 226 00ca 97       		.byte	-105
 227 00cb 06       		.byte	6
 228 00cc 98       		.byte	-104
ARM GAS  C:\Users\Greg\AppData\Local\Temp\ccJbaQRE.s 			page 5


 229 00cd 04       		.byte	4
 230 00ce A0       		.byte	-96
 231 00cf 04       		.byte	4
 232 00d0 A1       		.byte	-95
 233 00d1 01       		.byte	1
 234 00d2 B0       		.byte	-80
 235 00d3 04       		.byte	4
 236 00d4 B1       		.byte	-79
 237 00d5 02       		.byte	2
 238 00d6 B4       		.byte	-76
 239 00d7 02       		.byte	2
 240 00d8 B5       		.byte	-75
 241 00d9 01       		.byte	1
 242 00da B6       		.byte	-74
 243 00db 01       		.byte	1
 244 00dc B7       		.byte	-73
 245 00dd 04       		.byte	4
 246 00de BE       		.byte	-66
 247 00df 10       		.byte	16
 248 00e0 C0       		.byte	-64
 249 00e1 10       		.byte	16
 250 00e2 C1       		.byte	-63
 251 00e3 05       		.byte	5
 252 00e4 C5       		.byte	-59
 253 00e5 D5       		.byte	-43
 254 00e6 C6       		.byte	-58
 255 00e7 04       		.byte	4
 256 00e8 C7       		.byte	-57
 257 00e9 21       		.byte	33
 258 00ea C8       		.byte	-56
 259 00eb 37       		.byte	55
 260 00ec C9       		.byte	-55
 261 00ed FF       		.byte	-1
 262 00ee CA       		.byte	-54
 263 00ef FF       		.byte	-1
 264 00f0 CB       		.byte	-53
 265 00f1 FF       		.byte	-1
 266 00f2 CD       		.byte	-51
 267 00f3 A0       		.byte	-96
 268 00f4 CF       		.byte	-49
 269 00f5 04       		.byte	4
 270 00f6 D0       		.byte	-48
 271 00f7 18       		.byte	24
 272 00f8 D2       		.byte	-46
 273 00f9 80       		.byte	-128
 274 00fa D4       		.byte	-44
 275 00fb 07       		.byte	7
 276 00fc D8       		.byte	-40
 277 00fd 04       		.byte	4
 278 00fe D9       		.byte	-39
 279 00ff 04       		.byte	4
 280 0100 DA       		.byte	-38
 281 0101 04       		.byte	4
 282 0102 DB       		.byte	-37
 283 0103 04       		.byte	4
 284 0104 DC       		.byte	-36
 285 0105 22       		.byte	34
ARM GAS  C:\Users\Greg\AppData\Local\Temp\ccJbaQRE.s 			page 6


 286 0106 DD       		.byte	-35
 287 0107 22       		.byte	34
 288 0108 DF       		.byte	-33
 289 0109 01       		.byte	1
 290 010a E0       		.byte	-32
 291 010b 40       		.byte	64
 292 010c E2       		.byte	-30
 293 010d C0       		.byte	-64
 294 010e E4       		.byte	-28
 295 010f 40       		.byte	64
 296 0110 E5       		.byte	-27
 297 0111 40       		.byte	64
 298 0112 E6       		.byte	-26
 299 0113 C0       		.byte	-64
 300 0114 E8       		.byte	-24
 301 0115 C0       		.byte	-64
 302 0116 EA       		.byte	-22
 303 0117 C0       		.byte	-64
 304 0118 EC       		.byte	-20
 305 0119 C0       		.byte	-64
 306 011a EE       		.byte	-18
 307 011b C0       		.byte	-64
 308 011c 00       		.byte	0
 309 011d 01       		.byte	1
 310 011e 02       		.byte	2
 311 011f 02       		.byte	2
 312 0120 0A       		.byte	10
 313 0121 40       		.byte	64
 314 0122 0B       		.byte	11
 315 0123 08       		.byte	8
 316 0124 0C       		.byte	12
 317 0125 20       		.byte	32
 318 0126 0E       		.byte	14
 319 0127 01       		.byte	1
 320 0128 10       		.byte	16
 321 0129 80       		.byte	-128
 322 012a 15       		.byte	21
 323 012b 80       		.byte	-128
 324 012c 18       		.byte	24
 325 012d 01       		.byte	1
 326 012e 19       		.byte	25
 327 012f 02       		.byte	2
 328 0130 1A       		.byte	26
 329 0131 09       		.byte	9
 330 0132 1F       		.byte	31
 331 0133 10       		.byte	16
 332 0134 21       		.byte	33
 333 0135 02       		.byte	2
 334 0136 22       		.byte	34
 335 0137 50       		.byte	80
 336 0138 27       		.byte	39
 337 0139 20       		.byte	32
 338 013a 29       		.byte	41
 339 013b 02       		.byte	2
 340 013c 2E       		.byte	46
 341 013d 01       		.byte	1
 342 013e 31       		.byte	49
ARM GAS  C:\Users\Greg\AppData\Local\Temp\ccJbaQRE.s 			page 7


 343 013f 02       		.byte	2
 344 0140 32       		.byte	50
 345 0141 08       		.byte	8
 346 0142 36       		.byte	54
 347 0143 08       		.byte	8
 348 0144 39       		.byte	57
 349 0145 80       		.byte	-128
 350 0146 3B       		.byte	59
 351 0147 08       		.byte	8
 352 0148 40       		.byte	64
 353 0149 01       		.byte	1
 354 014a 48       		.byte	72
 355 014b 20       		.byte	32
 356 014c 49       		.byte	73
 357 014d 01       		.byte	1
 358 014e 4A       		.byte	74
 359 014f 02       		.byte	2
 360 0150 4B       		.byte	75
 361 0151 08       		.byte	8
 362 0152 50       		.byte	80
 363 0153 80       		.byte	-128
 364 0154 51       		.byte	81
 365 0155 40       		.byte	64
 366 0156 52       		.byte	82
 367 0157 0A       		.byte	10
 368 0158 59       		.byte	89
 369 0159 01       		.byte	1
 370 015a 5A       		.byte	90
 371 015b A8       		.byte	-88
 372 015c 5C       		.byte	92
 373 015d 18       		.byte	24
 374 015e 5D       		.byte	93
 375 015f 40       		.byte	64
 376 0160 66       		.byte	102
 377 0161 04       		.byte	4
 378 0162 67       		.byte	103
 379 0163 05       		.byte	5
 380 0164 6D       		.byte	109
 381 0165 88       		.byte	-120
 382 0166 6F       		.byte	111
 383 0167 44       		.byte	68
 384 0168 72       		.byte	114
 385 0169 40       		.byte	64
 386 016a 76       		.byte	118
 387 016b 01       		.byte	1
 388 016c 77       		.byte	119
 389 016d 10       		.byte	16
 390 016e 81       		.byte	-127
 391 016f 44       		.byte	68
 392 0170 89       		.byte	-119
 393 0171 40       		.byte	64
 394 0172 8C       		.byte	-116
 395 0173 08       		.byte	8
 396 0174 8F       		.byte	-113
 397 0175 44       		.byte	68
 398 0176 9B       		.byte	-101
 399 0177 08       		.byte	8
ARM GAS  C:\Users\Greg\AppData\Local\Temp\ccJbaQRE.s 			page 8


 400 0178 A6       		.byte	-90
 401 0179 04       		.byte	4
 402 017a AF       		.byte	-81
 403 017b 08       		.byte	8
 404 017c C0       		.byte	-64
 405 017d 09       		.byte	9
 406 017e C2       		.byte	-62
 407 017f CA       		.byte	-54
 408 0180 C4       		.byte	-60
 409 0181 88       		.byte	-120
 410 0182 CA       		.byte	-54
 411 0183 81       		.byte	-127
 412 0184 CC       		.byte	-52
 413 0185 43       		.byte	67
 414 0186 CE       		.byte	-50
 415 0187 0A       		.byte	10
 416 0188 D0       		.byte	-48
 417 0189 08       		.byte	8
 418 018a D2       		.byte	-46
 419 018b 08       		.byte	8
 420 018c D6       		.byte	-42
 421 018d 7F       		.byte	127
 422 018e D8       		.byte	-40
 423 018f 70       		.byte	112
 424 0190 E2       		.byte	-30
 425 0191 18       		.byte	24
 426 0192 E6       		.byte	-26
 427 0193 04       		.byte	4
 428 0194 EE       		.byte	-18
 429 0195 01       		.byte	1
 430 0196 03       		.byte	3
 431 0197 03       		.byte	3
 432 0198 06       		.byte	6
 433 0199 04       		.byte	4
 434 019a 08       		.byte	8
 435 019b 06       		.byte	6
 436 019c 09       		.byte	9
 437 019d 04       		.byte	4
 438 019e 0D       		.byte	13
 439 019f 04       		.byte	4
 440 01a0 13       		.byte	19
 441 01a1 01       		.byte	1
 442 01a2 15       		.byte	21
 443 01a3 02       		.byte	2
 444 01a4 16       		.byte	22
 445 01a5 09       		.byte	9
 446 01a6 1A       		.byte	26
 447 01a7 10       		.byte	16
 448 01a8 1B       		.byte	27
 449 01a9 02       		.byte	2
 450 01aa 1F       		.byte	31
 451 01ab 01       		.byte	1
 452 01ac 22       		.byte	34
 453 01ad 02       		.byte	2
 454 01ae 26       		.byte	38
 455 01af 01       		.byte	1
 456 01b0 2A       		.byte	42
ARM GAS  C:\Users\Greg\AppData\Local\Temp\ccJbaQRE.s 			page 9


 457 01b1 10       		.byte	16
 458 01b2 2D       		.byte	45
 459 01b3 01       		.byte	1
 460 01b4 2E       		.byte	46
 461 01b5 08       		.byte	8
 462 01b6 30       		.byte	48
 463 01b7 08       		.byte	8
 464 01b8 32       		.byte	50
 465 01b9 10       		.byte	16
 466 01ba 33       		.byte	51
 467 01bb 04       		.byte	4
 468 01bc 34       		.byte	52
 469 01bd 01       		.byte	1
 470 01be 35       		.byte	53
 471 01bf 03       		.byte	3
 472 01c0 36       		.byte	54
 473 01c1 06       		.byte	6
 474 01c2 39       		.byte	57
 475 01c3 08       		.byte	8
 476 01c4 3C       		.byte	60
 477 01c5 80       		.byte	-128
 478 01c6 3D       		.byte	61
 479 01c7 20       		.byte	32
 480 01c8 3E       		.byte	62
 481 01c9 15       		.byte	21
 482 01ca 40       		.byte	64
 483 01cb 04       		.byte	4
 484 01cc 49       		.byte	73
 485 01cd FF       		.byte	-1
 486 01ce 4A       		.byte	74
 487 01cf FF       		.byte	-1
 488 01d0 4B       		.byte	75
 489 01d1 FF       		.byte	-1
 490 01d2 4C       		.byte	76
 491 01d3 02       		.byte	2
 492 01d4 4D       		.byte	77
 493 01d5 0C       		.byte	12
 494 01d6 4E       		.byte	78
 495 01d7 F8       		.byte	-8
 496 01d8 52       		.byte	82
 497 01d9 80       		.byte	-128
 498 01da 54       		.byte	84
 499 01db 05       		.byte	5
 500 01dc 58       		.byte	88
 501 01dd 0B       		.byte	11
 502 01de 59       		.byte	89
 503 01df 0B       		.byte	11
 504 01e0 5A       		.byte	90
 505 01e1 0C       		.byte	12
 506 01e2 5B       		.byte	91
 507 01e3 0B       		.byte	11
 508 01e4 5C       		.byte	92
 509 01e5 99       		.byte	-103
 510 01e6 5D       		.byte	93
 511 01e7 94       		.byte	-108
 512 01e8 5F       		.byte	95
 513 01e9 05       		.byte	5
ARM GAS  C:\Users\Greg\AppData\Local\Temp\ccJbaQRE.s 			page 10


 514 01ea 62       		.byte	98
 515 01eb 48       		.byte	72
 516 01ec 63       		.byte	99
 517 01ed A1       		.byte	-95
 518 01ee 68       		.byte	104
 519 01ef F0       		.byte	-16
 520 01f0 6A       		.byte	106
 521 01f1 F0       		.byte	-16
 522 01f2 6C       		.byte	108
 523 01f3 F0       		.byte	-16
 524 01f4 6E       		.byte	110
 525 01f5 F0       		.byte	-16
 526 01f6 93       		.byte	-109
 527 01f7 01       		.byte	1
 528 01f8 96       		.byte	-106
 529 01f9 03       		.byte	3
 530 01fa A9       		.byte	-87
 531 01fb 02       		.byte	2
 532 01fc AC       		.byte	-84
 533 01fd 01       		.byte	1
 534 01fe AE       		.byte	-82
 535 01ff 02       		.byte	2
 536 0200 AF       		.byte	-81
 537 0201 02       		.byte	2
 538 0202 B0       		.byte	-80
 539 0203 02       		.byte	2
 540 0204 B1       		.byte	-79
 541 0205 01       		.byte	1
 542 0206 B4       		.byte	-76
 543 0207 01       		.byte	1
 544 0208 B5       		.byte	-75
 545 0209 02       		.byte	2
 546 020a BE       		.byte	-66
 547 020b 11       		.byte	17
 548 020c BF       		.byte	-65
 549 020d 10       		.byte	16
 550 020e C0       		.byte	-64
 551 020f 04       		.byte	4
 552 0210 C9       		.byte	-55
 553 0211 FF       		.byte	-1
 554 0212 CA       		.byte	-54
 555 0213 FF       		.byte	-1
 556 0214 CB       		.byte	-53
 557 0215 FF       		.byte	-1
 558 0216 CC       		.byte	-52
 559 0217 03       		.byte	3
 560 0218 CD       		.byte	-51
 561 0219 0C       		.byte	12
 562 021a CE       		.byte	-50
 563 021b F4       		.byte	-12
 564 021c D6       		.byte	-42
 565 021d 08       		.byte	8
 566 021e D8       		.byte	-40
 567 021f 04       		.byte	4
 568 0220 D9       		.byte	-39
 569 0221 04       		.byte	4
 570 0222 DA       		.byte	-38
ARM GAS  C:\Users\Greg\AppData\Local\Temp\ccJbaQRE.s 			page 11


 571 0223 0C       		.byte	12
 572 0224 DB       		.byte	-37
 573 0225 04       		.byte	4
 574 0226 DC       		.byte	-36
 575 0227 50       		.byte	80
 576 0228 DD       		.byte	-35
 577 0229 94       		.byte	-108
 578 022a DF       		.byte	-33
 579 022b 01       		.byte	1
 580 022c E2       		.byte	-30
 581 022d 48       		.byte	72
 582 022e E3       		.byte	-29
 583 022f A1       		.byte	-95
 584 0230 E8       		.byte	-24
 585 0231 F0       		.byte	-16
 586 0232 EA       		.byte	-22
 587 0233 F0       		.byte	-16
 588 0234 EC       		.byte	-20
 589 0235 F0       		.byte	-16
 590 0236 EE       		.byte	-18
 591 0237 F0       		.byte	-16
 592 0238 00       		.byte	0
 593 0239 10       		.byte	16
 594 023a 03       		.byte	3
 595 023b 20       		.byte	32
 596 023c 09       		.byte	9
 597 023d 20       		.byte	32
 598 023e 0A       		.byte	10
 599 023f 20       		.byte	32
 600 0240 0C       		.byte	12
 601 0241 04       		.byte	4
 602 0242 10       		.byte	16
 603 0243 A0       		.byte	-96
 604 0244 11       		.byte	17
 605 0245 40       		.byte	64
 606 0246 12       		.byte	18
 607 0247 0A       		.byte	10
 608 0248 14       		.byte	20
 609 0249 08       		.byte	8
 610 024a 16       		.byte	22
 611 024b 04       		.byte	4
 612 024c 17       		.byte	23
 613 024d 80       		.byte	-128
 614 024e 18       		.byte	24
 615 024f 40       		.byte	64
 616 0250 19       		.byte	25
 617 0251 54       		.byte	84
 618 0252 1E       		.byte	30
 619 0253 88       		.byte	-120
 620 0254 20       		.byte	32
 621 0255 18       		.byte	24
 622 0256 21       		.byte	33
 623 0257 20       		.byte	32
 624 0258 25       		.byte	37
 625 0259 10       		.byte	16
 626 025a 27       		.byte	39
 627 025b 80       		.byte	-128
ARM GAS  C:\Users\Greg\AppData\Local\Temp\ccJbaQRE.s 			page 12


 628 025c 2B       		.byte	43
 629 025d 01       		.byte	1
 630 025e 2F       		.byte	47
 631 025f 05       		.byte	5
 632 0260 31       		.byte	49
 633 0261 22       		.byte	34
 634 0262 32       		.byte	50
 635 0263 48       		.byte	72
 636 0264 37       		.byte	55
 637 0265 01       		.byte	1
 638 0266 38       		.byte	56
 639 0267 A2       		.byte	-94
 640 0268 42       		.byte	66
 641 0269 C0       		.byte	-64
 642 026a 43       		.byte	67
 643 026b 02       		.byte	2
 644 026c 46       		.byte	70
 645 026d 80       		.byte	-128
 646 026e 59       		.byte	89
 647 026f 45       		.byte	69
 648 0270 5E       		.byte	94
 649 0271 10       		.byte	16
 650 0272 5F       		.byte	95
 651 0273 40       		.byte	64
 652 0274 66       		.byte	102
 653 0275 40       		.byte	64
 654 0276 67       		.byte	103
 655 0277 04       		.byte	4
 656 0278 6F       		.byte	111
 657 0279 01       		.byte	1
 658 027a 70       		.byte	112
 659 027b 01       		.byte	1
 660 027c 78       		.byte	120
 661 027d 02       		.byte	2
 662 027e 7B       		.byte	123
 663 027f 0A       		.byte	10
 664 0280 7F       		.byte	127
 665 0281 02       		.byte	2
 666 0282 80       		.byte	-128
 667 0283 40       		.byte	64
 668 0284 86       		.byte	-122
 669 0285 40       		.byte	64
 670 0286 87       		.byte	-121
 671 0287 50       		.byte	80
 672 0288 8A       		.byte	-118
 673 0289 40       		.byte	64
 674 028a 8D       		.byte	-115
 675 028b 40       		.byte	64
 676 028c 92       		.byte	-110
 677 028d 10       		.byte	16
 678 028e 93       		.byte	-109
 679 028f 01       		.byte	1
 680 0290 98       		.byte	-104
 681 0291 01       		.byte	1
 682 0292 9A       		.byte	-102
 683 0293 05       		.byte	5
 684 0294 9B       		.byte	-101
ARM GAS  C:\Users\Greg\AppData\Local\Temp\ccJbaQRE.s 			page 13


 685 0295 08       		.byte	8
 686 0296 9D       		.byte	-99
 687 0297 10       		.byte	16
 688 0298 A6       		.byte	-90
 689 0299 04       		.byte	4
 690 029a A8       		.byte	-88
 691 029b 10       		.byte	16
 692 029c A9       		.byte	-87
 693 029d 10       		.byte	16
 694 029e AA       		.byte	-86
 695 029f 10       		.byte	16
 696 02a0 AB       		.byte	-85
 697 02a1 10       		.byte	16
 698 02a2 AC       		.byte	-84
 699 02a3 01       		.byte	1
 700 02a4 AF       		.byte	-81
 701 02a5 04       		.byte	4
 702 02a6 B3       		.byte	-77
 703 02a7 30       		.byte	48
 704 02a8 C0       		.byte	-64
 705 02a9 06       		.byte	6
 706 02aa C2       		.byte	-62
 707 02ab 26       		.byte	38
 708 02ac C4       		.byte	-60
 709 02ad 8F       		.byte	-113
 710 02ae CA       		.byte	-54
 711 02af 38       		.byte	56
 712 02b0 CC       		.byte	-52
 713 02b1 8F       		.byte	-113
 714 02b2 CE       		.byte	-50
 715 02b3 0D       		.byte	13
 716 02b4 D0       		.byte	-48
 717 02b5 81       		.byte	-127
 718 02b6 D6       		.byte	-42
 719 02b7 3B       		.byte	59
 720 02b8 D8       		.byte	-40
 721 02b9 30       		.byte	48
 722 02ba DE       		.byte	-34
 723 02bb 1D       		.byte	29
 724 02bc E2       		.byte	-30
 725 02bd 60       		.byte	96
 726 02be E6       		.byte	-26
 727 02bf 02       		.byte	2
 728 02c0 E8       		.byte	-24
 729 02c1 04       		.byte	4
 730 02c2 EA       		.byte	-22
 731 02c3 21       		.byte	33
 732 02c4 EE       		.byte	-18
 733 02c5 21       		.byte	33
 734 02c6 02       		.byte	2
 735 02c7 0F       		.byte	15
 736 02c8 06       		.byte	6
 737 02c9 0F       		.byte	15
 738 02ca 07       		.byte	7
 739 02cb 01       		.byte	1
 740 02cc 08       		.byte	8
 741 02cd 01       		.byte	1
ARM GAS  C:\Users\Greg\AppData\Local\Temp\ccJbaQRE.s 			page 14


 742 02ce 16       		.byte	22
 743 02cf 08       		.byte	8
 744 02d0 17       		.byte	23
 745 02d1 01       		.byte	1
 746 02d2 1A       		.byte	26
 747 02d3 02       		.byte	2
 748 02d4 1C       		.byte	28
 749 02d5 04       		.byte	4
 750 02d6 2A       		.byte	42
 751 02d7 0F       		.byte	15
 752 02d8 32       		.byte	50
 753 02d9 0F       		.byte	15
 754 02da 35       		.byte	53
 755 02db 01       		.byte	1
 756 02dc 3A       		.byte	58
 757 02dd 08       		.byte	8
 758 02de 40       		.byte	64
 759 02df 21       		.byte	33
 760 02e0 41       		.byte	65
 761 02e1 06       		.byte	6
 762 02e2 49       		.byte	73
 763 02e3 FF       		.byte	-1
 764 02e4 4A       		.byte	74
 765 02e5 FF       		.byte	-1
 766 02e6 4B       		.byte	75
 767 02e7 FF       		.byte	-1
 768 02e8 4D       		.byte	77
 769 02e9 A0       		.byte	-96
 770 02ea 4F       		.byte	79
 771 02eb 04       		.byte	4
 772 02ec 50       		.byte	80
 773 02ed 18       		.byte	24
 774 02ee 52       		.byte	82
 775 02ef 01       		.byte	1
 776 02f0 58       		.byte	88
 777 02f1 04       		.byte	4
 778 02f2 59       		.byte	89
 779 02f3 0B       		.byte	11
 780 02f4 5A       		.byte	90
 781 02f5 0B       		.byte	11
 782 02f6 5B       		.byte	91
 783 02f7 04       		.byte	4
 784 02f8 5C       		.byte	92
 785 02f9 93       		.byte	-109
 786 02fa 5D       		.byte	93
 787 02fb 49       		.byte	73
 788 02fc 5F       		.byte	95
 789 02fd 01       		.byte	1
 790 02fe 60       		.byte	96
 791 02ff 40       		.byte	64
 792 0300 62       		.byte	98
 793 0301 C0       		.byte	-64
 794 0302 64       		.byte	100
 795 0303 40       		.byte	64
 796 0304 65       		.byte	101
 797 0305 40       		.byte	64
 798 0306 66       		.byte	102
ARM GAS  C:\Users\Greg\AppData\Local\Temp\ccJbaQRE.s 			page 15


 799 0307 C0       		.byte	-64
 800 0308 68       		.byte	104
 801 0309 C0       		.byte	-64
 802 030a 6A       		.byte	106
 803 030b C0       		.byte	-64
 804 030c 6C       		.byte	108
 805 030d C0       		.byte	-64
 806 030e 6E       		.byte	110
 807 030f C0       		.byte	-64
 808 0310 86       		.byte	-122
 809 0311 04       		.byte	4
 810 0312 87       		.byte	-121
 811 0313 02       		.byte	2
 812 0314 8B       		.byte	-117
 813 0315 01       		.byte	1
 814 0316 8E       		.byte	-114
 815 0317 01       		.byte	1
 816 0318 92       		.byte	-110
 817 0319 01       		.byte	1
 818 031a 95       		.byte	-107
 819 031b 03       		.byte	3
 820 031c 9A       		.byte	-102
 821 031d 06       		.byte	6
 822 031e A2       		.byte	-94
 823 031f 02       		.byte	2
 824 0320 B0       		.byte	-80
 825 0321 01       		.byte	1
 826 0322 B5       		.byte	-75
 827 0323 03       		.byte	3
 828 0324 B6       		.byte	-74
 829 0325 06       		.byte	6
 830 0326 C0       		.byte	-64
 831 0327 21       		.byte	33
 832 0328 C1       		.byte	-63
 833 0329 06       		.byte	6
 834 032a C5       		.byte	-59
 835 032b D0       		.byte	-48
 836 032c C6       		.byte	-58
 837 032d 10       		.byte	16
 838 032e C7       		.byte	-57
 839 032f 02       		.byte	2
 840 0330 C8       		.byte	-56
 841 0331 1E       		.byte	30
 842 0332 C9       		.byte	-55
 843 0333 FF       		.byte	-1
 844 0334 CA       		.byte	-54
 845 0335 FF       		.byte	-1
 846 0336 CB       		.byte	-53
 847 0337 FF       		.byte	-1
 848 0338 CD       		.byte	-51
 849 0339 AF       		.byte	-81
 850 033a CE       		.byte	-50
 851 033b 0F       		.byte	15
 852 033c CF       		.byte	-49
 853 033d 04       		.byte	4
 854 033e D0       		.byte	-48
 855 033f 18       		.byte	24
ARM GAS  C:\Users\Greg\AppData\Local\Temp\ccJbaQRE.s 			page 16


 856 0340 D6       		.byte	-42
 857 0341 08       		.byte	8
 858 0342 D8       		.byte	-40
 859 0343 0B       		.byte	11
 860 0344 D9       		.byte	-39
 861 0345 04       		.byte	4
 862 0346 DA       		.byte	-38
 863 0347 0B       		.byte	11
 864 0348 DB       		.byte	-37
 865 0349 04       		.byte	4
 866 034a DC       		.byte	-36
 867 034b 09       		.byte	9
 868 034c DD       		.byte	-35
 869 034d 99       		.byte	-103
 870 034e DF       		.byte	-33
 871 034f 01       		.byte	1
 872 0350 E0       		.byte	-32
 873 0351 40       		.byte	64
 874 0352 E2       		.byte	-30
 875 0353 C0       		.byte	-64
 876 0354 E4       		.byte	-28
 877 0355 40       		.byte	64
 878 0356 E5       		.byte	-27
 879 0357 40       		.byte	64
 880 0358 E6       		.byte	-26
 881 0359 C0       		.byte	-64
 882 035a E8       		.byte	-24
 883 035b C0       		.byte	-64
 884 035c EA       		.byte	-22
 885 035d C0       		.byte	-64
 886 035e EC       		.byte	-20
 887 035f C0       		.byte	-64
 888 0360 EE       		.byte	-18
 889 0361 C0       		.byte	-64
 890 0362 00       		.byte	0
 891 0363 80       		.byte	-128
 892 0364 03       		.byte	3
 893 0365 20       		.byte	32
 894 0366 04       		.byte	4
 895 0367 1A       		.byte	26
 896 0368 09       		.byte	9
 897 0369 20       		.byte	32
 898 036a 0A       		.byte	10
 899 036b 80       		.byte	-128
 900 036c 0E       		.byte	14
 901 036d 16       		.byte	22
 902 036e 10       		.byte	16
 903 036f 80       		.byte	-128
 904 0370 17       		.byte	23
 905 0371 10       		.byte	16
 906 0372 1B       		.byte	27
 907 0373 41       		.byte	65
 908 0374 1E       		.byte	30
 909 0375 10       		.byte	16
 910 0376 20       		.byte	32
 911 0377 04       		.byte	4
 912 0378 22       		.byte	34
ARM GAS  C:\Users\Greg\AppData\Local\Temp\ccJbaQRE.s 			page 17


 913 0379 10       		.byte	16
 914 037a 27       		.byte	39
 915 037b 04       		.byte	4
 916 037c 33       		.byte	51
 917 037d 04       		.byte	4
 918 037e 36       		.byte	54
 919 037f 08       		.byte	8
 920 0380 38       		.byte	56
 921 0381 04       		.byte	4
 922 0382 3A       		.byte	58
 923 0383 10       		.byte	16
 924 0384 3C       		.byte	60
 925 0385 08       		.byte	8
 926 0386 41       		.byte	65
 927 0387 28       		.byte	40
 928 0388 42       		.byte	66
 929 0389 20       		.byte	32
 930 038a 43       		.byte	67
 931 038b 40       		.byte	64
 932 038c 45       		.byte	69
 933 038d 20       		.byte	32
 934 038e 47       		.byte	71
 935 038f 40       		.byte	64
 936 0390 49       		.byte	73
 937 0391 01       		.byte	1
 938 0392 4A       		.byte	74
 939 0393 08       		.byte	8
 940 0394 4E       		.byte	78
 941 0395 08       		.byte	8
 942 0396 50       		.byte	80
 943 0397 D0       		.byte	-48
 944 0398 52       		.byte	82
 945 0399 08       		.byte	8
 946 039a 53       		.byte	83
 947 039b 20       		.byte	32
 948 039c 58       		.byte	88
 949 039d 40       		.byte	64
 950 039e 5B       		.byte	91
 951 039f 28       		.byte	40
 952 03a0 5F       		.byte	95
 953 03a1 55       		.byte	85
 954 03a2 60       		.byte	96
 955 03a3 02       		.byte	2
 956 03a4 61       		.byte	97
 957 03a5 08       		.byte	8
 958 03a6 62       		.byte	98
 959 03a7 A0       		.byte	-96
 960 03a8 64       		.byte	100
 961 03a9 09       		.byte	9
 962 03aa 6E       		.byte	110
 963 03ab 40       		.byte	64
 964 03ac 78       		.byte	120
 965 03ad 42       		.byte	66
 966 03ae 7A       		.byte	122
 967 03af 02       		.byte	2
 968 03b0 7E       		.byte	126
 969 03b1 80       		.byte	-128
ARM GAS  C:\Users\Greg\AppData\Local\Temp\ccJbaQRE.s 			page 18


 970 03b2 8A       		.byte	-118
 971 03b3 20       		.byte	32
 972 03b4 8B       		.byte	-117
 973 03b5 40       		.byte	64
 974 03b6 8C       		.byte	-116
 975 03b7 40       		.byte	64
 976 03b8 8D       		.byte	-115
 977 03b9 10       		.byte	16
 978 03ba 93       		.byte	-109
 979 03bb 15       		.byte	21
 980 03bc 94       		.byte	-108
 981 03bd A0       		.byte	-96
 982 03be 96       		.byte	-106
 983 03bf E0       		.byte	-32
 984 03c0 97       		.byte	-105
 985 03c1 0A       		.byte	10
 986 03c2 98       		.byte	-104
 987 03c3 09       		.byte	9
 988 03c4 9B       		.byte	-101
 989 03c5 28       		.byte	40
 990 03c6 9C       		.byte	-100
 991 03c7 06       		.byte	6
 992 03c8 9D       		.byte	-99
 993 03c9 01       		.byte	1
 994 03ca A0       		.byte	-96
 995 03cb 04       		.byte	4
 996 03cc A1       		.byte	-95
 997 03cd 20       		.byte	32
 998 03ce A2       		.byte	-94
 999 03cf 02       		.byte	2
 1000 03d0 A4       		.byte	-92
 1001 03d1 80       		.byte	-128
 1002 03d2 A5       		.byte	-91
 1003 03d3 02       		.byte	2
 1004 03d4 A6       		.byte	-90
 1005 03d5 08       		.byte	8
 1006 03d6 A7       		.byte	-89
 1007 03d7 29       		.byte	41
 1008 03d8 A9       		.byte	-87
 1009 03d9 10       		.byte	16
 1010 03da AA       		.byte	-86
 1011 03db 01       		.byte	1
 1012 03dc AF       		.byte	-81
 1013 03dd 20       		.byte	32
 1014 03de B0       		.byte	-80
 1015 03df 04       		.byte	4
 1016 03e0 B4       		.byte	-76
 1017 03e1 20       		.byte	32
 1018 03e2 C0       		.byte	-64
 1019 03e3 75       		.byte	117
 1020 03e4 C2       		.byte	-62
 1021 03e5 EA       		.byte	-22
 1022 03e6 C4       		.byte	-60
 1023 03e7 48       		.byte	72
 1024 03e8 CC       		.byte	-52
 1025 03e9 42       		.byte	66
 1026 03ea CE       		.byte	-50
ARM GAS  C:\Users\Greg\AppData\Local\Temp\ccJbaQRE.s 			page 19


 1027 03eb 46       		.byte	70
 1028 03ec D0       		.byte	-48
 1029 03ed 3C       		.byte	60
 1030 03ee D2       		.byte	-46
 1031 03ef 24       		.byte	36
 1032 03f0 D6       		.byte	-42
 1033 03f1 FE       		.byte	-2
 1034 03f2 D8       		.byte	-40
 1035 03f3 3E       		.byte	62
 1036 03f4 DE       		.byte	-34
 1037 03f5 81       		.byte	-127
 1038 03f6 E2       		.byte	-30
 1039 03f7 01       		.byte	1
 1040 03f8 E8       		.byte	-24
 1041 03f9 01       		.byte	1
 1042 03fa EA       		.byte	-22
 1043 03fb 02       		.byte	2
 1044 03fc EE       		.byte	-18
 1045 03fd 10       		.byte	16
 1046 03fe E2       		.byte	-30
 1047 03ff 41       		.byte	65
 1048 0400 E8       		.byte	-24
 1049 0401 01       		.byte	1
 1050 0402 EA       		.byte	-22
 1051 0403 02       		.byte	2
 1052 0404 EC       		.byte	-20
 1053 0405 80       		.byte	-128
 1054 0406 EE       		.byte	-18
 1055 0407 10       		.byte	16
 1056 0408 E2       		.byte	-30
 1057 0409 40       		.byte	64
 1058 040a E6       		.byte	-26
 1059 040b 02       		.byte	2
 1060 040c E8       		.byte	-24
 1061 040d 04       		.byte	4
 1062 040e EA       		.byte	-22
 1063 040f 01       		.byte	1
 1064 0410 EE       		.byte	-18
 1065 0411 01       		.byte	1
 1066 0412 E2       		.byte	-30
 1067 0413 48       		.byte	72
 1068 0414 E4       		.byte	-28
 1069 0415 30       		.byte	48
 1070 0416 E6       		.byte	-26
 1071 0417 04       		.byte	4
 1072 0418 EE       		.byte	-18
 1073 0419 01       		.byte	1
 1074 041a 00       		.byte	0
 1075 041b 01       		.byte	1
 1076 041c 01       		.byte	1
 1077 041d 20       		.byte	32
 1078 041e 05       		.byte	5
 1079 041f 0C       		.byte	12
 1080 0420 0B       		.byte	11
 1081 0421 01       		.byte	1
 1082 0422 0D       		.byte	13
 1083 0423 10       		.byte	16
ARM GAS  C:\Users\Greg\AppData\Local\Temp\ccJbaQRE.s 			page 20


 1084 0424 0F       		.byte	15
 1085 0425 02       		.byte	2
 1086 0426 12       		.byte	18
 1087 0427 03       		.byte	3
 1088 0428 15       		.byte	21
 1089 0429 09       		.byte	9
 1090 042a 17       		.byte	23
 1091 042b 16       		.byte	22
 1092 042c 19       		.byte	25
 1093 042d 05       		.byte	5
 1094 042e 1B       		.byte	27
 1095 042f 1A       		.byte	26
 1096 0430 1E       		.byte	30
 1097 0431 03       		.byte	3
 1098 0432 1F       		.byte	31
 1099 0433 40       		.byte	64
 1100 0434 21       		.byte	33
 1101 0435 60       		.byte	96
 1102 0436 2B       		.byte	43
 1103 0437 0C       		.byte	12
 1104 0438 30       		.byte	48
 1105 0439 02       		.byte	2
 1106 043a 31       		.byte	49
 1107 043b 18       		.byte	24
 1108 043c 33       		.byte	51
 1109 043d 0F       		.byte	15
 1110 043e 34       		.byte	52
 1111 043f 01       		.byte	1
 1112 0440 35       		.byte	53
 1113 0441 06       		.byte	6
 1114 0442 37       		.byte	55
 1115 0443 60       		.byte	96
 1116 0444 39       		.byte	57
 1117 0445 02       		.byte	2
 1118 0446 3B       		.byte	59
 1119 0447 28       		.byte	40
 1120 0448 3E       		.byte	62
 1121 0449 10       		.byte	16
 1122 044a 56       		.byte	86
 1123 044b 08       		.byte	8
 1124 044c 58       		.byte	88
 1125 044d 04       		.byte	4
 1126 044e 59       		.byte	89
 1127 044f 04       		.byte	4
 1128 0450 5B       		.byte	91
 1129 0451 04       		.byte	4
 1130 0452 5C       		.byte	92
 1131 0453 90       		.byte	-112
 1132 0454 5D       		.byte	93
 1133 0455 90       		.byte	-112
 1134 0456 5F       		.byte	95
 1135 0457 01       		.byte	1
 1136 0458 81       		.byte	-127
 1137 0459 03       		.byte	3
 1138 045a 82       		.byte	-126
 1139 045b 07       		.byte	7
 1140 045c 83       		.byte	-125
ARM GAS  C:\Users\Greg\AppData\Local\Temp\ccJbaQRE.s 			page 21


 1141 045d 04       		.byte	4
 1142 045e 85       		.byte	-123
 1143 045f 02       		.byte	2
 1144 0460 86       		.byte	-122
 1145 0461 07       		.byte	7
 1146 0462 87       		.byte	-121
 1147 0463 04       		.byte	4
 1148 0464 89       		.byte	-119
 1149 0465 02       		.byte	2
 1150 0466 8A       		.byte	-118
 1151 0467 01       		.byte	1
 1152 0468 8B       		.byte	-117
 1153 0469 04       		.byte	4
 1154 046a 8D       		.byte	-115
 1155 046b 04       		.byte	4
 1156 046c 8F       		.byte	-113
 1157 046d 02       		.byte	2
 1158 046e 91       		.byte	-111
 1159 046f 04       		.byte	4
 1160 0470 93       		.byte	-109
 1161 0471 02       		.byte	2
 1162 0472 94       		.byte	-108
 1163 0473 01       		.byte	1
 1164 0474 95       		.byte	-107
 1165 0475 01       		.byte	1
 1166 0476 96       		.byte	-106
 1167 0477 06       		.byte	6
 1168 0478 97       		.byte	-105
 1169 0479 1C       		.byte	28
 1170 047a 98       		.byte	-104
 1171 047b 01       		.byte	1
 1172 047c 9A       		.byte	-102
 1173 047d 02       		.byte	2
 1174 047e 9B       		.byte	-101
 1175 047f 0E       		.byte	14
 1176 0480 9E       		.byte	-98
 1177 0481 07       		.byte	7
 1178 0482 A6       		.byte	-90
 1179 0483 07       		.byte	7
 1180 0484 A9       		.byte	-87
 1181 0485 04       		.byte	4
 1182 0486 AB       		.byte	-85
 1183 0487 02       		.byte	2
 1184 0488 B1       		.byte	-79
 1185 0489 07       		.byte	7
 1186 048a B2       		.byte	-78
 1187 048b 03       		.byte	3
 1188 048c B3       		.byte	-77
 1189 048d 10       		.byte	16
 1190 048e B4       		.byte	-76
 1191 048f 04       		.byte	4
 1192 0490 B7       		.byte	-73
 1193 0491 08       		.byte	8
 1194 0492 B9       		.byte	-71
 1195 0493 20       		.byte	32
 1196 0494 BA       		.byte	-70
 1197 0495 28       		.byte	40
ARM GAS  C:\Users\Greg\AppData\Local\Temp\ccJbaQRE.s 			page 22


 1198 0496 BB       		.byte	-69
 1199 0497 8A       		.byte	-118
 1200 0498 D6       		.byte	-42
 1201 0499 08       		.byte	8
 1202 049a D8       		.byte	-40
 1203 049b 04       		.byte	4
 1204 049c D9       		.byte	-39
 1205 049d 04       		.byte	4
 1206 049e DB       		.byte	-37
 1207 049f 04       		.byte	4
 1208 04a0 DC       		.byte	-36
 1209 04a1 33       		.byte	51
 1210 04a2 DD       		.byte	-35
 1211 04a3 10       		.byte	16
 1212 04a4 DF       		.byte	-33
 1213 04a5 01       		.byte	1
 1214 04a6 01       		.byte	1
 1215 04a7 02       		.byte	2
 1216 04a8 04       		.byte	4
 1217 04a9 12       		.byte	18
 1218 04aa 07       		.byte	7
 1219 04ab 10       		.byte	16
 1220 04ac 09       		.byte	9
 1221 04ad 80       		.byte	-128
 1222 04ae 0B       		.byte	11
 1223 04af 40       		.byte	64
 1224 04b0 0E       		.byte	14
 1225 04b1 16       		.byte	22
 1226 04b2 17       		.byte	23
 1227 04b3 08       		.byte	8
 1228 04b4 19       		.byte	25
 1229 04b5 22       		.byte	34
 1230 04b6 1C       		.byte	28
 1231 04b7 10       		.byte	16
 1232 04b8 1E       		.byte	30
 1233 04b9 04       		.byte	4
 1234 04ba 1F       		.byte	31
 1235 04bb 08       		.byte	8
 1236 04bc 21       		.byte	33
 1237 04bd 89       		.byte	-119
 1238 04be 22       		.byte	34
 1239 04bf 50       		.byte	80
 1240 04c0 24       		.byte	36
 1241 04c1 4A       		.byte	74
 1242 04c2 25       		.byte	37
 1243 04c3 41       		.byte	65
 1244 04c4 27       		.byte	39
 1245 04c5 18       		.byte	24
 1246 04c6 2A       		.byte	42
 1247 04c7 20       		.byte	32
 1248 04c8 2B       		.byte	43
 1249 04c9 40       		.byte	64
 1250 04ca 2F       		.byte	47
 1251 04cb 08       		.byte	8
 1252 04cc 31       		.byte	49
 1253 04cd 88       		.byte	-120
 1254 04ce 32       		.byte	50
ARM GAS  C:\Users\Greg\AppData\Local\Temp\ccJbaQRE.s 			page 23


 1255 04cf 10       		.byte	16
 1256 04d0 36       		.byte	54
 1257 04d1 01       		.byte	1
 1258 04d2 37       		.byte	55
 1259 04d3 18       		.byte	24
 1260 04d4 38       		.byte	56
 1261 04d5 04       		.byte	4
 1262 04d6 39       		.byte	57
 1263 04d7 02       		.byte	2
 1264 04d8 3A       		.byte	58
 1265 04d9 10       		.byte	16
 1266 04da 3B       		.byte	59
 1267 04db 40       		.byte	64
 1268 04dc 3D       		.byte	61
 1269 04dd 82       		.byte	-126
 1270 04de 3E       		.byte	62
 1271 04df 14       		.byte	20
 1272 04e0 59       		.byte	89
 1273 04e1 80       		.byte	-128
 1274 04e2 5C       		.byte	92
 1275 04e3 60       		.byte	96
 1276 04e4 62       		.byte	98
 1277 04e5 40       		.byte	64
 1278 04e6 65       		.byte	101
 1279 04e7 40       		.byte	64
 1280 04e8 67       		.byte	103
 1281 04e9 0A       		.byte	10
 1282 04ea 81       		.byte	-127
 1283 04eb 80       		.byte	-128
 1284 04ec 84       		.byte	-124
 1285 04ed 20       		.byte	32
 1286 04ee 85       		.byte	-123
 1287 04ef 40       		.byte	64
 1288 04f0 88       		.byte	-120
 1289 04f1 04       		.byte	4
 1290 04f2 90       		.byte	-112
 1291 04f3 04       		.byte	4
 1292 04f4 92       		.byte	-110
 1293 04f5 10       		.byte	16
 1294 04f6 93       		.byte	-109
 1295 04f7 40       		.byte	64
 1296 04f8 94       		.byte	-108
 1297 04f9 1A       		.byte	26
 1298 04fa 96       		.byte	-106
 1299 04fb 84       		.byte	-124
 1300 04fc 97       		.byte	-105
 1301 04fd 0A       		.byte	10
 1302 04fe 9A       		.byte	-102
 1303 04ff 30       		.byte	48
 1304 0500 9C       		.byte	-100
 1305 0501 04       		.byte	4
 1306 0502 9D       		.byte	-99
 1307 0503 20       		.byte	32
 1308 0504 9E       		.byte	-98
 1309 0505 40       		.byte	64
 1310 0506 9F       		.byte	-97
 1311 0507 18       		.byte	24
ARM GAS  C:\Users\Greg\AppData\Local\Temp\ccJbaQRE.s 			page 24


 1312 0508 A2       		.byte	-94
 1313 0509 01       		.byte	1
 1314 050a A3       		.byte	-93
 1315 050b 40       		.byte	64
 1316 050c A5       		.byte	-91
 1317 050d 40       		.byte	64
 1318 050e B0       		.byte	-80
 1319 050f 48       		.byte	72
 1320 0510 C0       		.byte	-64
 1321 0511 78       		.byte	120
 1322 0512 C2       		.byte	-62
 1323 0513 E9       		.byte	-23
 1324 0514 C4       		.byte	-60
 1325 0515 20       		.byte	32
 1326 0516 CA       		.byte	-54
 1327 0517 25       		.byte	37
 1328 0518 CC       		.byte	-52
 1329 0519 EE       		.byte	-18
 1330 051a CE       		.byte	-50
 1331 051b FF       		.byte	-1
 1332 051c D6       		.byte	-42
 1333 051d 38       		.byte	56
 1334 051e D8       		.byte	-40
 1335 051f 38       		.byte	56
 1336 0520 E4       		.byte	-28
 1337 0521 80       		.byte	-128
 1338 0522 EC       		.byte	-20
 1339 0523 20       		.byte	32
 1340 0524 00       		.byte	0
 1341 0525 04       		.byte	4
 1342 0526 05       		.byte	5
 1343 0527 01       		.byte	1
 1344 0528 0B       		.byte	11
 1345 0529 01       		.byte	1
 1346 052a 0C       		.byte	12
 1347 052b 04       		.byte	4
 1348 052c 0F       		.byte	15
 1349 052d 03       		.byte	3
 1350 052e 13       		.byte	19
 1351 052f 01       		.byte	1
 1352 0530 14       		.byte	20
 1353 0531 02       		.byte	2
 1354 0532 17       		.byte	23
 1355 0533 03       		.byte	3
 1356 0534 1B       		.byte	27
 1357 0535 03       		.byte	3
 1358 0536 1C       		.byte	28
 1359 0537 04       		.byte	4
 1360 0538 26       		.byte	38
 1361 0539 03       		.byte	3
 1362 053a 2B       		.byte	43
 1363 053b 02       		.byte	2
 1364 053c 31       		.byte	49
 1365 053d 03       		.byte	3
 1366 053e 32       		.byte	50
 1367 053f 01       		.byte	1
 1368 0540 34       		.byte	52
ARM GAS  C:\Users\Greg\AppData\Local\Temp\ccJbaQRE.s 			page 25


 1369 0541 02       		.byte	2
 1370 0542 36       		.byte	54
 1371 0543 05       		.byte	5
 1372 0544 38       		.byte	56
 1373 0545 80       		.byte	-128
 1374 0546 3B       		.byte	59
 1375 0547 02       		.byte	2
 1376 0548 3E       		.byte	62
 1377 0549 10       		.byte	16
 1378 054a 52       		.byte	82
 1379 054b DF       		.byte	-33
 1380 054c 54       		.byte	84
 1381 054d 06       		.byte	6
 1382 054e 56       		.byte	86
 1383 054f 10       		.byte	16
 1384 0550 58       		.byte	88
 1385 0551 04       		.byte	4
 1386 0552 59       		.byte	89
 1387 0553 04       		.byte	4
 1388 0554 5B       		.byte	91
 1389 0555 04       		.byte	4
 1390 0556 5C       		.byte	92
 1391 0557 30       		.byte	48
 1392 0558 5F       		.byte	95
 1393 0559 01       		.byte	1
 1394 055a 80       		.byte	-128
 1395 055b 0E       		.byte	14
 1396 055c 82       		.byte	-126
 1397 055d 71       		.byte	113
 1398 055e 84       		.byte	-124
 1399 055f 01       		.byte	1
 1400 0560 86       		.byte	-122
 1401 0561 7E       		.byte	126
 1402 0562 8B       		.byte	-117
 1403 0563 40       		.byte	64
 1404 0564 91       		.byte	-111
 1405 0565 09       		.byte	9
 1406 0566 93       		.byte	-109
 1407 0567 16       		.byte	22
 1408 0568 95       		.byte	-107
 1409 0569 1A       		.byte	26
 1410 056a 97       		.byte	-105
 1411 056b 05       		.byte	5
 1412 056c 99       		.byte	-103
 1413 056d 14       		.byte	20
 1414 056e 9B       		.byte	-101
 1415 056f 0B       		.byte	11
 1416 0570 9D       		.byte	-99
 1417 0571 1F       		.byte	31
 1418 0572 9E       		.byte	-98
 1419 0573 80       		.byte	-128
 1420 0574 A0       		.byte	-96
 1421 0575 7F       		.byte	127
 1422 0576 A2       		.byte	-94
 1423 0577 80       		.byte	-128
 1424 0578 A3       		.byte	-93
 1425 0579 20       		.byte	32
ARM GAS  C:\Users\Greg\AppData\Local\Temp\ccJbaQRE.s 			page 26


 1426 057a A4       		.byte	-92
 1427 057b 94       		.byte	-108
 1428 057c A6       		.byte	-90
 1429 057d 6B       		.byte	107
 1430 057e A8       		.byte	-88
 1431 057f 52       		.byte	82
 1432 0580 A9       		.byte	-87
 1433 0581 1F       		.byte	31
 1434 0582 AA       		.byte	-86
 1435 0583 2D       		.byte	45
 1436 0584 AC       		.byte	-84
 1437 0585 36       		.byte	54
 1438 0586 AD       		.byte	-83
 1439 0587 07       		.byte	7
 1440 0588 AE       		.byte	-82
 1441 0589 49       		.byte	73
 1442 058a AF       		.byte	-81
 1443 058b 18       		.byte	24
 1444 058c B0       		.byte	-80
 1445 058d FF       		.byte	-1
 1446 058e B1       		.byte	-79
 1447 058f 3F       		.byte	63
 1448 0590 B5       		.byte	-75
 1449 0591 40       		.byte	64
 1450 0592 BE       		.byte	-66
 1451 0593 01       		.byte	1
 1452 0594 BF       		.byte	-65
 1453 0595 01       		.byte	1
 1454 0596 D6       		.byte	-42
 1455 0597 08       		.byte	8
 1456 0598 D8       		.byte	-40
 1457 0599 04       		.byte	4
 1458 059a D9       		.byte	-39
 1459 059b 04       		.byte	4
 1460 059c DB       		.byte	-37
 1461 059d 04       		.byte	4
 1462 059e DC       		.byte	-36
 1463 059f 90       		.byte	-112
 1464 05a0 DD       		.byte	-35
 1465 05a1 80       		.byte	-128
 1466 05a2 DF       		.byte	-33
 1467 05a3 01       		.byte	1
 1468 05a4 02       		.byte	2
 1469 05a5 A0       		.byte	-96
 1470 05a6 06       		.byte	6
 1471 05a7 40       		.byte	64
 1472 05a8 07       		.byte	7
 1473 05a9 01       		.byte	1
 1474 05aa 09       		.byte	9
 1475 05ab 80       		.byte	-128
 1476 05ac 0D       		.byte	13
 1477 05ad 80       		.byte	-128
 1478 05ae 0E       		.byte	14
 1479 05af 20       		.byte	32
 1480 05b0 10       		.byte	16
 1481 05b1 AA       		.byte	-86
 1482 05b2 17       		.byte	23
ARM GAS  C:\Users\Greg\AppData\Local\Temp\ccJbaQRE.s 			page 27


 1483 05b3 04       		.byte	4
 1484 05b4 19       		.byte	25
 1485 05b5 01       		.byte	1
 1486 05b6 1D       		.byte	29
 1487 05b7 80       		.byte	-128
 1488 05b8 1E       		.byte	30
 1489 05b9 28       		.byte	40
 1490 05ba 20       		.byte	32
 1491 05bb 84       		.byte	-124
 1492 05bc 21       		.byte	33
 1493 05bd 02       		.byte	2
 1494 05be 23       		.byte	35
 1495 05bf 40       		.byte	64
 1496 05c0 26       		.byte	38
 1497 05c1 01       		.byte	1
 1498 05c2 28       		.byte	40
 1499 05c3 08       		.byte	8
 1500 05c4 29       		.byte	41
 1501 05c5 01       		.byte	1
 1502 05c6 2B       		.byte	43
 1503 05c7 01       		.byte	1
 1504 05c8 2E       		.byte	46
 1505 05c9 10       		.byte	16
 1506 05ca 30       		.byte	48
 1507 05cb AA       		.byte	-86
 1508 05cc 36       		.byte	54
 1509 05cd 01       		.byte	1
 1510 05ce 37       		.byte	55
 1511 05cf 18       		.byte	24
 1512 05d0 3A       		.byte	58
 1513 05d1 20       		.byte	32
 1514 05d2 3C       		.byte	60
 1515 05d3 10       		.byte	16
 1516 05d4 3D       		.byte	61
 1517 05d5 80       		.byte	-128
 1518 05d6 3E       		.byte	62
 1519 05d7 04       		.byte	4
 1520 05d8 58       		.byte	88
 1521 05d9 40       		.byte	64
 1522 05da 59       		.byte	89
 1523 05db 10       		.byte	16
 1524 05dc 5C       		.byte	92
 1525 05dd 40       		.byte	64
 1526 05de 5D       		.byte	93
 1527 05df 20       		.byte	32
 1528 05e0 5E       		.byte	94
 1529 05e1 08       		.byte	8
 1530 05e2 60       		.byte	96
 1531 05e3 08       		.byte	8
 1532 05e4 62       		.byte	98
 1533 05e5 A0       		.byte	-96
 1534 05e6 63       		.byte	99
 1535 05e7 02       		.byte	2
 1536 05e8 6C       		.byte	108
 1537 05e9 AA       		.byte	-86
 1538 05ea 76       		.byte	118
 1539 05eb 10       		.byte	16
ARM GAS  C:\Users\Greg\AppData\Local\Temp\ccJbaQRE.s 			page 28


 1540 05ec 77       		.byte	119
 1541 05ed 41       		.byte	65
 1542 05ee 7A       		.byte	122
 1543 05ef 02       		.byte	2
 1544 05f0 90       		.byte	-112
 1545 05f1 40       		.byte	64
 1546 05f2 92       		.byte	-110
 1547 05f3 10       		.byte	16
 1548 05f4 94       		.byte	-108
 1549 05f5 1A       		.byte	26
 1550 05f6 96       		.byte	-106
 1551 05f7 84       		.byte	-124
 1552 05f8 97       		.byte	-105
 1553 05f9 0A       		.byte	10
 1554 05fa 99       		.byte	-103
 1555 05fb 10       		.byte	16
 1556 05fc 9A       		.byte	-102
 1557 05fd 20       		.byte	32
 1558 05fe 9B       		.byte	-101
 1559 05ff 04       		.byte	4
 1560 0600 9C       		.byte	-100
 1561 0601 04       		.byte	4
 1562 0602 9E       		.byte	-98
 1563 0603 10       		.byte	16
 1564 0604 9F       		.byte	-97
 1565 0605 50       		.byte	80
 1566 0606 A2       		.byte	-94
 1567 0607 02       		.byte	2
 1568 0608 A3       		.byte	-93
 1569 0609 40       		.byte	64
 1570 060a A4       		.byte	-92
 1571 060b 40       		.byte	64
 1572 060c A5       		.byte	-91
 1573 060d 02       		.byte	2
 1574 060e A6       		.byte	-90
 1575 060f 01       		.byte	1
 1576 0610 AB       		.byte	-85
 1577 0611 48       		.byte	72
 1578 0612 C0       		.byte	-64
 1579 0613 9C       		.byte	-100
 1580 0614 C2       		.byte	-62
 1581 0615 A1       		.byte	-95
 1582 0616 C4       		.byte	-60
 1583 0617 2F       		.byte	47
 1584 0618 CA       		.byte	-54
 1585 0619 2D       		.byte	45
 1586 061a CC       		.byte	-52
 1587 061b EF       		.byte	-17
 1588 061c CE       		.byte	-50
 1589 061d 74       		.byte	116
 1590 061e D6       		.byte	-42
 1591 061f 7C       		.byte	124
 1592 0620 D8       		.byte	-40
 1593 0621 0C       		.byte	12
 1594 0622 DE       		.byte	-34
 1595 0623 08       		.byte	8
 1596 0624 EC       		.byte	-20
ARM GAS  C:\Users\Greg\AppData\Local\Temp\ccJbaQRE.s 			page 29


 1597 0625 20       		.byte	32
 1598 0626 12       		.byte	18
 1599 0627 40       		.byte	64
 1600 0628 30       		.byte	48
 1601 0629 80       		.byte	-128
 1602 062a 32       		.byte	50
 1603 062b 02       		.byte	2
 1604 062c 36       		.byte	54
 1605 062d 81       		.byte	-127
 1606 062e 38       		.byte	56
 1607 062f 02       		.byte	2
 1608 0630 3B       		.byte	59
 1609 0631 10       		.byte	16
 1610 0632 3D       		.byte	61
 1611 0633 40       		.byte	64
 1612 0634 3E       		.byte	62
 1613 0635 02       		.byte	2
 1614 0636 40       		.byte	64
 1615 0637 02       		.byte	2
 1616 0638 82       		.byte	-126
 1617 0639 02       		.byte	2
 1618 063a C4       		.byte	-60
 1619 063b 10       		.byte	16
 1620 063c CC       		.byte	-52
 1621 063d F0       		.byte	-16
 1622 063e CE       		.byte	-50
 1623 063f F0       		.byte	-16
 1624 0640 D0       		.byte	-48
 1625 0641 10       		.byte	16
 1626 0642 E6       		.byte	-26
 1627 0643 20       		.byte	32
 1628 0644 48       		.byte	72
 1629 0645 80       		.byte	-128
 1630 0646 4B       		.byte	75
 1631 0647 01       		.byte	1
 1632 0648 64       		.byte	100
 1633 0649 11       		.byte	17
 1634 064a 83       		.byte	-125
 1635 064b 10       		.byte	16
 1636 064c 87       		.byte	-121
 1637 064d 10       		.byte	16
 1638 064e 8F       		.byte	-113
 1639 064f 10       		.byte	16
 1640 0650 94       		.byte	-108
 1641 0651 02       		.byte	2
 1642 0652 95       		.byte	-107
 1643 0653 40       		.byte	64
 1644 0654 97       		.byte	-105
 1645 0655 10       		.byte	16
 1646 0656 9C       		.byte	-100
 1647 0657 02       		.byte	2
 1648 0658 A4       		.byte	-92
 1649 0659 80       		.byte	-128
 1650 065a A6       		.byte	-90
 1651 065b 82       		.byte	-126
 1652 065c AA       		.byte	-86
 1653 065d 01       		.byte	1
ARM GAS  C:\Users\Greg\AppData\Local\Temp\ccJbaQRE.s 			page 30


 1654 065e AE       		.byte	-82
 1655 065f 40       		.byte	64
 1656 0660 D6       		.byte	-42
 1657 0661 80       		.byte	-128
 1658 0662 D8       		.byte	-40
 1659 0663 80       		.byte	-128
 1660 0664 E2       		.byte	-30
 1661 0665 30       		.byte	48
 1662 0666 E8       		.byte	-24
 1663 0667 10       		.byte	16
 1664 0668 EE       		.byte	-18
 1665 0669 80       		.byte	-128
 1666 066a 50       		.byte	80
 1667 066b 80       		.byte	-128
 1668 066c 57       		.byte	87
 1669 066d 10       		.byte	16
 1670 066e 80       		.byte	-128
 1671 066f 01       		.byte	1
 1672 0670 88       		.byte	-120
 1673 0671 02       		.byte	2
 1674 0672 8E       		.byte	-114
 1675 0673 80       		.byte	-128
 1676 0674 94       		.byte	-108
 1677 0675 02       		.byte	2
 1678 0676 97       		.byte	-105
 1679 0677 01       		.byte	1
 1680 0678 9B       		.byte	-101
 1681 0679 10       		.byte	16
 1682 067a 9C       		.byte	-100
 1683 067b 02       		.byte	2
 1684 067c A3       		.byte	-93
 1685 067d 10       		.byte	16
 1686 067e A6       		.byte	-90
 1687 067f 82       		.byte	-126
 1688 0680 A9       		.byte	-87
 1689 0681 40       		.byte	64
 1690 0682 B0       		.byte	-80
 1691 0683 11       		.byte	17
 1692 0684 D4       		.byte	-44
 1693 0685 60       		.byte	96
 1694 0686 E6       		.byte	-26
 1695 0687 20       		.byte	32
 1696 0688 EE       		.byte	-18
 1697 0689 20       		.byte	32
 1698 068a 82       		.byte	-126
 1699 068b 02       		.byte	2
 1700 068c 9B       		.byte	-101
 1701 068d 10       		.byte	16
 1702 068e A6       		.byte	-90
 1703 068f 02       		.byte	2
 1704 0690 A8       		.byte	-88
 1705 0691 80       		.byte	-128
 1706 0692 B7       		.byte	-73
 1707 0693 01       		.byte	1
 1708 0694 E2       		.byte	-30
 1709 0695 80       		.byte	-128
 1710 0696 EA       		.byte	-22
ARM GAS  C:\Users\Greg\AppData\Local\Temp\ccJbaQRE.s 			page 31


 1711 0697 20       		.byte	32
 1712 0698 71       		.byte	113
 1713 0699 08       		.byte	8
 1714 069a 77       		.byte	119
 1715 069b 80       		.byte	-128
 1716 069c DC       		.byte	-36
 1717 069d 01       		.byte	1
 1718 069e DE       		.byte	-34
 1719 069f 04       		.byte	4
 1720 06a0 00       		.byte	0
 1721 06a1 40       		.byte	64
 1722 06a2 07       		.byte	7
 1723 06a3 01       		.byte	1
 1724 06a4 08       		.byte	8
 1725 06a5 20       		.byte	32
 1726 06a6 0B       		.byte	11
 1727 06a7 40       		.byte	64
 1728 06a8 0D       		.byte	13
 1729 06a9 80       		.byte	-128
 1730 06aa 0E       		.byte	14
 1731 06ab 10       		.byte	16
 1732 06ac 12       		.byte	18
 1733 06ad 80       		.byte	-128
 1734 06ae 31       		.byte	49
 1735 06af 20       		.byte	32
 1736 06b0 5B       		.byte	91
 1737 06b1 10       		.byte	16
 1738 06b2 80       		.byte	-128
 1739 06b3 20       		.byte	32
 1740 06b4 86       		.byte	-122
 1741 06b5 01       		.byte	1
 1742 06b6 89       		.byte	-119
 1743 06b7 08       		.byte	8
 1744 06b8 8C       		.byte	-116
 1745 06b9 40       		.byte	64
 1746 06ba 8F       		.byte	-113
 1747 06bb 80       		.byte	-128
 1748 06bc 9F       		.byte	-97
 1749 06bd 80       		.byte	-128
 1750 06be A5       		.byte	-91
 1751 06bf 08       		.byte	8
 1752 06c0 A7       		.byte	-89
 1753 06c1 10       		.byte	16
 1754 06c2 AB       		.byte	-85
 1755 06c3 10       		.byte	16
 1756 06c4 C0       		.byte	-64
 1757 06c5 03       		.byte	3
 1758 06c6 C2       		.byte	-62
 1759 06c7 0F       		.byte	15
 1760 06c8 C4       		.byte	-60
 1761 06c9 08       		.byte	8
 1762 06ca CC       		.byte	-52
 1763 06cb 08       		.byte	8
 1764 06cc D4       		.byte	-44
 1765 06cd 01       		.byte	1
 1766 06ce E2       		.byte	-30
 1767 06cf 02       		.byte	2
ARM GAS  C:\Users\Greg\AppData\Local\Temp\ccJbaQRE.s 			page 32


 1768 06d0 E4       		.byte	-28
 1769 06d1 0C       		.byte	12
 1770 06d2 1A       		.byte	26
 1771 06d3 10       		.byte	16
 1772 06d4 87       		.byte	-121
 1773 06d5 40       		.byte	64
 1774 06d6 8F       		.byte	-113
 1775 06d7 80       		.byte	-128
 1776 06d8 93       		.byte	-109
 1777 06d9 40       		.byte	64
 1778 06da 96       		.byte	-106
 1779 06db 01       		.byte	1
 1780 06dc 9B       		.byte	-101
 1781 06dd 01       		.byte	1
 1782 06de A2       		.byte	-94
 1783 06df 80       		.byte	-128
 1784 06e0 A5       		.byte	-91
 1785 06e1 20       		.byte	32
 1786 06e2 A7       		.byte	-89
 1787 06e3 10       		.byte	16
 1788 06e4 A9       		.byte	-87
 1789 06e5 80       		.byte	-128
 1790 06e6 AA       		.byte	-86
 1791 06e7 10       		.byte	16
 1792 06e8 AB       		.byte	-85
 1793 06e9 10       		.byte	16
 1794 06ea C6       		.byte	-58
 1795 06eb 08       		.byte	8
 1796 06ec E2       		.byte	-30
 1797 06ed 02       		.byte	2
 1798 06ee 09       		.byte	9
 1799 06ef 02       		.byte	2
 1800 06f0 0A       		.byte	10
 1801 06f1 01       		.byte	1
 1802 06f2 0F       		.byte	15
 1803 06f3 20       		.byte	32
 1804 06f4 42       		.byte	66
 1805 06f5 80       		.byte	-128
 1806 06f6 44       		.byte	68
 1807 06f7 01       		.byte	1
 1808 06f8 81       		.byte	-127
 1809 06f9 02       		.byte	2
 1810 06fa 8E       		.byte	-114
 1811 06fb 80       		.byte	-128
 1812 06fc 90       		.byte	-112
 1813 06fd 80       		.byte	-128
 1814 06fe 96       		.byte	-106
 1815 06ff 01       		.byte	1
 1816 0700 9A       		.byte	-102
 1817 0701 80       		.byte	-128
 1818 0702 A2       		.byte	-94
 1819 0703 80       		.byte	-128
 1820 0704 A7       		.byte	-89
 1821 0705 90       		.byte	-112
 1822 0706 A8       		.byte	-88
 1823 0707 40       		.byte	64
 1824 0708 AA       		.byte	-86
ARM GAS  C:\Users\Greg\AppData\Local\Temp\ccJbaQRE.s 			page 33


 1825 0709 80       		.byte	-128
 1826 070a AF       		.byte	-81
 1827 070b 01       		.byte	1
 1828 070c B1       		.byte	-79
 1829 070d 20       		.byte	32
 1830 070e B6       		.byte	-74
 1831 070f 10       		.byte	16
 1832 0710 C2       		.byte	-62
 1833 0711 0E       		.byte	14
 1834 0712 D0       		.byte	-48
 1835 0713 06       		.byte	6
 1836 0714 E2       		.byte	-30
 1837 0715 02       		.byte	2
 1838 0716 EC       		.byte	-20
 1839 0717 01       		.byte	1
 1840 0718 EE       		.byte	-18
 1841 0719 08       		.byte	8
 1842 071a 20       		.byte	32
 1843 071b 80       		.byte	-128
 1844 071c 9B       		.byte	-101
 1845 071d 10       		.byte	16
 1846 071e C8       		.byte	-56
 1847 071f 40       		.byte	64
 1848 0720 0D       		.byte	13
 1849 0721 20       		.byte	32
 1850 0722 23       		.byte	35
 1851 0723 08       		.byte	8
 1852 0724 77       		.byte	119
 1853 0725 10       		.byte	16
 1854 0726 81       		.byte	-127
 1855 0727 20       		.byte	32
 1856 0728 8B       		.byte	-117
 1857 0729 08       		.byte	8
 1858 072a 9B       		.byte	-101
 1859 072b 10       		.byte	16
 1860 072c B0       		.byte	-80
 1861 072d 40       		.byte	64
 1862 072e C2       		.byte	-62
 1863 072f 80       		.byte	-128
 1864 0730 C8       		.byte	-56
 1865 0731 10       		.byte	16
 1866 0732 DE       		.byte	-34
 1867 0733 20       		.byte	32
 1868 0734 E0       		.byte	-32
 1869 0735 20       		.byte	32
 1870 0736 1F       		.byte	31
 1871 0737 80       		.byte	-128
 1872 0738 34       		.byte	52
 1873 0739 01       		.byte	1
 1874 073a 38       		.byte	56
 1875 073b 80       		.byte	-128
 1876 073c 90       		.byte	-112
 1877 073d 80       		.byte	-128
 1878 073e 9C       		.byte	-100
 1879 073f 01       		.byte	1
 1880 0740 A7       		.byte	-89
 1881 0741 80       		.byte	-128
ARM GAS  C:\Users\Greg\AppData\Local\Temp\ccJbaQRE.s 			page 34


 1882 0742 C6       		.byte	-58
 1883 0743 01       		.byte	1
 1884 0744 CC       		.byte	-52
 1885 0745 01       		.byte	1
 1886 0746 CE       		.byte	-50
 1887 0747 08       		.byte	8
 1888 0748 B0       		.byte	-80
 1889 0749 01       		.byte	1
 1890 074a EC       		.byte	-20
 1891 074b 04       		.byte	4
 1892 074c 00       		.byte	0
 1893 074d 3D       		.byte	61
 1894 074e 01       		.byte	1
 1895 074f 01       		.byte	1
 1896 0750 08       		.byte	8
 1897 0751 04       		.byte	4
 1898 0752 09       		.byte	9
 1899 0753 01       		.byte	1
 1900 0754 0A       		.byte	10
 1901 0755 39       		.byte	57
 1902 0756 0B       		.byte	11
 1903 0757 01       		.byte	1
 1904 0758 10       		.byte	16
 1905 0759 0B       		.byte	11
 1906 075a 11       		.byte	17
 1907 075b 01       		.byte	1
 1908 075c 1A       		.byte	26
 1909 075d 0B       		.byte	11
 1910 075e 1B       		.byte	27
 1911 075f 01       		.byte	1
 1912 0760 00       		.byte	0
 1913 0761 AF       		.byte	-81
 1914 0762 01       		.byte	1
 1915 0763 02       		.byte	2
 1916 0764 10       		.byte	16
 1917 0765 AA       		.byte	-86
 1918 0766 00       		.byte	0
 1919 0767 00       		.byte	0
 1920 0768 00       		.byte	0
 1921 0769 C1       		.byte	-63
 1922 076a C1       		.byte	-63
 1923 076b 00       		.byte	0
 1924 076c C0       		.byte	-64
 1925 076d 00       		.byte	0
 1926 076e 16       		.byte	22
 1927 076f 00       		.byte	0
 1928 0770 00       		.byte	0
 1929 0771 3E       		.byte	62
 1930 0772 3E       		.byte	62
 1931 0773 00       		.byte	0
 1932 0774 3E       		.byte	62
 1933 0775 00       		.byte	0
 1934 0776 00       		.byte	0
 1935 0777 00       		.byte	0
 1936 0778 40       		.byte	64
 1937 0779 00       		.byte	0
 1938 077a 00       		.byte	0
ARM GAS  C:\Users\Greg\AppData\Local\Temp\ccJbaQRE.s 			page 35


 1939 077b 00       		.byte	0
 1940 077c 00       		.byte	0
 1941 077d 00       		.byte	0
 1942 077e 00       		.byte	0
 1943 077f 00       		.byte	0
 1944 0780 C0       		.byte	-64
 1945 0781 00       		.byte	0
 1946 0782 00       		.byte	0
 1947 0783 00       		.byte	0
 1948 0784 00       		.byte	0
 1949 0785 0B       		.byte	11
 1950 0786 0B       		.byte	11
 1951 0787 00       		.byte	0
 1952 0788 00       		.byte	0
 1953 0789 00       		.byte	0
 1954 078a 80       		.byte	-128
 1955 078b 00       		.byte	0
 1956 078c C4       		.byte	-60
 1957 078d 00       		.byte	0
 1958 078e 38       		.byte	56
 1959 078f FE       		.byte	-2
 1960 0790 02       		.byte	2
 1961 0791 00       		.byte	0
 1962 0792 02       		.byte	2
 1963 0793 00       		.byte	0
 1964 0794 00       		.byte	0
 1965 0795 00       		.byte	0
 1966 0796 00       		.byte	0
 1967 0797 00       		.byte	0
 1968 0798 80       		.byte	-128
 1969 0799 80       		.byte	-128
 1970 079a 80       		.byte	-128
 1971 079b 00       		.byte	0
 1972 079c 00       		.byte	0
 1973 079d 00       		.byte	0
 1974 079e 41       		.byte	65
 1975 079f 00       		.byte	0
 1976              		.global	cy_meta_custnvl
 1977              		.section	.cycustnvl,"a",%progbits
 1978              		.align	2
 1979              		.type	cy_meta_custnvl, %object
 1980              		.size	cy_meta_custnvl, 4
 1981              	cy_meta_custnvl:
 1982 0000 00       		.byte	0
 1983 0001 00       		.byte	0
 1984 0002 40       		.byte	64
 1985 0003 05       		.byte	5
 1986              		.global	cy_meta_wonvl
 1987              		.section	.cywolatch,"a",%progbits
 1988              		.align	2
 1989              		.type	cy_meta_wonvl, %object
 1990              		.size	cy_meta_wonvl, 4
 1991              	cy_meta_wonvl:
 1992 0000 BC       		.byte	-68
 1993 0001 90       		.byte	-112
 1994 0002 AC       		.byte	-84
 1995 0003 AF       		.byte	-81
ARM GAS  C:\Users\Greg\AppData\Local\Temp\ccJbaQRE.s 			page 36


 1996              		.global	cy_meta_flashprotect
 1997              		.section	.cyflashprotect,"a",%progbits
 1998              		.align	2
 1999              		.type	cy_meta_flashprotect, %object
 2000              		.size	cy_meta_flashprotect, 256
 2001              	cy_meta_flashprotect:
 2002 0000 00000000 		.space	256
 2002      00000000 
 2002      00000000 
 2002      00000000 
 2002      00000000 
 2003              		.global	cy_metadata
 2004              		.section	.cymeta,"a",%progbits
 2005              		.align	2
 2006              		.type	cy_metadata, %object
 2007              		.size	cy_metadata, 12
 2008              	cy_metadata:
 2009 0000 00       		.byte	0
 2010 0001 01       		.byte	1
 2011 0002 2E       		.byte	46
 2012 0003 16       		.byte	22
 2013 0004 10       		.byte	16
 2014 0005 69       		.byte	105
 2015 0006 00       		.byte	0
 2016 0007 01       		.byte	1
 2017 0008 00       		.byte	0
 2018 0009 00       		.byte	0
 2019 000a 00       		.byte	0
 2020 000b 00       		.byte	0
 2021              		.text
 2022              	.Letext0:
 2023              		.file 1 "Generated_Source\\PSoC5\\cymetadata.c"
 2024              		.file 2 "Generated_Source\\PSoC5\\cytypes.h"
 2025              		.section	.debug_info,"",%progbits
 2026              	.Ldebug_info0:
 2027 0000 3B010000 		.4byte	0x13b
 2028 0004 0400     		.2byte	0x4
 2029 0006 00000000 		.4byte	.Ldebug_abbrev0
 2030 000a 04       		.byte	0x4
 2031 000b 01       		.uleb128 0x1
 2032 000c 00000000 		.4byte	.LASF18
 2033 0010 01       		.byte	0x1
 2034 0011 D8010000 		.4byte	.LASF19
 2035 0015 AE000000 		.4byte	.LASF20
 2036 0019 00000000 		.4byte	.Ldebug_line0
 2037 001d 02       		.uleb128 0x2
 2038 001e 01       		.byte	0x1
 2039 001f 06       		.byte	0x6
 2040 0020 CC010000 		.4byte	.LASF0
 2041 0024 02       		.uleb128 0x2
 2042 0025 01       		.byte	0x1
 2043 0026 08       		.byte	0x8
 2044 0027 A0000000 		.4byte	.LASF1
 2045 002b 02       		.uleb128 0x2
 2046 002c 02       		.byte	0x2
 2047 002d 05       		.byte	0x5
 2048 002e B3010000 		.4byte	.LASF2
ARM GAS  C:\Users\Greg\AppData\Local\Temp\ccJbaQRE.s 			page 37


 2049 0032 02       		.uleb128 0x2
 2050 0033 02       		.byte	0x2
 2051 0034 07       		.byte	0x7
 2052 0035 14010000 		.4byte	.LASF3
 2053 0039 02       		.uleb128 0x2
 2054 003a 04       		.byte	0x4
 2055 003b 05       		.byte	0x5
 2056 003c C3010000 		.4byte	.LASF4
 2057 0040 02       		.uleb128 0x2
 2058 0041 04       		.byte	0x4
 2059 0042 07       		.byte	0x7
 2060 0043 02010000 		.4byte	.LASF5
 2061 0047 02       		.uleb128 0x2
 2062 0048 08       		.byte	0x8
 2063 0049 05       		.byte	0x5
 2064 004a A0010000 		.4byte	.LASF6
 2065 004e 02       		.uleb128 0x2
 2066 004f 08       		.byte	0x8
 2067 0050 07       		.byte	0x7
 2068 0051 5D010000 		.4byte	.LASF7
 2069 0055 03       		.uleb128 0x3
 2070 0056 04       		.byte	0x4
 2071 0057 05       		.byte	0x5
 2072 0058 696E7400 		.ascii	"int\000"
 2073 005c 02       		.uleb128 0x2
 2074 005d 04       		.byte	0x4
 2075 005e 07       		.byte	0x7
 2076 005f 50010000 		.4byte	.LASF8
 2077 0063 04       		.uleb128 0x4
 2078 0064 BD010000 		.4byte	.LASF21
 2079 0068 02       		.byte	0x2
 2080 0069 9201     		.2byte	0x192
 2081 006b 24000000 		.4byte	0x24
 2082 006f 02       		.uleb128 0x2
 2083 0070 04       		.byte	0x4
 2084 0071 04       		.byte	0x4
 2085 0072 9A000000 		.4byte	.LASF9
 2086 0076 02       		.uleb128 0x2
 2087 0077 08       		.byte	0x8
 2088 0078 04       		.byte	0x4
 2089 0079 27010000 		.4byte	.LASF10
 2090 007d 02       		.uleb128 0x2
 2091 007e 01       		.byte	0x1
 2092 007f 08       		.byte	0x8
 2093 0080 AE010000 		.4byte	.LASF11
 2094 0084 05       		.uleb128 0x5
 2095 0085 63000000 		.4byte	0x63
 2096 0089 95000000 		.4byte	0x95
 2097 008d 06       		.uleb128 0x6
 2098 008e 95000000 		.4byte	0x95
 2099 0092 9F07     		.2byte	0x79f
 2100 0094 00       		.byte	0
 2101 0095 02       		.uleb128 0x2
 2102 0096 04       		.byte	0x4
 2103 0097 07       		.byte	0x7
 2104 0098 97010000 		.4byte	.LASF12
 2105 009c 07       		.uleb128 0x7
ARM GAS  C:\Users\Greg\AppData\Local\Temp\ccJbaQRE.s 			page 38


 2106 009d 3E010000 		.4byte	.LASF13
 2107 00a1 01       		.byte	0x1
 2108 00a2 1F       		.byte	0x1f
 2109 00a3 AD000000 		.4byte	0xad
 2110 00a7 05       		.uleb128 0x5
 2111 00a8 03       		.byte	0x3
 2112 00a9 00000000 		.4byte	cy_meta_configecc
 2113 00ad 08       		.uleb128 0x8
 2114 00ae 84000000 		.4byte	0x84
 2115 00b2 05       		.uleb128 0x5
 2116 00b3 63000000 		.4byte	0x63
 2117 00b7 C2000000 		.4byte	0xc2
 2118 00bb 09       		.uleb128 0x9
 2119 00bc 95000000 		.4byte	0x95
 2120 00c0 03       		.byte	0x3
 2121 00c1 00       		.byte	0
 2122 00c2 0A       		.uleb128 0xa
 2123 00c3 2E010000 		.4byte	.LASF14
 2124 00c7 01       		.byte	0x1
 2125 00c8 2001     		.2byte	0x120
 2126 00ca D4000000 		.4byte	0xd4
 2127 00ce 05       		.uleb128 0x5
 2128 00cf 03       		.byte	0x3
 2129 00d0 00000000 		.4byte	cy_meta_custnvl
 2130 00d4 08       		.uleb128 0x8
 2131 00d5 B2000000 		.4byte	0xb2
 2132 00d9 0A       		.uleb128 0xa
 2133 00da 89010000 		.4byte	.LASF15
 2134 00de 01       		.byte	0x1
 2135 00df 2E01     		.2byte	0x12e
 2136 00e1 EB000000 		.4byte	0xeb
 2137 00e5 05       		.uleb128 0x5
 2138 00e6 03       		.byte	0x3
 2139 00e7 00000000 		.4byte	cy_meta_wonvl
 2140 00eb 08       		.uleb128 0x8
 2141 00ec B2000000 		.4byte	0xb2
 2142 00f0 05       		.uleb128 0x5
 2143 00f1 63000000 		.4byte	0x63
 2144 00f5 00010000 		.4byte	0x100
 2145 00f9 09       		.uleb128 0x9
 2146 00fa 95000000 		.4byte	0x95
 2147 00fe FF       		.byte	0xff
 2148 00ff 00       		.byte	0
 2149 0100 0A       		.uleb128 0xa
 2150 0101 74010000 		.4byte	.LASF16
 2151 0105 01       		.byte	0x1
 2152 0106 3C01     		.2byte	0x13c
 2153 0108 12010000 		.4byte	0x112
 2154 010c 05       		.uleb128 0x5
 2155 010d 03       		.byte	0x3
 2156 010e 00000000 		.4byte	cy_meta_flashprotect
 2157 0112 08       		.uleb128 0x8
 2158 0113 F0000000 		.4byte	0xf0
 2159 0117 05       		.uleb128 0x5
 2160 0118 63000000 		.4byte	0x63
 2161 011c 27010000 		.4byte	0x127
 2162 0120 09       		.uleb128 0x9
ARM GAS  C:\Users\Greg\AppData\Local\Temp\ccJbaQRE.s 			page 39


 2163 0121 95000000 		.4byte	0x95
 2164 0125 0B       		.byte	0xb
 2165 0126 00       		.byte	0
 2166 0127 0A       		.uleb128 0xa
 2167 0128 8E000000 		.4byte	.LASF17
 2168 012c 01       		.byte	0x1
 2169 012d 6901     		.2byte	0x169
 2170 012f 39010000 		.4byte	0x139
 2171 0133 05       		.uleb128 0x5
 2172 0134 03       		.byte	0x3
 2173 0135 00000000 		.4byte	cy_metadata
 2174 0139 08       		.uleb128 0x8
 2175 013a 17010000 		.4byte	0x117
 2176 013e 00       		.byte	0
 2177              		.section	.debug_abbrev,"",%progbits
 2178              	.Ldebug_abbrev0:
 2179 0000 01       		.uleb128 0x1
 2180 0001 11       		.uleb128 0x11
 2181 0002 01       		.byte	0x1
 2182 0003 25       		.uleb128 0x25
 2183 0004 0E       		.uleb128 0xe
 2184 0005 13       		.uleb128 0x13
 2185 0006 0B       		.uleb128 0xb
 2186 0007 03       		.uleb128 0x3
 2187 0008 0E       		.uleb128 0xe
 2188 0009 1B       		.uleb128 0x1b
 2189 000a 0E       		.uleb128 0xe
 2190 000b 10       		.uleb128 0x10
 2191 000c 17       		.uleb128 0x17
 2192 000d 00       		.byte	0
 2193 000e 00       		.byte	0
 2194 000f 02       		.uleb128 0x2
 2195 0010 24       		.uleb128 0x24
 2196 0011 00       		.byte	0
 2197 0012 0B       		.uleb128 0xb
 2198 0013 0B       		.uleb128 0xb
 2199 0014 3E       		.uleb128 0x3e
 2200 0015 0B       		.uleb128 0xb
 2201 0016 03       		.uleb128 0x3
 2202 0017 0E       		.uleb128 0xe
 2203 0018 00       		.byte	0
 2204 0019 00       		.byte	0
 2205 001a 03       		.uleb128 0x3
 2206 001b 24       		.uleb128 0x24
 2207 001c 00       		.byte	0
 2208 001d 0B       		.uleb128 0xb
 2209 001e 0B       		.uleb128 0xb
 2210 001f 3E       		.uleb128 0x3e
 2211 0020 0B       		.uleb128 0xb
 2212 0021 03       		.uleb128 0x3
 2213 0022 08       		.uleb128 0x8
 2214 0023 00       		.byte	0
 2215 0024 00       		.byte	0
 2216 0025 04       		.uleb128 0x4
 2217 0026 16       		.uleb128 0x16
 2218 0027 00       		.byte	0
 2219 0028 03       		.uleb128 0x3
ARM GAS  C:\Users\Greg\AppData\Local\Temp\ccJbaQRE.s 			page 40


 2220 0029 0E       		.uleb128 0xe
 2221 002a 3A       		.uleb128 0x3a
 2222 002b 0B       		.uleb128 0xb
 2223 002c 3B       		.uleb128 0x3b
 2224 002d 05       		.uleb128 0x5
 2225 002e 49       		.uleb128 0x49
 2226 002f 13       		.uleb128 0x13
 2227 0030 00       		.byte	0
 2228 0031 00       		.byte	0
 2229 0032 05       		.uleb128 0x5
 2230 0033 01       		.uleb128 0x1
 2231 0034 01       		.byte	0x1
 2232 0035 49       		.uleb128 0x49
 2233 0036 13       		.uleb128 0x13
 2234 0037 01       		.uleb128 0x1
 2235 0038 13       		.uleb128 0x13
 2236 0039 00       		.byte	0
 2237 003a 00       		.byte	0
 2238 003b 06       		.uleb128 0x6
 2239 003c 21       		.uleb128 0x21
 2240 003d 00       		.byte	0
 2241 003e 49       		.uleb128 0x49
 2242 003f 13       		.uleb128 0x13
 2243 0040 2F       		.uleb128 0x2f
 2244 0041 05       		.uleb128 0x5
 2245 0042 00       		.byte	0
 2246 0043 00       		.byte	0
 2247 0044 07       		.uleb128 0x7
 2248 0045 34       		.uleb128 0x34
 2249 0046 00       		.byte	0
 2250 0047 03       		.uleb128 0x3
 2251 0048 0E       		.uleb128 0xe
 2252 0049 3A       		.uleb128 0x3a
 2253 004a 0B       		.uleb128 0xb
 2254 004b 3B       		.uleb128 0x3b
 2255 004c 0B       		.uleb128 0xb
 2256 004d 49       		.uleb128 0x49
 2257 004e 13       		.uleb128 0x13
 2258 004f 3F       		.uleb128 0x3f
 2259 0050 19       		.uleb128 0x19
 2260 0051 02       		.uleb128 0x2
 2261 0052 18       		.uleb128 0x18
 2262 0053 00       		.byte	0
 2263 0054 00       		.byte	0
 2264 0055 08       		.uleb128 0x8
 2265 0056 26       		.uleb128 0x26
 2266 0057 00       		.byte	0
 2267 0058 49       		.uleb128 0x49
 2268 0059 13       		.uleb128 0x13
 2269 005a 00       		.byte	0
 2270 005b 00       		.byte	0
 2271 005c 09       		.uleb128 0x9
 2272 005d 21       		.uleb128 0x21
 2273 005e 00       		.byte	0
 2274 005f 49       		.uleb128 0x49
 2275 0060 13       		.uleb128 0x13
 2276 0061 2F       		.uleb128 0x2f
ARM GAS  C:\Users\Greg\AppData\Local\Temp\ccJbaQRE.s 			page 41


 2277 0062 0B       		.uleb128 0xb
 2278 0063 00       		.byte	0
 2279 0064 00       		.byte	0
 2280 0065 0A       		.uleb128 0xa
 2281 0066 34       		.uleb128 0x34
 2282 0067 00       		.byte	0
 2283 0068 03       		.uleb128 0x3
 2284 0069 0E       		.uleb128 0xe
 2285 006a 3A       		.uleb128 0x3a
 2286 006b 0B       		.uleb128 0xb
 2287 006c 3B       		.uleb128 0x3b
 2288 006d 05       		.uleb128 0x5
 2289 006e 49       		.uleb128 0x49
 2290 006f 13       		.uleb128 0x13
 2291 0070 3F       		.uleb128 0x3f
 2292 0071 19       		.uleb128 0x19
 2293 0072 02       		.uleb128 0x2
 2294 0073 18       		.uleb128 0x18
 2295 0074 00       		.byte	0
 2296 0075 00       		.byte	0
 2297 0076 00       		.byte	0
 2298              		.section	.debug_aranges,"",%progbits
 2299 0000 14000000 		.4byte	0x14
 2300 0004 0200     		.2byte	0x2
 2301 0006 00000000 		.4byte	.Ldebug_info0
 2302 000a 04       		.byte	0x4
 2303 000b 00       		.byte	0
 2304 000c 0000     		.2byte	0
 2305 000e 0000     		.2byte	0
 2306 0010 00000000 		.4byte	0
 2307 0014 00000000 		.4byte	0
 2308              		.section	.debug_line,"",%progbits
 2309              	.Ldebug_line0:
 2310 0000 4D000000 		.section	.debug_str,"MS",%progbits,1
 2310      02004700 
 2310      00000201 
 2310      FB0E0D00 
 2310      01010101 
 2311              	.LASF18:
 2312 0000 474E5520 		.ascii	"GNU C 4.9.3 20150303 (release) [ARM/embedded-4_9-br"
 2312      4320342E 
 2312      392E3320 
 2312      32303135 
 2312      30333033 
 2313 0033 616E6368 		.ascii	"anch revision 221220] -mcpu=cortex-m3 -mthumb -g -O"
 2313      20726576 
 2313      6973696F 
 2313      6E203232 
 2313      31323230 
 2314 0066 30202D66 		.ascii	"0 -ffunction-sections -ffat-lto-objects\000"
 2314      66756E63 
 2314      74696F6E 
 2314      2D736563 
 2314      74696F6E 
 2315              	.LASF17:
 2316 008e 63795F6D 		.ascii	"cy_metadata\000"
 2316      65746164 
ARM GAS  C:\Users\Greg\AppData\Local\Temp\ccJbaQRE.s 			page 42


 2316      61746100 
 2317              	.LASF9:
 2318 009a 666C6F61 		.ascii	"float\000"
 2318      7400
 2319              	.LASF1:
 2320 00a0 756E7369 		.ascii	"unsigned char\000"
 2320      676E6564 
 2320      20636861 
 2320      7200
 2321              	.LASF20:
 2322 00ae 433A5C53 		.ascii	"C:\\SVN\\apps\\trunk\\Cypress Academy\\PSoC-121-Ana"
 2322      564E5C61 
 2322      7070735C 
 2322      7472756E 
 2322      6B5C4379 
 2323 00dc 6C6F675C 		.ascii	"log\\Scope\\KEES_Scope\\PSoC\\Scope.cydsn\000"
 2323      53636F70 
 2323      655C4B45 
 2323      45535F53 
 2323      636F7065 
 2324              	.LASF5:
 2325 0102 6C6F6E67 		.ascii	"long unsigned int\000"
 2325      20756E73 
 2325      69676E65 
 2325      6420696E 
 2325      7400
 2326              	.LASF3:
 2327 0114 73686F72 		.ascii	"short unsigned int\000"
 2327      7420756E 
 2327      7369676E 
 2327      65642069 
 2327      6E7400
 2328              	.LASF10:
 2329 0127 646F7562 		.ascii	"double\000"
 2329      6C6500
 2330              	.LASF14:
 2331 012e 63795F6D 		.ascii	"cy_meta_custnvl\000"
 2331      6574615F 
 2331      63757374 
 2331      6E766C00 
 2332              	.LASF13:
 2333 013e 63795F6D 		.ascii	"cy_meta_configecc\000"
 2333      6574615F 
 2333      636F6E66 
 2333      69676563 
 2333      6300
 2334              	.LASF8:
 2335 0150 756E7369 		.ascii	"unsigned int\000"
 2335      676E6564 
 2335      20696E74 
 2335      00
 2336              	.LASF7:
 2337 015d 6C6F6E67 		.ascii	"long long unsigned int\000"
 2337      206C6F6E 
 2337      6720756E 
 2337      7369676E 
 2337      65642069 
ARM GAS  C:\Users\Greg\AppData\Local\Temp\ccJbaQRE.s 			page 43


 2338              	.LASF16:
 2339 0174 63795F6D 		.ascii	"cy_meta_flashprotect\000"
 2339      6574615F 
 2339      666C6173 
 2339      6870726F 
 2339      74656374 
 2340              	.LASF15:
 2341 0189 63795F6D 		.ascii	"cy_meta_wonvl\000"
 2341      6574615F 
 2341      776F6E76 
 2341      6C00
 2342              	.LASF12:
 2343 0197 73697A65 		.ascii	"sizetype\000"
 2343      74797065 
 2343      00
 2344              	.LASF6:
 2345 01a0 6C6F6E67 		.ascii	"long long int\000"
 2345      206C6F6E 
 2345      6720696E 
 2345      7400
 2346              	.LASF11:
 2347 01ae 63686172 		.ascii	"char\000"
 2347      00
 2348              	.LASF2:
 2349 01b3 73686F72 		.ascii	"short int\000"
 2349      7420696E 
 2349      7400
 2350              	.LASF21:
 2351 01bd 75696E74 		.ascii	"uint8\000"
 2351      3800
 2352              	.LASF4:
 2353 01c3 6C6F6E67 		.ascii	"long int\000"
 2353      20696E74 
 2353      00
 2354              	.LASF0:
 2355 01cc 7369676E 		.ascii	"signed char\000"
 2355      65642063 
 2355      68617200 
 2356              	.LASF19:
 2357 01d8 47656E65 		.ascii	"Generated_Source\\PSoC5\\cymetadata.c\000"
 2357      72617465 
 2357      645F536F 
 2357      75726365 
 2357      5C50536F 
 2358              		.ident	"GCC: (GNU Tools for ARM Embedded Processors) 4.9.3 20150303 (release) [ARM/embedded-4_9-br
