ARM GAS  C:\Users\Greg\AppData\Local\Temp\cciUC7S3.s 			page 1


   1              		.syntax unified
   2              		.cpu cortex-m3
   3              		.fpu softvfp
   4              		.eabi_attribute 20, 1
   5              		.eabi_attribute 21, 1
   6              		.eabi_attribute 23, 3
   7              		.eabi_attribute 24, 1
   8              		.eabi_attribute 25, 1
   9              		.eabi_attribute 26, 1
  10              		.eabi_attribute 30, 6
  11              		.eabi_attribute 34, 1
  12              		.eabi_attribute 18, 4
  13              		.thumb
  14              		.file	"Digital_PWM_PM.c"
  15              		.text
  16              	.Ltext0:
  17              		.cfi_sections	.debug_frame
  18              		.bss
  19              		.align	2
  20              	Digital_PWM_backup:
  21 0000 00000000 		.space	5
  21      00
  22 0005 000000   		.section	.text.Digital_PWM_SaveConfig,"ax",%progbits
  23              		.align	2
  24              		.global	Digital_PWM_SaveConfig
  25              		.thumb
  26              		.thumb_func
  27              		.type	Digital_PWM_SaveConfig, %function
  28              	Digital_PWM_SaveConfig:
  29              	.LFB0:
  30              		.file 1 "Generated_Source\\PSoC5\\Digital_PWM_PM.c"
   1:Generated_Source\PSoC5/Digital_PWM_PM.c **** /*******************************************************************************
   2:Generated_Source\PSoC5/Digital_PWM_PM.c **** * File Name: Digital_PWM_PM.c
   3:Generated_Source\PSoC5/Digital_PWM_PM.c **** * Version 3.30
   4:Generated_Source\PSoC5/Digital_PWM_PM.c **** *
   5:Generated_Source\PSoC5/Digital_PWM_PM.c **** * Description:
   6:Generated_Source\PSoC5/Digital_PWM_PM.c **** *  This file provides the power management source code to API for the
   7:Generated_Source\PSoC5/Digital_PWM_PM.c **** *  PWM.
   8:Generated_Source\PSoC5/Digital_PWM_PM.c **** *
   9:Generated_Source\PSoC5/Digital_PWM_PM.c **** * Note:
  10:Generated_Source\PSoC5/Digital_PWM_PM.c **** *
  11:Generated_Source\PSoC5/Digital_PWM_PM.c **** ********************************************************************************
  12:Generated_Source\PSoC5/Digital_PWM_PM.c **** * Copyright 2008-2014, Cypress Semiconductor Corporation.  All rights reserved.
  13:Generated_Source\PSoC5/Digital_PWM_PM.c **** * You may use this file only in accordance with the license, terms, conditions,
  14:Generated_Source\PSoC5/Digital_PWM_PM.c **** * disclaimers, and limitations in the end user license agreement accompanying
  15:Generated_Source\PSoC5/Digital_PWM_PM.c **** * the software package with which this file was provided.
  16:Generated_Source\PSoC5/Digital_PWM_PM.c **** *******************************************************************************/
  17:Generated_Source\PSoC5/Digital_PWM_PM.c **** 
  18:Generated_Source\PSoC5/Digital_PWM_PM.c **** #include "Digital_PWM.h"
  19:Generated_Source\PSoC5/Digital_PWM_PM.c **** 
  20:Generated_Source\PSoC5/Digital_PWM_PM.c **** static Digital_PWM_backupStruct Digital_PWM_backup;
  21:Generated_Source\PSoC5/Digital_PWM_PM.c **** 
  22:Generated_Source\PSoC5/Digital_PWM_PM.c **** 
  23:Generated_Source\PSoC5/Digital_PWM_PM.c **** /*******************************************************************************
  24:Generated_Source\PSoC5/Digital_PWM_PM.c **** * Function Name: Digital_PWM_SaveConfig
  25:Generated_Source\PSoC5/Digital_PWM_PM.c **** ********************************************************************************
  26:Generated_Source\PSoC5/Digital_PWM_PM.c **** *
ARM GAS  C:\Users\Greg\AppData\Local\Temp\cciUC7S3.s 			page 2


  27:Generated_Source\PSoC5/Digital_PWM_PM.c **** * Summary:
  28:Generated_Source\PSoC5/Digital_PWM_PM.c **** *  Saves the current user configuration of the component.
  29:Generated_Source\PSoC5/Digital_PWM_PM.c **** *
  30:Generated_Source\PSoC5/Digital_PWM_PM.c **** * Parameters:
  31:Generated_Source\PSoC5/Digital_PWM_PM.c **** *  None
  32:Generated_Source\PSoC5/Digital_PWM_PM.c **** *
  33:Generated_Source\PSoC5/Digital_PWM_PM.c **** * Return:
  34:Generated_Source\PSoC5/Digital_PWM_PM.c **** *  None
  35:Generated_Source\PSoC5/Digital_PWM_PM.c **** *
  36:Generated_Source\PSoC5/Digital_PWM_PM.c **** * Global variables:
  37:Generated_Source\PSoC5/Digital_PWM_PM.c **** *  Digital_PWM_backup:  Variables of this global structure are modified to
  38:Generated_Source\PSoC5/Digital_PWM_PM.c **** *  store the values of non retention configuration registers when Sleep() API is
  39:Generated_Source\PSoC5/Digital_PWM_PM.c **** *  called.
  40:Generated_Source\PSoC5/Digital_PWM_PM.c **** *
  41:Generated_Source\PSoC5/Digital_PWM_PM.c **** *******************************************************************************/
  42:Generated_Source\PSoC5/Digital_PWM_PM.c **** void Digital_PWM_SaveConfig(void) 
  43:Generated_Source\PSoC5/Digital_PWM_PM.c **** {
  31              		.loc 1 43 0
  32              		.cfi_startproc
  33              		@ args = 0, pretend = 0, frame = 0
  34              		@ frame_needed = 1, uses_anonymous_args = 0
  35 0000 80B5     		push	{r7, lr}
  36              		.cfi_def_cfa_offset 8
  37              		.cfi_offset 7, -8
  38              		.cfi_offset 14, -4
  39 0002 00AF     		add	r7, sp, #0
  40              		.cfi_def_cfa_register 7
  44:Generated_Source\PSoC5/Digital_PWM_PM.c **** 
  45:Generated_Source\PSoC5/Digital_PWM_PM.c ****     #if(!Digital_PWM_UsingFixedFunction)
  46:Generated_Source\PSoC5/Digital_PWM_PM.c ****         #if(!Digital_PWM_PWMModeIsCenterAligned)
  47:Generated_Source\PSoC5/Digital_PWM_PM.c ****             Digital_PWM_backup.PWMPeriod = Digital_PWM_ReadPeriod();
  41              		.loc 1 47 0
  42 0004 FFF7FEFF 		bl	Digital_PWM_ReadPeriod
  43 0008 0346     		mov	r3, r0
  44 000a 1A46     		mov	r2, r3
  45 000c 094B     		ldr	r3, .L2
  46 000e 9A70     		strb	r2, [r3, #2]
  48:Generated_Source\PSoC5/Digital_PWM_PM.c ****         #endif /* (!Digital_PWM_PWMModeIsCenterAligned) */
  49:Generated_Source\PSoC5/Digital_PWM_PM.c ****         Digital_PWM_backup.PWMUdb = Digital_PWM_ReadCounter();
  47              		.loc 1 49 0
  48 0010 FFF7FEFF 		bl	Digital_PWM_ReadCounter
  49 0014 0346     		mov	r3, r0
  50 0016 1A46     		mov	r2, r3
  51 0018 064B     		ldr	r3, .L2
  52 001a 5A70     		strb	r2, [r3, #1]
  50:Generated_Source\PSoC5/Digital_PWM_PM.c ****         #if (Digital_PWM_UseStatus)
  51:Generated_Source\PSoC5/Digital_PWM_PM.c ****             Digital_PWM_backup.InterruptMaskValue = Digital_PWM_STATUS_MASK;
  53              		.loc 1 51 0
  54 001c 064B     		ldr	r3, .L2+4
  55 001e 1B78     		ldrb	r3, [r3]
  56 0020 DAB2     		uxtb	r2, r3
  57 0022 044B     		ldr	r3, .L2
  58 0024 DA70     		strb	r2, [r3, #3]
  52:Generated_Source\PSoC5/Digital_PWM_PM.c ****         #endif /* (Digital_PWM_UseStatus) */
  53:Generated_Source\PSoC5/Digital_PWM_PM.c **** 
  54:Generated_Source\PSoC5/Digital_PWM_PM.c ****         #if(Digital_PWM_DeadBandMode == Digital_PWM__B_PWM__DBM_256_CLOCKS || \
  55:Generated_Source\PSoC5/Digital_PWM_PM.c ****             Digital_PWM_DeadBandMode == Digital_PWM__B_PWM__DBM_2_4_CLOCKS)
ARM GAS  C:\Users\Greg\AppData\Local\Temp\cciUC7S3.s 			page 3


  56:Generated_Source\PSoC5/Digital_PWM_PM.c ****             Digital_PWM_backup.PWMdeadBandValue = Digital_PWM_ReadDeadTime();
  57:Generated_Source\PSoC5/Digital_PWM_PM.c ****         #endif /*  deadband count is either 2-4 clocks or 256 clocks */
  58:Generated_Source\PSoC5/Digital_PWM_PM.c **** 
  59:Generated_Source\PSoC5/Digital_PWM_PM.c ****         #if(Digital_PWM_KillModeMinTime)
  60:Generated_Source\PSoC5/Digital_PWM_PM.c ****              Digital_PWM_backup.PWMKillCounterPeriod = Digital_PWM_ReadKillTime();
  61:Generated_Source\PSoC5/Digital_PWM_PM.c ****         #endif /* (Digital_PWM_KillModeMinTime) */
  62:Generated_Source\PSoC5/Digital_PWM_PM.c **** 
  63:Generated_Source\PSoC5/Digital_PWM_PM.c ****         #if(Digital_PWM_UseControl)
  64:Generated_Source\PSoC5/Digital_PWM_PM.c ****             Digital_PWM_backup.PWMControlRegister = Digital_PWM_ReadControlRegister();
  59              		.loc 1 64 0
  60 0026 FFF7FEFF 		bl	Digital_PWM_ReadControlRegister
  61 002a 0346     		mov	r3, r0
  62 002c 1A46     		mov	r2, r3
  63 002e 014B     		ldr	r3, .L2
  64 0030 1A71     		strb	r2, [r3, #4]
  65:Generated_Source\PSoC5/Digital_PWM_PM.c ****         #endif /* (Digital_PWM_UseControl) */
  66:Generated_Source\PSoC5/Digital_PWM_PM.c ****     #endif  /* (!Digital_PWM_UsingFixedFunction) */
  67:Generated_Source\PSoC5/Digital_PWM_PM.c **** }
  65              		.loc 1 67 0
  66 0032 80BD     		pop	{r7, pc}
  67              	.L3:
  68              		.align	2
  69              	.L2:
  70 0034 00000000 		.word	Digital_PWM_backup
  71 0038 83640040 		.word	1073767555
  72              		.cfi_endproc
  73              	.LFE0:
  74              		.size	Digital_PWM_SaveConfig, .-Digital_PWM_SaveConfig
  75              		.section	.text.Digital_PWM_RestoreConfig,"ax",%progbits
  76              		.align	2
  77              		.global	Digital_PWM_RestoreConfig
  78              		.thumb
  79              		.thumb_func
  80              		.type	Digital_PWM_RestoreConfig, %function
  81              	Digital_PWM_RestoreConfig:
  82              	.LFB1:
  68:Generated_Source\PSoC5/Digital_PWM_PM.c **** 
  69:Generated_Source\PSoC5/Digital_PWM_PM.c **** 
  70:Generated_Source\PSoC5/Digital_PWM_PM.c **** /*******************************************************************************
  71:Generated_Source\PSoC5/Digital_PWM_PM.c **** * Function Name: Digital_PWM_RestoreConfig
  72:Generated_Source\PSoC5/Digital_PWM_PM.c **** ********************************************************************************
  73:Generated_Source\PSoC5/Digital_PWM_PM.c **** *
  74:Generated_Source\PSoC5/Digital_PWM_PM.c **** * Summary:
  75:Generated_Source\PSoC5/Digital_PWM_PM.c **** *  Restores the current user configuration of the component.
  76:Generated_Source\PSoC5/Digital_PWM_PM.c **** *
  77:Generated_Source\PSoC5/Digital_PWM_PM.c **** * Parameters:
  78:Generated_Source\PSoC5/Digital_PWM_PM.c **** *  None
  79:Generated_Source\PSoC5/Digital_PWM_PM.c **** *
  80:Generated_Source\PSoC5/Digital_PWM_PM.c **** * Return:
  81:Generated_Source\PSoC5/Digital_PWM_PM.c **** *  None
  82:Generated_Source\PSoC5/Digital_PWM_PM.c **** *
  83:Generated_Source\PSoC5/Digital_PWM_PM.c **** * Global variables:
  84:Generated_Source\PSoC5/Digital_PWM_PM.c **** *  Digital_PWM_backup:  Variables of this global structure are used to
  85:Generated_Source\PSoC5/Digital_PWM_PM.c **** *  restore the values of non retention registers on wakeup from sleep mode.
  86:Generated_Source\PSoC5/Digital_PWM_PM.c **** *
  87:Generated_Source\PSoC5/Digital_PWM_PM.c **** *******************************************************************************/
  88:Generated_Source\PSoC5/Digital_PWM_PM.c **** void Digital_PWM_RestoreConfig(void) 
ARM GAS  C:\Users\Greg\AppData\Local\Temp\cciUC7S3.s 			page 4


  89:Generated_Source\PSoC5/Digital_PWM_PM.c **** {
  83              		.loc 1 89 0
  84              		.cfi_startproc
  85              		@ args = 0, pretend = 0, frame = 0
  86              		@ frame_needed = 1, uses_anonymous_args = 0
  87 0000 80B5     		push	{r7, lr}
  88              		.cfi_def_cfa_offset 8
  89              		.cfi_offset 7, -8
  90              		.cfi_offset 14, -4
  91 0002 00AF     		add	r7, sp, #0
  92              		.cfi_def_cfa_register 7
  90:Generated_Source\PSoC5/Digital_PWM_PM.c ****         #if(!Digital_PWM_UsingFixedFunction)
  91:Generated_Source\PSoC5/Digital_PWM_PM.c ****             #if(!Digital_PWM_PWMModeIsCenterAligned)
  92:Generated_Source\PSoC5/Digital_PWM_PM.c ****                 Digital_PWM_WritePeriod(Digital_PWM_backup.PWMPeriod);
  93              		.loc 1 92 0
  94 0004 094B     		ldr	r3, .L5
  95 0006 9B78     		ldrb	r3, [r3, #2]	@ zero_extendqisi2
  96 0008 1846     		mov	r0, r3
  97 000a FFF7FEFF 		bl	Digital_PWM_WritePeriod
  93:Generated_Source\PSoC5/Digital_PWM_PM.c ****             #endif /* (!Digital_PWM_PWMModeIsCenterAligned) */
  94:Generated_Source\PSoC5/Digital_PWM_PM.c **** 
  95:Generated_Source\PSoC5/Digital_PWM_PM.c ****             Digital_PWM_WriteCounter(Digital_PWM_backup.PWMUdb);
  98              		.loc 1 95 0
  99 000e 074B     		ldr	r3, .L5
 100 0010 5B78     		ldrb	r3, [r3, #1]	@ zero_extendqisi2
 101 0012 1846     		mov	r0, r3
 102 0014 FFF7FEFF 		bl	Digital_PWM_WriteCounter
  96:Generated_Source\PSoC5/Digital_PWM_PM.c **** 
  97:Generated_Source\PSoC5/Digital_PWM_PM.c ****             #if (Digital_PWM_UseStatus)
  98:Generated_Source\PSoC5/Digital_PWM_PM.c ****                 Digital_PWM_STATUS_MASK = Digital_PWM_backup.InterruptMaskValue;
 103              		.loc 1 98 0
 104 0018 054B     		ldr	r3, .L5+4
 105 001a 044A     		ldr	r2, .L5
 106 001c D278     		ldrb	r2, [r2, #3]	@ zero_extendqisi2
 107 001e 1A70     		strb	r2, [r3]
  99:Generated_Source\PSoC5/Digital_PWM_PM.c ****             #endif /* (Digital_PWM_UseStatus) */
 100:Generated_Source\PSoC5/Digital_PWM_PM.c **** 
 101:Generated_Source\PSoC5/Digital_PWM_PM.c ****             #if(Digital_PWM_DeadBandMode == Digital_PWM__B_PWM__DBM_256_CLOCKS || \
 102:Generated_Source\PSoC5/Digital_PWM_PM.c ****                 Digital_PWM_DeadBandMode == Digital_PWM__B_PWM__DBM_2_4_CLOCKS)
 103:Generated_Source\PSoC5/Digital_PWM_PM.c ****                 Digital_PWM_WriteDeadTime(Digital_PWM_backup.PWMdeadBandValue);
 104:Generated_Source\PSoC5/Digital_PWM_PM.c ****             #endif /* deadband count is either 2-4 clocks or 256 clocks */
 105:Generated_Source\PSoC5/Digital_PWM_PM.c **** 
 106:Generated_Source\PSoC5/Digital_PWM_PM.c ****             #if(Digital_PWM_KillModeMinTime)
 107:Generated_Source\PSoC5/Digital_PWM_PM.c ****                 Digital_PWM_WriteKillTime(Digital_PWM_backup.PWMKillCounterPeriod);
 108:Generated_Source\PSoC5/Digital_PWM_PM.c ****             #endif /* (Digital_PWM_KillModeMinTime) */
 109:Generated_Source\PSoC5/Digital_PWM_PM.c **** 
 110:Generated_Source\PSoC5/Digital_PWM_PM.c ****             #if(Digital_PWM_UseControl)
 111:Generated_Source\PSoC5/Digital_PWM_PM.c ****                 Digital_PWM_WriteControlRegister(Digital_PWM_backup.PWMControlRegister);
 108              		.loc 1 111 0
 109 0020 024B     		ldr	r3, .L5
 110 0022 1B79     		ldrb	r3, [r3, #4]	@ zero_extendqisi2
 111 0024 1846     		mov	r0, r3
 112 0026 FFF7FEFF 		bl	Digital_PWM_WriteControlRegister
 112:Generated_Source\PSoC5/Digital_PWM_PM.c ****             #endif /* (Digital_PWM_UseControl) */
 113:Generated_Source\PSoC5/Digital_PWM_PM.c ****         #endif  /* (!Digital_PWM_UsingFixedFunction) */
 114:Generated_Source\PSoC5/Digital_PWM_PM.c ****     }
 113              		.loc 1 114 0
ARM GAS  C:\Users\Greg\AppData\Local\Temp\cciUC7S3.s 			page 5


 114 002a 80BD     		pop	{r7, pc}
 115              	.L6:
 116              		.align	2
 117              	.L5:
 118 002c 00000000 		.word	Digital_PWM_backup
 119 0030 83640040 		.word	1073767555
 120              		.cfi_endproc
 121              	.LFE1:
 122              		.size	Digital_PWM_RestoreConfig, .-Digital_PWM_RestoreConfig
 123              		.section	.text.Digital_PWM_Sleep,"ax",%progbits
 124              		.align	2
 125              		.global	Digital_PWM_Sleep
 126              		.thumb
 127              		.thumb_func
 128              		.type	Digital_PWM_Sleep, %function
 129              	Digital_PWM_Sleep:
 130              	.LFB2:
 115:Generated_Source\PSoC5/Digital_PWM_PM.c **** 
 116:Generated_Source\PSoC5/Digital_PWM_PM.c **** 
 117:Generated_Source\PSoC5/Digital_PWM_PM.c **** /*******************************************************************************
 118:Generated_Source\PSoC5/Digital_PWM_PM.c **** * Function Name: Digital_PWM_Sleep
 119:Generated_Source\PSoC5/Digital_PWM_PM.c **** ********************************************************************************
 120:Generated_Source\PSoC5/Digital_PWM_PM.c **** *
 121:Generated_Source\PSoC5/Digital_PWM_PM.c **** * Summary:
 122:Generated_Source\PSoC5/Digital_PWM_PM.c **** *  Disables block's operation and saves the user configuration. Should be called
 123:Generated_Source\PSoC5/Digital_PWM_PM.c **** *  just prior to entering sleep.
 124:Generated_Source\PSoC5/Digital_PWM_PM.c **** *
 125:Generated_Source\PSoC5/Digital_PWM_PM.c **** * Parameters:
 126:Generated_Source\PSoC5/Digital_PWM_PM.c **** *  None
 127:Generated_Source\PSoC5/Digital_PWM_PM.c **** *
 128:Generated_Source\PSoC5/Digital_PWM_PM.c **** * Return:
 129:Generated_Source\PSoC5/Digital_PWM_PM.c **** *  None
 130:Generated_Source\PSoC5/Digital_PWM_PM.c **** *
 131:Generated_Source\PSoC5/Digital_PWM_PM.c **** * Global variables:
 132:Generated_Source\PSoC5/Digital_PWM_PM.c **** *  Digital_PWM_backup.PWMEnableState:  Is modified depending on the enable
 133:Generated_Source\PSoC5/Digital_PWM_PM.c **** *  state of the block before entering sleep mode.
 134:Generated_Source\PSoC5/Digital_PWM_PM.c **** *
 135:Generated_Source\PSoC5/Digital_PWM_PM.c **** *******************************************************************************/
 136:Generated_Source\PSoC5/Digital_PWM_PM.c **** void Digital_PWM_Sleep(void) 
 137:Generated_Source\PSoC5/Digital_PWM_PM.c **** {
 131              		.loc 1 137 0
 132              		.cfi_startproc
 133              		@ args = 0, pretend = 0, frame = 0
 134              		@ frame_needed = 1, uses_anonymous_args = 0
 135 0000 80B5     		push	{r7, lr}
 136              		.cfi_def_cfa_offset 8
 137              		.cfi_offset 7, -8
 138              		.cfi_offset 14, -4
 139 0002 00AF     		add	r7, sp, #0
 140              		.cfi_def_cfa_register 7
 138:Generated_Source\PSoC5/Digital_PWM_PM.c ****     #if(Digital_PWM_UseControl)
 139:Generated_Source\PSoC5/Digital_PWM_PM.c ****         if(Digital_PWM_CTRL_ENABLE == (Digital_PWM_CONTROL & Digital_PWM_CTRL_ENABLE))
 141              		.loc 1 139 0
 142 0004 094B     		ldr	r3, .L10
 143 0006 1B78     		ldrb	r3, [r3]
 144 0008 DBB2     		uxtb	r3, r3
 145 000a DBB2     		uxtb	r3, r3
ARM GAS  C:\Users\Greg\AppData\Local\Temp\cciUC7S3.s 			page 6


 146 000c 5BB2     		sxtb	r3, r3
 147 000e 002B     		cmp	r3, #0
 148 0010 03DA     		bge	.L8
 140:Generated_Source\PSoC5/Digital_PWM_PM.c ****         {
 141:Generated_Source\PSoC5/Digital_PWM_PM.c ****             /*Component is enabled */
 142:Generated_Source\PSoC5/Digital_PWM_PM.c ****             Digital_PWM_backup.PWMEnableState = 1u;
 149              		.loc 1 142 0
 150 0012 074B     		ldr	r3, .L10+4
 151 0014 0122     		movs	r2, #1
 152 0016 1A70     		strb	r2, [r3]
 153 0018 02E0     		b	.L9
 154              	.L8:
 143:Generated_Source\PSoC5/Digital_PWM_PM.c ****         }
 144:Generated_Source\PSoC5/Digital_PWM_PM.c ****         else
 145:Generated_Source\PSoC5/Digital_PWM_PM.c ****         {
 146:Generated_Source\PSoC5/Digital_PWM_PM.c ****             /* Component is disabled */
 147:Generated_Source\PSoC5/Digital_PWM_PM.c ****             Digital_PWM_backup.PWMEnableState = 0u;
 155              		.loc 1 147 0
 156 001a 054B     		ldr	r3, .L10+4
 157 001c 0022     		movs	r2, #0
 158 001e 1A70     		strb	r2, [r3]
 159              	.L9:
 148:Generated_Source\PSoC5/Digital_PWM_PM.c ****         }
 149:Generated_Source\PSoC5/Digital_PWM_PM.c ****     #endif /* (Digital_PWM_UseControl) */
 150:Generated_Source\PSoC5/Digital_PWM_PM.c **** 
 151:Generated_Source\PSoC5/Digital_PWM_PM.c ****     /* Stop component */
 152:Generated_Source\PSoC5/Digital_PWM_PM.c ****     Digital_PWM_Stop();
 160              		.loc 1 152 0
 161 0020 FFF7FEFF 		bl	Digital_PWM_Stop
 153:Generated_Source\PSoC5/Digital_PWM_PM.c **** 
 154:Generated_Source\PSoC5/Digital_PWM_PM.c ****     /* Save registers configuration */
 155:Generated_Source\PSoC5/Digital_PWM_PM.c ****     Digital_PWM_SaveConfig();
 162              		.loc 1 155 0
 163 0024 FFF7FEFF 		bl	Digital_PWM_SaveConfig
 156:Generated_Source\PSoC5/Digital_PWM_PM.c **** }
 164              		.loc 1 156 0
 165 0028 80BD     		pop	{r7, pc}
 166              	.L11:
 167 002a 00BF     		.align	2
 168              	.L10:
 169 002c 73640040 		.word	1073767539
 170 0030 00000000 		.word	Digital_PWM_backup
 171              		.cfi_endproc
 172              	.LFE2:
 173              		.size	Digital_PWM_Sleep, .-Digital_PWM_Sleep
 174              		.section	.text.Digital_PWM_Wakeup,"ax",%progbits
 175              		.align	2
 176              		.global	Digital_PWM_Wakeup
 177              		.thumb
 178              		.thumb_func
 179              		.type	Digital_PWM_Wakeup, %function
 180              	Digital_PWM_Wakeup:
 181              	.LFB3:
 157:Generated_Source\PSoC5/Digital_PWM_PM.c **** 
 158:Generated_Source\PSoC5/Digital_PWM_PM.c **** 
 159:Generated_Source\PSoC5/Digital_PWM_PM.c **** /*******************************************************************************
 160:Generated_Source\PSoC5/Digital_PWM_PM.c **** * Function Name: Digital_PWM_Wakeup
ARM GAS  C:\Users\Greg\AppData\Local\Temp\cciUC7S3.s 			page 7


 161:Generated_Source\PSoC5/Digital_PWM_PM.c **** ********************************************************************************
 162:Generated_Source\PSoC5/Digital_PWM_PM.c **** *
 163:Generated_Source\PSoC5/Digital_PWM_PM.c **** * Summary:
 164:Generated_Source\PSoC5/Digital_PWM_PM.c **** *  Restores and enables the user configuration. Should be called just after
 165:Generated_Source\PSoC5/Digital_PWM_PM.c **** *  awaking from sleep.
 166:Generated_Source\PSoC5/Digital_PWM_PM.c **** *
 167:Generated_Source\PSoC5/Digital_PWM_PM.c **** * Parameters:
 168:Generated_Source\PSoC5/Digital_PWM_PM.c **** *  None
 169:Generated_Source\PSoC5/Digital_PWM_PM.c **** *
 170:Generated_Source\PSoC5/Digital_PWM_PM.c **** * Return:
 171:Generated_Source\PSoC5/Digital_PWM_PM.c **** *  None
 172:Generated_Source\PSoC5/Digital_PWM_PM.c **** *
 173:Generated_Source\PSoC5/Digital_PWM_PM.c **** * Global variables:
 174:Generated_Source\PSoC5/Digital_PWM_PM.c **** *  Digital_PWM_backup.pwmEnable:  Is used to restore the enable state of
 175:Generated_Source\PSoC5/Digital_PWM_PM.c **** *  block on wakeup from sleep mode.
 176:Generated_Source\PSoC5/Digital_PWM_PM.c **** *
 177:Generated_Source\PSoC5/Digital_PWM_PM.c **** *******************************************************************************/
 178:Generated_Source\PSoC5/Digital_PWM_PM.c **** void Digital_PWM_Wakeup(void) 
 179:Generated_Source\PSoC5/Digital_PWM_PM.c **** {
 182              		.loc 1 179 0
 183              		.cfi_startproc
 184              		@ args = 0, pretend = 0, frame = 0
 185              		@ frame_needed = 1, uses_anonymous_args = 0
 186 0000 80B5     		push	{r7, lr}
 187              		.cfi_def_cfa_offset 8
 188              		.cfi_offset 7, -8
 189              		.cfi_offset 14, -4
 190 0002 00AF     		add	r7, sp, #0
 191              		.cfi_def_cfa_register 7
 180:Generated_Source\PSoC5/Digital_PWM_PM.c ****      /* Restore registers values */
 181:Generated_Source\PSoC5/Digital_PWM_PM.c ****     Digital_PWM_RestoreConfig();
 192              		.loc 1 181 0
 193 0004 FFF7FEFF 		bl	Digital_PWM_RestoreConfig
 182:Generated_Source\PSoC5/Digital_PWM_PM.c **** 
 183:Generated_Source\PSoC5/Digital_PWM_PM.c ****     if(Digital_PWM_backup.PWMEnableState != 0u)
 194              		.loc 1 183 0
 195 0008 034B     		ldr	r3, .L14
 196 000a 1B78     		ldrb	r3, [r3]	@ zero_extendqisi2
 197 000c 002B     		cmp	r3, #0
 198 000e 01D0     		beq	.L12
 184:Generated_Source\PSoC5/Digital_PWM_PM.c ****     {
 185:Generated_Source\PSoC5/Digital_PWM_PM.c ****         /* Enable component's operation */
 186:Generated_Source\PSoC5/Digital_PWM_PM.c ****         Digital_PWM_Enable();
 199              		.loc 1 186 0
 200 0010 FFF7FEFF 		bl	Digital_PWM_Enable
 201              	.L12:
 187:Generated_Source\PSoC5/Digital_PWM_PM.c ****     } /* Do nothing if component's block was disabled before */
 188:Generated_Source\PSoC5/Digital_PWM_PM.c **** 
 189:Generated_Source\PSoC5/Digital_PWM_PM.c **** }
 202              		.loc 1 189 0
 203 0014 80BD     		pop	{r7, pc}
 204              	.L15:
 205 0016 00BF     		.align	2
 206              	.L14:
 207 0018 00000000 		.word	Digital_PWM_backup
 208              		.cfi_endproc
 209              	.LFE3:
ARM GAS  C:\Users\Greg\AppData\Local\Temp\cciUC7S3.s 			page 8


 210              		.size	Digital_PWM_Wakeup, .-Digital_PWM_Wakeup
 211              		.text
 212              	.Letext0:
 213              		.file 2 "Generated_Source\\PSoC5\\cytypes.h"
 214              		.file 3 "Generated_Source\\PSoC5\\Digital_PWM.h"
 215              		.section	.debug_info,"",%progbits
 216              	.Ldebug_info0:
 217 0000 46010000 		.4byte	0x146
 218 0004 0400     		.2byte	0x4
 219 0006 00000000 		.4byte	.Ldebug_abbrev0
 220 000a 04       		.byte	0x4
 221 000b 01       		.uleb128 0x1
 222 000c 5B010000 		.4byte	.LASF25
 223 0010 01       		.byte	0x1
 224 0011 57000000 		.4byte	.LASF26
 225 0015 C5000000 		.4byte	.LASF27
 226 0019 00000000 		.4byte	.Ldebug_ranges0+0
 227 001d 00000000 		.4byte	0
 228 0021 00000000 		.4byte	.Ldebug_line0
 229 0025 02       		.uleb128 0x2
 230 0026 01       		.byte	0x1
 231 0027 06       		.byte	0x6
 232 0028 1C020000 		.4byte	.LASF0
 233 002c 02       		.uleb128 0x2
 234 002d 01       		.byte	0x1
 235 002e 08       		.byte	0x8
 236 002f 19010000 		.4byte	.LASF1
 237 0033 02       		.uleb128 0x2
 238 0034 02       		.byte	0x2
 239 0035 05       		.byte	0x5
 240 0036 2E020000 		.4byte	.LASF2
 241 003a 02       		.uleb128 0x2
 242 003b 02       		.byte	0x2
 243 003c 07       		.byte	0x7
 244 003d 09020000 		.4byte	.LASF3
 245 0041 02       		.uleb128 0x2
 246 0042 04       		.byte	0x4
 247 0043 05       		.byte	0x5
 248 0044 52010000 		.4byte	.LASF4
 249 0048 02       		.uleb128 0x2
 250 0049 04       		.byte	0x4
 251 004a 07       		.byte	0x7
 252 004b E9010000 		.4byte	.LASF5
 253 004f 02       		.uleb128 0x2
 254 0050 08       		.byte	0x8
 255 0051 05       		.byte	0x5
 256 0052 00000000 		.4byte	.LASF6
 257 0056 02       		.uleb128 0x2
 258 0057 08       		.byte	0x8
 259 0058 07       		.byte	0x7
 260 0059 97000000 		.4byte	.LASF7
 261 005d 03       		.uleb128 0x3
 262 005e 04       		.byte	0x4
 263 005f 05       		.byte	0x5
 264 0060 696E7400 		.ascii	"int\000"
 265 0064 02       		.uleb128 0x2
 266 0065 04       		.byte	0x4
ARM GAS  C:\Users\Greg\AppData\Local\Temp\cciUC7S3.s 			page 9


 267 0066 07       		.byte	0x7
 268 0067 0E000000 		.4byte	.LASF8
 269 006b 04       		.uleb128 0x4
 270 006c 7F000000 		.4byte	.LASF12
 271 0070 02       		.byte	0x2
 272 0071 9201     		.2byte	0x192
 273 0073 2C000000 		.4byte	0x2c
 274 0077 02       		.uleb128 0x2
 275 0078 04       		.byte	0x4
 276 0079 04       		.byte	0x4
 277 007a 28020000 		.4byte	.LASF9
 278 007e 02       		.uleb128 0x2
 279 007f 08       		.byte	0x8
 280 0080 04       		.byte	0x4
 281 0081 FB010000 		.4byte	.LASF10
 282 0085 02       		.uleb128 0x2
 283 0086 01       		.byte	0x1
 284 0087 08       		.byte	0x8
 285 0088 3A010000 		.4byte	.LASF11
 286 008c 04       		.uleb128 0x4
 287 008d 38020000 		.4byte	.LASF13
 288 0091 02       		.byte	0x2
 289 0092 3C02     		.2byte	0x23c
 290 0094 98000000 		.4byte	0x98
 291 0098 05       		.uleb128 0x5
 292 0099 6B000000 		.4byte	0x6b
 293 009d 02       		.uleb128 0x2
 294 009e 04       		.byte	0x4
 295 009f 07       		.byte	0x7
 296 00a0 5A020000 		.4byte	.LASF14
 297 00a4 06       		.uleb128 0x6
 298 00a5 05       		.byte	0x5
 299 00a6 03       		.byte	0x3
 300 00a7 6B       		.byte	0x6b
 301 00a8 E9000000 		.4byte	0xe9
 302 00ac 07       		.uleb128 0x7
 303 00ad 1B000000 		.4byte	.LASF15
 304 00b1 03       		.byte	0x3
 305 00b2 6E       		.byte	0x6e
 306 00b3 6B000000 		.4byte	0x6b
 307 00b7 00       		.byte	0
 308 00b8 07       		.uleb128 0x7
 309 00b9 02020000 		.4byte	.LASF16
 310 00bd 03       		.byte	0x3
 311 00be 71       		.byte	0x71
 312 00bf 6B000000 		.4byte	0x6b
 313 00c3 01       		.byte	0x1
 314 00c4 07       		.uleb128 0x7
 315 00c5 50020000 		.4byte	.LASF17
 316 00c9 03       		.byte	0x3
 317 00ca 73       		.byte	0x73
 318 00cb 6B000000 		.4byte	0x6b
 319 00cf 02       		.byte	0x2
 320 00d0 07       		.uleb128 0x7
 321 00d1 3D020000 		.4byte	.LASF18
 322 00d5 03       		.byte	0x3
 323 00d6 76       		.byte	0x76
ARM GAS  C:\Users\Greg\AppData\Local\Temp\cciUC7S3.s 			page 10


 324 00d7 6B000000 		.4byte	0x6b
 325 00db 03       		.byte	0x3
 326 00dc 07       		.uleb128 0x7
 327 00dd 3F010000 		.4byte	.LASF19
 328 00e1 03       		.byte	0x3
 329 00e2 86       		.byte	0x86
 330 00e3 6B000000 		.4byte	0x6b
 331 00e7 04       		.byte	0x4
 332 00e8 00       		.byte	0
 333 00e9 08       		.uleb128 0x8
 334 00ea 63020000 		.4byte	.LASF20
 335 00ee 03       		.byte	0x3
 336 00ef 8B       		.byte	0x8b
 337 00f0 A4000000 		.4byte	0xa4
 338 00f4 09       		.uleb128 0x9
 339 00f5 AE000000 		.4byte	.LASF21
 340 00f9 01       		.byte	0x1
 341 00fa 2A       		.byte	0x2a
 342 00fb 00000000 		.4byte	.LFB0
 343 00ff 3C000000 		.4byte	.LFE0-.LFB0
 344 0103 01       		.uleb128 0x1
 345 0104 9C       		.byte	0x9c
 346 0105 09       		.uleb128 0x9
 347 0106 3D000000 		.4byte	.LASF22
 348 010a 01       		.byte	0x1
 349 010b 58       		.byte	0x58
 350 010c 00000000 		.4byte	.LFB1
 351 0110 34000000 		.4byte	.LFE1-.LFB1
 352 0114 01       		.uleb128 0x1
 353 0115 9C       		.byte	0x9c
 354 0116 09       		.uleb128 0x9
 355 0117 85000000 		.4byte	.LASF23
 356 011b 01       		.byte	0x1
 357 011c 88       		.byte	0x88
 358 011d 00000000 		.4byte	.LFB2
 359 0121 34000000 		.4byte	.LFE2-.LFB2
 360 0125 01       		.uleb128 0x1
 361 0126 9C       		.byte	0x9c
 362 0127 09       		.uleb128 0x9
 363 0128 27010000 		.4byte	.LASF24
 364 012c 01       		.byte	0x1
 365 012d B2       		.byte	0xb2
 366 012e 00000000 		.4byte	.LFB3
 367 0132 1C000000 		.4byte	.LFE3-.LFB3
 368 0136 01       		.uleb128 0x1
 369 0137 9C       		.byte	0x9c
 370 0138 0A       		.uleb128 0xa
 371 0139 2A000000 		.4byte	.LASF28
 372 013d 01       		.byte	0x1
 373 013e 14       		.byte	0x14
 374 013f E9000000 		.4byte	0xe9
 375 0143 05       		.uleb128 0x5
 376 0144 03       		.byte	0x3
 377 0145 00000000 		.4byte	Digital_PWM_backup
 378 0149 00       		.byte	0
 379              		.section	.debug_abbrev,"",%progbits
 380              	.Ldebug_abbrev0:
ARM GAS  C:\Users\Greg\AppData\Local\Temp\cciUC7S3.s 			page 11


 381 0000 01       		.uleb128 0x1
 382 0001 11       		.uleb128 0x11
 383 0002 01       		.byte	0x1
 384 0003 25       		.uleb128 0x25
 385 0004 0E       		.uleb128 0xe
 386 0005 13       		.uleb128 0x13
 387 0006 0B       		.uleb128 0xb
 388 0007 03       		.uleb128 0x3
 389 0008 0E       		.uleb128 0xe
 390 0009 1B       		.uleb128 0x1b
 391 000a 0E       		.uleb128 0xe
 392 000b 55       		.uleb128 0x55
 393 000c 17       		.uleb128 0x17
 394 000d 11       		.uleb128 0x11
 395 000e 01       		.uleb128 0x1
 396 000f 10       		.uleb128 0x10
 397 0010 17       		.uleb128 0x17
 398 0011 00       		.byte	0
 399 0012 00       		.byte	0
 400 0013 02       		.uleb128 0x2
 401 0014 24       		.uleb128 0x24
 402 0015 00       		.byte	0
 403 0016 0B       		.uleb128 0xb
 404 0017 0B       		.uleb128 0xb
 405 0018 3E       		.uleb128 0x3e
 406 0019 0B       		.uleb128 0xb
 407 001a 03       		.uleb128 0x3
 408 001b 0E       		.uleb128 0xe
 409 001c 00       		.byte	0
 410 001d 00       		.byte	0
 411 001e 03       		.uleb128 0x3
 412 001f 24       		.uleb128 0x24
 413 0020 00       		.byte	0
 414 0021 0B       		.uleb128 0xb
 415 0022 0B       		.uleb128 0xb
 416 0023 3E       		.uleb128 0x3e
 417 0024 0B       		.uleb128 0xb
 418 0025 03       		.uleb128 0x3
 419 0026 08       		.uleb128 0x8
 420 0027 00       		.byte	0
 421 0028 00       		.byte	0
 422 0029 04       		.uleb128 0x4
 423 002a 16       		.uleb128 0x16
 424 002b 00       		.byte	0
 425 002c 03       		.uleb128 0x3
 426 002d 0E       		.uleb128 0xe
 427 002e 3A       		.uleb128 0x3a
 428 002f 0B       		.uleb128 0xb
 429 0030 3B       		.uleb128 0x3b
 430 0031 05       		.uleb128 0x5
 431 0032 49       		.uleb128 0x49
 432 0033 13       		.uleb128 0x13
 433 0034 00       		.byte	0
 434 0035 00       		.byte	0
 435 0036 05       		.uleb128 0x5
 436 0037 35       		.uleb128 0x35
 437 0038 00       		.byte	0
ARM GAS  C:\Users\Greg\AppData\Local\Temp\cciUC7S3.s 			page 12


 438 0039 49       		.uleb128 0x49
 439 003a 13       		.uleb128 0x13
 440 003b 00       		.byte	0
 441 003c 00       		.byte	0
 442 003d 06       		.uleb128 0x6
 443 003e 13       		.uleb128 0x13
 444 003f 01       		.byte	0x1
 445 0040 0B       		.uleb128 0xb
 446 0041 0B       		.uleb128 0xb
 447 0042 3A       		.uleb128 0x3a
 448 0043 0B       		.uleb128 0xb
 449 0044 3B       		.uleb128 0x3b
 450 0045 0B       		.uleb128 0xb
 451 0046 01       		.uleb128 0x1
 452 0047 13       		.uleb128 0x13
 453 0048 00       		.byte	0
 454 0049 00       		.byte	0
 455 004a 07       		.uleb128 0x7
 456 004b 0D       		.uleb128 0xd
 457 004c 00       		.byte	0
 458 004d 03       		.uleb128 0x3
 459 004e 0E       		.uleb128 0xe
 460 004f 3A       		.uleb128 0x3a
 461 0050 0B       		.uleb128 0xb
 462 0051 3B       		.uleb128 0x3b
 463 0052 0B       		.uleb128 0xb
 464 0053 49       		.uleb128 0x49
 465 0054 13       		.uleb128 0x13
 466 0055 38       		.uleb128 0x38
 467 0056 0B       		.uleb128 0xb
 468 0057 00       		.byte	0
 469 0058 00       		.byte	0
 470 0059 08       		.uleb128 0x8
 471 005a 16       		.uleb128 0x16
 472 005b 00       		.byte	0
 473 005c 03       		.uleb128 0x3
 474 005d 0E       		.uleb128 0xe
 475 005e 3A       		.uleb128 0x3a
 476 005f 0B       		.uleb128 0xb
 477 0060 3B       		.uleb128 0x3b
 478 0061 0B       		.uleb128 0xb
 479 0062 49       		.uleb128 0x49
 480 0063 13       		.uleb128 0x13
 481 0064 00       		.byte	0
 482 0065 00       		.byte	0
 483 0066 09       		.uleb128 0x9
 484 0067 2E       		.uleb128 0x2e
 485 0068 00       		.byte	0
 486 0069 3F       		.uleb128 0x3f
 487 006a 19       		.uleb128 0x19
 488 006b 03       		.uleb128 0x3
 489 006c 0E       		.uleb128 0xe
 490 006d 3A       		.uleb128 0x3a
 491 006e 0B       		.uleb128 0xb
 492 006f 3B       		.uleb128 0x3b
 493 0070 0B       		.uleb128 0xb
 494 0071 27       		.uleb128 0x27
ARM GAS  C:\Users\Greg\AppData\Local\Temp\cciUC7S3.s 			page 13


 495 0072 19       		.uleb128 0x19
 496 0073 11       		.uleb128 0x11
 497 0074 01       		.uleb128 0x1
 498 0075 12       		.uleb128 0x12
 499 0076 06       		.uleb128 0x6
 500 0077 40       		.uleb128 0x40
 501 0078 18       		.uleb128 0x18
 502 0079 9642     		.uleb128 0x2116
 503 007b 19       		.uleb128 0x19
 504 007c 00       		.byte	0
 505 007d 00       		.byte	0
 506 007e 0A       		.uleb128 0xa
 507 007f 34       		.uleb128 0x34
 508 0080 00       		.byte	0
 509 0081 03       		.uleb128 0x3
 510 0082 0E       		.uleb128 0xe
 511 0083 3A       		.uleb128 0x3a
 512 0084 0B       		.uleb128 0xb
 513 0085 3B       		.uleb128 0x3b
 514 0086 0B       		.uleb128 0xb
 515 0087 49       		.uleb128 0x49
 516 0088 13       		.uleb128 0x13
 517 0089 02       		.uleb128 0x2
 518 008a 18       		.uleb128 0x18
 519 008b 00       		.byte	0
 520 008c 00       		.byte	0
 521 008d 00       		.byte	0
 522              		.section	.debug_aranges,"",%progbits
 523 0000 34000000 		.4byte	0x34
 524 0004 0200     		.2byte	0x2
 525 0006 00000000 		.4byte	.Ldebug_info0
 526 000a 04       		.byte	0x4
 527 000b 00       		.byte	0
 528 000c 0000     		.2byte	0
 529 000e 0000     		.2byte	0
 530 0010 00000000 		.4byte	.LFB0
 531 0014 3C000000 		.4byte	.LFE0-.LFB0
 532 0018 00000000 		.4byte	.LFB1
 533 001c 34000000 		.4byte	.LFE1-.LFB1
 534 0020 00000000 		.4byte	.LFB2
 535 0024 34000000 		.4byte	.LFE2-.LFB2
 536 0028 00000000 		.4byte	.LFB3
 537 002c 1C000000 		.4byte	.LFE3-.LFB3
 538 0030 00000000 		.4byte	0
 539 0034 00000000 		.4byte	0
 540              		.section	.debug_ranges,"",%progbits
 541              	.Ldebug_ranges0:
 542 0000 00000000 		.4byte	.LFB0
 543 0004 3C000000 		.4byte	.LFE0
 544 0008 00000000 		.4byte	.LFB1
 545 000c 34000000 		.4byte	.LFE1
 546 0010 00000000 		.4byte	.LFB2
 547 0014 34000000 		.4byte	.LFE2
 548 0018 00000000 		.4byte	.LFB3
 549 001c 1C000000 		.4byte	.LFE3
 550 0020 00000000 		.4byte	0
 551 0024 00000000 		.4byte	0
ARM GAS  C:\Users\Greg\AppData\Local\Temp\cciUC7S3.s 			page 14


 552              		.section	.debug_line,"",%progbits
 553              	.Ldebug_line0:
 554 0000 B9000000 		.section	.debug_str,"MS",%progbits,1
 554      02005C00 
 554      00000201 
 554      FB0E0D00 
 554      01010101 
 555              	.LASF6:
 556 0000 6C6F6E67 		.ascii	"long long int\000"
 556      206C6F6E 
 556      6720696E 
 556      7400
 557              	.LASF8:
 558 000e 756E7369 		.ascii	"unsigned int\000"
 558      676E6564 
 558      20696E74 
 558      00
 559              	.LASF15:
 560 001b 50574D45 		.ascii	"PWMEnableState\000"
 560      6E61626C 
 560      65537461 
 560      746500
 561              	.LASF28:
 562 002a 44696769 		.ascii	"Digital_PWM_backup\000"
 562      74616C5F 
 562      50574D5F 
 562      6261636B 
 562      757000
 563              	.LASF22:
 564 003d 44696769 		.ascii	"Digital_PWM_RestoreConfig\000"
 564      74616C5F 
 564      50574D5F 
 564      52657374 
 564      6F726543 
 565              	.LASF26:
 566 0057 47656E65 		.ascii	"Generated_Source\\PSoC5\\Digital_PWM_PM.c\000"
 566      72617465 
 566      645F536F 
 566      75726365 
 566      5C50536F 
 567              	.LASF12:
 568 007f 75696E74 		.ascii	"uint8\000"
 568      3800
 569              	.LASF23:
 570 0085 44696769 		.ascii	"Digital_PWM_Sleep\000"
 570      74616C5F 
 570      50574D5F 
 570      536C6565 
 570      7000
 571              	.LASF7:
 572 0097 6C6F6E67 		.ascii	"long long unsigned int\000"
 572      206C6F6E 
 572      6720756E 
 572      7369676E 
 572      65642069 
 573              	.LASF21:
 574 00ae 44696769 		.ascii	"Digital_PWM_SaveConfig\000"
ARM GAS  C:\Users\Greg\AppData\Local\Temp\cciUC7S3.s 			page 15


 574      74616C5F 
 574      50574D5F 
 574      53617665 
 574      436F6E66 
 575              	.LASF27:
 576 00c5 433A5C53 		.ascii	"C:\\SVN\\apps\\trunk\\Cypress Academy\\PSoC-121-Ana"
 576      564E5C61 
 576      7070735C 
 576      7472756E 
 576      6B5C4379 
 577 00f3 6C6F675C 		.ascii	"log\\Scope\\KEES_Scope\\PSoC\\Scope.cydsn\000"
 577      53636F70 
 577      655C4B45 
 577      45535F53 
 577      636F7065 
 578              	.LASF1:
 579 0119 756E7369 		.ascii	"unsigned char\000"
 579      676E6564 
 579      20636861 
 579      7200
 580              	.LASF24:
 581 0127 44696769 		.ascii	"Digital_PWM_Wakeup\000"
 581      74616C5F 
 581      50574D5F 
 581      57616B65 
 581      757000
 582              	.LASF11:
 583 013a 63686172 		.ascii	"char\000"
 583      00
 584              	.LASF19:
 585 013f 50574D43 		.ascii	"PWMControlRegister\000"
 585      6F6E7472 
 585      6F6C5265 
 585      67697374 
 585      657200
 586              	.LASF4:
 587 0152 6C6F6E67 		.ascii	"long int\000"
 587      20696E74 
 587      00
 588              	.LASF25:
 589 015b 474E5520 		.ascii	"GNU C 4.9.3 20150303 (release) [ARM/embedded-4_9-br"
 589      4320342E 
 589      392E3320 
 589      32303135 
 589      30333033 
 590 018e 616E6368 		.ascii	"anch revision 221220] -mcpu=cortex-m3 -mthumb -g -O"
 590      20726576 
 590      6973696F 
 590      6E203232 
 590      31323230 
 591 01c1 30202D66 		.ascii	"0 -ffunction-sections -ffat-lto-objects\000"
 591      66756E63 
 591      74696F6E 
 591      2D736563 
 591      74696F6E 
 592              	.LASF5:
 593 01e9 6C6F6E67 		.ascii	"long unsigned int\000"
ARM GAS  C:\Users\Greg\AppData\Local\Temp\cciUC7S3.s 			page 16


 593      20756E73 
 593      69676E65 
 593      6420696E 
 593      7400
 594              	.LASF10:
 595 01fb 646F7562 		.ascii	"double\000"
 595      6C6500
 596              	.LASF16:
 597 0202 50574D55 		.ascii	"PWMUdb\000"
 597      646200
 598              	.LASF3:
 599 0209 73686F72 		.ascii	"short unsigned int\000"
 599      7420756E 
 599      7369676E 
 599      65642069 
 599      6E7400
 600              	.LASF0:
 601 021c 7369676E 		.ascii	"signed char\000"
 601      65642063 
 601      68617200 
 602              	.LASF9:
 603 0228 666C6F61 		.ascii	"float\000"
 603      7400
 604              	.LASF2:
 605 022e 73686F72 		.ascii	"short int\000"
 605      7420696E 
 605      7400
 606              	.LASF13:
 607 0238 72656738 		.ascii	"reg8\000"
 607      00
 608              	.LASF18:
 609 023d 496E7465 		.ascii	"InterruptMaskValue\000"
 609      72727570 
 609      744D6173 
 609      6B56616C 
 609      756500
 610              	.LASF17:
 611 0250 50574D50 		.ascii	"PWMPeriod\000"
 611      6572696F 
 611      6400
 612              	.LASF14:
 613 025a 73697A65 		.ascii	"sizetype\000"
 613      74797065 
 613      00
 614              	.LASF20:
 615 0263 44696769 		.ascii	"Digital_PWM_backupStruct\000"
 615      74616C5F 
 615      50574D5F 
 615      6261636B 
 615      75705374 
 616              		.ident	"GCC: (GNU Tools for ARM Embedded Processors) 4.9.3 20150303 (release) [ARM/embedded-4_9-br
