ARM GAS  C:\Users\Greg\AppData\Local\Temp\ccW4Hg5t.s 			page 1


   1              		.syntax unified
   2              		.cpu cortex-m3
   3              		.fpu softvfp
   4              		.eabi_attribute 20, 1
   5              		.eabi_attribute 21, 1
   6              		.eabi_attribute 23, 3
   7              		.eabi_attribute 24, 1
   8              		.eabi_attribute 25, 1
   9              		.eabi_attribute 26, 1
  10              		.eabi_attribute 30, 6
  11              		.eabi_attribute 34, 1
  12              		.eabi_attribute 18, 4
  13              		.thumb
  14              		.file	"Digital_Input_Status.c"
  15              		.text
  16              	.Ltext0:
  17              		.cfi_sections	.debug_frame
  18              		.section	.text.Digital_Input_Status_Read,"ax",%progbits
  19              		.align	2
  20              		.global	Digital_Input_Status_Read
  21              		.thumb
  22              		.thumb_func
  23              		.type	Digital_Input_Status_Read, %function
  24              	Digital_Input_Status_Read:
  25              	.LFB0:
  26              		.file 1 "Generated_Source\\PSoC5\\Digital_Input_Status.c"
   1:Generated_Source\PSoC5/Digital_Input_Status.c **** /*******************************************************************************
   2:Generated_Source\PSoC5/Digital_Input_Status.c **** * File Name: Digital_Input_Status.c  
   3:Generated_Source\PSoC5/Digital_Input_Status.c **** * Version 1.90
   4:Generated_Source\PSoC5/Digital_Input_Status.c **** *
   5:Generated_Source\PSoC5/Digital_Input_Status.c **** * Description:
   6:Generated_Source\PSoC5/Digital_Input_Status.c **** *  This file contains API to enable firmware to read the value of a Status 
   7:Generated_Source\PSoC5/Digital_Input_Status.c **** *  Register.
   8:Generated_Source\PSoC5/Digital_Input_Status.c **** *
   9:Generated_Source\PSoC5/Digital_Input_Status.c **** * Note:
  10:Generated_Source\PSoC5/Digital_Input_Status.c **** *
  11:Generated_Source\PSoC5/Digital_Input_Status.c **** ********************************************************************************
  12:Generated_Source\PSoC5/Digital_Input_Status.c **** * Copyright 2008-2015, Cypress Semiconductor Corporation.  All rights reserved.
  13:Generated_Source\PSoC5/Digital_Input_Status.c **** * You may use this file only in accordance with the license, terms, conditions, 
  14:Generated_Source\PSoC5/Digital_Input_Status.c **** * disclaimers, and limitations in the end user license agreement accompanying 
  15:Generated_Source\PSoC5/Digital_Input_Status.c **** * the software package with which this file was provided.
  16:Generated_Source\PSoC5/Digital_Input_Status.c **** *******************************************************************************/
  17:Generated_Source\PSoC5/Digital_Input_Status.c **** 
  18:Generated_Source\PSoC5/Digital_Input_Status.c **** #include "Digital_Input_Status.h"
  19:Generated_Source\PSoC5/Digital_Input_Status.c **** 
  20:Generated_Source\PSoC5/Digital_Input_Status.c **** #if !defined(Digital_Input_Status_sts_sts_reg__REMOVED) /* Check for removal by optimization */
  21:Generated_Source\PSoC5/Digital_Input_Status.c **** 
  22:Generated_Source\PSoC5/Digital_Input_Status.c **** 
  23:Generated_Source\PSoC5/Digital_Input_Status.c **** /*******************************************************************************
  24:Generated_Source\PSoC5/Digital_Input_Status.c **** * Function Name: Digital_Input_Status_Read
  25:Generated_Source\PSoC5/Digital_Input_Status.c **** ********************************************************************************
  26:Generated_Source\PSoC5/Digital_Input_Status.c **** *
  27:Generated_Source\PSoC5/Digital_Input_Status.c **** * Summary:
  28:Generated_Source\PSoC5/Digital_Input_Status.c **** *  Reads the current value assigned to the Status Register.
  29:Generated_Source\PSoC5/Digital_Input_Status.c **** *
  30:Generated_Source\PSoC5/Digital_Input_Status.c **** * Parameters:
  31:Generated_Source\PSoC5/Digital_Input_Status.c **** *  None.
ARM GAS  C:\Users\Greg\AppData\Local\Temp\ccW4Hg5t.s 			page 2


  32:Generated_Source\PSoC5/Digital_Input_Status.c **** *
  33:Generated_Source\PSoC5/Digital_Input_Status.c **** * Return:
  34:Generated_Source\PSoC5/Digital_Input_Status.c **** *  The current value in the Status Register.
  35:Generated_Source\PSoC5/Digital_Input_Status.c **** *
  36:Generated_Source\PSoC5/Digital_Input_Status.c **** *******************************************************************************/
  37:Generated_Source\PSoC5/Digital_Input_Status.c **** uint8 Digital_Input_Status_Read(void) 
  38:Generated_Source\PSoC5/Digital_Input_Status.c **** { 
  27              		.loc 1 38 0
  28              		.cfi_startproc
  29              		@ args = 0, pretend = 0, frame = 0
  30              		@ frame_needed = 1, uses_anonymous_args = 0
  31              		@ link register save eliminated.
  32 0000 80B4     		push	{r7}
  33              		.cfi_def_cfa_offset 4
  34              		.cfi_offset 7, -4
  35 0002 00AF     		add	r7, sp, #0
  36              		.cfi_def_cfa_register 7
  39:Generated_Source\PSoC5/Digital_Input_Status.c ****     return Digital_Input_Status_Status;
  37              		.loc 1 39 0
  38 0004 034B     		ldr	r3, .L3
  39 0006 1B78     		ldrb	r3, [r3]
  40 0008 DBB2     		uxtb	r3, r3
  40:Generated_Source\PSoC5/Digital_Input_Status.c **** }
  41              		.loc 1 40 0
  42 000a 1846     		mov	r0, r3
  43 000c BD46     		mov	sp, r7
  44              		.cfi_def_cfa_register 13
  45              		@ sp needed
  46 000e 5DF8047B 		ldr	r7, [sp], #4
  47              		.cfi_restore 7
  48              		.cfi_def_cfa_offset 0
  49 0012 7047     		bx	lr
  50              	.L4:
  51              		.align	2
  52              	.L3:
  53 0014 66640040 		.word	1073767526
  54              		.cfi_endproc
  55              	.LFE0:
  56              		.size	Digital_Input_Status_Read, .-Digital_Input_Status_Read
  57              		.section	.text.Digital_Input_Status_InterruptEnable,"ax",%progbits
  58              		.align	2
  59              		.global	Digital_Input_Status_InterruptEnable
  60              		.thumb
  61              		.thumb_func
  62              		.type	Digital_Input_Status_InterruptEnable, %function
  63              	Digital_Input_Status_InterruptEnable:
  64              	.LFB1:
  41:Generated_Source\PSoC5/Digital_Input_Status.c **** 
  42:Generated_Source\PSoC5/Digital_Input_Status.c **** 
  43:Generated_Source\PSoC5/Digital_Input_Status.c **** /*******************************************************************************
  44:Generated_Source\PSoC5/Digital_Input_Status.c **** * Function Name: Digital_Input_Status_InterruptEnable
  45:Generated_Source\PSoC5/Digital_Input_Status.c **** ********************************************************************************
  46:Generated_Source\PSoC5/Digital_Input_Status.c **** *
  47:Generated_Source\PSoC5/Digital_Input_Status.c **** * Summary:
  48:Generated_Source\PSoC5/Digital_Input_Status.c **** *  Enables the Status Register interrupt.
  49:Generated_Source\PSoC5/Digital_Input_Status.c **** *
  50:Generated_Source\PSoC5/Digital_Input_Status.c **** * Parameters:
ARM GAS  C:\Users\Greg\AppData\Local\Temp\ccW4Hg5t.s 			page 3


  51:Generated_Source\PSoC5/Digital_Input_Status.c **** *  None.
  52:Generated_Source\PSoC5/Digital_Input_Status.c **** *
  53:Generated_Source\PSoC5/Digital_Input_Status.c **** * Return:
  54:Generated_Source\PSoC5/Digital_Input_Status.c **** *  None.
  55:Generated_Source\PSoC5/Digital_Input_Status.c **** *
  56:Generated_Source\PSoC5/Digital_Input_Status.c **** *******************************************************************************/
  57:Generated_Source\PSoC5/Digital_Input_Status.c **** void Digital_Input_Status_InterruptEnable(void) 
  58:Generated_Source\PSoC5/Digital_Input_Status.c **** {
  65              		.loc 1 58 0
  66              		.cfi_startproc
  67              		@ args = 0, pretend = 0, frame = 8
  68              		@ frame_needed = 1, uses_anonymous_args = 0
  69 0000 80B5     		push	{r7, lr}
  70              		.cfi_def_cfa_offset 8
  71              		.cfi_offset 7, -8
  72              		.cfi_offset 14, -4
  73 0002 82B0     		sub	sp, sp, #8
  74              		.cfi_def_cfa_offset 16
  75 0004 00AF     		add	r7, sp, #0
  76              		.cfi_def_cfa_register 7
  59:Generated_Source\PSoC5/Digital_Input_Status.c ****     uint8 interruptState;
  60:Generated_Source\PSoC5/Digital_Input_Status.c ****     interruptState = CyEnterCriticalSection();
  77              		.loc 1 60 0
  78 0006 FFF7FEFF 		bl	CyEnterCriticalSection
  79 000a 0346     		mov	r3, r0
  80 000c FB71     		strb	r3, [r7, #7]
  61:Generated_Source\PSoC5/Digital_Input_Status.c ****     Digital_Input_Status_Status_Aux_Ctrl |= Digital_Input_Status_STATUS_INTR_ENBL;
  81              		.loc 1 61 0
  82 000e 074A     		ldr	r2, .L6
  83 0010 064B     		ldr	r3, .L6
  84 0012 1B78     		ldrb	r3, [r3]
  85 0014 DBB2     		uxtb	r3, r3
  86 0016 43F01003 		orr	r3, r3, #16
  87 001a DBB2     		uxtb	r3, r3
  88 001c 1370     		strb	r3, [r2]
  62:Generated_Source\PSoC5/Digital_Input_Status.c ****     CyExitCriticalSection(interruptState);
  89              		.loc 1 62 0
  90 001e FB79     		ldrb	r3, [r7, #7]	@ zero_extendqisi2
  91 0020 1846     		mov	r0, r3
  92 0022 FFF7FEFF 		bl	CyExitCriticalSection
  63:Generated_Source\PSoC5/Digital_Input_Status.c **** }
  93              		.loc 1 63 0
  94 0026 0837     		adds	r7, r7, #8
  95              		.cfi_def_cfa_offset 8
  96 0028 BD46     		mov	sp, r7
  97              		.cfi_def_cfa_register 13
  98              		@ sp needed
  99 002a 80BD     		pop	{r7, pc}
 100              	.L7:
 101              		.align	2
 102              	.L6:
 103 002c 96640040 		.word	1073767574
 104              		.cfi_endproc
 105              	.LFE1:
 106              		.size	Digital_Input_Status_InterruptEnable, .-Digital_Input_Status_InterruptEnable
 107              		.section	.text.Digital_Input_Status_InterruptDisable,"ax",%progbits
 108              		.align	2
ARM GAS  C:\Users\Greg\AppData\Local\Temp\ccW4Hg5t.s 			page 4


 109              		.global	Digital_Input_Status_InterruptDisable
 110              		.thumb
 111              		.thumb_func
 112              		.type	Digital_Input_Status_InterruptDisable, %function
 113              	Digital_Input_Status_InterruptDisable:
 114              	.LFB2:
  64:Generated_Source\PSoC5/Digital_Input_Status.c **** 
  65:Generated_Source\PSoC5/Digital_Input_Status.c **** 
  66:Generated_Source\PSoC5/Digital_Input_Status.c **** /*******************************************************************************
  67:Generated_Source\PSoC5/Digital_Input_Status.c **** * Function Name: Digital_Input_Status_InterruptDisable
  68:Generated_Source\PSoC5/Digital_Input_Status.c **** ********************************************************************************
  69:Generated_Source\PSoC5/Digital_Input_Status.c **** *
  70:Generated_Source\PSoC5/Digital_Input_Status.c **** * Summary:
  71:Generated_Source\PSoC5/Digital_Input_Status.c **** *  Disables the Status Register interrupt.
  72:Generated_Source\PSoC5/Digital_Input_Status.c **** *
  73:Generated_Source\PSoC5/Digital_Input_Status.c **** * Parameters:
  74:Generated_Source\PSoC5/Digital_Input_Status.c **** *  None.
  75:Generated_Source\PSoC5/Digital_Input_Status.c **** *
  76:Generated_Source\PSoC5/Digital_Input_Status.c **** * Return:
  77:Generated_Source\PSoC5/Digital_Input_Status.c **** *  None.
  78:Generated_Source\PSoC5/Digital_Input_Status.c **** *
  79:Generated_Source\PSoC5/Digital_Input_Status.c **** *******************************************************************************/
  80:Generated_Source\PSoC5/Digital_Input_Status.c **** void Digital_Input_Status_InterruptDisable(void) 
  81:Generated_Source\PSoC5/Digital_Input_Status.c **** {
 115              		.loc 1 81 0
 116              		.cfi_startproc
 117              		@ args = 0, pretend = 0, frame = 8
 118              		@ frame_needed = 1, uses_anonymous_args = 0
 119 0000 80B5     		push	{r7, lr}
 120              		.cfi_def_cfa_offset 8
 121              		.cfi_offset 7, -8
 122              		.cfi_offset 14, -4
 123 0002 82B0     		sub	sp, sp, #8
 124              		.cfi_def_cfa_offset 16
 125 0004 00AF     		add	r7, sp, #0
 126              		.cfi_def_cfa_register 7
  82:Generated_Source\PSoC5/Digital_Input_Status.c ****     uint8 interruptState;
  83:Generated_Source\PSoC5/Digital_Input_Status.c ****     interruptState = CyEnterCriticalSection();
 127              		.loc 1 83 0
 128 0006 FFF7FEFF 		bl	CyEnterCriticalSection
 129 000a 0346     		mov	r3, r0
 130 000c FB71     		strb	r3, [r7, #7]
  84:Generated_Source\PSoC5/Digital_Input_Status.c ****     Digital_Input_Status_Status_Aux_Ctrl &= (uint8)(~Digital_Input_Status_STATUS_INTR_ENBL);
 131              		.loc 1 84 0
 132 000e 074A     		ldr	r2, .L9
 133 0010 064B     		ldr	r3, .L9
 134 0012 1B78     		ldrb	r3, [r3]
 135 0014 DBB2     		uxtb	r3, r3
 136 0016 23F01003 		bic	r3, r3, #16
 137 001a DBB2     		uxtb	r3, r3
 138 001c 1370     		strb	r3, [r2]
  85:Generated_Source\PSoC5/Digital_Input_Status.c ****     CyExitCriticalSection(interruptState);
 139              		.loc 1 85 0
 140 001e FB79     		ldrb	r3, [r7, #7]	@ zero_extendqisi2
 141 0020 1846     		mov	r0, r3
 142 0022 FFF7FEFF 		bl	CyExitCriticalSection
  86:Generated_Source\PSoC5/Digital_Input_Status.c **** }
ARM GAS  C:\Users\Greg\AppData\Local\Temp\ccW4Hg5t.s 			page 5


 143              		.loc 1 86 0
 144 0026 0837     		adds	r7, r7, #8
 145              		.cfi_def_cfa_offset 8
 146 0028 BD46     		mov	sp, r7
 147              		.cfi_def_cfa_register 13
 148              		@ sp needed
 149 002a 80BD     		pop	{r7, pc}
 150              	.L10:
 151              		.align	2
 152              	.L9:
 153 002c 96640040 		.word	1073767574
 154              		.cfi_endproc
 155              	.LFE2:
 156              		.size	Digital_Input_Status_InterruptDisable, .-Digital_Input_Status_InterruptDisable
 157              		.section	.text.Digital_Input_Status_WriteMask,"ax",%progbits
 158              		.align	2
 159              		.global	Digital_Input_Status_WriteMask
 160              		.thumb
 161              		.thumb_func
 162              		.type	Digital_Input_Status_WriteMask, %function
 163              	Digital_Input_Status_WriteMask:
 164              	.LFB3:
  87:Generated_Source\PSoC5/Digital_Input_Status.c **** 
  88:Generated_Source\PSoC5/Digital_Input_Status.c **** 
  89:Generated_Source\PSoC5/Digital_Input_Status.c **** /*******************************************************************************
  90:Generated_Source\PSoC5/Digital_Input_Status.c **** * Function Name: Digital_Input_Status_WriteMask
  91:Generated_Source\PSoC5/Digital_Input_Status.c **** ********************************************************************************
  92:Generated_Source\PSoC5/Digital_Input_Status.c **** *
  93:Generated_Source\PSoC5/Digital_Input_Status.c **** * Summary:
  94:Generated_Source\PSoC5/Digital_Input_Status.c **** *  Writes the current mask value assigned to the Status Register.
  95:Generated_Source\PSoC5/Digital_Input_Status.c **** *
  96:Generated_Source\PSoC5/Digital_Input_Status.c **** * Parameters:
  97:Generated_Source\PSoC5/Digital_Input_Status.c **** *  mask:  Value to write into the mask register.
  98:Generated_Source\PSoC5/Digital_Input_Status.c **** *
  99:Generated_Source\PSoC5/Digital_Input_Status.c **** * Return:
 100:Generated_Source\PSoC5/Digital_Input_Status.c **** *  None.
 101:Generated_Source\PSoC5/Digital_Input_Status.c **** *
 102:Generated_Source\PSoC5/Digital_Input_Status.c **** *******************************************************************************/
 103:Generated_Source\PSoC5/Digital_Input_Status.c **** void Digital_Input_Status_WriteMask(uint8 mask) 
 104:Generated_Source\PSoC5/Digital_Input_Status.c **** {
 165              		.loc 1 104 0
 166              		.cfi_startproc
 167              		@ args = 0, pretend = 0, frame = 8
 168              		@ frame_needed = 1, uses_anonymous_args = 0
 169              		@ link register save eliminated.
 170 0000 80B4     		push	{r7}
 171              		.cfi_def_cfa_offset 4
 172              		.cfi_offset 7, -4
 173 0002 83B0     		sub	sp, sp, #12
 174              		.cfi_def_cfa_offset 16
 175 0004 00AF     		add	r7, sp, #0
 176              		.cfi_def_cfa_register 7
 177 0006 0346     		mov	r3, r0
 178 0008 FB71     		strb	r3, [r7, #7]
 105:Generated_Source\PSoC5/Digital_Input_Status.c ****     #if(Digital_Input_Status_INPUTS < 8u)
 106:Generated_Source\PSoC5/Digital_Input_Status.c ****     	mask &= ((uint8)(1u << Digital_Input_Status_INPUTS) - 1u);
 107:Generated_Source\PSoC5/Digital_Input_Status.c **** 	#endif /* End Digital_Input_Status_INPUTS < 8u */
ARM GAS  C:\Users\Greg\AppData\Local\Temp\ccW4Hg5t.s 			page 6


 108:Generated_Source\PSoC5/Digital_Input_Status.c ****     Digital_Input_Status_Status_Mask = mask;
 179              		.loc 1 108 0
 180 000a 044A     		ldr	r2, .L12
 181 000c FB79     		ldrb	r3, [r7, #7]
 182 000e 1370     		strb	r3, [r2]
 109:Generated_Source\PSoC5/Digital_Input_Status.c **** }
 183              		.loc 1 109 0
 184 0010 0C37     		adds	r7, r7, #12
 185              		.cfi_def_cfa_offset 4
 186 0012 BD46     		mov	sp, r7
 187              		.cfi_def_cfa_register 13
 188              		@ sp needed
 189 0014 5DF8047B 		ldr	r7, [sp], #4
 190              		.cfi_restore 7
 191              		.cfi_def_cfa_offset 0
 192 0018 7047     		bx	lr
 193              	.L13:
 194 001a 00BF     		.align	2
 195              	.L12:
 196 001c 86640040 		.word	1073767558
 197              		.cfi_endproc
 198              	.LFE3:
 199              		.size	Digital_Input_Status_WriteMask, .-Digital_Input_Status_WriteMask
 200              		.section	.text.Digital_Input_Status_ReadMask,"ax",%progbits
 201              		.align	2
 202              		.global	Digital_Input_Status_ReadMask
 203              		.thumb
 204              		.thumb_func
 205              		.type	Digital_Input_Status_ReadMask, %function
 206              	Digital_Input_Status_ReadMask:
 207              	.LFB4:
 110:Generated_Source\PSoC5/Digital_Input_Status.c **** 
 111:Generated_Source\PSoC5/Digital_Input_Status.c **** 
 112:Generated_Source\PSoC5/Digital_Input_Status.c **** /*******************************************************************************
 113:Generated_Source\PSoC5/Digital_Input_Status.c **** * Function Name: Digital_Input_Status_ReadMask
 114:Generated_Source\PSoC5/Digital_Input_Status.c **** ********************************************************************************
 115:Generated_Source\PSoC5/Digital_Input_Status.c **** *
 116:Generated_Source\PSoC5/Digital_Input_Status.c **** * Summary:
 117:Generated_Source\PSoC5/Digital_Input_Status.c **** *  Reads the current interrupt mask assigned to the Status Register.
 118:Generated_Source\PSoC5/Digital_Input_Status.c **** *
 119:Generated_Source\PSoC5/Digital_Input_Status.c **** * Parameters:
 120:Generated_Source\PSoC5/Digital_Input_Status.c **** *  None.
 121:Generated_Source\PSoC5/Digital_Input_Status.c **** *
 122:Generated_Source\PSoC5/Digital_Input_Status.c **** * Return:
 123:Generated_Source\PSoC5/Digital_Input_Status.c **** *  The value of the interrupt mask of the Status Register.
 124:Generated_Source\PSoC5/Digital_Input_Status.c **** *
 125:Generated_Source\PSoC5/Digital_Input_Status.c **** *******************************************************************************/
 126:Generated_Source\PSoC5/Digital_Input_Status.c **** uint8 Digital_Input_Status_ReadMask(void) 
 127:Generated_Source\PSoC5/Digital_Input_Status.c **** {
 208              		.loc 1 127 0
 209              		.cfi_startproc
 210              		@ args = 0, pretend = 0, frame = 0
 211              		@ frame_needed = 1, uses_anonymous_args = 0
 212              		@ link register save eliminated.
 213 0000 80B4     		push	{r7}
 214              		.cfi_def_cfa_offset 4
 215              		.cfi_offset 7, -4
ARM GAS  C:\Users\Greg\AppData\Local\Temp\ccW4Hg5t.s 			page 7


 216 0002 00AF     		add	r7, sp, #0
 217              		.cfi_def_cfa_register 7
 128:Generated_Source\PSoC5/Digital_Input_Status.c ****     return Digital_Input_Status_Status_Mask;
 218              		.loc 1 128 0
 219 0004 034B     		ldr	r3, .L16
 220 0006 1B78     		ldrb	r3, [r3]
 221 0008 DBB2     		uxtb	r3, r3
 129:Generated_Source\PSoC5/Digital_Input_Status.c **** }
 222              		.loc 1 129 0
 223 000a 1846     		mov	r0, r3
 224 000c BD46     		mov	sp, r7
 225              		.cfi_def_cfa_register 13
 226              		@ sp needed
 227 000e 5DF8047B 		ldr	r7, [sp], #4
 228              		.cfi_restore 7
 229              		.cfi_def_cfa_offset 0
 230 0012 7047     		bx	lr
 231              	.L17:
 232              		.align	2
 233              	.L16:
 234 0014 86640040 		.word	1073767558
 235              		.cfi_endproc
 236              	.LFE4:
 237              		.size	Digital_Input_Status_ReadMask, .-Digital_Input_Status_ReadMask
 238              		.text
 239              	.Letext0:
 240              		.file 2 "Generated_Source\\PSoC5\\cytypes.h"
 241              		.section	.debug_info,"",%progbits
 242              	.Ldebug_info0:
 243 0000 37010000 		.4byte	0x137
 244 0004 0400     		.2byte	0x4
 245 0006 00000000 		.4byte	.Ldebug_abbrev0
 246 000a 04       		.byte	0x4
 247 000b 01       		.uleb128 0x1
 248 000c 29010000 		.4byte	.LASF21
 249 0010 01       		.byte	0x1
 250 0011 1B020000 		.4byte	.LASF22
 251 0015 B9000000 		.4byte	.LASF23
 252 0019 00000000 		.4byte	.Ldebug_ranges0+0
 253 001d 00000000 		.4byte	0
 254 0021 00000000 		.4byte	.Ldebug_line0
 255 0025 02       		.uleb128 0x2
 256 0026 01       		.byte	0x1
 257 0027 06       		.byte	0x6
 258 0028 EB010000 		.4byte	.LASF0
 259 002c 02       		.uleb128 0x2
 260 002d 01       		.byte	0x1
 261 002e 08       		.byte	0x8
 262 002f 0D010000 		.4byte	.LASF1
 263 0033 02       		.uleb128 0x2
 264 0034 02       		.byte	0x2
 265 0035 05       		.byte	0x5
 266 0036 49020000 		.4byte	.LASF2
 267 003a 02       		.uleb128 0x2
 268 003b 02       		.byte	0x2
 269 003c 07       		.byte	0x7
 270 003d D8010000 		.4byte	.LASF3
ARM GAS  C:\Users\Greg\AppData\Local\Temp\ccW4Hg5t.s 			page 8


 271 0041 02       		.uleb128 0x2
 272 0042 04       		.byte	0x4
 273 0043 05       		.byte	0x5
 274 0044 20010000 		.4byte	.LASF4
 275 0048 02       		.uleb128 0x2
 276 0049 04       		.byte	0x4
 277 004a 07       		.byte	0x7
 278 004b 6C000000 		.4byte	.LASF5
 279 004f 02       		.uleb128 0x2
 280 0050 08       		.byte	0x8
 281 0051 05       		.byte	0x5
 282 0052 00000000 		.4byte	.LASF6
 283 0056 02       		.uleb128 0x2
 284 0057 08       		.byte	0x8
 285 0058 07       		.byte	0x7
 286 0059 7E000000 		.4byte	.LASF7
 287 005d 03       		.uleb128 0x3
 288 005e 04       		.byte	0x4
 289 005f 05       		.byte	0x5
 290 0060 696E7400 		.ascii	"int\000"
 291 0064 02       		.uleb128 0x2
 292 0065 04       		.byte	0x4
 293 0066 07       		.byte	0x7
 294 0067 34000000 		.4byte	.LASF8
 295 006b 04       		.uleb128 0x4
 296 006c 66000000 		.4byte	.LASF12
 297 0070 02       		.byte	0x2
 298 0071 9201     		.2byte	0x192
 299 0073 2C000000 		.4byte	0x2c
 300 0077 02       		.uleb128 0x2
 301 0078 04       		.byte	0x4
 302 0079 04       		.byte	0x4
 303 007a 15020000 		.4byte	.LASF9
 304 007e 02       		.uleb128 0x2
 305 007f 08       		.byte	0x8
 306 0080 04       		.byte	0x4
 307 0081 D1010000 		.4byte	.LASF10
 308 0085 02       		.uleb128 0x2
 309 0086 01       		.byte	0x1
 310 0087 08       		.byte	0x8
 311 0088 1B010000 		.4byte	.LASF11
 312 008c 04       		.uleb128 0x4
 313 008d 53020000 		.4byte	.LASF13
 314 0091 02       		.byte	0x2
 315 0092 3C02     		.2byte	0x23c
 316 0094 98000000 		.4byte	0x98
 317 0098 05       		.uleb128 0x5
 318 0099 6B000000 		.4byte	0x6b
 319 009d 02       		.uleb128 0x2
 320 009e 04       		.byte	0x4
 321 009f 07       		.byte	0x7
 322 00a0 58020000 		.4byte	.LASF14
 323 00a4 06       		.uleb128 0x6
 324 00a5 B7010000 		.4byte	.LASF19
 325 00a9 01       		.byte	0x1
 326 00aa 25       		.byte	0x25
 327 00ab 6B000000 		.4byte	0x6b
ARM GAS  C:\Users\Greg\AppData\Local\Temp\ccW4Hg5t.s 			page 9


 328 00af 00000000 		.4byte	.LFB0
 329 00b3 18000000 		.4byte	.LFE0-.LFB0
 330 00b7 01       		.uleb128 0x1
 331 00b8 9C       		.byte	0x9c
 332 00b9 07       		.uleb128 0x7
 333 00ba 41000000 		.4byte	.LASF15
 334 00be 01       		.byte	0x1
 335 00bf 39       		.byte	0x39
 336 00c0 00000000 		.4byte	.LFB1
 337 00c4 30000000 		.4byte	.LFE1-.LFB1
 338 00c8 01       		.uleb128 0x1
 339 00c9 9C       		.byte	0x9c
 340 00ca DD000000 		.4byte	0xdd
 341 00ce 08       		.uleb128 0x8
 342 00cf 61020000 		.4byte	.LASF17
 343 00d3 01       		.byte	0x1
 344 00d4 3B       		.byte	0x3b
 345 00d5 6B000000 		.4byte	0x6b
 346 00d9 02       		.uleb128 0x2
 347 00da 91       		.byte	0x91
 348 00db 77       		.sleb128 -9
 349 00dc 00       		.byte	0
 350 00dd 07       		.uleb128 0x7
 351 00de 0E000000 		.4byte	.LASF16
 352 00e2 01       		.byte	0x1
 353 00e3 50       		.byte	0x50
 354 00e4 00000000 		.4byte	.LFB2
 355 00e8 30000000 		.4byte	.LFE2-.LFB2
 356 00ec 01       		.uleb128 0x1
 357 00ed 9C       		.byte	0x9c
 358 00ee 01010000 		.4byte	0x101
 359 00f2 08       		.uleb128 0x8
 360 00f3 61020000 		.4byte	.LASF17
 361 00f7 01       		.byte	0x1
 362 00f8 52       		.byte	0x52
 363 00f9 6B000000 		.4byte	0x6b
 364 00fd 02       		.uleb128 0x2
 365 00fe 91       		.byte	0x91
 366 00ff 77       		.sleb128 -9
 367 0100 00       		.byte	0
 368 0101 09       		.uleb128 0x9
 369 0102 95000000 		.4byte	.LASF18
 370 0106 01       		.byte	0x1
 371 0107 67       		.byte	0x67
 372 0108 00000000 		.4byte	.LFB3
 373 010c 20000000 		.4byte	.LFE3-.LFB3
 374 0110 01       		.uleb128 0x1
 375 0111 9C       		.byte	0x9c
 376 0112 25010000 		.4byte	0x125
 377 0116 0A       		.uleb128 0xa
 378 0117 B4000000 		.4byte	.LASF24
 379 011b 01       		.byte	0x1
 380 011c 67       		.byte	0x67
 381 011d 6B000000 		.4byte	0x6b
 382 0121 02       		.uleb128 0x2
 383 0122 91       		.byte	0x91
 384 0123 77       		.sleb128 -9
ARM GAS  C:\Users\Greg\AppData\Local\Temp\ccW4Hg5t.s 			page 10


 385 0124 00       		.byte	0
 386 0125 06       		.uleb128 0x6
 387 0126 F7010000 		.4byte	.LASF20
 388 012a 01       		.byte	0x1
 389 012b 7E       		.byte	0x7e
 390 012c 6B000000 		.4byte	0x6b
 391 0130 00000000 		.4byte	.LFB4
 392 0134 18000000 		.4byte	.LFE4-.LFB4
 393 0138 01       		.uleb128 0x1
 394 0139 9C       		.byte	0x9c
 395 013a 00       		.byte	0
 396              		.section	.debug_abbrev,"",%progbits
 397              	.Ldebug_abbrev0:
 398 0000 01       		.uleb128 0x1
 399 0001 11       		.uleb128 0x11
 400 0002 01       		.byte	0x1
 401 0003 25       		.uleb128 0x25
 402 0004 0E       		.uleb128 0xe
 403 0005 13       		.uleb128 0x13
 404 0006 0B       		.uleb128 0xb
 405 0007 03       		.uleb128 0x3
 406 0008 0E       		.uleb128 0xe
 407 0009 1B       		.uleb128 0x1b
 408 000a 0E       		.uleb128 0xe
 409 000b 55       		.uleb128 0x55
 410 000c 17       		.uleb128 0x17
 411 000d 11       		.uleb128 0x11
 412 000e 01       		.uleb128 0x1
 413 000f 10       		.uleb128 0x10
 414 0010 17       		.uleb128 0x17
 415 0011 00       		.byte	0
 416 0012 00       		.byte	0
 417 0013 02       		.uleb128 0x2
 418 0014 24       		.uleb128 0x24
 419 0015 00       		.byte	0
 420 0016 0B       		.uleb128 0xb
 421 0017 0B       		.uleb128 0xb
 422 0018 3E       		.uleb128 0x3e
 423 0019 0B       		.uleb128 0xb
 424 001a 03       		.uleb128 0x3
 425 001b 0E       		.uleb128 0xe
 426 001c 00       		.byte	0
 427 001d 00       		.byte	0
 428 001e 03       		.uleb128 0x3
 429 001f 24       		.uleb128 0x24
 430 0020 00       		.byte	0
 431 0021 0B       		.uleb128 0xb
 432 0022 0B       		.uleb128 0xb
 433 0023 3E       		.uleb128 0x3e
 434 0024 0B       		.uleb128 0xb
 435 0025 03       		.uleb128 0x3
 436 0026 08       		.uleb128 0x8
 437 0027 00       		.byte	0
 438 0028 00       		.byte	0
 439 0029 04       		.uleb128 0x4
 440 002a 16       		.uleb128 0x16
 441 002b 00       		.byte	0
ARM GAS  C:\Users\Greg\AppData\Local\Temp\ccW4Hg5t.s 			page 11


 442 002c 03       		.uleb128 0x3
 443 002d 0E       		.uleb128 0xe
 444 002e 3A       		.uleb128 0x3a
 445 002f 0B       		.uleb128 0xb
 446 0030 3B       		.uleb128 0x3b
 447 0031 05       		.uleb128 0x5
 448 0032 49       		.uleb128 0x49
 449 0033 13       		.uleb128 0x13
 450 0034 00       		.byte	0
 451 0035 00       		.byte	0
 452 0036 05       		.uleb128 0x5
 453 0037 35       		.uleb128 0x35
 454 0038 00       		.byte	0
 455 0039 49       		.uleb128 0x49
 456 003a 13       		.uleb128 0x13
 457 003b 00       		.byte	0
 458 003c 00       		.byte	0
 459 003d 06       		.uleb128 0x6
 460 003e 2E       		.uleb128 0x2e
 461 003f 00       		.byte	0
 462 0040 3F       		.uleb128 0x3f
 463 0041 19       		.uleb128 0x19
 464 0042 03       		.uleb128 0x3
 465 0043 0E       		.uleb128 0xe
 466 0044 3A       		.uleb128 0x3a
 467 0045 0B       		.uleb128 0xb
 468 0046 3B       		.uleb128 0x3b
 469 0047 0B       		.uleb128 0xb
 470 0048 27       		.uleb128 0x27
 471 0049 19       		.uleb128 0x19
 472 004a 49       		.uleb128 0x49
 473 004b 13       		.uleb128 0x13
 474 004c 11       		.uleb128 0x11
 475 004d 01       		.uleb128 0x1
 476 004e 12       		.uleb128 0x12
 477 004f 06       		.uleb128 0x6
 478 0050 40       		.uleb128 0x40
 479 0051 18       		.uleb128 0x18
 480 0052 9742     		.uleb128 0x2117
 481 0054 19       		.uleb128 0x19
 482 0055 00       		.byte	0
 483 0056 00       		.byte	0
 484 0057 07       		.uleb128 0x7
 485 0058 2E       		.uleb128 0x2e
 486 0059 01       		.byte	0x1
 487 005a 3F       		.uleb128 0x3f
 488 005b 19       		.uleb128 0x19
 489 005c 03       		.uleb128 0x3
 490 005d 0E       		.uleb128 0xe
 491 005e 3A       		.uleb128 0x3a
 492 005f 0B       		.uleb128 0xb
 493 0060 3B       		.uleb128 0x3b
 494 0061 0B       		.uleb128 0xb
 495 0062 27       		.uleb128 0x27
 496 0063 19       		.uleb128 0x19
 497 0064 11       		.uleb128 0x11
 498 0065 01       		.uleb128 0x1
ARM GAS  C:\Users\Greg\AppData\Local\Temp\ccW4Hg5t.s 			page 12


 499 0066 12       		.uleb128 0x12
 500 0067 06       		.uleb128 0x6
 501 0068 40       		.uleb128 0x40
 502 0069 18       		.uleb128 0x18
 503 006a 9642     		.uleb128 0x2116
 504 006c 19       		.uleb128 0x19
 505 006d 01       		.uleb128 0x1
 506 006e 13       		.uleb128 0x13
 507 006f 00       		.byte	0
 508 0070 00       		.byte	0
 509 0071 08       		.uleb128 0x8
 510 0072 34       		.uleb128 0x34
 511 0073 00       		.byte	0
 512 0074 03       		.uleb128 0x3
 513 0075 0E       		.uleb128 0xe
 514 0076 3A       		.uleb128 0x3a
 515 0077 0B       		.uleb128 0xb
 516 0078 3B       		.uleb128 0x3b
 517 0079 0B       		.uleb128 0xb
 518 007a 49       		.uleb128 0x49
 519 007b 13       		.uleb128 0x13
 520 007c 02       		.uleb128 0x2
 521 007d 18       		.uleb128 0x18
 522 007e 00       		.byte	0
 523 007f 00       		.byte	0
 524 0080 09       		.uleb128 0x9
 525 0081 2E       		.uleb128 0x2e
 526 0082 01       		.byte	0x1
 527 0083 3F       		.uleb128 0x3f
 528 0084 19       		.uleb128 0x19
 529 0085 03       		.uleb128 0x3
 530 0086 0E       		.uleb128 0xe
 531 0087 3A       		.uleb128 0x3a
 532 0088 0B       		.uleb128 0xb
 533 0089 3B       		.uleb128 0x3b
 534 008a 0B       		.uleb128 0xb
 535 008b 27       		.uleb128 0x27
 536 008c 19       		.uleb128 0x19
 537 008d 11       		.uleb128 0x11
 538 008e 01       		.uleb128 0x1
 539 008f 12       		.uleb128 0x12
 540 0090 06       		.uleb128 0x6
 541 0091 40       		.uleb128 0x40
 542 0092 18       		.uleb128 0x18
 543 0093 9742     		.uleb128 0x2117
 544 0095 19       		.uleb128 0x19
 545 0096 01       		.uleb128 0x1
 546 0097 13       		.uleb128 0x13
 547 0098 00       		.byte	0
 548 0099 00       		.byte	0
 549 009a 0A       		.uleb128 0xa
 550 009b 05       		.uleb128 0x5
 551 009c 00       		.byte	0
 552 009d 03       		.uleb128 0x3
 553 009e 0E       		.uleb128 0xe
 554 009f 3A       		.uleb128 0x3a
 555 00a0 0B       		.uleb128 0xb
ARM GAS  C:\Users\Greg\AppData\Local\Temp\ccW4Hg5t.s 			page 13


 556 00a1 3B       		.uleb128 0x3b
 557 00a2 0B       		.uleb128 0xb
 558 00a3 49       		.uleb128 0x49
 559 00a4 13       		.uleb128 0x13
 560 00a5 02       		.uleb128 0x2
 561 00a6 18       		.uleb128 0x18
 562 00a7 00       		.byte	0
 563 00a8 00       		.byte	0
 564 00a9 00       		.byte	0
 565              		.section	.debug_aranges,"",%progbits
 566 0000 3C000000 		.4byte	0x3c
 567 0004 0200     		.2byte	0x2
 568 0006 00000000 		.4byte	.Ldebug_info0
 569 000a 04       		.byte	0x4
 570 000b 00       		.byte	0
 571 000c 0000     		.2byte	0
 572 000e 0000     		.2byte	0
 573 0010 00000000 		.4byte	.LFB0
 574 0014 18000000 		.4byte	.LFE0-.LFB0
 575 0018 00000000 		.4byte	.LFB1
 576 001c 30000000 		.4byte	.LFE1-.LFB1
 577 0020 00000000 		.4byte	.LFB2
 578 0024 30000000 		.4byte	.LFE2-.LFB2
 579 0028 00000000 		.4byte	.LFB3
 580 002c 20000000 		.4byte	.LFE3-.LFB3
 581 0030 00000000 		.4byte	.LFB4
 582 0034 18000000 		.4byte	.LFE4-.LFB4
 583 0038 00000000 		.4byte	0
 584 003c 00000000 		.4byte	0
 585              		.section	.debug_ranges,"",%progbits
 586              	.Ldebug_ranges0:
 587 0000 00000000 		.4byte	.LFB0
 588 0004 18000000 		.4byte	.LFE0
 589 0008 00000000 		.4byte	.LFB1
 590 000c 30000000 		.4byte	.LFE1
 591 0010 00000000 		.4byte	.LFB2
 592 0014 30000000 		.4byte	.LFE2
 593 0018 00000000 		.4byte	.LFB3
 594 001c 20000000 		.4byte	.LFE3
 595 0020 00000000 		.4byte	.LFB4
 596 0024 18000000 		.4byte	.LFE4
 597 0028 00000000 		.4byte	0
 598 002c 00000000 		.4byte	0
 599              		.section	.debug_line,"",%progbits
 600              	.Ldebug_line0:
 601 0000 B3000000 		.section	.debug_str,"MS",%progbits,1
 601      02005100 
 601      00000201 
 601      FB0E0D00 
 601      01010101 
 602              	.LASF6:
 603 0000 6C6F6E67 		.ascii	"long long int\000"
 603      206C6F6E 
 603      6720696E 
 603      7400
 604              	.LASF16:
 605 000e 44696769 		.ascii	"Digital_Input_Status_InterruptDisable\000"
ARM GAS  C:\Users\Greg\AppData\Local\Temp\ccW4Hg5t.s 			page 14


 605      74616C5F 
 605      496E7075 
 605      745F5374 
 605      61747573 
 606              	.LASF8:
 607 0034 756E7369 		.ascii	"unsigned int\000"
 607      676E6564 
 607      20696E74 
 607      00
 608              	.LASF15:
 609 0041 44696769 		.ascii	"Digital_Input_Status_InterruptEnable\000"
 609      74616C5F 
 609      496E7075 
 609      745F5374 
 609      61747573 
 610              	.LASF12:
 611 0066 75696E74 		.ascii	"uint8\000"
 611      3800
 612              	.LASF5:
 613 006c 6C6F6E67 		.ascii	"long unsigned int\000"
 613      20756E73 
 613      69676E65 
 613      6420696E 
 613      7400
 614              	.LASF7:
 615 007e 6C6F6E67 		.ascii	"long long unsigned int\000"
 615      206C6F6E 
 615      6720756E 
 615      7369676E 
 615      65642069 
 616              	.LASF18:
 617 0095 44696769 		.ascii	"Digital_Input_Status_WriteMask\000"
 617      74616C5F 
 617      496E7075 
 617      745F5374 
 617      61747573 
 618              	.LASF24:
 619 00b4 6D61736B 		.ascii	"mask\000"
 619      00
 620              	.LASF23:
 621 00b9 433A5C53 		.ascii	"C:\\SVN\\apps\\trunk\\Cypress Academy\\PSoC-121-Ana"
 621      564E5C61 
 621      7070735C 
 621      7472756E 
 621      6B5C4379 
 622 00e7 6C6F675C 		.ascii	"log\\Scope\\KEES_Scope\\PSoC\\Scope.cydsn\000"
 622      53636F70 
 622      655C4B45 
 622      45535F53 
 622      636F7065 
 623              	.LASF1:
 624 010d 756E7369 		.ascii	"unsigned char\000"
 624      676E6564 
 624      20636861 
 624      7200
 625              	.LASF11:
 626 011b 63686172 		.ascii	"char\000"
ARM GAS  C:\Users\Greg\AppData\Local\Temp\ccW4Hg5t.s 			page 15


 626      00
 627              	.LASF4:
 628 0120 6C6F6E67 		.ascii	"long int\000"
 628      20696E74 
 628      00
 629              	.LASF21:
 630 0129 474E5520 		.ascii	"GNU C 4.9.3 20150303 (release) [ARM/embedded-4_9-br"
 630      4320342E 
 630      392E3320 
 630      32303135 
 630      30333033 
 631 015c 616E6368 		.ascii	"anch revision 221220] -mcpu=cortex-m3 -mthumb -g -O"
 631      20726576 
 631      6973696F 
 631      6E203232 
 631      31323230 
 632 018f 30202D66 		.ascii	"0 -ffunction-sections -ffat-lto-objects\000"
 632      66756E63 
 632      74696F6E 
 632      2D736563 
 632      74696F6E 
 633              	.LASF19:
 634 01b7 44696769 		.ascii	"Digital_Input_Status_Read\000"
 634      74616C5F 
 634      496E7075 
 634      745F5374 
 634      61747573 
 635              	.LASF10:
 636 01d1 646F7562 		.ascii	"double\000"
 636      6C6500
 637              	.LASF3:
 638 01d8 73686F72 		.ascii	"short unsigned int\000"
 638      7420756E 
 638      7369676E 
 638      65642069 
 638      6E7400
 639              	.LASF0:
 640 01eb 7369676E 		.ascii	"signed char\000"
 640      65642063 
 640      68617200 
 641              	.LASF20:
 642 01f7 44696769 		.ascii	"Digital_Input_Status_ReadMask\000"
 642      74616C5F 
 642      496E7075 
 642      745F5374 
 642      61747573 
 643              	.LASF9:
 644 0215 666C6F61 		.ascii	"float\000"
 644      7400
 645              	.LASF22:
 646 021b 47656E65 		.ascii	"Generated_Source\\PSoC5\\Digital_Input_Status.c\000"
 646      72617465 
 646      645F536F 
 646      75726365 
 646      5C50536F 
 647              	.LASF2:
 648 0249 73686F72 		.ascii	"short int\000"
ARM GAS  C:\Users\Greg\AppData\Local\Temp\ccW4Hg5t.s 			page 16


 648      7420696E 
 648      7400
 649              	.LASF13:
 650 0253 72656738 		.ascii	"reg8\000"
 650      00
 651              	.LASF14:
 652 0258 73697A65 		.ascii	"sizetype\000"
 652      74797065 
 652      00
 653              	.LASF17:
 654 0261 696E7465 		.ascii	"interruptState\000"
 654      72727570 
 654      74537461 
 654      746500
 655              		.ident	"GCC: (GNU Tools for ARM Embedded Processors) 4.9.3 20150303 (release) [ARM/embedded-4_9-br
