ARM GAS  C:\Users\Greg\AppData\Local\Temp\cck9K1Ke.s 			page 1


   1              		.syntax unified
   2              		.cpu cortex-m3
   3              		.fpu softvfp
   4              		.eabi_attribute 20, 1
   5              		.eabi_attribute 21, 1
   6              		.eabi_attribute 23, 3
   7              		.eabi_attribute 24, 1
   8              		.eabi_attribute 25, 1
   9              		.eabi_attribute 26, 1
  10              		.eabi_attribute 30, 6
  11              		.eabi_attribute 34, 1
  12              		.eabi_attribute 18, 4
  13              		.thumb
  14              		.file	"Digital_Out_Control.c"
  15              		.text
  16              	.Ltext0:
  17              		.cfi_sections	.debug_frame
  18              		.section	.text.Digital_Out_Control_Write,"ax",%progbits
  19              		.align	2
  20              		.global	Digital_Out_Control_Write
  21              		.thumb
  22              		.thumb_func
  23              		.type	Digital_Out_Control_Write, %function
  24              	Digital_Out_Control_Write:
  25              	.LFB0:
  26              		.file 1 "Generated_Source\\PSoC5\\Digital_Out_Control.c"
   1:Generated_Source\PSoC5/Digital_Out_Control.c **** /*******************************************************************************
   2:Generated_Source\PSoC5/Digital_Out_Control.c **** * File Name: Digital_Out_Control.c  
   3:Generated_Source\PSoC5/Digital_Out_Control.c **** * Version 1.80
   4:Generated_Source\PSoC5/Digital_Out_Control.c **** *
   5:Generated_Source\PSoC5/Digital_Out_Control.c **** * Description:
   6:Generated_Source\PSoC5/Digital_Out_Control.c **** *  This file contains API to enable firmware control of a Control Register.
   7:Generated_Source\PSoC5/Digital_Out_Control.c **** *
   8:Generated_Source\PSoC5/Digital_Out_Control.c **** * Note:
   9:Generated_Source\PSoC5/Digital_Out_Control.c **** *
  10:Generated_Source\PSoC5/Digital_Out_Control.c **** ********************************************************************************
  11:Generated_Source\PSoC5/Digital_Out_Control.c **** * Copyright 2008-2015, Cypress Semiconductor Corporation.  All rights reserved.
  12:Generated_Source\PSoC5/Digital_Out_Control.c **** * You may use this file only in accordance with the license, terms, conditions, 
  13:Generated_Source\PSoC5/Digital_Out_Control.c **** * disclaimers, and limitations in the end user license agreement accompanying 
  14:Generated_Source\PSoC5/Digital_Out_Control.c **** * the software package with which this file was provided.
  15:Generated_Source\PSoC5/Digital_Out_Control.c **** *******************************************************************************/
  16:Generated_Source\PSoC5/Digital_Out_Control.c **** 
  17:Generated_Source\PSoC5/Digital_Out_Control.c **** #include "Digital_Out_Control.h"
  18:Generated_Source\PSoC5/Digital_Out_Control.c **** 
  19:Generated_Source\PSoC5/Digital_Out_Control.c **** /* Check for removal by optimization */
  20:Generated_Source\PSoC5/Digital_Out_Control.c **** #if !defined(Digital_Out_Control_Sync_ctrl_reg__REMOVED)
  21:Generated_Source\PSoC5/Digital_Out_Control.c **** 
  22:Generated_Source\PSoC5/Digital_Out_Control.c ****     
  23:Generated_Source\PSoC5/Digital_Out_Control.c **** /*******************************************************************************
  24:Generated_Source\PSoC5/Digital_Out_Control.c **** * Function Name: Digital_Out_Control_Write
  25:Generated_Source\PSoC5/Digital_Out_Control.c **** ********************************************************************************
  26:Generated_Source\PSoC5/Digital_Out_Control.c **** *
  27:Generated_Source\PSoC5/Digital_Out_Control.c **** * Summary:
  28:Generated_Source\PSoC5/Digital_Out_Control.c **** *  Write a byte to the Control Register.
  29:Generated_Source\PSoC5/Digital_Out_Control.c **** *
  30:Generated_Source\PSoC5/Digital_Out_Control.c **** * Parameters:
  31:Generated_Source\PSoC5/Digital_Out_Control.c **** *  control:  The value to be assigned to the Control Register.
ARM GAS  C:\Users\Greg\AppData\Local\Temp\cck9K1Ke.s 			page 2


  32:Generated_Source\PSoC5/Digital_Out_Control.c **** *
  33:Generated_Source\PSoC5/Digital_Out_Control.c **** * Return:
  34:Generated_Source\PSoC5/Digital_Out_Control.c **** *  None.
  35:Generated_Source\PSoC5/Digital_Out_Control.c **** *
  36:Generated_Source\PSoC5/Digital_Out_Control.c **** *******************************************************************************/
  37:Generated_Source\PSoC5/Digital_Out_Control.c **** void Digital_Out_Control_Write(uint8 control) 
  38:Generated_Source\PSoC5/Digital_Out_Control.c **** {
  27              		.loc 1 38 0
  28              		.cfi_startproc
  29              		@ args = 0, pretend = 0, frame = 8
  30              		@ frame_needed = 1, uses_anonymous_args = 0
  31              		@ link register save eliminated.
  32 0000 80B4     		push	{r7}
  33              		.cfi_def_cfa_offset 4
  34              		.cfi_offset 7, -4
  35 0002 83B0     		sub	sp, sp, #12
  36              		.cfi_def_cfa_offset 16
  37 0004 00AF     		add	r7, sp, #0
  38              		.cfi_def_cfa_register 7
  39 0006 0346     		mov	r3, r0
  40 0008 FB71     		strb	r3, [r7, #7]
  39:Generated_Source\PSoC5/Digital_Out_Control.c ****     Digital_Out_Control_Control = control;
  41              		.loc 1 39 0
  42 000a 044A     		ldr	r2, .L2
  43 000c FB79     		ldrb	r3, [r7, #7]
  44 000e 1370     		strb	r3, [r2]
  40:Generated_Source\PSoC5/Digital_Out_Control.c **** }
  45              		.loc 1 40 0
  46 0010 0C37     		adds	r7, r7, #12
  47              		.cfi_def_cfa_offset 4
  48 0012 BD46     		mov	sp, r7
  49              		.cfi_def_cfa_register 13
  50              		@ sp needed
  51 0014 5DF8047B 		ldr	r7, [sp], #4
  52              		.cfi_restore 7
  53              		.cfi_def_cfa_offset 0
  54 0018 7047     		bx	lr
  55              	.L3:
  56 001a 00BF     		.align	2
  57              	.L2:
  58 001c 72640040 		.word	1073767538
  59              		.cfi_endproc
  60              	.LFE0:
  61              		.size	Digital_Out_Control_Write, .-Digital_Out_Control_Write
  62              		.section	.text.Digital_Out_Control_Read,"ax",%progbits
  63              		.align	2
  64              		.global	Digital_Out_Control_Read
  65              		.thumb
  66              		.thumb_func
  67              		.type	Digital_Out_Control_Read, %function
  68              	Digital_Out_Control_Read:
  69              	.LFB1:
  41:Generated_Source\PSoC5/Digital_Out_Control.c **** 
  42:Generated_Source\PSoC5/Digital_Out_Control.c **** 
  43:Generated_Source\PSoC5/Digital_Out_Control.c **** /*******************************************************************************
  44:Generated_Source\PSoC5/Digital_Out_Control.c **** * Function Name: Digital_Out_Control_Read
  45:Generated_Source\PSoC5/Digital_Out_Control.c **** ********************************************************************************
ARM GAS  C:\Users\Greg\AppData\Local\Temp\cck9K1Ke.s 			page 3


  46:Generated_Source\PSoC5/Digital_Out_Control.c **** *
  47:Generated_Source\PSoC5/Digital_Out_Control.c **** * Summary:
  48:Generated_Source\PSoC5/Digital_Out_Control.c **** *  Reads the current value assigned to the Control Register.
  49:Generated_Source\PSoC5/Digital_Out_Control.c **** *
  50:Generated_Source\PSoC5/Digital_Out_Control.c **** * Parameters:
  51:Generated_Source\PSoC5/Digital_Out_Control.c **** *  None.
  52:Generated_Source\PSoC5/Digital_Out_Control.c **** *
  53:Generated_Source\PSoC5/Digital_Out_Control.c **** * Return:
  54:Generated_Source\PSoC5/Digital_Out_Control.c **** *  Returns the current value in the Control Register.
  55:Generated_Source\PSoC5/Digital_Out_Control.c **** *
  56:Generated_Source\PSoC5/Digital_Out_Control.c **** *******************************************************************************/
  57:Generated_Source\PSoC5/Digital_Out_Control.c **** uint8 Digital_Out_Control_Read(void) 
  58:Generated_Source\PSoC5/Digital_Out_Control.c **** {
  70              		.loc 1 58 0
  71              		.cfi_startproc
  72              		@ args = 0, pretend = 0, frame = 0
  73              		@ frame_needed = 1, uses_anonymous_args = 0
  74              		@ link register save eliminated.
  75 0000 80B4     		push	{r7}
  76              		.cfi_def_cfa_offset 4
  77              		.cfi_offset 7, -4
  78 0002 00AF     		add	r7, sp, #0
  79              		.cfi_def_cfa_register 7
  59:Generated_Source\PSoC5/Digital_Out_Control.c ****     return Digital_Out_Control_Control;
  80              		.loc 1 59 0
  81 0004 034B     		ldr	r3, .L6
  82 0006 1B78     		ldrb	r3, [r3]
  83 0008 DBB2     		uxtb	r3, r3
  60:Generated_Source\PSoC5/Digital_Out_Control.c **** }
  84              		.loc 1 60 0
  85 000a 1846     		mov	r0, r3
  86 000c BD46     		mov	sp, r7
  87              		.cfi_def_cfa_register 13
  88              		@ sp needed
  89 000e 5DF8047B 		ldr	r7, [sp], #4
  90              		.cfi_restore 7
  91              		.cfi_def_cfa_offset 0
  92 0012 7047     		bx	lr
  93              	.L7:
  94              		.align	2
  95              	.L6:
  96 0014 72640040 		.word	1073767538
  97              		.cfi_endproc
  98              	.LFE1:
  99              		.size	Digital_Out_Control_Read, .-Digital_Out_Control_Read
 100              		.text
 101              	.Letext0:
 102              		.file 2 "Generated_Source\\PSoC5\\cytypes.h"
 103              		.section	.debug_info,"",%progbits
 104              	.Ldebug_info0:
 105 0000 D3000000 		.4byte	0xd3
 106 0004 0400     		.2byte	0x4
 107 0006 00000000 		.4byte	.Ldebug_abbrev0
 108 000a 04       		.byte	0x4
 109 000b 01       		.uleb128 0x1
 110 000c 2D000000 		.4byte	.LASF14
 111 0010 01       		.byte	0x1
ARM GAS  C:\Users\Greg\AppData\Local\Temp\cck9K1Ke.s 			page 4


 112 0011 00000000 		.4byte	.LASF15
 113 0015 CF000000 		.4byte	.LASF16
 114 0019 00000000 		.4byte	.Ldebug_ranges0+0
 115 001d 00000000 		.4byte	0
 116 0021 00000000 		.4byte	.Ldebug_line0
 117 0025 02       		.uleb128 0x2
 118 0026 01       		.byte	0x1
 119 0027 06       		.byte	0x6
 120 0028 DF010000 		.4byte	.LASF0
 121 002c 02       		.uleb128 0x2
 122 002d 01       		.byte	0x1
 123 002e 08       		.byte	0x8
 124 002f C1000000 		.4byte	.LASF1
 125 0033 02       		.uleb128 0x2
 126 0034 02       		.byte	0x2
 127 0035 05       		.byte	0x5
 128 0036 C6010000 		.4byte	.LASF2
 129 003a 02       		.uleb128 0x2
 130 003b 02       		.byte	0x2
 131 003c 07       		.byte	0x7
 132 003d 35010000 		.4byte	.LASF3
 133 0041 02       		.uleb128 0x2
 134 0042 04       		.byte	0x4
 135 0043 05       		.byte	0x5
 136 0044 D6010000 		.4byte	.LASF4
 137 0048 02       		.uleb128 0x2
 138 0049 04       		.byte	0x4
 139 004a 07       		.byte	0x7
 140 004b 23010000 		.4byte	.LASF5
 141 004f 02       		.uleb128 0x2
 142 0050 08       		.byte	0x8
 143 0051 05       		.byte	0x5
 144 0052 B3010000 		.4byte	.LASF6
 145 0056 02       		.uleb128 0x2
 146 0057 08       		.byte	0x8
 147 0058 07       		.byte	0x7
 148 0059 64010000 		.4byte	.LASF7
 149 005d 03       		.uleb128 0x3
 150 005e 04       		.byte	0x4
 151 005f 05       		.byte	0x5
 152 0060 696E7400 		.ascii	"int\000"
 153 0064 02       		.uleb128 0x2
 154 0065 04       		.byte	0x4
 155 0066 07       		.byte	0x7
 156 0067 57010000 		.4byte	.LASF8
 157 006b 04       		.uleb128 0x4
 158 006c D0010000 		.4byte	.LASF12
 159 0070 02       		.byte	0x2
 160 0071 9201     		.2byte	0x192
 161 0073 2C000000 		.4byte	0x2c
 162 0077 02       		.uleb128 0x2
 163 0078 04       		.byte	0x4
 164 0079 04       		.byte	0x4
 165 007a BB000000 		.4byte	.LASF9
 166 007e 02       		.uleb128 0x2
 167 007f 08       		.byte	0x8
 168 0080 04       		.byte	0x4
ARM GAS  C:\Users\Greg\AppData\Local\Temp\cck9K1Ke.s 			page 5


 169 0081 50010000 		.4byte	.LASF10
 170 0085 02       		.uleb128 0x2
 171 0086 01       		.byte	0x1
 172 0087 08       		.byte	0x8
 173 0088 C1010000 		.4byte	.LASF11
 174 008c 04       		.uleb128 0x4
 175 008d 95010000 		.4byte	.LASF13
 176 0091 02       		.byte	0x2
 177 0092 3C02     		.2byte	0x23c
 178 0094 98000000 		.4byte	0x98
 179 0098 05       		.uleb128 0x5
 180 0099 6B000000 		.4byte	0x6b
 181 009d 06       		.uleb128 0x6
 182 009e 7B010000 		.4byte	.LASF17
 183 00a2 01       		.byte	0x1
 184 00a3 25       		.byte	0x25
 185 00a4 00000000 		.4byte	.LFB0
 186 00a8 20000000 		.4byte	.LFE0-.LFB0
 187 00ac 01       		.uleb128 0x1
 188 00ad 9C       		.byte	0x9c
 189 00ae C1000000 		.4byte	0xc1
 190 00b2 07       		.uleb128 0x7
 191 00b3 48010000 		.4byte	.LASF18
 192 00b7 01       		.byte	0x1
 193 00b8 25       		.byte	0x25
 194 00b9 6B000000 		.4byte	0x6b
 195 00bd 02       		.uleb128 0x2
 196 00be 91       		.byte	0x91
 197 00bf 77       		.sleb128 -9
 198 00c0 00       		.byte	0
 199 00c1 08       		.uleb128 0x8
 200 00c2 9A010000 		.4byte	.LASF19
 201 00c6 01       		.byte	0x1
 202 00c7 39       		.byte	0x39
 203 00c8 6B000000 		.4byte	0x6b
 204 00cc 00000000 		.4byte	.LFB1
 205 00d0 18000000 		.4byte	.LFE1-.LFB1
 206 00d4 01       		.uleb128 0x1
 207 00d5 9C       		.byte	0x9c
 208 00d6 00       		.byte	0
 209              		.section	.debug_abbrev,"",%progbits
 210              	.Ldebug_abbrev0:
 211 0000 01       		.uleb128 0x1
 212 0001 11       		.uleb128 0x11
 213 0002 01       		.byte	0x1
 214 0003 25       		.uleb128 0x25
 215 0004 0E       		.uleb128 0xe
 216 0005 13       		.uleb128 0x13
 217 0006 0B       		.uleb128 0xb
 218 0007 03       		.uleb128 0x3
 219 0008 0E       		.uleb128 0xe
 220 0009 1B       		.uleb128 0x1b
 221 000a 0E       		.uleb128 0xe
 222 000b 55       		.uleb128 0x55
 223 000c 17       		.uleb128 0x17
 224 000d 11       		.uleb128 0x11
 225 000e 01       		.uleb128 0x1
ARM GAS  C:\Users\Greg\AppData\Local\Temp\cck9K1Ke.s 			page 6


 226 000f 10       		.uleb128 0x10
 227 0010 17       		.uleb128 0x17
 228 0011 00       		.byte	0
 229 0012 00       		.byte	0
 230 0013 02       		.uleb128 0x2
 231 0014 24       		.uleb128 0x24
 232 0015 00       		.byte	0
 233 0016 0B       		.uleb128 0xb
 234 0017 0B       		.uleb128 0xb
 235 0018 3E       		.uleb128 0x3e
 236 0019 0B       		.uleb128 0xb
 237 001a 03       		.uleb128 0x3
 238 001b 0E       		.uleb128 0xe
 239 001c 00       		.byte	0
 240 001d 00       		.byte	0
 241 001e 03       		.uleb128 0x3
 242 001f 24       		.uleb128 0x24
 243 0020 00       		.byte	0
 244 0021 0B       		.uleb128 0xb
 245 0022 0B       		.uleb128 0xb
 246 0023 3E       		.uleb128 0x3e
 247 0024 0B       		.uleb128 0xb
 248 0025 03       		.uleb128 0x3
 249 0026 08       		.uleb128 0x8
 250 0027 00       		.byte	0
 251 0028 00       		.byte	0
 252 0029 04       		.uleb128 0x4
 253 002a 16       		.uleb128 0x16
 254 002b 00       		.byte	0
 255 002c 03       		.uleb128 0x3
 256 002d 0E       		.uleb128 0xe
 257 002e 3A       		.uleb128 0x3a
 258 002f 0B       		.uleb128 0xb
 259 0030 3B       		.uleb128 0x3b
 260 0031 05       		.uleb128 0x5
 261 0032 49       		.uleb128 0x49
 262 0033 13       		.uleb128 0x13
 263 0034 00       		.byte	0
 264 0035 00       		.byte	0
 265 0036 05       		.uleb128 0x5
 266 0037 35       		.uleb128 0x35
 267 0038 00       		.byte	0
 268 0039 49       		.uleb128 0x49
 269 003a 13       		.uleb128 0x13
 270 003b 00       		.byte	0
 271 003c 00       		.byte	0
 272 003d 06       		.uleb128 0x6
 273 003e 2E       		.uleb128 0x2e
 274 003f 01       		.byte	0x1
 275 0040 3F       		.uleb128 0x3f
 276 0041 19       		.uleb128 0x19
 277 0042 03       		.uleb128 0x3
 278 0043 0E       		.uleb128 0xe
 279 0044 3A       		.uleb128 0x3a
 280 0045 0B       		.uleb128 0xb
 281 0046 3B       		.uleb128 0x3b
 282 0047 0B       		.uleb128 0xb
ARM GAS  C:\Users\Greg\AppData\Local\Temp\cck9K1Ke.s 			page 7


 283 0048 27       		.uleb128 0x27
 284 0049 19       		.uleb128 0x19
 285 004a 11       		.uleb128 0x11
 286 004b 01       		.uleb128 0x1
 287 004c 12       		.uleb128 0x12
 288 004d 06       		.uleb128 0x6
 289 004e 40       		.uleb128 0x40
 290 004f 18       		.uleb128 0x18
 291 0050 9742     		.uleb128 0x2117
 292 0052 19       		.uleb128 0x19
 293 0053 01       		.uleb128 0x1
 294 0054 13       		.uleb128 0x13
 295 0055 00       		.byte	0
 296 0056 00       		.byte	0
 297 0057 07       		.uleb128 0x7
 298 0058 05       		.uleb128 0x5
 299 0059 00       		.byte	0
 300 005a 03       		.uleb128 0x3
 301 005b 0E       		.uleb128 0xe
 302 005c 3A       		.uleb128 0x3a
 303 005d 0B       		.uleb128 0xb
 304 005e 3B       		.uleb128 0x3b
 305 005f 0B       		.uleb128 0xb
 306 0060 49       		.uleb128 0x49
 307 0061 13       		.uleb128 0x13
 308 0062 02       		.uleb128 0x2
 309 0063 18       		.uleb128 0x18
 310 0064 00       		.byte	0
 311 0065 00       		.byte	0
 312 0066 08       		.uleb128 0x8
 313 0067 2E       		.uleb128 0x2e
 314 0068 00       		.byte	0
 315 0069 3F       		.uleb128 0x3f
 316 006a 19       		.uleb128 0x19
 317 006b 03       		.uleb128 0x3
 318 006c 0E       		.uleb128 0xe
 319 006d 3A       		.uleb128 0x3a
 320 006e 0B       		.uleb128 0xb
 321 006f 3B       		.uleb128 0x3b
 322 0070 0B       		.uleb128 0xb
 323 0071 27       		.uleb128 0x27
 324 0072 19       		.uleb128 0x19
 325 0073 49       		.uleb128 0x49
 326 0074 13       		.uleb128 0x13
 327 0075 11       		.uleb128 0x11
 328 0076 01       		.uleb128 0x1
 329 0077 12       		.uleb128 0x12
 330 0078 06       		.uleb128 0x6
 331 0079 40       		.uleb128 0x40
 332 007a 18       		.uleb128 0x18
 333 007b 9742     		.uleb128 0x2117
 334 007d 19       		.uleb128 0x19
 335 007e 00       		.byte	0
 336 007f 00       		.byte	0
 337 0080 00       		.byte	0
 338              		.section	.debug_aranges,"",%progbits
 339 0000 24000000 		.4byte	0x24
ARM GAS  C:\Users\Greg\AppData\Local\Temp\cck9K1Ke.s 			page 8


 340 0004 0200     		.2byte	0x2
 341 0006 00000000 		.4byte	.Ldebug_info0
 342 000a 04       		.byte	0x4
 343 000b 00       		.byte	0
 344 000c 0000     		.2byte	0
 345 000e 0000     		.2byte	0
 346 0010 00000000 		.4byte	.LFB0
 347 0014 20000000 		.4byte	.LFE0-.LFB0
 348 0018 00000000 		.4byte	.LFB1
 349 001c 18000000 		.4byte	.LFE1-.LFB1
 350 0020 00000000 		.4byte	0
 351 0024 00000000 		.4byte	0
 352              		.section	.debug_ranges,"",%progbits
 353              	.Ldebug_ranges0:
 354 0000 00000000 		.4byte	.LFB0
 355 0004 20000000 		.4byte	.LFE0
 356 0008 00000000 		.4byte	.LFB1
 357 000c 18000000 		.4byte	.LFE1
 358 0010 00000000 		.4byte	0
 359 0014 00000000 		.4byte	0
 360              		.section	.debug_line,"",%progbits
 361              	.Ldebug_line0:
 362 0000 78000000 		.section	.debug_str,"MS",%progbits,1
 362      02005000 
 362      00000201 
 362      FB0E0D00 
 362      01010101 
 363              	.LASF15:
 364 0000 47656E65 		.ascii	"Generated_Source\\PSoC5\\Digital_Out_Control.c\000"
 364      72617465 
 364      645F536F 
 364      75726365 
 364      5C50536F 
 365              	.LASF14:
 366 002d 474E5520 		.ascii	"GNU C 4.9.3 20150303 (release) [ARM/embedded-4_9-br"
 366      4320342E 
 366      392E3320 
 366      32303135 
 366      30333033 
 367 0060 616E6368 		.ascii	"anch revision 221220] -mcpu=cortex-m3 -mthumb -g -O"
 367      20726576 
 367      6973696F 
 367      6E203232 
 367      31323230 
 368 0093 30202D66 		.ascii	"0 -ffunction-sections -ffat-lto-objects\000"
 368      66756E63 
 368      74696F6E 
 368      2D736563 
 368      74696F6E 
 369              	.LASF9:
 370 00bb 666C6F61 		.ascii	"float\000"
 370      7400
 371              	.LASF1:
 372 00c1 756E7369 		.ascii	"unsigned char\000"
 372      676E6564 
 372      20636861 
 372      7200
ARM GAS  C:\Users\Greg\AppData\Local\Temp\cck9K1Ke.s 			page 9


 373              	.LASF16:
 374 00cf 433A5C53 		.ascii	"C:\\SVN\\apps\\trunk\\Cypress Academy\\PSoC-121-Ana"
 374      564E5C61 
 374      7070735C 
 374      7472756E 
 374      6B5C4379 
 375 00fd 6C6F675C 		.ascii	"log\\Scope\\KEES_Scope\\PSoC\\Scope.cydsn\000"
 375      53636F70 
 375      655C4B45 
 375      45535F53 
 375      636F7065 
 376              	.LASF5:
 377 0123 6C6F6E67 		.ascii	"long unsigned int\000"
 377      20756E73 
 377      69676E65 
 377      6420696E 
 377      7400
 378              	.LASF3:
 379 0135 73686F72 		.ascii	"short unsigned int\000"
 379      7420756E 
 379      7369676E 
 379      65642069 
 379      6E7400
 380              	.LASF18:
 381 0148 636F6E74 		.ascii	"control\000"
 381      726F6C00 
 382              	.LASF10:
 383 0150 646F7562 		.ascii	"double\000"
 383      6C6500
 384              	.LASF8:
 385 0157 756E7369 		.ascii	"unsigned int\000"
 385      676E6564 
 385      20696E74 
 385      00
 386              	.LASF7:
 387 0164 6C6F6E67 		.ascii	"long long unsigned int\000"
 387      206C6F6E 
 387      6720756E 
 387      7369676E 
 387      65642069 
 388              	.LASF17:
 389 017b 44696769 		.ascii	"Digital_Out_Control_Write\000"
 389      74616C5F 
 389      4F75745F 
 389      436F6E74 
 389      726F6C5F 
 390              	.LASF13:
 391 0195 72656738 		.ascii	"reg8\000"
 391      00
 392              	.LASF19:
 393 019a 44696769 		.ascii	"Digital_Out_Control_Read\000"
 393      74616C5F 
 393      4F75745F 
 393      436F6E74 
 393      726F6C5F 
 394              	.LASF6:
 395 01b3 6C6F6E67 		.ascii	"long long int\000"
ARM GAS  C:\Users\Greg\AppData\Local\Temp\cck9K1Ke.s 			page 10


 395      206C6F6E 
 395      6720696E 
 395      7400
 396              	.LASF11:
 397 01c1 63686172 		.ascii	"char\000"
 397      00
 398              	.LASF2:
 399 01c6 73686F72 		.ascii	"short int\000"
 399      7420696E 
 399      7400
 400              	.LASF12:
 401 01d0 75696E74 		.ascii	"uint8\000"
 401      3800
 402              	.LASF4:
 403 01d6 6C6F6E67 		.ascii	"long int\000"
 403      20696E74 
 403      00
 404              	.LASF0:
 405 01df 7369676E 		.ascii	"signed char\000"
 405      65642063 
 405      68617200 
 406              		.ident	"GCC: (GNU Tools for ARM Embedded Processors) 4.9.3 20150303 (release) [ARM/embedded-4_9-br
