ARM GAS  C:\Users\Greg\AppData\Local\Temp\ccu55QYj.s 			page 1


   1              		.syntax unified
   2              		.cpu cortex-m3
   3              		.fpu softvfp
   4              		.eabi_attribute 20, 1
   5              		.eabi_attribute 21, 1
   6              		.eabi_attribute 23, 3
   7              		.eabi_attribute 24, 1
   8              		.eabi_attribute 25, 1
   9              		.eabi_attribute 26, 1
  10              		.eabi_attribute 30, 6
  11              		.eabi_attribute 34, 1
  12              		.eabi_attribute 18, 4
  13              		.thumb
  14              		.file	"PRS.c"
  15              		.text
  16              	.Ltext0:
  17              		.cfi_sections	.debug_frame
  18              		.global	PRS_initVar
  19              		.bss
  20              		.type	PRS_initVar, %object
  21              		.size	PRS_initVar, 1
  22              	PRS_initVar:
  23 0000 00       		.space	1
  24              		.global	PRS_backup
  25              		.data
  26              		.align	2
  27              		.type	PRS_backup, %object
  28              		.size	PRS_backup, 4
  29              	PRS_backup:
  30 0000 00       		.byte	0
  31 0001 00       		.space	1
  32 0002 FFFF     		.short	-1
  33              		.section	.text.PRS_Init,"ax",%progbits
  34              		.align	2
  35              		.global	PRS_Init
  36              		.thumb
  37              		.thumb_func
  38              		.type	PRS_Init, %function
  39              	PRS_Init:
  40              	.LFB0:
  41              		.file 1 "Generated_Source\\PSoC5\\PRS.c"
   1:Generated_Source\PSoC5/PRS.c **** /*******************************************************************************
   2:Generated_Source\PSoC5/PRS.c **** * File Name: PRS.c
   3:Generated_Source\PSoC5/PRS.c **** * Version 2.40
   4:Generated_Source\PSoC5/PRS.c **** *
   5:Generated_Source\PSoC5/PRS.c **** * Description:
   6:Generated_Source\PSoC5/PRS.c **** *  This file provides the source code to the API for the PRS component
   7:Generated_Source\PSoC5/PRS.c **** *
   8:Generated_Source\PSoC5/PRS.c **** * Note:
   9:Generated_Source\PSoC5/PRS.c **** *  None
  10:Generated_Source\PSoC5/PRS.c **** *
  11:Generated_Source\PSoC5/PRS.c **** ********************************************************************************
  12:Generated_Source\PSoC5/PRS.c **** * Copyright 2008-2013, Cypress Semiconductor Corporation.  All rights reserved.
  13:Generated_Source\PSoC5/PRS.c **** * You may use this file only in accordance with the license, terms, conditions,
  14:Generated_Source\PSoC5/PRS.c **** * disclaimers, and limitations in the end user license agreement accompanying
  15:Generated_Source\PSoC5/PRS.c **** * the software package with which this file was provided.
  16:Generated_Source\PSoC5/PRS.c **** *******************************************************************************/
ARM GAS  C:\Users\Greg\AppData\Local\Temp\ccu55QYj.s 			page 2


  17:Generated_Source\PSoC5/PRS.c **** 
  18:Generated_Source\PSoC5/PRS.c **** #include "PRS.h"
  19:Generated_Source\PSoC5/PRS.c **** 
  20:Generated_Source\PSoC5/PRS.c **** uint8 PRS_initVar = 0u;
  21:Generated_Source\PSoC5/PRS.c **** 
  22:Generated_Source\PSoC5/PRS.c **** PRS_BACKUP_STRUCT PRS_backup =
  23:Generated_Source\PSoC5/PRS.c **** {
  24:Generated_Source\PSoC5/PRS.c ****     0x00u, /* enableState; */
  25:Generated_Source\PSoC5/PRS.c **** 
  26:Generated_Source\PSoC5/PRS.c ****     #if (PRS_WAKEUP_BEHAVIOUR == PRS__RESUMEWORK)
  27:Generated_Source\PSoC5/PRS.c ****         /* Save dff register for time mult */
  28:Generated_Source\PSoC5/PRS.c ****         #if (PRS_TIME_MULTIPLEXING_ENABLE)
  29:Generated_Source\PSoC5/PRS.c ****             PRS_INIT_STATE, /* dffStatus; */
  30:Generated_Source\PSoC5/PRS.c ****         #endif  /* End PRS_TIME_MULTIPLEXING_ENABLE */
  31:Generated_Source\PSoC5/PRS.c **** 
  32:Generated_Source\PSoC5/PRS.c ****         /* Save A0 and A1 registers are none-retention */
  33:Generated_Source\PSoC5/PRS.c ****         #if(PRS_PRS_SIZE <= 32u)
  34:Generated_Source\PSoC5/PRS.c ****             PRS_DEFAULT_SEED, /* seed */
  35:Generated_Source\PSoC5/PRS.c **** 
  36:Generated_Source\PSoC5/PRS.c ****         #else
  37:Generated_Source\PSoC5/PRS.c ****             PRS_DEFAULT_SEED_UPPER, /* seedUpper; */
  38:Generated_Source\PSoC5/PRS.c ****             PRS_DEFAULT_SEED_LOWER, /* seedLower; */
  39:Generated_Source\PSoC5/PRS.c **** 
  40:Generated_Source\PSoC5/PRS.c ****         #endif  /* End (PRS_PRS_SIZE <= 32u) */
  41:Generated_Source\PSoC5/PRS.c **** 
  42:Generated_Source\PSoC5/PRS.c ****     #endif  /* End (PRS_WAKEUP_BEHAVIOUR == PRS__RESUMEWORK) */
  43:Generated_Source\PSoC5/PRS.c **** };
  44:Generated_Source\PSoC5/PRS.c **** 
  45:Generated_Source\PSoC5/PRS.c **** 
  46:Generated_Source\PSoC5/PRS.c **** /*******************************************************************************
  47:Generated_Source\PSoC5/PRS.c **** * Function Name: PRS_Init
  48:Generated_Source\PSoC5/PRS.c **** ********************************************************************************
  49:Generated_Source\PSoC5/PRS.c **** *
  50:Generated_Source\PSoC5/PRS.c **** * Summary:
  51:Generated_Source\PSoC5/PRS.c **** *  Initializes seed and polynomial registers with initial values.
  52:Generated_Source\PSoC5/PRS.c **** *
  53:Generated_Source\PSoC5/PRS.c **** * Parameters:
  54:Generated_Source\PSoC5/PRS.c **** *  void
  55:Generated_Source\PSoC5/PRS.c **** *
  56:Generated_Source\PSoC5/PRS.c **** * Return:
  57:Generated_Source\PSoC5/PRS.c **** *  void
  58:Generated_Source\PSoC5/PRS.c **** *
  59:Generated_Source\PSoC5/PRS.c **** *******************************************************************************/
  60:Generated_Source\PSoC5/PRS.c **** void PRS_Init(void) 
  61:Generated_Source\PSoC5/PRS.c **** {
  42              		.loc 1 61 0
  43              		.cfi_startproc
  44              		@ args = 0, pretend = 0, frame = 0
  45              		@ frame_needed = 1, uses_anonymous_args = 0
  46 0000 80B5     		push	{r7, lr}
  47              		.cfi_def_cfa_offset 8
  48              		.cfi_offset 7, -8
  49              		.cfi_offset 14, -4
  50 0002 00AF     		add	r7, sp, #0
  51              		.cfi_def_cfa_register 7
  62:Generated_Source\PSoC5/PRS.c ****     /* Writes seed value and ponynom value provided for customizer */
  63:Generated_Source\PSoC5/PRS.c ****     #if (PRS_PRS_SIZE <= 32u)
ARM GAS  C:\Users\Greg\AppData\Local\Temp\ccu55QYj.s 			page 3


  64:Generated_Source\PSoC5/PRS.c ****         PRS_WritePolynomial(PRS_DEFAULT_POLYNOM);
  52              		.loc 1 64 0
  53 0004 4FF43440 		mov	r0, #46080
  54 0008 FFF7FEFF 		bl	PRS_WritePolynomial
  65:Generated_Source\PSoC5/PRS.c ****         PRS_WriteSeed(PRS_DEFAULT_SEED);
  55              		.loc 1 65 0
  56 000c 4FF6FF70 		movw	r0, #65535
  57 0010 FFF7FEFF 		bl	PRS_WriteSeed
  66:Generated_Source\PSoC5/PRS.c ****         #if (PRS_RUN_MODE == PRS__CLOCKED)
  67:Generated_Source\PSoC5/PRS.c ****             PRS_ResetSeedInit(PRS_DEFAULT_SEED);
  58              		.loc 1 67 0
  59 0014 4FF6FF70 		movw	r0, #65535
  60 0018 FFF7FEFF 		bl	PRS_ResetSeedInit
  68:Generated_Source\PSoC5/PRS.c ****         #endif  /* End (PRS_RUN_MODE == PRS__CLOCKED) */
  69:Generated_Source\PSoC5/PRS.c ****             PRS_Enable();
  61              		.loc 1 69 0
  62 001c FFF7FEFF 		bl	PRS_Enable
  70:Generated_Source\PSoC5/PRS.c ****     #else
  71:Generated_Source\PSoC5/PRS.c ****         PRS_WritePolynomialUpper(PRS_DEFAULT_POLYNOM_UPPER);
  72:Generated_Source\PSoC5/PRS.c ****         PRS_WritePolynomialLower(PRS_DEFAULT_POLYNOM_LOWER);
  73:Generated_Source\PSoC5/PRS.c ****         PRS_WriteSeedUpper(PRS_DEFAULT_SEED_UPPER);
  74:Generated_Source\PSoC5/PRS.c ****         PRS_WriteSeedLower(PRS_DEFAULT_SEED_LOWER);
  75:Generated_Source\PSoC5/PRS.c ****         #if (PRS_RUN_MODE == PRS__CLOCKED)
  76:Generated_Source\PSoC5/PRS.c ****             PRS_ResetSeedInitUpper(PRS_DEFAULT_SEED_UPPER);
  77:Generated_Source\PSoC5/PRS.c ****             PRS_ResetSeedInitLower(PRS_DEFAULT_SEED_LOWER);
  78:Generated_Source\PSoC5/PRS.c ****         #endif  /* End (PRS_RUN_MODE == PRS__CLOCKED) */
  79:Generated_Source\PSoC5/PRS.c ****             PRS_Enable();
  80:Generated_Source\PSoC5/PRS.c ****     #endif  /* End (PRS_PRS_SIZE <= 32u) */
  81:Generated_Source\PSoC5/PRS.c **** }
  63              		.loc 1 81 0
  64 0020 80BD     		pop	{r7, pc}
  65              		.cfi_endproc
  66              	.LFE0:
  67              		.size	PRS_Init, .-PRS_Init
  68 0022 00BF     		.section	.text.PRS_Enable,"ax",%progbits
  69              		.align	2
  70              		.global	PRS_Enable
  71              		.thumb
  72              		.thumb_func
  73              		.type	PRS_Enable, %function
  74              	PRS_Enable:
  75              	.LFB1:
  82:Generated_Source\PSoC5/PRS.c **** 
  83:Generated_Source\PSoC5/PRS.c **** 
  84:Generated_Source\PSoC5/PRS.c **** /*******************************************************************************
  85:Generated_Source\PSoC5/PRS.c **** * Function Name: PRS_Enable
  86:Generated_Source\PSoC5/PRS.c **** ********************************************************************************
  87:Generated_Source\PSoC5/PRS.c **** *
  88:Generated_Source\PSoC5/PRS.c **** * Summary:
  89:Generated_Source\PSoC5/PRS.c **** *  Starts PRS computation on rising edge of input clock.
  90:Generated_Source\PSoC5/PRS.c **** *
  91:Generated_Source\PSoC5/PRS.c **** * Parameters:
  92:Generated_Source\PSoC5/PRS.c **** *  void
  93:Generated_Source\PSoC5/PRS.c **** *
  94:Generated_Source\PSoC5/PRS.c **** * Return:
  95:Generated_Source\PSoC5/PRS.c **** *  void
  96:Generated_Source\PSoC5/PRS.c **** *
ARM GAS  C:\Users\Greg\AppData\Local\Temp\ccu55QYj.s 			page 4


  97:Generated_Source\PSoC5/PRS.c **** *******************************************************************************/
  98:Generated_Source\PSoC5/PRS.c **** void PRS_Enable(void) 
  99:Generated_Source\PSoC5/PRS.c **** {
  76              		.loc 1 99 0
  77              		.cfi_startproc
  78              		@ args = 0, pretend = 0, frame = 0
  79              		@ frame_needed = 1, uses_anonymous_args = 0
  80              		@ link register save eliminated.
  81 0000 80B4     		push	{r7}
  82              		.cfi_def_cfa_offset 4
  83              		.cfi_offset 7, -4
  84 0002 00AF     		add	r7, sp, #0
  85              		.cfi_def_cfa_register 7
 100:Generated_Source\PSoC5/PRS.c ****         PRS_CONTROL_REG |= PRS_CTRL_ENABLE;
  86              		.loc 1 100 0
  87 0004 054A     		ldr	r2, .L3
  88 0006 054B     		ldr	r3, .L3
  89 0008 1B78     		ldrb	r3, [r3]
  90 000a DBB2     		uxtb	r3, r3
  91 000c 43F00103 		orr	r3, r3, #1
  92 0010 DBB2     		uxtb	r3, r3
  93 0012 1370     		strb	r3, [r2]
 101:Generated_Source\PSoC5/PRS.c **** }
  94              		.loc 1 101 0
  95 0014 BD46     		mov	sp, r7
  96              		.cfi_def_cfa_register 13
  97              		@ sp needed
  98 0016 5DF8047B 		ldr	r7, [sp], #4
  99              		.cfi_restore 7
 100              		.cfi_def_cfa_offset 0
 101 001a 7047     		bx	lr
 102              	.L4:
 103              		.align	2
 104              	.L3:
 105 001c 76640040 		.word	1073767542
 106              		.cfi_endproc
 107              	.LFE1:
 108              		.size	PRS_Enable, .-PRS_Enable
 109              		.section	.text.PRS_Start,"ax",%progbits
 110              		.align	2
 111              		.global	PRS_Start
 112              		.thumb
 113              		.thumb_func
 114              		.type	PRS_Start, %function
 115              	PRS_Start:
 116              	.LFB2:
 102:Generated_Source\PSoC5/PRS.c **** 
 103:Generated_Source\PSoC5/PRS.c **** 
 104:Generated_Source\PSoC5/PRS.c **** /*******************************************************************************
 105:Generated_Source\PSoC5/PRS.c **** * Function Name: PRS_Start
 106:Generated_Source\PSoC5/PRS.c **** ********************************************************************************
 107:Generated_Source\PSoC5/PRS.c **** *
 108:Generated_Source\PSoC5/PRS.c **** * Summary:
 109:Generated_Source\PSoC5/PRS.c **** *  Initializes seed and polynomial registers with initial values. Computation
 110:Generated_Source\PSoC5/PRS.c **** *  of PRS starts on rising edge of input clock.
 111:Generated_Source\PSoC5/PRS.c **** *
 112:Generated_Source\PSoC5/PRS.c **** * Parameters:
ARM GAS  C:\Users\Greg\AppData\Local\Temp\ccu55QYj.s 			page 5


 113:Generated_Source\PSoC5/PRS.c **** *  void
 114:Generated_Source\PSoC5/PRS.c **** *
 115:Generated_Source\PSoC5/PRS.c **** * Return:
 116:Generated_Source\PSoC5/PRS.c **** *  void
 117:Generated_Source\PSoC5/PRS.c **** *
 118:Generated_Source\PSoC5/PRS.c **** * Global variables:
 119:Generated_Source\PSoC5/PRS.c **** *  PRS_initVar: global variable is used to indicate initial
 120:Generated_Source\PSoC5/PRS.c **** *  configuration of this component.  The variable is initialized to zero and set
 121:Generated_Source\PSoC5/PRS.c **** *  to 1 the first time PRS_Start() is called. This allows
 122:Generated_Source\PSoC5/PRS.c **** *  enable/disable component without re-initialization in all subsequent calls
 123:Generated_Source\PSoC5/PRS.c **** *  to the PRS_Start() routine.
 124:Generated_Source\PSoC5/PRS.c **** *
 125:Generated_Source\PSoC5/PRS.c **** *******************************************************************************/
 126:Generated_Source\PSoC5/PRS.c **** void PRS_Start(void) 
 127:Generated_Source\PSoC5/PRS.c **** {
 117              		.loc 1 127 0
 118              		.cfi_startproc
 119              		@ args = 0, pretend = 0, frame = 0
 120              		@ frame_needed = 1, uses_anonymous_args = 0
 121 0000 80B5     		push	{r7, lr}
 122              		.cfi_def_cfa_offset 8
 123              		.cfi_offset 7, -8
 124              		.cfi_offset 14, -4
 125 0002 00AF     		add	r7, sp, #0
 126              		.cfi_def_cfa_register 7
 128:Generated_Source\PSoC5/PRS.c ****     /* Writes seed value and ponynom value provided from customizer */
 129:Generated_Source\PSoC5/PRS.c ****     if (PRS_initVar == 0u)
 127              		.loc 1 129 0
 128 0004 054B     		ldr	r3, .L7
 129 0006 1B78     		ldrb	r3, [r3]	@ zero_extendqisi2
 130 0008 002B     		cmp	r3, #0
 131 000a 04D1     		bne	.L6
 130:Generated_Source\PSoC5/PRS.c ****     {
 131:Generated_Source\PSoC5/PRS.c ****         PRS_Init();
 132              		.loc 1 131 0
 133 000c FFF7FEFF 		bl	PRS_Init
 132:Generated_Source\PSoC5/PRS.c ****         PRS_initVar = 1u;
 134              		.loc 1 132 0
 135 0010 024B     		ldr	r3, .L7
 136 0012 0122     		movs	r2, #1
 137 0014 1A70     		strb	r2, [r3]
 138              	.L6:
 133:Generated_Source\PSoC5/PRS.c ****     }
 134:Generated_Source\PSoC5/PRS.c **** 
 135:Generated_Source\PSoC5/PRS.c ****     PRS_Enable();
 139              		.loc 1 135 0
 140 0016 FFF7FEFF 		bl	PRS_Enable
 136:Generated_Source\PSoC5/PRS.c **** }
 141              		.loc 1 136 0
 142 001a 80BD     		pop	{r7, pc}
 143              	.L8:
 144              		.align	2
 145              	.L7:
 146 001c 00000000 		.word	PRS_initVar
 147              		.cfi_endproc
 148              	.LFE2:
 149              		.size	PRS_Start, .-PRS_Start
ARM GAS  C:\Users\Greg\AppData\Local\Temp\ccu55QYj.s 			page 6


 150              		.section	.text.PRS_Stop,"ax",%progbits
 151              		.align	2
 152              		.global	PRS_Stop
 153              		.thumb
 154              		.thumb_func
 155              		.type	PRS_Stop, %function
 156              	PRS_Stop:
 157              	.LFB3:
 137:Generated_Source\PSoC5/PRS.c **** 
 138:Generated_Source\PSoC5/PRS.c **** 
 139:Generated_Source\PSoC5/PRS.c **** /*******************************************************************************
 140:Generated_Source\PSoC5/PRS.c **** * Function Name: PRS_Stop
 141:Generated_Source\PSoC5/PRS.c **** ********************************************************************************
 142:Generated_Source\PSoC5/PRS.c **** *
 143:Generated_Source\PSoC5/PRS.c **** * Summary:
 144:Generated_Source\PSoC5/PRS.c **** *  Stops PRS computation.
 145:Generated_Source\PSoC5/PRS.c **** *
 146:Generated_Source\PSoC5/PRS.c **** * Parameters:
 147:Generated_Source\PSoC5/PRS.c **** *  void
 148:Generated_Source\PSoC5/PRS.c **** *
 149:Generated_Source\PSoC5/PRS.c **** * Return:
 150:Generated_Source\PSoC5/PRS.c **** *  void
 151:Generated_Source\PSoC5/PRS.c **** *
 152:Generated_Source\PSoC5/PRS.c **** *******************************************************************************/
 153:Generated_Source\PSoC5/PRS.c **** void PRS_Stop(void) 
 154:Generated_Source\PSoC5/PRS.c **** {
 158              		.loc 1 154 0
 159              		.cfi_startproc
 160              		@ args = 0, pretend = 0, frame = 0
 161              		@ frame_needed = 1, uses_anonymous_args = 0
 162              		@ link register save eliminated.
 163 0000 80B4     		push	{r7}
 164              		.cfi_def_cfa_offset 4
 165              		.cfi_offset 7, -4
 166 0002 00AF     		add	r7, sp, #0
 167              		.cfi_def_cfa_register 7
 155:Generated_Source\PSoC5/PRS.c ****     PRS_CONTROL_REG &= ((uint8)~PRS_CTRL_ENABLE);
 168              		.loc 1 155 0
 169 0004 054A     		ldr	r2, .L10
 170 0006 054B     		ldr	r3, .L10
 171 0008 1B78     		ldrb	r3, [r3]
 172 000a DBB2     		uxtb	r3, r3
 173 000c 23F00103 		bic	r3, r3, #1
 174 0010 DBB2     		uxtb	r3, r3
 175 0012 1370     		strb	r3, [r2]
 156:Generated_Source\PSoC5/PRS.c **** }
 176              		.loc 1 156 0
 177 0014 BD46     		mov	sp, r7
 178              		.cfi_def_cfa_register 13
 179              		@ sp needed
 180 0016 5DF8047B 		ldr	r7, [sp], #4
 181              		.cfi_restore 7
 182              		.cfi_def_cfa_offset 0
 183 001a 7047     		bx	lr
 184              	.L11:
 185              		.align	2
 186              	.L10:
ARM GAS  C:\Users\Greg\AppData\Local\Temp\ccu55QYj.s 			page 7


 187 001c 76640040 		.word	1073767542
 188              		.cfi_endproc
 189              	.LFE3:
 190              		.size	PRS_Stop, .-PRS_Stop
 191              		.section	.text.PRS_ResetSeedInit,"ax",%progbits
 192              		.align	2
 193              		.global	PRS_ResetSeedInit
 194              		.thumb
 195              		.thumb_func
 196              		.type	PRS_ResetSeedInit, %function
 197              	PRS_ResetSeedInit:
 198              	.LFB4:
 157:Generated_Source\PSoC5/PRS.c **** 
 158:Generated_Source\PSoC5/PRS.c **** 
 159:Generated_Source\PSoC5/PRS.c **** #if (PRS_RUN_MODE == PRS__APISINGLESTEP)
 160:Generated_Source\PSoC5/PRS.c ****     /*******************************************************************************
 161:Generated_Source\PSoC5/PRS.c ****     * FUNCTION NAME: PRS_Step
 162:Generated_Source\PSoC5/PRS.c ****     ********************************************************************************
 163:Generated_Source\PSoC5/PRS.c ****     *
 164:Generated_Source\PSoC5/PRS.c ****     * Summary:
 165:Generated_Source\PSoC5/PRS.c ****     *  Increments the PRS by one when API single step mode is used.
 166:Generated_Source\PSoC5/PRS.c ****     *
 167:Generated_Source\PSoC5/PRS.c ****     * Parameters:
 168:Generated_Source\PSoC5/PRS.c ****     *  void
 169:Generated_Source\PSoC5/PRS.c ****     *
 170:Generated_Source\PSoC5/PRS.c ****     * Return:
 171:Generated_Source\PSoC5/PRS.c ****     *  void
 172:Generated_Source\PSoC5/PRS.c ****     *
 173:Generated_Source\PSoC5/PRS.c ****     *******************************************************************************/
 174:Generated_Source\PSoC5/PRS.c ****     void PRS_Step(void) 
 175:Generated_Source\PSoC5/PRS.c ****     {
 176:Generated_Source\PSoC5/PRS.c ****         #if (PRS_TIME_MULTIPLEXING_ENABLE)
 177:Generated_Source\PSoC5/PRS.c ****             /* Makes 4 pulse, 4x for Time Mult */
 178:Generated_Source\PSoC5/PRS.c ****             PRS_EXECUTE_STEP;
 179:Generated_Source\PSoC5/PRS.c ****             PRS_EXECUTE_STEP;
 180:Generated_Source\PSoC5/PRS.c ****             PRS_EXECUTE_STEP;
 181:Generated_Source\PSoC5/PRS.c ****             PRS_EXECUTE_STEP;
 182:Generated_Source\PSoC5/PRS.c **** 
 183:Generated_Source\PSoC5/PRS.c ****         #else
 184:Generated_Source\PSoC5/PRS.c ****             /* One pulse without Time mult required */
 185:Generated_Source\PSoC5/PRS.c ****             PRS_EXECUTE_STEP;
 186:Generated_Source\PSoC5/PRS.c **** 
 187:Generated_Source\PSoC5/PRS.c ****         #endif  /* End PRS_TIME_MULTIPLEXING_ENABLE */
 188:Generated_Source\PSoC5/PRS.c ****     }
 189:Generated_Source\PSoC5/PRS.c **** #endif  /* End (PRS_RUN_MODE == PRS__APISINGLESTEP) */
 190:Generated_Source\PSoC5/PRS.c **** 
 191:Generated_Source\PSoC5/PRS.c **** 
 192:Generated_Source\PSoC5/PRS.c **** #if (PRS_RUN_MODE == PRS__CLOCKED)
 193:Generated_Source\PSoC5/PRS.c ****     #if (PRS_PRS_SIZE <= 32u) /* 8-32 bits PRS */
 194:Generated_Source\PSoC5/PRS.c ****         /*******************************************************************************
 195:Generated_Source\PSoC5/PRS.c ****         * FUNCTION NAME: PRS_ResetSeedInit
 196:Generated_Source\PSoC5/PRS.c ****         ********************************************************************************
 197:Generated_Source\PSoC5/PRS.c ****         *
 198:Generated_Source\PSoC5/PRS.c ****         * Summary:
 199:Generated_Source\PSoC5/PRS.c ****         *  Increments the PRS by one when API single step mode is used.
 200:Generated_Source\PSoC5/PRS.c ****         *
 201:Generated_Source\PSoC5/PRS.c ****         * Parameters:
ARM GAS  C:\Users\Greg\AppData\Local\Temp\ccu55QYj.s 			page 8


 202:Generated_Source\PSoC5/PRS.c ****         *  void
 203:Generated_Source\PSoC5/PRS.c ****         *
 204:Generated_Source\PSoC5/PRS.c ****         * Return:
 205:Generated_Source\PSoC5/PRS.c ****         *  void
 206:Generated_Source\PSoC5/PRS.c ****         *
 207:Generated_Source\PSoC5/PRS.c ****         *******************************************************************************/
 208:Generated_Source\PSoC5/PRS.c ****         void PRS_ResetSeedInit(uint16 seed)
 209:Generated_Source\PSoC5/PRS.c ****                                             
 210:Generated_Source\PSoC5/PRS.c ****         {
 199              		.loc 1 210 0
 200              		.cfi_startproc
 201              		@ args = 0, pretend = 0, frame = 16
 202              		@ frame_needed = 1, uses_anonymous_args = 0
 203 0000 80B5     		push	{r7, lr}
 204              		.cfi_def_cfa_offset 8
 205              		.cfi_offset 7, -8
 206              		.cfi_offset 14, -4
 207 0002 84B0     		sub	sp, sp, #16
 208              		.cfi_def_cfa_offset 24
 209 0004 00AF     		add	r7, sp, #0
 210              		.cfi_def_cfa_register 7
 211 0006 0346     		mov	r3, r0
 212 0008 FB80     		strh	r3, [r7, #6]	@ movhi
 211:Generated_Source\PSoC5/PRS.c ****             uint8 enableInterrupts;
 212:Generated_Source\PSoC5/PRS.c **** 
 213:Generated_Source\PSoC5/PRS.c ****             /* Mask the Seed to cut unused bits */
 214:Generated_Source\PSoC5/PRS.c ****             seed &= PRS_MASK;
 215:Generated_Source\PSoC5/PRS.c **** 
 216:Generated_Source\PSoC5/PRS.c ****             /* Change AuxControl reg, need to be safety */
 217:Generated_Source\PSoC5/PRS.c ****             enableInterrupts = CyEnterCriticalSection();
 213              		.loc 1 217 0
 214 000a FFF7FEFF 		bl	CyEnterCriticalSection
 215 000e 0346     		mov	r3, r0
 216 0010 FB73     		strb	r3, [r7, #15]
 218:Generated_Source\PSoC5/PRS.c **** 
 219:Generated_Source\PSoC5/PRS.c ****             #if (PRS_TIME_MULTIPLEXING_ENABLE)
 220:Generated_Source\PSoC5/PRS.c ****                 /* Set FIFOs to single register */
 221:Generated_Source\PSoC5/PRS.c ****                 PRS_AUX_CONTROL_A_REG |= PRS_AUXCTRL_FIFO_SINGLE_REG;
 222:Generated_Source\PSoC5/PRS.c **** 
 223:Generated_Source\PSoC5/PRS.c ****                 #if(PRS_PRS_SIZE > 16u)       /* 17-32 bits PRS */
 224:Generated_Source\PSoC5/PRS.c ****                     PRS_AUX_CONTROL_B_REG |= PRS_AUXCTRL_FIFO_SINGLE_REG;
 225:Generated_Source\PSoC5/PRS.c ****                 #endif  /* End (PRS_PRS_SIZE <= 8u) */
 226:Generated_Source\PSoC5/PRS.c **** 
 227:Generated_Source\PSoC5/PRS.c ****                 /* AuxControl reg settings are done */
 228:Generated_Source\PSoC5/PRS.c ****                 CyExitCriticalSection(enableInterrupts);
 229:Generated_Source\PSoC5/PRS.c **** 
 230:Generated_Source\PSoC5/PRS.c ****                 /* Write Seed COPY */
 231:Generated_Source\PSoC5/PRS.c ****                 #if (PRS_PRS_SIZE <= 16u)          /* 16 bits PRS */
 232:Generated_Source\PSoC5/PRS.c ****                     PRS_SEED_COPY_A__A1_REG = HI8(seed);
 233:Generated_Source\PSoC5/PRS.c ****                     PRS_SEED_COPY_A__A0_REG = LO8(seed);
 234:Generated_Source\PSoC5/PRS.c **** 
 235:Generated_Source\PSoC5/PRS.c ****                 #elif (PRS_PRS_SIZE <= 24u)        /* 24 bits PRS */
 236:Generated_Source\PSoC5/PRS.c ****                     PRS_SEED_COPY_B__A1_REG = LO8(HI16(seed));
 237:Generated_Source\PSoC5/PRS.c ****                     PRS_SEED_COPY_B__A0_REG = HI8(seed);
 238:Generated_Source\PSoC5/PRS.c ****                     PRS_SEED_COPY_A__A0_REG = LO8(seed);
 239:Generated_Source\PSoC5/PRS.c **** 
 240:Generated_Source\PSoC5/PRS.c ****                 #else                                           /* 32 bits PRS */
ARM GAS  C:\Users\Greg\AppData\Local\Temp\ccu55QYj.s 			page 9


 241:Generated_Source\PSoC5/PRS.c ****                     PRS_SEED_COPY_B__A1_REG = HI8(HI16(seed));
 242:Generated_Source\PSoC5/PRS.c ****                     PRS_SEED_COPY_A__A1_REG = LO8(HI16(seed));
 243:Generated_Source\PSoC5/PRS.c ****                     PRS_SEED_COPY_B__A0_REG = HI8(seed);
 244:Generated_Source\PSoC5/PRS.c ****                     PRS_SEED_COPY_A__A0_REG = LO8(seed);
 245:Generated_Source\PSoC5/PRS.c ****                 #endif  /* End (PRS_PRS_SIZE <= 32u) */
 246:Generated_Source\PSoC5/PRS.c **** 
 247:Generated_Source\PSoC5/PRS.c ****             #else
 248:Generated_Source\PSoC5/PRS.c ****                 /* Set FIFOs to single register */
 249:Generated_Source\PSoC5/PRS.c ****                 #if (PRS_PRS_SIZE <= 8u)      /* 8 bits PRS */
 250:Generated_Source\PSoC5/PRS.c ****                     PRS_AUX_CONTROL_A_REG |= PRS_AUXCTRL_FIFO_SINGLE_REG;
 251:Generated_Source\PSoC5/PRS.c **** 
 252:Generated_Source\PSoC5/PRS.c ****                 #elif (PRS_PRS_SIZE <= 16u)      /* 16 bits PRS */
 253:Generated_Source\PSoC5/PRS.c ****                     PRS_AUX_CONTROL_A_REG  |= PRS_AUXCTRL_FIFO_SINGLE_REG;
 217              		.loc 1 253 0
 218 0012 0D4A     		ldr	r2, .L13
 219 0014 0C4B     		ldr	r3, .L13
 220 0016 1B78     		ldrb	r3, [r3]
 221 0018 DBB2     		uxtb	r3, r3
 222 001a 43F00303 		orr	r3, r3, #3
 223 001e DBB2     		uxtb	r3, r3
 224 0020 1370     		strb	r3, [r2]
 254:Generated_Source\PSoC5/PRS.c ****                     PRS_AUX_CONTROL_B_REG  |= PRS_AUXCTRL_FIFO_SINGLE_REG;
 225              		.loc 1 254 0
 226 0022 0A4A     		ldr	r2, .L13+4
 227 0024 094B     		ldr	r3, .L13+4
 228 0026 1B78     		ldrb	r3, [r3]
 229 0028 DBB2     		uxtb	r3, r3
 230 002a 43F00303 		orr	r3, r3, #3
 231 002e DBB2     		uxtb	r3, r3
 232 0030 1370     		strb	r3, [r2]
 255:Generated_Source\PSoC5/PRS.c **** 
 256:Generated_Source\PSoC5/PRS.c ****                 #elif (PRS_PRS_SIZE <= 24u)      /* 24-39 bits PRS */
 257:Generated_Source\PSoC5/PRS.c ****                     PRS_AUX_CONTROL_A_REG  |= PRS_AUXCTRL_FIFO_SINGLE_REG;
 258:Generated_Source\PSoC5/PRS.c ****                     PRS_AUX_CONTROL_B_REG  |= PRS_AUXCTRL_FIFO_SINGLE_REG;
 259:Generated_Source\PSoC5/PRS.c ****                     PRS_AUX_CONTROL_C_REG  |= PRS_AUXCTRL_FIFO_SINGLE_REG;
 260:Generated_Source\PSoC5/PRS.c **** 
 261:Generated_Source\PSoC5/PRS.c ****                 #elif (PRS_PRS_SIZE <= 32u)      /* 40-55 bits PRS */
 262:Generated_Source\PSoC5/PRS.c ****                     PRS_AUX_CONTROL_A_REG  |= PRS_AUXCTRL_FIFO_SINGLE_REG;
 263:Generated_Source\PSoC5/PRS.c ****                     PRS_AUX_CONTROL_B_REG  |= PRS_AUXCTRL_FIFO_SINGLE_REG;
 264:Generated_Source\PSoC5/PRS.c ****                     PRS_AUX_CONTROL_C_REG  |= PRS_AUXCTRL_FIFO_SINGLE_REG;
 265:Generated_Source\PSoC5/PRS.c ****                     PRS_AUX_CONTROL_D_REG  |= PRS_AUXCTRL_FIFO_SINGLE_REG;
 266:Generated_Source\PSoC5/PRS.c **** 
 267:Generated_Source\PSoC5/PRS.c ****                 #endif  /* End (PRS_PRS_SIZE <= 8u) */
 268:Generated_Source\PSoC5/PRS.c **** 
 269:Generated_Source\PSoC5/PRS.c ****                 /* AuxControl reg setting are done */
 270:Generated_Source\PSoC5/PRS.c ****                 CyExitCriticalSection(enableInterrupts);
 233              		.loc 1 270 0
 234 0032 FB7B     		ldrb	r3, [r7, #15]	@ zero_extendqisi2
 235 0034 1846     		mov	r0, r3
 236 0036 FFF7FEFF 		bl	CyExitCriticalSection
 271:Generated_Source\PSoC5/PRS.c **** 
 272:Generated_Source\PSoC5/PRS.c ****                 /* Write Seed COPY */
 273:Generated_Source\PSoC5/PRS.c ****                 CY_SET_REG16(PRS_SEED_COPY_PTR, seed);
 237              		.loc 1 273 0
 238 003a 054A     		ldr	r2, .L13+8
 239 003c FB88     		ldrh	r3, [r7, #6]	@ movhi
 240 003e 1380     		strh	r3, [r2]	@ movhi
ARM GAS  C:\Users\Greg\AppData\Local\Temp\ccu55QYj.s 			page 10


 274:Generated_Source\PSoC5/PRS.c **** 
 275:Generated_Source\PSoC5/PRS.c ****             #endif  /* End (PRS_TIME_MULTIPLEXING_ENABLE) */
 276:Generated_Source\PSoC5/PRS.c ****         }
 241              		.loc 1 276 0
 242 0040 1037     		adds	r7, r7, #16
 243              		.cfi_def_cfa_offset 8
 244 0042 BD46     		mov	sp, r7
 245              		.cfi_def_cfa_register 13
 246              		@ sp needed
 247 0044 80BD     		pop	{r7, pc}
 248              	.L14:
 249 0046 00BF     		.align	2
 250              	.L13:
 251 0048 94640040 		.word	1073767572
 252 004c 95640040 		.word	1073767573
 253 0050 44640040 		.word	1073767492
 254              		.cfi_endproc
 255              	.LFE4:
 256              		.size	PRS_ResetSeedInit, .-PRS_ResetSeedInit
 257              		.section	.text.PRS_Read,"ax",%progbits
 258              		.align	2
 259              		.global	PRS_Read
 260              		.thumb
 261              		.thumb_func
 262              		.type	PRS_Read, %function
 263              	PRS_Read:
 264              	.LFB5:
 277:Generated_Source\PSoC5/PRS.c **** 
 278:Generated_Source\PSoC5/PRS.c ****     #else
 279:Generated_Source\PSoC5/PRS.c **** 
 280:Generated_Source\PSoC5/PRS.c ****         /*******************************************************************************
 281:Generated_Source\PSoC5/PRS.c ****         * FUNCTION NAME: PRS_ResetSeedInitUpper
 282:Generated_Source\PSoC5/PRS.c ****         ********************************************************************************
 283:Generated_Source\PSoC5/PRS.c ****         *
 284:Generated_Source\PSoC5/PRS.c ****         * Summary:
 285:Generated_Source\PSoC5/PRS.c ****         *  Increments the PRS by one when API single step mode is used.
 286:Generated_Source\PSoC5/PRS.c ****         *
 287:Generated_Source\PSoC5/PRS.c ****         * Parameters:
 288:Generated_Source\PSoC5/PRS.c ****         *  void
 289:Generated_Source\PSoC5/PRS.c ****         *
 290:Generated_Source\PSoC5/PRS.c ****         * Return:
 291:Generated_Source\PSoC5/PRS.c ****         *  void
 292:Generated_Source\PSoC5/PRS.c ****         *
 293:Generated_Source\PSoC5/PRS.c ****         *******************************************************************************/
 294:Generated_Source\PSoC5/PRS.c ****         void PRS_ResetSeedInitUpper(uint32 seed) 
 295:Generated_Source\PSoC5/PRS.c ****         {
 296:Generated_Source\PSoC5/PRS.c **** 			uint8 enableInterrupts;
 297:Generated_Source\PSoC5/PRS.c **** 
 298:Generated_Source\PSoC5/PRS.c **** 			/* Mask the Seed Upper half to cut unused bits */
 299:Generated_Source\PSoC5/PRS.c ****             seed &= PRS_MASK;
 300:Generated_Source\PSoC5/PRS.c **** 
 301:Generated_Source\PSoC5/PRS.c **** 			/* Change AuxControl reg, need to be safety */
 302:Generated_Source\PSoC5/PRS.c ****             enableInterrupts = CyEnterCriticalSection();
 303:Generated_Source\PSoC5/PRS.c **** 
 304:Generated_Source\PSoC5/PRS.c ****             /* Set FIFOs to single register */
 305:Generated_Source\PSoC5/PRS.c ****             PRS_AUX_CONTROL_A_REG |= PRS_AUXCTRL_FIFO_SINGLE_REG;
 306:Generated_Source\PSoC5/PRS.c ****             PRS_AUX_CONTROL_B_REG |= PRS_AUXCTRL_FIFO_SINGLE_REG;
ARM GAS  C:\Users\Greg\AppData\Local\Temp\ccu55QYj.s 			page 11


 307:Generated_Source\PSoC5/PRS.c ****             PRS_AUX_CONTROL_C_REG |= PRS_AUXCTRL_FIFO_SINGLE_REG;
 308:Generated_Source\PSoC5/PRS.c **** 
 309:Generated_Source\PSoC5/PRS.c **** 			#if (PRS_PRS_SIZE > 48u)               /* 49-64 bits PRS */
 310:Generated_Source\PSoC5/PRS.c ****                 PRS_AUX_CONTROL_D_REG |= PRS_AUXCTRL_FIFO_SINGLE_REG;
 311:Generated_Source\PSoC5/PRS.c ****             #endif  /* End (PRS_PRS_SIZE <= 8u) */
 312:Generated_Source\PSoC5/PRS.c **** 
 313:Generated_Source\PSoC5/PRS.c ****             /* AuxControl reg settings are done */
 314:Generated_Source\PSoC5/PRS.c ****             CyExitCriticalSection(enableInterrupts);
 315:Generated_Source\PSoC5/PRS.c **** 
 316:Generated_Source\PSoC5/PRS.c ****             /* Write Seed Upper COPY */
 317:Generated_Source\PSoC5/PRS.c ****             #if (PRS_PRS_SIZE <= 40u)          /* 40 bits PRS */
 318:Generated_Source\PSoC5/PRS.c ****                 PRS_SEED_UPPER_COPY_C__A1_REG = LO8(seed);
 319:Generated_Source\PSoC5/PRS.c **** 
 320:Generated_Source\PSoC5/PRS.c ****             #elif (PRS_PRS_SIZE <= 48u)        /* 48 bits PRS */
 321:Generated_Source\PSoC5/PRS.c ****                 PRS_SEED_UPPER_COPY_C__A1_REG = HI8(seed);
 322:Generated_Source\PSoC5/PRS.c ****                 PRS_SEED_UPPER_COPY_B__A1_REG = LO8(seed);
 323:Generated_Source\PSoC5/PRS.c **** 
 324:Generated_Source\PSoC5/PRS.c ****             #elif (PRS_PRS_SIZE <= 56u)        /* 56 bits PRS */
 325:Generated_Source\PSoC5/PRS.c ****                 PRS_SEED_UPPER_COPY_D__A1_REG = LO8(HI16(seed));
 326:Generated_Source\PSoC5/PRS.c ****                 PRS_SEED_UPPER_COPY_C__A1_REG = HI8(seed);
 327:Generated_Source\PSoC5/PRS.c ****                 PRS_SEED_UPPER_COPY_B__A1_REG = HI8(seed);
 328:Generated_Source\PSoC5/PRS.c **** 
 329:Generated_Source\PSoC5/PRS.c ****             #else                                           /* 64 bits PRS */
 330:Generated_Source\PSoC5/PRS.c ****                 PRS_SEED_UPPER_COPY_D__A1_REG = HI8(HI16(seed));
 331:Generated_Source\PSoC5/PRS.c ****                 PRS_SEED_UPPER_COPY_C__A1_REG = LO8(HI16(seed));
 332:Generated_Source\PSoC5/PRS.c ****                 PRS_SEED_UPPER_COPY_B__A1_REG = HI8(seed);
 333:Generated_Source\PSoC5/PRS.c ****                 PRS_SEED_UPPER_COPY_A__A1_REG = LO8(seed);
 334:Generated_Source\PSoC5/PRS.c **** 
 335:Generated_Source\PSoC5/PRS.c ****             #endif  /* End (PRS_PRS_SIZE <= 32u) */
 336:Generated_Source\PSoC5/PRS.c ****         }
 337:Generated_Source\PSoC5/PRS.c **** 
 338:Generated_Source\PSoC5/PRS.c **** 
 339:Generated_Source\PSoC5/PRS.c ****         /*******************************************************************************
 340:Generated_Source\PSoC5/PRS.c ****         * FUNCTION NAME: PRS_ResetSeedInitLower
 341:Generated_Source\PSoC5/PRS.c ****         ********************************************************************************
 342:Generated_Source\PSoC5/PRS.c ****         *
 343:Generated_Source\PSoC5/PRS.c ****         * Summary:
 344:Generated_Source\PSoC5/PRS.c ****         *  Increments the PRS by one when API single step mode is used.
 345:Generated_Source\PSoC5/PRS.c ****         *
 346:Generated_Source\PSoC5/PRS.c ****         * Parameters:
 347:Generated_Source\PSoC5/PRS.c ****         *  void
 348:Generated_Source\PSoC5/PRS.c ****         *
 349:Generated_Source\PSoC5/PRS.c ****         * Return:
 350:Generated_Source\PSoC5/PRS.c ****         *  void
 351:Generated_Source\PSoC5/PRS.c ****         *
 352:Generated_Source\PSoC5/PRS.c ****         *******************************************************************************/
 353:Generated_Source\PSoC5/PRS.c ****         void PRS_ResetSeedInitLower(uint32 seed) 
 354:Generated_Source\PSoC5/PRS.c ****         {
 355:Generated_Source\PSoC5/PRS.c ****             /* Write Seed Lower COPY */
 356:Generated_Source\PSoC5/PRS.c ****             #if (PRS_PRS_SIZE <= 40u)          /* 40 bits PRS */
 357:Generated_Source\PSoC5/PRS.c ****                 PRS_SEED_LOWER_COPY_B__A1_REG = HI8(HI16(seed));
 358:Generated_Source\PSoC5/PRS.c ****                 PRS_SEED_LOWER_COPY_C__A0_REG = LO8(HI16(seed));
 359:Generated_Source\PSoC5/PRS.c ****                 PRS_SEED_LOWER_COPY_B__A0_REG = HI8(seed);
 360:Generated_Source\PSoC5/PRS.c ****                 PRS_SEED_LOWER_COPY_A__A0_REG = LO8(seed);
 361:Generated_Source\PSoC5/PRS.c **** 
 362:Generated_Source\PSoC5/PRS.c ****             #elif (PRS_PRS_SIZE <= 48u)        /* 48 bits PRS */
 363:Generated_Source\PSoC5/PRS.c ****                 PRS_SEED_LOWER_COPY_A__A1_REG = HI8(HI16(seed));
ARM GAS  C:\Users\Greg\AppData\Local\Temp\ccu55QYj.s 			page 12


 364:Generated_Source\PSoC5/PRS.c ****                 PRS_SEED_LOWER_COPY_C__A0_REG = LO8(HI16(seed));
 365:Generated_Source\PSoC5/PRS.c ****                 PRS_SEED_LOWER_COPY_B__A0_REG = HI8(seed);
 366:Generated_Source\PSoC5/PRS.c ****                 PRS_SEED_LOWER_COPY_A__A0_REG = LO8(seed);
 367:Generated_Source\PSoC5/PRS.c **** 
 368:Generated_Source\PSoC5/PRS.c ****             #else                                           /* 64 bits PRS */
 369:Generated_Source\PSoC5/PRS.c ****                 PRS_SEED_LOWER_COPY_D__A0_REG = HI8(HI16(seed));
 370:Generated_Source\PSoC5/PRS.c ****                 PRS_SEED_LOWER_COPY_C__A0_REG = LO8(HI16(seed));
 371:Generated_Source\PSoC5/PRS.c ****                 PRS_SEED_LOWER_COPY_B__A0_REG = HI8(seed);
 372:Generated_Source\PSoC5/PRS.c ****                 PRS_SEED_LOWER_COPY_A__A0_REG = LO8(seed);
 373:Generated_Source\PSoC5/PRS.c **** 
 374:Generated_Source\PSoC5/PRS.c ****             #endif  /* End (PRS_PRS_SIZE <= 32u) */
 375:Generated_Source\PSoC5/PRS.c ****         }
 376:Generated_Source\PSoC5/PRS.c **** 
 377:Generated_Source\PSoC5/PRS.c ****     #endif  /* End (PRS_PRS_SIZE <= 32u) */
 378:Generated_Source\PSoC5/PRS.c **** 
 379:Generated_Source\PSoC5/PRS.c **** #endif  /* End (PRS_RUN_MODE == PRS__CLOCKED) */
 380:Generated_Source\PSoC5/PRS.c **** 
 381:Generated_Source\PSoC5/PRS.c **** 
 382:Generated_Source\PSoC5/PRS.c **** #if(PRS_PRS_SIZE <= 32u) /* 8-32 bits PRS */
 383:Generated_Source\PSoC5/PRS.c ****     /*******************************************************************************
 384:Generated_Source\PSoC5/PRS.c ****     * Function Name: PRS_Read
 385:Generated_Source\PSoC5/PRS.c ****     ********************************************************************************
 386:Generated_Source\PSoC5/PRS.c ****     *
 387:Generated_Source\PSoC5/PRS.c ****     * Summary:
 388:Generated_Source\PSoC5/PRS.c ****     *  Reads PRS value.
 389:Generated_Source\PSoC5/PRS.c ****     *
 390:Generated_Source\PSoC5/PRS.c ****     * Parameters:
 391:Generated_Source\PSoC5/PRS.c ****     *  void
 392:Generated_Source\PSoC5/PRS.c ****     *
 393:Generated_Source\PSoC5/PRS.c ****     * Return:
 394:Generated_Source\PSoC5/PRS.c ****     *  Returns PRS value.
 395:Generated_Source\PSoC5/PRS.c ****     *
 396:Generated_Source\PSoC5/PRS.c ****     * Side Effects:
 397:Generated_Source\PSoC5/PRS.c ****     *  The seed value is cut according to mask = 2^(Resolution) - 1.
 398:Generated_Source\PSoC5/PRS.c ****     *  For example if PRS Resolution is 14 bits the mask value is:
 399:Generated_Source\PSoC5/PRS.c ****     *  mask = 2^(14) - 1 = 0x3FFFu.
 400:Generated_Source\PSoC5/PRS.c ****     *  The seed value = 0xFFFFu is cut:
 401:Generated_Source\PSoC5/PRS.c ****     *  seed & mask = 0xFFFFu & 0x3FFFu = 0x3FFFu.
 402:Generated_Source\PSoC5/PRS.c ****     *
 403:Generated_Source\PSoC5/PRS.c ****     *******************************************************************************/
 404:Generated_Source\PSoC5/PRS.c ****     uint16 PRS_Read(void) 
 405:Generated_Source\PSoC5/PRS.c ****     {
 265              		.loc 1 405 0
 266              		.cfi_startproc
 267              		@ args = 0, pretend = 0, frame = 0
 268              		@ frame_needed = 1, uses_anonymous_args = 0
 269              		@ link register save eliminated.
 270 0000 80B4     		push	{r7}
 271              		.cfi_def_cfa_offset 4
 272              		.cfi_offset 7, -4
 273 0002 00AF     		add	r7, sp, #0
 274              		.cfi_def_cfa_register 7
 406:Generated_Source\PSoC5/PRS.c ****         /* Read PRS */
 407:Generated_Source\PSoC5/PRS.c ****         #if (PRS_TIME_MULTIPLEXING_ENABLE)
 408:Generated_Source\PSoC5/PRS.c **** 
 409:Generated_Source\PSoC5/PRS.c ****             uint16 seed;
 410:Generated_Source\PSoC5/PRS.c **** 
ARM GAS  C:\Users\Greg\AppData\Local\Temp\ccu55QYj.s 			page 13


 411:Generated_Source\PSoC5/PRS.c ****             #if (PRS_PRS_SIZE <= 16u)          /* 16 bits PRS */
 412:Generated_Source\PSoC5/PRS.c ****                 seed = ((uint16) PRS_SEED_A__A1_REG) << 8u;
 413:Generated_Source\PSoC5/PRS.c ****                 seed |= PRS_SEED_A__A0_REG;
 414:Generated_Source\PSoC5/PRS.c **** 
 415:Generated_Source\PSoC5/PRS.c ****             #elif (PRS_PRS_SIZE <= 24u)        /* 24 bits PRS */
 416:Generated_Source\PSoC5/PRS.c ****                 seed = ((uint32) (PRS_SEED_B__A1_REG)) << 16u;
 417:Generated_Source\PSoC5/PRS.c ****                 seed |= ((uint32) (PRS_SEED_B__A0_REG)) << 8u;
 418:Generated_Source\PSoC5/PRS.c ****                 seed |= PRS_SEED_A__A0_REG;
 419:Generated_Source\PSoC5/PRS.c **** 
 420:Generated_Source\PSoC5/PRS.c ****             #else                                           /* 32 bits PRS */
 421:Generated_Source\PSoC5/PRS.c ****                 seed = ((uint32) PRS_SEED_B__A1_REG) << 24u;
 422:Generated_Source\PSoC5/PRS.c ****                 seed |= ((uint32) PRS_SEED_A__A1_REG) << 16u;
 423:Generated_Source\PSoC5/PRS.c ****                 seed |= ((uint32) PRS_SEED_B__A0_REG) << 8u;
 424:Generated_Source\PSoC5/PRS.c ****                 seed |= PRS_SEED_A__A0_REG;
 425:Generated_Source\PSoC5/PRS.c **** 
 426:Generated_Source\PSoC5/PRS.c ****             #endif  /* End (PRS_PRS_SIZE <= 8u) */
 427:Generated_Source\PSoC5/PRS.c **** 
 428:Generated_Source\PSoC5/PRS.c ****             return (seed  & PRS_MASK);
 429:Generated_Source\PSoC5/PRS.c **** 
 430:Generated_Source\PSoC5/PRS.c ****         #else
 431:Generated_Source\PSoC5/PRS.c **** 
 432:Generated_Source\PSoC5/PRS.c ****             return (CY_GET_REG16(PRS_SEED_PTR) & PRS_MASK);
 275              		.loc 1 432 0
 276 0004 034B     		ldr	r3, .L17
 277 0006 1B88     		ldrh	r3, [r3]	@ movhi
 278 0008 9BB2     		uxth	r3, r3
 433:Generated_Source\PSoC5/PRS.c **** 
 434:Generated_Source\PSoC5/PRS.c ****         #endif  /* End (PRS_TIME_MULTIPLEXING_ENABLE) */
 435:Generated_Source\PSoC5/PRS.c ****     }
 279              		.loc 1 435 0
 280 000a 1846     		mov	r0, r3
 281 000c BD46     		mov	sp, r7
 282              		.cfi_def_cfa_register 13
 283              		@ sp needed
 284 000e 5DF8047B 		ldr	r7, [sp], #4
 285              		.cfi_restore 7
 286              		.cfi_def_cfa_offset 0
 287 0012 7047     		bx	lr
 288              	.L18:
 289              		.align	2
 290              	.L17:
 291 0014 04640040 		.word	1073767428
 292              		.cfi_endproc
 293              	.LFE5:
 294              		.size	PRS_Read, .-PRS_Read
 295              		.section	.text.PRS_WriteSeed,"ax",%progbits
 296              		.align	2
 297              		.global	PRS_WriteSeed
 298              		.thumb
 299              		.thumb_func
 300              		.type	PRS_WriteSeed, %function
 301              	PRS_WriteSeed:
 302              	.LFB6:
 436:Generated_Source\PSoC5/PRS.c **** 
 437:Generated_Source\PSoC5/PRS.c **** 
 438:Generated_Source\PSoC5/PRS.c ****     /*******************************************************************************
 439:Generated_Source\PSoC5/PRS.c ****     * Function Name: PRS_WriteSeed
ARM GAS  C:\Users\Greg\AppData\Local\Temp\ccu55QYj.s 			page 14


 440:Generated_Source\PSoC5/PRS.c ****     ********************************************************************************
 441:Generated_Source\PSoC5/PRS.c ****     *
 442:Generated_Source\PSoC5/PRS.c ****     * Summary:
 443:Generated_Source\PSoC5/PRS.c ****     *  Writes seed value.
 444:Generated_Source\PSoC5/PRS.c ****     *
 445:Generated_Source\PSoC5/PRS.c ****     * Parameters:
 446:Generated_Source\PSoC5/PRS.c ****     *  seed:  Seed value.
 447:Generated_Source\PSoC5/PRS.c ****     *
 448:Generated_Source\PSoC5/PRS.c ****     * Return:
 449:Generated_Source\PSoC5/PRS.c ****     *  void
 450:Generated_Source\PSoC5/PRS.c ****     *
 451:Generated_Source\PSoC5/PRS.c ****     * Side Effects:
 452:Generated_Source\PSoC5/PRS.c ****     *  The seed value is cut according to mask = 2^(Resolution) - 1.
 453:Generated_Source\PSoC5/PRS.c ****     *  For example if PRS Resolution is 14 bits the mask value is:
 454:Generated_Source\PSoC5/PRS.c ****     *  mask = 2^(14) - 1 = 0x3FFFu.
 455:Generated_Source\PSoC5/PRS.c ****     *  The seed value = 0xFFFFu is cut:
 456:Generated_Source\PSoC5/PRS.c ****     *  seed & mask = 0xFFFFu & 0x3FFFu = 0x3FFFu.
 457:Generated_Source\PSoC5/PRS.c ****     *
 458:Generated_Source\PSoC5/PRS.c ****     *******************************************************************************/
 459:Generated_Source\PSoC5/PRS.c ****     void PRS_WriteSeed(uint16 seed) 
 460:Generated_Source\PSoC5/PRS.c ****     {
 303              		.loc 1 460 0
 304              		.cfi_startproc
 305              		@ args = 0, pretend = 0, frame = 8
 306              		@ frame_needed = 1, uses_anonymous_args = 0
 307              		@ link register save eliminated.
 308 0000 80B4     		push	{r7}
 309              		.cfi_def_cfa_offset 4
 310              		.cfi_offset 7, -4
 311 0002 83B0     		sub	sp, sp, #12
 312              		.cfi_def_cfa_offset 16
 313 0004 00AF     		add	r7, sp, #0
 314              		.cfi_def_cfa_register 7
 315 0006 0346     		mov	r3, r0
 316 0008 FB80     		strh	r3, [r7, #6]	@ movhi
 461:Generated_Source\PSoC5/PRS.c ****         /* Masks the Seed to cut unused bits */
 462:Generated_Source\PSoC5/PRS.c ****         seed &= PRS_MASK;
 463:Generated_Source\PSoC5/PRS.c **** 
 464:Generated_Source\PSoC5/PRS.c ****         /* Writes Seed */
 465:Generated_Source\PSoC5/PRS.c ****         #if (PRS_TIME_MULTIPLEXING_ENABLE)
 466:Generated_Source\PSoC5/PRS.c **** 
 467:Generated_Source\PSoC5/PRS.c ****             #if (PRS_PRS_SIZE <= 16u)          /* 16 bits PRS */
 468:Generated_Source\PSoC5/PRS.c ****                 PRS_SEED_A__A1_REG = HI8(seed);
 469:Generated_Source\PSoC5/PRS.c ****                 PRS_SEED_A__A0_REG = LO8(seed);
 470:Generated_Source\PSoC5/PRS.c **** 
 471:Generated_Source\PSoC5/PRS.c ****             #elif (PRS_PRS_SIZE <= 24u)        /* 24 bits PRS */
 472:Generated_Source\PSoC5/PRS.c ****                 PRS_SEED_B__A1_REG = LO8(HI16(seed));
 473:Generated_Source\PSoC5/PRS.c ****                 PRS_SEED_B__A0_REG = HI8(seed);
 474:Generated_Source\PSoC5/PRS.c ****                 PRS_SEED_A__A0_REG = LO8(seed);
 475:Generated_Source\PSoC5/PRS.c **** 
 476:Generated_Source\PSoC5/PRS.c ****             #else                                           /* 32 bits PRS */
 477:Generated_Source\PSoC5/PRS.c ****                 PRS_SEED_B__A1_REG = HI8(HI16(seed));
 478:Generated_Source\PSoC5/PRS.c ****                 PRS_SEED_A__A1_REG = LO8(HI16(seed));
 479:Generated_Source\PSoC5/PRS.c ****                 PRS_SEED_B__A0_REG = HI8(seed);
 480:Generated_Source\PSoC5/PRS.c ****                 PRS_SEED_A__A0_REG = LO8(seed);
 481:Generated_Source\PSoC5/PRS.c ****             #endif  /* End (PRS_PRS_SIZE <= 32u) */
 482:Generated_Source\PSoC5/PRS.c **** 
ARM GAS  C:\Users\Greg\AppData\Local\Temp\ccu55QYj.s 			page 15


 483:Generated_Source\PSoC5/PRS.c ****             /* Resets triggers */
 484:Generated_Source\PSoC5/PRS.c ****             #if (PRS_WAKEUP_BEHAVIOUR == PRS__RESUMEWORK)
 485:Generated_Source\PSoC5/PRS.c ****                 if((PRS_sleepState & PRS_NORMAL_SEQUENCE) != 0u)
 486:Generated_Source\PSoC5/PRS.c ****                 {
 487:Generated_Source\PSoC5/PRS.c ****                     PRS_EXECUTE_DFF_RESET;
 488:Generated_Source\PSoC5/PRS.c ****                 }
 489:Generated_Source\PSoC5/PRS.c ****             #else
 490:Generated_Source\PSoC5/PRS.c ****                 PRS_EXECUTE_DFF_RESET;
 491:Generated_Source\PSoC5/PRS.c ****             #endif  /* (PRS_WAKEUP_BEHAVIOUR == PRS__RESUMEWORK) */
 492:Generated_Source\PSoC5/PRS.c **** 
 493:Generated_Source\PSoC5/PRS.c ****         #else
 494:Generated_Source\PSoC5/PRS.c **** 
 495:Generated_Source\PSoC5/PRS.c ****             CY_SET_REG16(PRS_SEED_PTR, seed);
 317              		.loc 1 495 0
 318 000a 044A     		ldr	r2, .L20
 319 000c FB88     		ldrh	r3, [r7, #6]	@ movhi
 320 000e 1380     		strh	r3, [r2]	@ movhi
 496:Generated_Source\PSoC5/PRS.c **** 
 497:Generated_Source\PSoC5/PRS.c ****         #endif  /* End (PRS_TIME_MULTIPLEXING_ENABLE) */
 498:Generated_Source\PSoC5/PRS.c ****     }
 321              		.loc 1 498 0
 322 0010 0C37     		adds	r7, r7, #12
 323              		.cfi_def_cfa_offset 4
 324 0012 BD46     		mov	sp, r7
 325              		.cfi_def_cfa_register 13
 326              		@ sp needed
 327 0014 5DF8047B 		ldr	r7, [sp], #4
 328              		.cfi_restore 7
 329              		.cfi_def_cfa_offset 0
 330 0018 7047     		bx	lr
 331              	.L21:
 332 001a 00BF     		.align	2
 333              	.L20:
 334 001c 04640040 		.word	1073767428
 335              		.cfi_endproc
 336              	.LFE6:
 337              		.size	PRS_WriteSeed, .-PRS_WriteSeed
 338              		.section	.text.PRS_ReadPolynomial,"ax",%progbits
 339              		.align	2
 340              		.global	PRS_ReadPolynomial
 341              		.thumb
 342              		.thumb_func
 343              		.type	PRS_ReadPolynomial, %function
 344              	PRS_ReadPolynomial:
 345              	.LFB7:
 499:Generated_Source\PSoC5/PRS.c **** 
 500:Generated_Source\PSoC5/PRS.c **** 
 501:Generated_Source\PSoC5/PRS.c ****     /*******************************************************************************
 502:Generated_Source\PSoC5/PRS.c ****     * Function Name: PRS_ReadPolynomial
 503:Generated_Source\PSoC5/PRS.c ****     ********************************************************************************
 504:Generated_Source\PSoC5/PRS.c ****     *
 505:Generated_Source\PSoC5/PRS.c ****     * Summary:
 506:Generated_Source\PSoC5/PRS.c ****     *  Reads PRS polynomial value.
 507:Generated_Source\PSoC5/PRS.c ****     *
 508:Generated_Source\PSoC5/PRS.c ****     * Parameters:
 509:Generated_Source\PSoC5/PRS.c ****     *  void
 510:Generated_Source\PSoC5/PRS.c ****     *
ARM GAS  C:\Users\Greg\AppData\Local\Temp\ccu55QYj.s 			page 16


 511:Generated_Source\PSoC5/PRS.c ****     * Return:
 512:Generated_Source\PSoC5/PRS.c ****     *  Returns PRS polynomial value.
 513:Generated_Source\PSoC5/PRS.c ****     *
 514:Generated_Source\PSoC5/PRS.c ****     *******************************************************************************/
 515:Generated_Source\PSoC5/PRS.c ****     uint16 PRS_ReadPolynomial(void)
 516:Generated_Source\PSoC5/PRS.c ****                                 
 517:Generated_Source\PSoC5/PRS.c ****     {
 346              		.loc 1 517 0
 347              		.cfi_startproc
 348              		@ args = 0, pretend = 0, frame = 0
 349              		@ frame_needed = 1, uses_anonymous_args = 0
 350              		@ link register save eliminated.
 351 0000 80B4     		push	{r7}
 352              		.cfi_def_cfa_offset 4
 353              		.cfi_offset 7, -4
 354 0002 00AF     		add	r7, sp, #0
 355              		.cfi_def_cfa_register 7
 518:Generated_Source\PSoC5/PRS.c ****         /* Reads polynomial */
 519:Generated_Source\PSoC5/PRS.c ****         #if (PRS_TIME_MULTIPLEXING_ENABLE)
 520:Generated_Source\PSoC5/PRS.c **** 
 521:Generated_Source\PSoC5/PRS.c ****             uint16 polynomial;
 522:Generated_Source\PSoC5/PRS.c **** 
 523:Generated_Source\PSoC5/PRS.c ****             #if (PRS_PRS_SIZE <= 16u)          /* 16 bits PRS */
 524:Generated_Source\PSoC5/PRS.c ****                 polynomial = ((uint16) PRS_POLYNOM_A__D1_REG) << 8u;
 525:Generated_Source\PSoC5/PRS.c ****                 polynomial |= (PRS_POLYNOM_A__D0_REG);
 526:Generated_Source\PSoC5/PRS.c **** 
 527:Generated_Source\PSoC5/PRS.c ****             #elif (PRS_PRS_SIZE <= 24u)        /* 24 bits PRS */
 528:Generated_Source\PSoC5/PRS.c ****                 polynomial = ((uint32) PRS_POLYNOM_B__D1_REG) << 16u;
 529:Generated_Source\PSoC5/PRS.c ****                 polynomial |= ((uint32) PRS_POLYNOM_B__D0_REG) << 8u;
 530:Generated_Source\PSoC5/PRS.c ****                 polynomial |= PRS_POLYNOM_A__D0_REG;
 531:Generated_Source\PSoC5/PRS.c **** 
 532:Generated_Source\PSoC5/PRS.c ****             #else                                           /* 32 bits PRS */
 533:Generated_Source\PSoC5/PRS.c ****                 polynomial = ((uint32) PRS_POLYNOM_B__D1_REG) << 24u;
 534:Generated_Source\PSoC5/PRS.c ****                 polynomial |= ((uint32) PRS_POLYNOM_A__D1_REG) << 16u;
 535:Generated_Source\PSoC5/PRS.c ****                 polynomial |= ((uint32) PRS_POLYNOM_B__D0_REG) << 8u;
 536:Generated_Source\PSoC5/PRS.c ****                 polynomial |= PRS_POLYNOM_A__D0_REG;
 537:Generated_Source\PSoC5/PRS.c **** 
 538:Generated_Source\PSoC5/PRS.c ****             #endif  /* End (PRS_PRS_SIZE <= 32u) */
 539:Generated_Source\PSoC5/PRS.c **** 
 540:Generated_Source\PSoC5/PRS.c ****             return polynomial;
 541:Generated_Source\PSoC5/PRS.c **** 
 542:Generated_Source\PSoC5/PRS.c ****         #else
 543:Generated_Source\PSoC5/PRS.c **** 
 544:Generated_Source\PSoC5/PRS.c ****             return CY_GET_REG16(PRS_POLYNOM_PTR);
 356              		.loc 1 544 0
 357 0004 034B     		ldr	r3, .L24
 358 0006 1B88     		ldrh	r3, [r3]	@ movhi
 359 0008 9BB2     		uxth	r3, r3
 545:Generated_Source\PSoC5/PRS.c **** 
 546:Generated_Source\PSoC5/PRS.c ****         #endif  /* End (PRS_TIME_MULTIPLEXING_ENABLE) */
 547:Generated_Source\PSoC5/PRS.c ****     }
 360              		.loc 1 547 0
 361 000a 1846     		mov	r0, r3
 362 000c BD46     		mov	sp, r7
 363              		.cfi_def_cfa_register 13
 364              		@ sp needed
 365 000e 5DF8047B 		ldr	r7, [sp], #4
ARM GAS  C:\Users\Greg\AppData\Local\Temp\ccu55QYj.s 			page 17


 366              		.cfi_restore 7
 367              		.cfi_def_cfa_offset 0
 368 0012 7047     		bx	lr
 369              	.L25:
 370              		.align	2
 371              	.L24:
 372 0014 24640040 		.word	1073767460
 373              		.cfi_endproc
 374              	.LFE7:
 375              		.size	PRS_ReadPolynomial, .-PRS_ReadPolynomial
 376              		.section	.text.PRS_WritePolynomial,"ax",%progbits
 377              		.align	2
 378              		.global	PRS_WritePolynomial
 379              		.thumb
 380              		.thumb_func
 381              		.type	PRS_WritePolynomial, %function
 382              	PRS_WritePolynomial:
 383              	.LFB8:
 548:Generated_Source\PSoC5/PRS.c **** 
 549:Generated_Source\PSoC5/PRS.c **** 
 550:Generated_Source\PSoC5/PRS.c ****     /*******************************************************************************
 551:Generated_Source\PSoC5/PRS.c ****     * Function Name: PRS_WritePolynomial
 552:Generated_Source\PSoC5/PRS.c ****     ********************************************************************************
 553:Generated_Source\PSoC5/PRS.c ****     *
 554:Generated_Source\PSoC5/PRS.c ****     * Summary:
 555:Generated_Source\PSoC5/PRS.c ****     *  Writes PRS polynomial value.
 556:Generated_Source\PSoC5/PRS.c ****     *
 557:Generated_Source\PSoC5/PRS.c ****     * Parameters:
 558:Generated_Source\PSoC5/PRS.c ****     *  polynomial:  PRS polynomial.
 559:Generated_Source\PSoC5/PRS.c ****     *
 560:Generated_Source\PSoC5/PRS.c ****     * Return:
 561:Generated_Source\PSoC5/PRS.c ****     *  void
 562:Generated_Source\PSoC5/PRS.c ****     *
 563:Generated_Source\PSoC5/PRS.c ****     * Side Effects:
 564:Generated_Source\PSoC5/PRS.c ****     *  The polynomial value is cut according to mask = 2^(Resolution) - 1.
 565:Generated_Source\PSoC5/PRS.c ****     *  For example if PRS Resolution is 14 bits the mask value is:
 566:Generated_Source\PSoC5/PRS.c ****     *  mask = 2^(14) - 1 = 0x3FFFu.
 567:Generated_Source\PSoC5/PRS.c ****     *  The polynomial value = 0xFFFFu is cut:
 568:Generated_Source\PSoC5/PRS.c ****     *  polynomial & mask = 0xFFFFu & 0x3FFFu = 0x3FFFu.
 569:Generated_Source\PSoC5/PRS.c ****     *
 570:Generated_Source\PSoC5/PRS.c ****     *******************************************************************************/
 571:Generated_Source\PSoC5/PRS.c ****     void PRS_WritePolynomial(uint16 polynomial)
 572:Generated_Source\PSoC5/PRS.c ****                                           
 573:Generated_Source\PSoC5/PRS.c ****     {
 384              		.loc 1 573 0
 385              		.cfi_startproc
 386              		@ args = 0, pretend = 0, frame = 8
 387              		@ frame_needed = 1, uses_anonymous_args = 0
 388              		@ link register save eliminated.
 389 0000 80B4     		push	{r7}
 390              		.cfi_def_cfa_offset 4
 391              		.cfi_offset 7, -4
 392 0002 83B0     		sub	sp, sp, #12
 393              		.cfi_def_cfa_offset 16
 394 0004 00AF     		add	r7, sp, #0
 395              		.cfi_def_cfa_register 7
 396 0006 0346     		mov	r3, r0
ARM GAS  C:\Users\Greg\AppData\Local\Temp\ccu55QYj.s 			page 18


 397 0008 FB80     		strh	r3, [r7, #6]	@ movhi
 574:Generated_Source\PSoC5/PRS.c ****         /* Mask polynomial to cut unused bits */
 575:Generated_Source\PSoC5/PRS.c ****         polynomial &= PRS_MASK;
 576:Generated_Source\PSoC5/PRS.c **** 
 577:Generated_Source\PSoC5/PRS.c ****         /* Write polynomial */
 578:Generated_Source\PSoC5/PRS.c ****         #if (PRS_TIME_MULTIPLEXING_ENABLE)
 579:Generated_Source\PSoC5/PRS.c **** 
 580:Generated_Source\PSoC5/PRS.c ****             #if (PRS_PRS_SIZE <= 16u)          /* 16 bits PRS */
 581:Generated_Source\PSoC5/PRS.c **** 
 582:Generated_Source\PSoC5/PRS.c ****                 PRS_POLYNOM_A__D1_REG = HI8(polynomial);
 583:Generated_Source\PSoC5/PRS.c ****                 PRS_POLYNOM_A__D0_REG = LO8(polynomial);
 584:Generated_Source\PSoC5/PRS.c **** 
 585:Generated_Source\PSoC5/PRS.c ****             #elif (PRS_PRS_SIZE <= 24u)        /* 24 bits PRS */
 586:Generated_Source\PSoC5/PRS.c ****                 PRS_POLYNOM_B__D1_REG = LO8(HI16(polynomial));
 587:Generated_Source\PSoC5/PRS.c ****                 PRS_POLYNOM_B__D0_REG = HI8(polynomial);
 588:Generated_Source\PSoC5/PRS.c ****                 PRS_POLYNOM_A__D0_REG = LO8(polynomial);
 589:Generated_Source\PSoC5/PRS.c **** 
 590:Generated_Source\PSoC5/PRS.c ****             #else                                           /* 32 bits PRS */
 591:Generated_Source\PSoC5/PRS.c ****                 PRS_POLYNOM_B__D1_REG = HI8(HI16(polynomial));
 592:Generated_Source\PSoC5/PRS.c ****                 PRS_POLYNOM_A__D1_REG = LO8(HI16(polynomial));
 593:Generated_Source\PSoC5/PRS.c ****                 PRS_POLYNOM_B__D0_REG = HI8(polynomial);
 594:Generated_Source\PSoC5/PRS.c ****                 PRS_POLYNOM_A__D0_REG = LO8(polynomial);
 595:Generated_Source\PSoC5/PRS.c **** 
 596:Generated_Source\PSoC5/PRS.c ****             #endif  /* End (PRS_PRS_SIZE <= 32u) */
 597:Generated_Source\PSoC5/PRS.c **** 
 598:Generated_Source\PSoC5/PRS.c ****             /* Resets triggers */
 599:Generated_Source\PSoC5/PRS.c ****             #if (PRS_WAKEUP_BEHAVIOUR == PRS__RESUMEWORK)
 600:Generated_Source\PSoC5/PRS.c ****                 if((PRS_sleepState & PRS_NORMAL_SEQUENCE) != 0u)
 601:Generated_Source\PSoC5/PRS.c ****                 {
 602:Generated_Source\PSoC5/PRS.c ****                     PRS_EXECUTE_DFF_RESET;
 603:Generated_Source\PSoC5/PRS.c ****                 }
 604:Generated_Source\PSoC5/PRS.c ****             #else
 605:Generated_Source\PSoC5/PRS.c ****                 PRS_EXECUTE_DFF_RESET;
 606:Generated_Source\PSoC5/PRS.c ****             #endif  /* (PRS_WAKEUP_BEHAVIOUR == PRS__RESUMEWORK) */
 607:Generated_Source\PSoC5/PRS.c **** 
 608:Generated_Source\PSoC5/PRS.c ****         #else
 609:Generated_Source\PSoC5/PRS.c **** 
 610:Generated_Source\PSoC5/PRS.c ****             CY_SET_REG16(PRS_POLYNOM_PTR, polynomial);
 398              		.loc 1 610 0
 399 000a 044A     		ldr	r2, .L27
 400 000c FB88     		ldrh	r3, [r7, #6]	@ movhi
 401 000e 1380     		strh	r3, [r2]	@ movhi
 611:Generated_Source\PSoC5/PRS.c **** 
 612:Generated_Source\PSoC5/PRS.c ****         #endif  /* End (PRS_TIME_MULTIPLEXING_ENABLE) */
 613:Generated_Source\PSoC5/PRS.c ****     }
 402              		.loc 1 613 0
 403 0010 0C37     		adds	r7, r7, #12
 404              		.cfi_def_cfa_offset 4
 405 0012 BD46     		mov	sp, r7
 406              		.cfi_def_cfa_register 13
 407              		@ sp needed
 408 0014 5DF8047B 		ldr	r7, [sp], #4
 409              		.cfi_restore 7
 410              		.cfi_def_cfa_offset 0
 411 0018 7047     		bx	lr
 412              	.L28:
 413 001a 00BF     		.align	2
ARM GAS  C:\Users\Greg\AppData\Local\Temp\ccu55QYj.s 			page 19


 414              	.L27:
 415 001c 24640040 		.word	1073767460
 416              		.cfi_endproc
 417              	.LFE8:
 418              		.size	PRS_WritePolynomial, .-PRS_WritePolynomial
 419              		.text
 420              	.Letext0:
 421              		.file 2 "Generated_Source\\PSoC5\\cytypes.h"
 422              		.file 3 "Generated_Source\\PSoC5\\PRS.h"
 423              		.section	.debug_info,"",%progbits
 424              	.Ldebug_info0:
 425 0000 FA010000 		.4byte	0x1fa
 426 0004 0400     		.2byte	0x4
 427 0006 00000000 		.4byte	.Ldebug_abbrev0
 428 000a 04       		.byte	0x4
 429 000b 01       		.uleb128 0x1
 430 000c AC000000 		.4byte	.LASF32
 431 0010 01       		.byte	0x1
 432 0011 00000000 		.4byte	.LASF33
 433 0015 91010000 		.4byte	.LASF34
 434 0019 00000000 		.4byte	.Ldebug_ranges0+0
 435 001d 00000000 		.4byte	0
 436 0021 00000000 		.4byte	.Ldebug_line0
 437 0025 02       		.uleb128 0x2
 438 0026 01       		.byte	0x1
 439 0027 06       		.byte	0x6
 440 0028 65020000 		.4byte	.LASF0
 441 002c 02       		.uleb128 0x2
 442 002d 01       		.byte	0x1
 443 002e 08       		.byte	0x8
 444 002f 54000000 		.4byte	.LASF1
 445 0033 02       		.uleb128 0x2
 446 0034 02       		.byte	0x2
 447 0035 05       		.byte	0x5
 448 0036 1A020000 		.4byte	.LASF2
 449 003a 02       		.uleb128 0x2
 450 003b 02       		.byte	0x2
 451 003c 07       		.byte	0x7
 452 003d 26000000 		.4byte	.LASF3
 453 0041 02       		.uleb128 0x2
 454 0042 04       		.byte	0x4
 455 0043 05       		.byte	0x5
 456 0044 3E020000 		.4byte	.LASF4
 457 0048 02       		.uleb128 0x2
 458 0049 04       		.byte	0x4
 459 004a 07       		.byte	0x7
 460 004b 67000000 		.4byte	.LASF5
 461 004f 02       		.uleb128 0x2
 462 0050 08       		.byte	0x8
 463 0051 05       		.byte	0x5
 464 0052 F9010000 		.4byte	.LASF6
 465 0056 02       		.uleb128 0x2
 466 0057 08       		.byte	0x8
 467 0058 07       		.byte	0x7
 468 0059 6E010000 		.4byte	.LASF7
 469 005d 03       		.uleb128 0x3
 470 005e 04       		.byte	0x4
ARM GAS  C:\Users\Greg\AppData\Local\Temp\ccu55QYj.s 			page 20


 471 005f 05       		.byte	0x5
 472 0060 696E7400 		.ascii	"int\000"
 473 0064 02       		.uleb128 0x2
 474 0065 04       		.byte	0x4
 475 0066 07       		.byte	0x7
 476 0067 61010000 		.4byte	.LASF8
 477 006b 04       		.uleb128 0x4
 478 006c 79000000 		.4byte	.LASF9
 479 0070 02       		.byte	0x2
 480 0071 9201     		.2byte	0x192
 481 0073 2C000000 		.4byte	0x2c
 482 0077 04       		.uleb128 0x4
 483 0078 55010000 		.4byte	.LASF10
 484 007c 02       		.byte	0x2
 485 007d 9301     		.2byte	0x193
 486 007f 3A000000 		.4byte	0x3a
 487 0083 02       		.uleb128 0x2
 488 0084 04       		.byte	0x4
 489 0085 04       		.byte	0x4
 490 0086 4E000000 		.4byte	.LASF11
 491 008a 02       		.uleb128 0x2
 492 008b 08       		.byte	0x8
 493 008c 04       		.byte	0x4
 494 008d 3A010000 		.4byte	.LASF12
 495 0091 02       		.uleb128 0x2
 496 0092 01       		.byte	0x1
 497 0093 08       		.byte	0x8
 498 0094 15020000 		.4byte	.LASF13
 499 0098 04       		.uleb128 0x4
 500 0099 62000000 		.4byte	.LASF14
 501 009d 02       		.byte	0x2
 502 009e 3C02     		.2byte	0x23c
 503 00a0 A4000000 		.4byte	0xa4
 504 00a4 05       		.uleb128 0x5
 505 00a5 6B000000 		.4byte	0x6b
 506 00a9 04       		.uleb128 0x4
 507 00aa 24020000 		.4byte	.LASF15
 508 00ae 02       		.byte	0x2
 509 00af 3D02     		.2byte	0x23d
 510 00b1 B5000000 		.4byte	0xb5
 511 00b5 05       		.uleb128 0x5
 512 00b6 77000000 		.4byte	0x77
 513 00ba 02       		.uleb128 0x2
 514 00bb 04       		.byte	0x4
 515 00bc 07       		.byte	0x7
 516 00bd E5010000 		.4byte	.LASF16
 517 00c1 06       		.uleb128 0x6
 518 00c2 04       		.byte	0x4
 519 00c3 03       		.byte	0x3
 520 00c4 37       		.byte	0x37
 521 00c5 E2000000 		.4byte	0xe2
 522 00c9 07       		.uleb128 0x7
 523 00ca 47020000 		.4byte	.LASF17
 524 00ce 03       		.byte	0x3
 525 00cf 39       		.byte	0x39
 526 00d0 6B000000 		.4byte	0x6b
 527 00d4 00       		.byte	0
ARM GAS  C:\Users\Greg\AppData\Local\Temp\ccu55QYj.s 			page 21


 528 00d5 07       		.uleb128 0x7
 529 00d6 5C010000 		.4byte	.LASF18
 530 00da 03       		.byte	0x3
 531 00db 43       		.byte	0x43
 532 00dc 77000000 		.4byte	0x77
 533 00e0 02       		.byte	0x2
 534 00e1 00       		.byte	0
 535 00e2 08       		.uleb128 0x8
 536 00e3 53020000 		.4byte	.LASF19
 537 00e7 03       		.byte	0x3
 538 00e8 4D       		.byte	0x4d
 539 00e9 C1000000 		.4byte	0xc1
 540 00ed 09       		.uleb128 0x9
 541 00ee 1D000000 		.4byte	.LASF20
 542 00f2 01       		.byte	0x1
 543 00f3 3C       		.byte	0x3c
 544 00f4 00000000 		.4byte	.LFB0
 545 00f8 22000000 		.4byte	.LFE0-.LFB0
 546 00fc 01       		.uleb128 0x1
 547 00fd 9C       		.byte	0x9c
 548 00fe 0A       		.uleb128 0xa
 549 00ff EE010000 		.4byte	.LASF21
 550 0103 01       		.byte	0x1
 551 0104 62       		.byte	0x62
 552 0105 00000000 		.4byte	.LFB1
 553 0109 20000000 		.4byte	.LFE1-.LFB1
 554 010d 01       		.uleb128 0x1
 555 010e 9C       		.byte	0x9c
 556 010f 09       		.uleb128 0x9
 557 0110 44000000 		.4byte	.LASF22
 558 0114 01       		.byte	0x1
 559 0115 7E       		.byte	0x7e
 560 0116 00000000 		.4byte	.LFB2
 561 011a 20000000 		.4byte	.LFE2-.LFB2
 562 011e 01       		.uleb128 0x1
 563 011f 9C       		.byte	0x9c
 564 0120 0A       		.uleb128 0xa
 565 0121 7F000000 		.4byte	.LASF23
 566 0125 01       		.byte	0x1
 567 0126 99       		.byte	0x99
 568 0127 00000000 		.4byte	.LFB3
 569 012b 20000000 		.4byte	.LFE3-.LFB3
 570 012f 01       		.uleb128 0x1
 571 0130 9C       		.byte	0x9c
 572 0131 0B       		.uleb128 0xb
 573 0132 71020000 		.4byte	.LASF24
 574 0136 01       		.byte	0x1
 575 0137 D0       		.byte	0xd0
 576 0138 00000000 		.4byte	.LFB4
 577 013c 54000000 		.4byte	.LFE4-.LFB4
 578 0140 01       		.uleb128 0x1
 579 0141 9C       		.byte	0x9c
 580 0142 63010000 		.4byte	0x163
 581 0146 0C       		.uleb128 0xc
 582 0147 5C010000 		.4byte	.LASF18
 583 014b 01       		.byte	0x1
 584 014c D0       		.byte	0xd0
ARM GAS  C:\Users\Greg\AppData\Local\Temp\ccu55QYj.s 			page 22


 585 014d 77000000 		.4byte	0x77
 586 0151 02       		.uleb128 0x2
 587 0152 91       		.byte	0x91
 588 0153 6E       		.sleb128 -18
 589 0154 0D       		.uleb128 0xd
 590 0155 9B000000 		.4byte	.LASF35
 591 0159 01       		.byte	0x1
 592 015a D3       		.byte	0xd3
 593 015b 6B000000 		.4byte	0x6b
 594 015f 02       		.uleb128 0x2
 595 0160 91       		.byte	0x91
 596 0161 77       		.sleb128 -9
 597 0162 00       		.byte	0
 598 0163 0E       		.uleb128 0xe
 599 0164 4C010000 		.4byte	.LASF26
 600 0168 01       		.byte	0x1
 601 0169 9401     		.2byte	0x194
 602 016b 77000000 		.4byte	0x77
 603 016f 00000000 		.4byte	.LFB5
 604 0173 18000000 		.4byte	.LFE5-.LFB5
 605 0177 01       		.uleb128 0x1
 606 0178 9C       		.byte	0x9c
 607 0179 0F       		.uleb128 0xf
 608 017a 07020000 		.4byte	.LASF25
 609 017e 01       		.byte	0x1
 610 017f CB01     		.2byte	0x1cb
 611 0181 00000000 		.4byte	.LFB6
 612 0185 20000000 		.4byte	.LFE6-.LFB6
 613 0189 01       		.uleb128 0x1
 614 018a 9C       		.byte	0x9c
 615 018b 9F010000 		.4byte	0x19f
 616 018f 10       		.uleb128 0x10
 617 0190 5C010000 		.4byte	.LASF18
 618 0194 01       		.byte	0x1
 619 0195 CB01     		.2byte	0x1cb
 620 0197 77000000 		.4byte	0x77
 621 019b 02       		.uleb128 0x2
 622 019c 91       		.byte	0x91
 623 019d 76       		.sleb128 -10
 624 019e 00       		.byte	0
 625 019f 0E       		.uleb128 0xe
 626 01a0 88000000 		.4byte	.LASF27
 627 01a4 01       		.byte	0x1
 628 01a5 0302     		.2byte	0x203
 629 01a7 77000000 		.4byte	0x77
 630 01ab 00000000 		.4byte	.LFB7
 631 01af 18000000 		.4byte	.LFE7-.LFB7
 632 01b3 01       		.uleb128 0x1
 633 01b4 9C       		.byte	0x9c
 634 01b5 0F       		.uleb128 0xf
 635 01b6 2A020000 		.4byte	.LASF28
 636 01ba 01       		.byte	0x1
 637 01bb 3B02     		.2byte	0x23b
 638 01bd 00000000 		.4byte	.LFB8
 639 01c1 20000000 		.4byte	.LFE8-.LFB8
 640 01c5 01       		.uleb128 0x1
 641 01c6 9C       		.byte	0x9c
ARM GAS  C:\Users\Greg\AppData\Local\Temp\ccu55QYj.s 			page 23


 642 01c7 DB010000 		.4byte	0x1db
 643 01cb 10       		.uleb128 0x10
 644 01cc 41010000 		.4byte	.LASF29
 645 01d0 01       		.byte	0x1
 646 01d1 3B02     		.2byte	0x23b
 647 01d3 77000000 		.4byte	0x77
 648 01d7 02       		.uleb128 0x2
 649 01d8 91       		.byte	0x91
 650 01d9 76       		.sleb128 -10
 651 01da 00       		.byte	0
 652 01db 11       		.uleb128 0x11
 653 01dc 85010000 		.4byte	.LASF30
 654 01e0 01       		.byte	0x1
 655 01e1 14       		.byte	0x14
 656 01e2 6B000000 		.4byte	0x6b
 657 01e6 05       		.uleb128 0x5
 658 01e7 03       		.byte	0x3
 659 01e8 00000000 		.4byte	PRS_initVar
 660 01ec 11       		.uleb128 0x11
 661 01ed 39000000 		.4byte	.LASF31
 662 01f1 01       		.byte	0x1
 663 01f2 16       		.byte	0x16
 664 01f3 E2000000 		.4byte	0xe2
 665 01f7 05       		.uleb128 0x5
 666 01f8 03       		.byte	0x3
 667 01f9 00000000 		.4byte	PRS_backup
 668 01fd 00       		.byte	0
 669              		.section	.debug_abbrev,"",%progbits
 670              	.Ldebug_abbrev0:
 671 0000 01       		.uleb128 0x1
 672 0001 11       		.uleb128 0x11
 673 0002 01       		.byte	0x1
 674 0003 25       		.uleb128 0x25
 675 0004 0E       		.uleb128 0xe
 676 0005 13       		.uleb128 0x13
 677 0006 0B       		.uleb128 0xb
 678 0007 03       		.uleb128 0x3
 679 0008 0E       		.uleb128 0xe
 680 0009 1B       		.uleb128 0x1b
 681 000a 0E       		.uleb128 0xe
 682 000b 55       		.uleb128 0x55
 683 000c 17       		.uleb128 0x17
 684 000d 11       		.uleb128 0x11
 685 000e 01       		.uleb128 0x1
 686 000f 10       		.uleb128 0x10
 687 0010 17       		.uleb128 0x17
 688 0011 00       		.byte	0
 689 0012 00       		.byte	0
 690 0013 02       		.uleb128 0x2
 691 0014 24       		.uleb128 0x24
 692 0015 00       		.byte	0
 693 0016 0B       		.uleb128 0xb
 694 0017 0B       		.uleb128 0xb
 695 0018 3E       		.uleb128 0x3e
 696 0019 0B       		.uleb128 0xb
 697 001a 03       		.uleb128 0x3
 698 001b 0E       		.uleb128 0xe
ARM GAS  C:\Users\Greg\AppData\Local\Temp\ccu55QYj.s 			page 24


 699 001c 00       		.byte	0
 700 001d 00       		.byte	0
 701 001e 03       		.uleb128 0x3
 702 001f 24       		.uleb128 0x24
 703 0020 00       		.byte	0
 704 0021 0B       		.uleb128 0xb
 705 0022 0B       		.uleb128 0xb
 706 0023 3E       		.uleb128 0x3e
 707 0024 0B       		.uleb128 0xb
 708 0025 03       		.uleb128 0x3
 709 0026 08       		.uleb128 0x8
 710 0027 00       		.byte	0
 711 0028 00       		.byte	0
 712 0029 04       		.uleb128 0x4
 713 002a 16       		.uleb128 0x16
 714 002b 00       		.byte	0
 715 002c 03       		.uleb128 0x3
 716 002d 0E       		.uleb128 0xe
 717 002e 3A       		.uleb128 0x3a
 718 002f 0B       		.uleb128 0xb
 719 0030 3B       		.uleb128 0x3b
 720 0031 05       		.uleb128 0x5
 721 0032 49       		.uleb128 0x49
 722 0033 13       		.uleb128 0x13
 723 0034 00       		.byte	0
 724 0035 00       		.byte	0
 725 0036 05       		.uleb128 0x5
 726 0037 35       		.uleb128 0x35
 727 0038 00       		.byte	0
 728 0039 49       		.uleb128 0x49
 729 003a 13       		.uleb128 0x13
 730 003b 00       		.byte	0
 731 003c 00       		.byte	0
 732 003d 06       		.uleb128 0x6
 733 003e 13       		.uleb128 0x13
 734 003f 01       		.byte	0x1
 735 0040 0B       		.uleb128 0xb
 736 0041 0B       		.uleb128 0xb
 737 0042 3A       		.uleb128 0x3a
 738 0043 0B       		.uleb128 0xb
 739 0044 3B       		.uleb128 0x3b
 740 0045 0B       		.uleb128 0xb
 741 0046 01       		.uleb128 0x1
 742 0047 13       		.uleb128 0x13
 743 0048 00       		.byte	0
 744 0049 00       		.byte	0
 745 004a 07       		.uleb128 0x7
 746 004b 0D       		.uleb128 0xd
 747 004c 00       		.byte	0
 748 004d 03       		.uleb128 0x3
 749 004e 0E       		.uleb128 0xe
 750 004f 3A       		.uleb128 0x3a
 751 0050 0B       		.uleb128 0xb
 752 0051 3B       		.uleb128 0x3b
 753 0052 0B       		.uleb128 0xb
 754 0053 49       		.uleb128 0x49
 755 0054 13       		.uleb128 0x13
ARM GAS  C:\Users\Greg\AppData\Local\Temp\ccu55QYj.s 			page 25


 756 0055 38       		.uleb128 0x38
 757 0056 0B       		.uleb128 0xb
 758 0057 00       		.byte	0
 759 0058 00       		.byte	0
 760 0059 08       		.uleb128 0x8
 761 005a 16       		.uleb128 0x16
 762 005b 00       		.byte	0
 763 005c 03       		.uleb128 0x3
 764 005d 0E       		.uleb128 0xe
 765 005e 3A       		.uleb128 0x3a
 766 005f 0B       		.uleb128 0xb
 767 0060 3B       		.uleb128 0x3b
 768 0061 0B       		.uleb128 0xb
 769 0062 49       		.uleb128 0x49
 770 0063 13       		.uleb128 0x13
 771 0064 00       		.byte	0
 772 0065 00       		.byte	0
 773 0066 09       		.uleb128 0x9
 774 0067 2E       		.uleb128 0x2e
 775 0068 00       		.byte	0
 776 0069 3F       		.uleb128 0x3f
 777 006a 19       		.uleb128 0x19
 778 006b 03       		.uleb128 0x3
 779 006c 0E       		.uleb128 0xe
 780 006d 3A       		.uleb128 0x3a
 781 006e 0B       		.uleb128 0xb
 782 006f 3B       		.uleb128 0x3b
 783 0070 0B       		.uleb128 0xb
 784 0071 27       		.uleb128 0x27
 785 0072 19       		.uleb128 0x19
 786 0073 11       		.uleb128 0x11
 787 0074 01       		.uleb128 0x1
 788 0075 12       		.uleb128 0x12
 789 0076 06       		.uleb128 0x6
 790 0077 40       		.uleb128 0x40
 791 0078 18       		.uleb128 0x18
 792 0079 9642     		.uleb128 0x2116
 793 007b 19       		.uleb128 0x19
 794 007c 00       		.byte	0
 795 007d 00       		.byte	0
 796 007e 0A       		.uleb128 0xa
 797 007f 2E       		.uleb128 0x2e
 798 0080 00       		.byte	0
 799 0081 3F       		.uleb128 0x3f
 800 0082 19       		.uleb128 0x19
 801 0083 03       		.uleb128 0x3
 802 0084 0E       		.uleb128 0xe
 803 0085 3A       		.uleb128 0x3a
 804 0086 0B       		.uleb128 0xb
 805 0087 3B       		.uleb128 0x3b
 806 0088 0B       		.uleb128 0xb
 807 0089 27       		.uleb128 0x27
 808 008a 19       		.uleb128 0x19
 809 008b 11       		.uleb128 0x11
 810 008c 01       		.uleb128 0x1
 811 008d 12       		.uleb128 0x12
 812 008e 06       		.uleb128 0x6
ARM GAS  C:\Users\Greg\AppData\Local\Temp\ccu55QYj.s 			page 26


 813 008f 40       		.uleb128 0x40
 814 0090 18       		.uleb128 0x18
 815 0091 9742     		.uleb128 0x2117
 816 0093 19       		.uleb128 0x19
 817 0094 00       		.byte	0
 818 0095 00       		.byte	0
 819 0096 0B       		.uleb128 0xb
 820 0097 2E       		.uleb128 0x2e
 821 0098 01       		.byte	0x1
 822 0099 3F       		.uleb128 0x3f
 823 009a 19       		.uleb128 0x19
 824 009b 03       		.uleb128 0x3
 825 009c 0E       		.uleb128 0xe
 826 009d 3A       		.uleb128 0x3a
 827 009e 0B       		.uleb128 0xb
 828 009f 3B       		.uleb128 0x3b
 829 00a0 0B       		.uleb128 0xb
 830 00a1 27       		.uleb128 0x27
 831 00a2 19       		.uleb128 0x19
 832 00a3 11       		.uleb128 0x11
 833 00a4 01       		.uleb128 0x1
 834 00a5 12       		.uleb128 0x12
 835 00a6 06       		.uleb128 0x6
 836 00a7 40       		.uleb128 0x40
 837 00a8 18       		.uleb128 0x18
 838 00a9 9642     		.uleb128 0x2116
 839 00ab 19       		.uleb128 0x19
 840 00ac 01       		.uleb128 0x1
 841 00ad 13       		.uleb128 0x13
 842 00ae 00       		.byte	0
 843 00af 00       		.byte	0
 844 00b0 0C       		.uleb128 0xc
 845 00b1 05       		.uleb128 0x5
 846 00b2 00       		.byte	0
 847 00b3 03       		.uleb128 0x3
 848 00b4 0E       		.uleb128 0xe
 849 00b5 3A       		.uleb128 0x3a
 850 00b6 0B       		.uleb128 0xb
 851 00b7 3B       		.uleb128 0x3b
 852 00b8 0B       		.uleb128 0xb
 853 00b9 49       		.uleb128 0x49
 854 00ba 13       		.uleb128 0x13
 855 00bb 02       		.uleb128 0x2
 856 00bc 18       		.uleb128 0x18
 857 00bd 00       		.byte	0
 858 00be 00       		.byte	0
 859 00bf 0D       		.uleb128 0xd
 860 00c0 34       		.uleb128 0x34
 861 00c1 00       		.byte	0
 862 00c2 03       		.uleb128 0x3
 863 00c3 0E       		.uleb128 0xe
 864 00c4 3A       		.uleb128 0x3a
 865 00c5 0B       		.uleb128 0xb
 866 00c6 3B       		.uleb128 0x3b
 867 00c7 0B       		.uleb128 0xb
 868 00c8 49       		.uleb128 0x49
 869 00c9 13       		.uleb128 0x13
ARM GAS  C:\Users\Greg\AppData\Local\Temp\ccu55QYj.s 			page 27


 870 00ca 02       		.uleb128 0x2
 871 00cb 18       		.uleb128 0x18
 872 00cc 00       		.byte	0
 873 00cd 00       		.byte	0
 874 00ce 0E       		.uleb128 0xe
 875 00cf 2E       		.uleb128 0x2e
 876 00d0 00       		.byte	0
 877 00d1 3F       		.uleb128 0x3f
 878 00d2 19       		.uleb128 0x19
 879 00d3 03       		.uleb128 0x3
 880 00d4 0E       		.uleb128 0xe
 881 00d5 3A       		.uleb128 0x3a
 882 00d6 0B       		.uleb128 0xb
 883 00d7 3B       		.uleb128 0x3b
 884 00d8 05       		.uleb128 0x5
 885 00d9 27       		.uleb128 0x27
 886 00da 19       		.uleb128 0x19
 887 00db 49       		.uleb128 0x49
 888 00dc 13       		.uleb128 0x13
 889 00dd 11       		.uleb128 0x11
 890 00de 01       		.uleb128 0x1
 891 00df 12       		.uleb128 0x12
 892 00e0 06       		.uleb128 0x6
 893 00e1 40       		.uleb128 0x40
 894 00e2 18       		.uleb128 0x18
 895 00e3 9742     		.uleb128 0x2117
 896 00e5 19       		.uleb128 0x19
 897 00e6 00       		.byte	0
 898 00e7 00       		.byte	0
 899 00e8 0F       		.uleb128 0xf
 900 00e9 2E       		.uleb128 0x2e
 901 00ea 01       		.byte	0x1
 902 00eb 3F       		.uleb128 0x3f
 903 00ec 19       		.uleb128 0x19
 904 00ed 03       		.uleb128 0x3
 905 00ee 0E       		.uleb128 0xe
 906 00ef 3A       		.uleb128 0x3a
 907 00f0 0B       		.uleb128 0xb
 908 00f1 3B       		.uleb128 0x3b
 909 00f2 05       		.uleb128 0x5
 910 00f3 27       		.uleb128 0x27
 911 00f4 19       		.uleb128 0x19
 912 00f5 11       		.uleb128 0x11
 913 00f6 01       		.uleb128 0x1
 914 00f7 12       		.uleb128 0x12
 915 00f8 06       		.uleb128 0x6
 916 00f9 40       		.uleb128 0x40
 917 00fa 18       		.uleb128 0x18
 918 00fb 9742     		.uleb128 0x2117
 919 00fd 19       		.uleb128 0x19
 920 00fe 01       		.uleb128 0x1
 921 00ff 13       		.uleb128 0x13
 922 0100 00       		.byte	0
 923 0101 00       		.byte	0
 924 0102 10       		.uleb128 0x10
 925 0103 05       		.uleb128 0x5
 926 0104 00       		.byte	0
ARM GAS  C:\Users\Greg\AppData\Local\Temp\ccu55QYj.s 			page 28


 927 0105 03       		.uleb128 0x3
 928 0106 0E       		.uleb128 0xe
 929 0107 3A       		.uleb128 0x3a
 930 0108 0B       		.uleb128 0xb
 931 0109 3B       		.uleb128 0x3b
 932 010a 05       		.uleb128 0x5
 933 010b 49       		.uleb128 0x49
 934 010c 13       		.uleb128 0x13
 935 010d 02       		.uleb128 0x2
 936 010e 18       		.uleb128 0x18
 937 010f 00       		.byte	0
 938 0110 00       		.byte	0
 939 0111 11       		.uleb128 0x11
 940 0112 34       		.uleb128 0x34
 941 0113 00       		.byte	0
 942 0114 03       		.uleb128 0x3
 943 0115 0E       		.uleb128 0xe
 944 0116 3A       		.uleb128 0x3a
 945 0117 0B       		.uleb128 0xb
 946 0118 3B       		.uleb128 0x3b
 947 0119 0B       		.uleb128 0xb
 948 011a 49       		.uleb128 0x49
 949 011b 13       		.uleb128 0x13
 950 011c 3F       		.uleb128 0x3f
 951 011d 19       		.uleb128 0x19
 952 011e 02       		.uleb128 0x2
 953 011f 18       		.uleb128 0x18
 954 0120 00       		.byte	0
 955 0121 00       		.byte	0
 956 0122 00       		.byte	0
 957              		.section	.debug_aranges,"",%progbits
 958 0000 5C000000 		.4byte	0x5c
 959 0004 0200     		.2byte	0x2
 960 0006 00000000 		.4byte	.Ldebug_info0
 961 000a 04       		.byte	0x4
 962 000b 00       		.byte	0
 963 000c 0000     		.2byte	0
 964 000e 0000     		.2byte	0
 965 0010 00000000 		.4byte	.LFB0
 966 0014 22000000 		.4byte	.LFE0-.LFB0
 967 0018 00000000 		.4byte	.LFB1
 968 001c 20000000 		.4byte	.LFE1-.LFB1
 969 0020 00000000 		.4byte	.LFB2
 970 0024 20000000 		.4byte	.LFE2-.LFB2
 971 0028 00000000 		.4byte	.LFB3
 972 002c 20000000 		.4byte	.LFE3-.LFB3
 973 0030 00000000 		.4byte	.LFB4
 974 0034 54000000 		.4byte	.LFE4-.LFB4
 975 0038 00000000 		.4byte	.LFB5
 976 003c 18000000 		.4byte	.LFE5-.LFB5
 977 0040 00000000 		.4byte	.LFB6
 978 0044 20000000 		.4byte	.LFE6-.LFB6
 979 0048 00000000 		.4byte	.LFB7
 980 004c 18000000 		.4byte	.LFE7-.LFB7
 981 0050 00000000 		.4byte	.LFB8
 982 0054 20000000 		.4byte	.LFE8-.LFB8
 983 0058 00000000 		.4byte	0
ARM GAS  C:\Users\Greg\AppData\Local\Temp\ccu55QYj.s 			page 29


 984 005c 00000000 		.4byte	0
 985              		.section	.debug_ranges,"",%progbits
 986              	.Ldebug_ranges0:
 987 0000 00000000 		.4byte	.LFB0
 988 0004 22000000 		.4byte	.LFE0
 989 0008 00000000 		.4byte	.LFB1
 990 000c 20000000 		.4byte	.LFE1
 991 0010 00000000 		.4byte	.LFB2
 992 0014 20000000 		.4byte	.LFE2
 993 0018 00000000 		.4byte	.LFB3
 994 001c 20000000 		.4byte	.LFE3
 995 0020 00000000 		.4byte	.LFB4
 996 0024 54000000 		.4byte	.LFE4
 997 0028 00000000 		.4byte	.LFB5
 998 002c 18000000 		.4byte	.LFE5
 999 0030 00000000 		.4byte	.LFB6
 1000 0034 20000000 		.4byte	.LFE6
 1001 0038 00000000 		.4byte	.LFB7
 1002 003c 18000000 		.4byte	.LFE7
 1003 0040 00000000 		.4byte	.LFB8
 1004 0044 20000000 		.4byte	.LFE8
 1005 0048 00000000 		.4byte	0
 1006 004c 00000000 		.4byte	0
 1007              		.section	.debug_line,"",%progbits
 1008              	.Ldebug_line0:
 1009 0000 08010000 		.section	.debug_str,"MS",%progbits,1
 1009      02004900 
 1009      00000201 
 1009      FB0E0D00 
 1009      01010101 
 1010              	.LASF33:
 1011 0000 47656E65 		.ascii	"Generated_Source\\PSoC5\\PRS.c\000"
 1011      72617465 
 1011      645F536F 
 1011      75726365 
 1011      5C50536F 
 1012              	.LASF20:
 1013 001d 5052535F 		.ascii	"PRS_Init\000"
 1013      496E6974 
 1013      00
 1014              	.LASF3:
 1015 0026 73686F72 		.ascii	"short unsigned int\000"
 1015      7420756E 
 1015      7369676E 
 1015      65642069 
 1015      6E7400
 1016              	.LASF31:
 1017 0039 5052535F 		.ascii	"PRS_backup\000"
 1017      6261636B 
 1017      757000
 1018              	.LASF22:
 1019 0044 5052535F 		.ascii	"PRS_Start\000"
 1019      53746172 
 1019      7400
 1020              	.LASF11:
 1021 004e 666C6F61 		.ascii	"float\000"
 1021      7400
ARM GAS  C:\Users\Greg\AppData\Local\Temp\ccu55QYj.s 			page 30


 1022              	.LASF1:
 1023 0054 756E7369 		.ascii	"unsigned char\000"
 1023      676E6564 
 1023      20636861 
 1023      7200
 1024              	.LASF14:
 1025 0062 72656738 		.ascii	"reg8\000"
 1025      00
 1026              	.LASF5:
 1027 0067 6C6F6E67 		.ascii	"long unsigned int\000"
 1027      20756E73 
 1027      69676E65 
 1027      6420696E 
 1027      7400
 1028              	.LASF9:
 1029 0079 75696E74 		.ascii	"uint8\000"
 1029      3800
 1030              	.LASF23:
 1031 007f 5052535F 		.ascii	"PRS_Stop\000"
 1031      53746F70 
 1031      00
 1032              	.LASF27:
 1033 0088 5052535F 		.ascii	"PRS_ReadPolynomial\000"
 1033      52656164 
 1033      506F6C79 
 1033      6E6F6D69 
 1033      616C00
 1034              	.LASF35:
 1035 009b 656E6162 		.ascii	"enableInterrupts\000"
 1035      6C65496E 
 1035      74657272 
 1035      75707473 
 1035      00
 1036              	.LASF32:
 1037 00ac 474E5520 		.ascii	"GNU C 4.9.3 20150303 (release) [ARM/embedded-4_9-br"
 1037      4320342E 
 1037      392E3320 
 1037      32303135 
 1037      30333033 
 1038 00df 616E6368 		.ascii	"anch revision 221220] -mcpu=cortex-m3 -mthumb -g -O"
 1038      20726576 
 1038      6973696F 
 1038      6E203232 
 1038      31323230 
 1039 0112 30202D66 		.ascii	"0 -ffunction-sections -ffat-lto-objects\000"
 1039      66756E63 
 1039      74696F6E 
 1039      2D736563 
 1039      74696F6E 
 1040              	.LASF12:
 1041 013a 646F7562 		.ascii	"double\000"
 1041      6C6500
 1042              	.LASF29:
 1043 0141 706F6C79 		.ascii	"polynomial\000"
 1043      6E6F6D69 
 1043      616C00
 1044              	.LASF26:
ARM GAS  C:\Users\Greg\AppData\Local\Temp\ccu55QYj.s 			page 31


 1045 014c 5052535F 		.ascii	"PRS_Read\000"
 1045      52656164 
 1045      00
 1046              	.LASF10:
 1047 0155 75696E74 		.ascii	"uint16\000"
 1047      313600
 1048              	.LASF18:
 1049 015c 73656564 		.ascii	"seed\000"
 1049      00
 1050              	.LASF8:
 1051 0161 756E7369 		.ascii	"unsigned int\000"
 1051      676E6564 
 1051      20696E74 
 1051      00
 1052              	.LASF7:
 1053 016e 6C6F6E67 		.ascii	"long long unsigned int\000"
 1053      206C6F6E 
 1053      6720756E 
 1053      7369676E 
 1053      65642069 
 1054              	.LASF30:
 1055 0185 5052535F 		.ascii	"PRS_initVar\000"
 1055      696E6974 
 1055      56617200 
 1056              	.LASF34:
 1057 0191 433A5C53 		.ascii	"C:\\SVN\\apps\\trunk\\Cypress Academy\\PSoC-121-Ana"
 1057      564E5C61 
 1057      7070735C 
 1057      7472756E 
 1057      6B5C4379 
 1058 01bf 6C6F675C 		.ascii	"log\\Scope\\KEES_Scope\\PSoC\\Scope.cydsn\000"
 1058      53636F70 
 1058      655C4B45 
 1058      45535F53 
 1058      636F7065 
 1059              	.LASF16:
 1060 01e5 73697A65 		.ascii	"sizetype\000"
 1060      74797065 
 1060      00
 1061              	.LASF21:
 1062 01ee 5052535F 		.ascii	"PRS_Enable\000"
 1062      456E6162 
 1062      6C6500
 1063              	.LASF6:
 1064 01f9 6C6F6E67 		.ascii	"long long int\000"
 1064      206C6F6E 
 1064      6720696E 
 1064      7400
 1065              	.LASF25:
 1066 0207 5052535F 		.ascii	"PRS_WriteSeed\000"
 1066      57726974 
 1066      65536565 
 1066      6400
 1067              	.LASF13:
 1068 0215 63686172 		.ascii	"char\000"
 1068      00
 1069              	.LASF2:
ARM GAS  C:\Users\Greg\AppData\Local\Temp\ccu55QYj.s 			page 32


 1070 021a 73686F72 		.ascii	"short int\000"
 1070      7420696E 
 1070      7400
 1071              	.LASF15:
 1072 0224 72656731 		.ascii	"reg16\000"
 1072      3600
 1073              	.LASF28:
 1074 022a 5052535F 		.ascii	"PRS_WritePolynomial\000"
 1074      57726974 
 1074      65506F6C 
 1074      796E6F6D 
 1074      69616C00 
 1075              	.LASF4:
 1076 023e 6C6F6E67 		.ascii	"long int\000"
 1076      20696E74 
 1076      00
 1077              	.LASF17:
 1078 0247 656E6162 		.ascii	"enableState\000"
 1078      6C655374 
 1078      61746500 
 1079              	.LASF19:
 1080 0253 5052535F 		.ascii	"PRS_BACKUP_STRUCT\000"
 1080      4241434B 
 1080      55505F53 
 1080      54525543 
 1080      5400
 1081              	.LASF0:
 1082 0265 7369676E 		.ascii	"signed char\000"
 1082      65642063 
 1082      68617200 
 1083              	.LASF24:
 1084 0271 5052535F 		.ascii	"PRS_ResetSeedInit\000"
 1084      52657365 
 1084      74536565 
 1084      64496E69 
 1084      7400
 1085              		.ident	"GCC: (GNU Tools for ARM Embedded Processors) 4.9.3 20150303 (release) [ARM/embedded-4_9-br
