ARM GAS  C:\Users\Greg\AppData\Local\Temp\cc1Ptq2h.s 			page 1


   1              		.syntax unified
   2              		.cpu cortex-m3
   3              		.fpu softvfp
   4              		.eabi_attribute 20, 1
   5              		.eabi_attribute 21, 1
   6              		.eabi_attribute 23, 3
   7              		.eabi_attribute 24, 1
   8              		.eabi_attribute 25, 1
   9              		.eabi_attribute 26, 1
  10              		.eabi_attribute 30, 6
  11              		.eabi_attribute 34, 1
  12              		.eabi_attribute 18, 4
  13              		.thumb
  14              		.file	"PRS_PM.c"
  15              		.text
  16              	.Ltext0:
  17              		.cfi_sections	.debug_frame
  18              		.section	.text.PRS_SaveConfig,"ax",%progbits
  19              		.align	2
  20              		.global	PRS_SaveConfig
  21              		.thumb
  22              		.thumb_func
  23              		.type	PRS_SaveConfig, %function
  24              	PRS_SaveConfig:
  25              	.LFB0:
  26              		.file 1 "Generated_Source\\PSoC5\\PRS_PM.c"
   1:Generated_Source\PSoC5/PRS_PM.c **** /*******************************************************************************
   2:Generated_Source\PSoC5/PRS_PM.c **** * File Name: PRS_PM.c
   3:Generated_Source\PSoC5/PRS_PM.c **** * Version 2.40
   4:Generated_Source\PSoC5/PRS_PM.c **** *
   5:Generated_Source\PSoC5/PRS_PM.c **** * Description:
   6:Generated_Source\PSoC5/PRS_PM.c **** *  This file provides Sleep APIs for PRS component.
   7:Generated_Source\PSoC5/PRS_PM.c **** *
   8:Generated_Source\PSoC5/PRS_PM.c **** * Note:
   9:Generated_Source\PSoC5/PRS_PM.c **** *  None
  10:Generated_Source\PSoC5/PRS_PM.c **** *
  11:Generated_Source\PSoC5/PRS_PM.c **** ********************************************************************************
  12:Generated_Source\PSoC5/PRS_PM.c **** * Copyright 2008-2013, Cypress Semiconductor Corporation.  All rights reserved.
  13:Generated_Source\PSoC5/PRS_PM.c **** * You may use this file only in accordance with the license, terms, conditions, 
  14:Generated_Source\PSoC5/PRS_PM.c **** * disclaimers, and limitations in the end user license agreement accompanying 
  15:Generated_Source\PSoC5/PRS_PM.c **** * the software package with which this file was provided.
  16:Generated_Source\PSoC5/PRS_PM.c **** *******************************************************************************/
  17:Generated_Source\PSoC5/PRS_PM.c **** 
  18:Generated_Source\PSoC5/PRS_PM.c **** #include "PRS.h"
  19:Generated_Source\PSoC5/PRS_PM.c **** 
  20:Generated_Source\PSoC5/PRS_PM.c **** #if ((PRS_TIME_MULTIPLEXING_ENABLE) && (PRS_WAKEUP_BEHAVIOUR == PRS__RESUMEWORK))
  21:Generated_Source\PSoC5/PRS_PM.c ****     uint8 PRS_sleepState = PRS_NORMAL_SEQUENCE;    
  22:Generated_Source\PSoC5/PRS_PM.c **** #endif  /* End ((PRS_TIME_MULTIPLEXING_ENABLE) && 
  23:Generated_Source\PSoC5/PRS_PM.c ****           (PRS_WAKEUP_BEHAVIOUR == PRS__RESUMEWORK)) */
  24:Generated_Source\PSoC5/PRS_PM.c **** 
  25:Generated_Source\PSoC5/PRS_PM.c **** 
  26:Generated_Source\PSoC5/PRS_PM.c **** /*******************************************************************************
  27:Generated_Source\PSoC5/PRS_PM.c **** * Function Name: PRS_SaveConfig
  28:Generated_Source\PSoC5/PRS_PM.c **** ********************************************************************************
  29:Generated_Source\PSoC5/PRS_PM.c **** *
  30:Generated_Source\PSoC5/PRS_PM.c **** * Summary:
  31:Generated_Source\PSoC5/PRS_PM.c **** *  Saves seed and polynomial registers.
ARM GAS  C:\Users\Greg\AppData\Local\Temp\cc1Ptq2h.s 			page 2


  32:Generated_Source\PSoC5/PRS_PM.c **** *
  33:Generated_Source\PSoC5/PRS_PM.c **** * Parameters:
  34:Generated_Source\PSoC5/PRS_PM.c **** *  void
  35:Generated_Source\PSoC5/PRS_PM.c **** *
  36:Generated_Source\PSoC5/PRS_PM.c **** * Return:
  37:Generated_Source\PSoC5/PRS_PM.c **** *  void
  38:Generated_Source\PSoC5/PRS_PM.c **** *
  39:Generated_Source\PSoC5/PRS_PM.c **** * Global Variables:
  40:Generated_Source\PSoC5/PRS_PM.c **** *  PRS_backup - modified when non-retention registers are saved.
  41:Generated_Source\PSoC5/PRS_PM.c **** *
  42:Generated_Source\PSoC5/PRS_PM.c **** *******************************************************************************/
  43:Generated_Source\PSoC5/PRS_PM.c **** void PRS_SaveConfig(void) 
  44:Generated_Source\PSoC5/PRS_PM.c **** {    
  27              		.loc 1 44 0
  28              		.cfi_startproc
  29              		@ args = 0, pretend = 0, frame = 0
  30              		@ frame_needed = 1, uses_anonymous_args = 0
  31 0000 80B5     		push	{r7, lr}
  32              		.cfi_def_cfa_offset 8
  33              		.cfi_offset 7, -8
  34              		.cfi_offset 14, -4
  35 0002 00AF     		add	r7, sp, #0
  36              		.cfi_def_cfa_register 7
  45:Generated_Source\PSoC5/PRS_PM.c ****     #if (PRS_WAKEUP_BEHAVIOUR == PRS__RESUMEWORK)
  46:Generated_Source\PSoC5/PRS_PM.c ****         /* Save dff register for time mult */
  47:Generated_Source\PSoC5/PRS_PM.c ****         #if (PRS_TIME_MULTIPLEXING_ENABLE)
  48:Generated_Source\PSoC5/PRS_PM.c ****             PRS_backup.dffStatus = PRS_STATUS;
  49:Generated_Source\PSoC5/PRS_PM.c ****             /* Clear normal dff sequence set */
  50:Generated_Source\PSoC5/PRS_PM.c ****             PRS_sleepState &= ((uint8)~PRS_NORMAL_SEQUENCE);
  51:Generated_Source\PSoC5/PRS_PM.c ****         #endif  /* End PRS_TIME_MULTIPLEXING_ENABLE */
  52:Generated_Source\PSoC5/PRS_PM.c ****         
  53:Generated_Source\PSoC5/PRS_PM.c ****         /* Save A0 and A1 registers */
  54:Generated_Source\PSoC5/PRS_PM.c ****         #if (PRS_PRS_SIZE <= 32u)
  55:Generated_Source\PSoC5/PRS_PM.c ****             PRS_backup.seed = PRS_Read();
  37              		.loc 1 55 0
  38 0004 FFF7FEFF 		bl	PRS_Read
  39 0008 0346     		mov	r3, r0
  40 000a 1A46     		mov	r2, r3
  41 000c 014B     		ldr	r3, .L2
  42 000e 5A80     		strh	r2, [r3, #2]	@ movhi
  56:Generated_Source\PSoC5/PRS_PM.c ****             
  57:Generated_Source\PSoC5/PRS_PM.c ****         #else
  58:Generated_Source\PSoC5/PRS_PM.c ****             PRS_backup.seedUpper = PRS_ReadUpper();
  59:Generated_Source\PSoC5/PRS_PM.c ****             PRS_backup.seedLower = PRS_ReadLower();
  60:Generated_Source\PSoC5/PRS_PM.c ****             
  61:Generated_Source\PSoC5/PRS_PM.c ****         #endif     /* End (PRS_PRS_SIZE <= 32u) */
  62:Generated_Source\PSoC5/PRS_PM.c ****         
  63:Generated_Source\PSoC5/PRS_PM.c ****     #endif  /* End (PRS_WAKEUP_BEHAVIOUR == PRS__RESUMEWORK) */
  64:Generated_Source\PSoC5/PRS_PM.c **** }
  43              		.loc 1 64 0
  44 0010 80BD     		pop	{r7, pc}
  45              	.L3:
  46 0012 00BF     		.align	2
  47              	.L2:
  48 0014 00000000 		.word	PRS_backup
  49              		.cfi_endproc
  50              	.LFE0:
ARM GAS  C:\Users\Greg\AppData\Local\Temp\cc1Ptq2h.s 			page 3


  51              		.size	PRS_SaveConfig, .-PRS_SaveConfig
  52              		.section	.text.PRS_Sleep,"ax",%progbits
  53              		.align	2
  54              		.global	PRS_Sleep
  55              		.thumb
  56              		.thumb_func
  57              		.type	PRS_Sleep, %function
  58              	PRS_Sleep:
  59              	.LFB1:
  65:Generated_Source\PSoC5/PRS_PM.c **** 
  66:Generated_Source\PSoC5/PRS_PM.c **** 
  67:Generated_Source\PSoC5/PRS_PM.c **** /*******************************************************************************
  68:Generated_Source\PSoC5/PRS_PM.c **** * Function Name: PRS_Sleep
  69:Generated_Source\PSoC5/PRS_PM.c **** ********************************************************************************
  70:Generated_Source\PSoC5/PRS_PM.c **** *
  71:Generated_Source\PSoC5/PRS_PM.c **** * Summary:
  72:Generated_Source\PSoC5/PRS_PM.c **** *  Stops PRS computation and saves PRS configuration.
  73:Generated_Source\PSoC5/PRS_PM.c **** *
  74:Generated_Source\PSoC5/PRS_PM.c **** * Parameters:
  75:Generated_Source\PSoC5/PRS_PM.c **** *  void
  76:Generated_Source\PSoC5/PRS_PM.c **** *
  77:Generated_Source\PSoC5/PRS_PM.c **** * Return:
  78:Generated_Source\PSoC5/PRS_PM.c **** *  void
  79:Generated_Source\PSoC5/PRS_PM.c **** *
  80:Generated_Source\PSoC5/PRS_PM.c **** * Global Variables:
  81:Generated_Source\PSoC5/PRS_PM.c **** *  PRS_backup - modified when non-retention registers are saved.
  82:Generated_Source\PSoC5/PRS_PM.c **** *
  83:Generated_Source\PSoC5/PRS_PM.c **** *******************************************************************************/
  84:Generated_Source\PSoC5/PRS_PM.c **** void PRS_Sleep(void) 
  85:Generated_Source\PSoC5/PRS_PM.c **** {
  60              		.loc 1 85 0
  61              		.cfi_startproc
  62              		@ args = 0, pretend = 0, frame = 0
  63              		@ frame_needed = 1, uses_anonymous_args = 0
  64 0000 80B5     		push	{r7, lr}
  65              		.cfi_def_cfa_offset 8
  66              		.cfi_offset 7, -8
  67              		.cfi_offset 14, -4
  68 0002 00AF     		add	r7, sp, #0
  69              		.cfi_def_cfa_register 7
  86:Generated_Source\PSoC5/PRS_PM.c ****     /* Store PRS enable state */
  87:Generated_Source\PSoC5/PRS_PM.c ****     if(PRS_IS_PRS_ENABLE(PRS_CONTROL_REG))
  70              		.loc 1 87 0
  71 0004 094B     		ldr	r3, .L7
  72 0006 1B78     		ldrb	r3, [r3]
  73 0008 DBB2     		uxtb	r3, r3
  74 000a 03F00103 		and	r3, r3, #1
  75 000e 002B     		cmp	r3, #0
  76 0010 05D0     		beq	.L5
  88:Generated_Source\PSoC5/PRS_PM.c ****     {
  89:Generated_Source\PSoC5/PRS_PM.c ****         PRS_backup.enableState = 1u;
  77              		.loc 1 89 0
  78 0012 074B     		ldr	r3, .L7+4
  79 0014 0122     		movs	r2, #1
  80 0016 1A70     		strb	r2, [r3]
  90:Generated_Source\PSoC5/PRS_PM.c ****         PRS_Stop();
  81              		.loc 1 90 0
ARM GAS  C:\Users\Greg\AppData\Local\Temp\cc1Ptq2h.s 			page 4


  82 0018 FFF7FEFF 		bl	PRS_Stop
  83 001c 02E0     		b	.L6
  84              	.L5:
  91:Generated_Source\PSoC5/PRS_PM.c ****     }
  92:Generated_Source\PSoC5/PRS_PM.c ****     else
  93:Generated_Source\PSoC5/PRS_PM.c ****     {
  94:Generated_Source\PSoC5/PRS_PM.c ****         PRS_backup.enableState = 0u;
  85              		.loc 1 94 0
  86 001e 044B     		ldr	r3, .L7+4
  87 0020 0022     		movs	r2, #0
  88 0022 1A70     		strb	r2, [r3]
  89              	.L6:
  95:Generated_Source\PSoC5/PRS_PM.c ****     }
  96:Generated_Source\PSoC5/PRS_PM.c ****     
  97:Generated_Source\PSoC5/PRS_PM.c ****     PRS_SaveConfig();
  90              		.loc 1 97 0
  91 0024 FFF7FEFF 		bl	PRS_SaveConfig
  98:Generated_Source\PSoC5/PRS_PM.c **** }
  92              		.loc 1 98 0
  93 0028 80BD     		pop	{r7, pc}
  94              	.L8:
  95 002a 00BF     		.align	2
  96              	.L7:
  97 002c 76640040 		.word	1073767542
  98 0030 00000000 		.word	PRS_backup
  99              		.cfi_endproc
 100              	.LFE1:
 101              		.size	PRS_Sleep, .-PRS_Sleep
 102              		.section	.text.PRS_RestoreConfig,"ax",%progbits
 103              		.align	2
 104              		.global	PRS_RestoreConfig
 105              		.thumb
 106              		.thumb_func
 107              		.type	PRS_RestoreConfig, %function
 108              	PRS_RestoreConfig:
 109              	.LFB2:
  99:Generated_Source\PSoC5/PRS_PM.c **** 
 100:Generated_Source\PSoC5/PRS_PM.c **** 
 101:Generated_Source\PSoC5/PRS_PM.c **** /*******************************************************************************
 102:Generated_Source\PSoC5/PRS_PM.c **** * Function Name: PRS_RestoreConfig
 103:Generated_Source\PSoC5/PRS_PM.c **** ********************************************************************************
 104:Generated_Source\PSoC5/PRS_PM.c **** *
 105:Generated_Source\PSoC5/PRS_PM.c **** * Summary:
 106:Generated_Source\PSoC5/PRS_PM.c **** *  Restores seed and polynomial registers.
 107:Generated_Source\PSoC5/PRS_PM.c **** *
 108:Generated_Source\PSoC5/PRS_PM.c **** * Parameters:
 109:Generated_Source\PSoC5/PRS_PM.c **** *  void
 110:Generated_Source\PSoC5/PRS_PM.c **** *
 111:Generated_Source\PSoC5/PRS_PM.c **** * Return:
 112:Generated_Source\PSoC5/PRS_PM.c **** *  void
 113:Generated_Source\PSoC5/PRS_PM.c **** *
 114:Generated_Source\PSoC5/PRS_PM.c **** *******************************************************************************/
 115:Generated_Source\PSoC5/PRS_PM.c **** #if (PRS_WAKEUP_BEHAVIOUR == PRS__RESUMEWORK)
 116:Generated_Source\PSoC5/PRS_PM.c ****     #if (PRS_TIME_MULTIPLEXING_ENABLE)
 117:Generated_Source\PSoC5/PRS_PM.c ****         void PRS_RestoreConfig(void) 
 118:Generated_Source\PSoC5/PRS_PM.c ****         {   
 119:Generated_Source\PSoC5/PRS_PM.c ****             /* Restore A0 and A1 registers */
ARM GAS  C:\Users\Greg\AppData\Local\Temp\cc1Ptq2h.s 			page 5


 120:Generated_Source\PSoC5/PRS_PM.c ****             #if (PRS_PRS_SIZE <= 32u)
 121:Generated_Source\PSoC5/PRS_PM.c ****                 PRS_WriteSeed(PRS_backup.seed);
 122:Generated_Source\PSoC5/PRS_PM.c ****             #else
 123:Generated_Source\PSoC5/PRS_PM.c ****                 PRS_WriteSeedUpper(PRS_backup.seedUpper);
 124:Generated_Source\PSoC5/PRS_PM.c ****                 PRS_WriteSeedLower(PRS_backup.seedLower);
 125:Generated_Source\PSoC5/PRS_PM.c ****             #endif  /* End (PRS_PRS_SIZE <= 32u) */
 126:Generated_Source\PSoC5/PRS_PM.c ****             
 127:Generated_Source\PSoC5/PRS_PM.c ****             #if (PRS_RUN_MODE == PRS__CLOCKED)
 128:Generated_Source\PSoC5/PRS_PM.c ****                 #if (PRS_PRS_SIZE <= 32u)
 129:Generated_Source\PSoC5/PRS_PM.c ****                     PRS_ResetSeedInit(PRS_DEFAULT_SEED);                        
 130:Generated_Source\PSoC5/PRS_PM.c ****                 #else
 131:Generated_Source\PSoC5/PRS_PM.c ****                     PRS_ResetSeedInitUpper(PRS_DEFAULT_SEED_UPPER);
 132:Generated_Source\PSoC5/PRS_PM.c ****                     PRS_ResetSeedInitLower(PRS_DEFAULT_SEED_LOWER); 
 133:Generated_Source\PSoC5/PRS_PM.c ****                 #endif  /* End (PRS_PRS_SIZE <= 32u) */ 
 134:Generated_Source\PSoC5/PRS_PM.c ****             #endif  /* End (PRS_RUN_MODE == PRS__CLOCKED) */
 135:Generated_Source\PSoC5/PRS_PM.c ****             
 136:Generated_Source\PSoC5/PRS_PM.c ****             /* Restore dff state for time mult: use async set/reest */
 137:Generated_Source\PSoC5/PRS_PM.c ****             /* Set CI, SI, SO, STATE0, STATE1 */
 138:Generated_Source\PSoC5/PRS_PM.c ****             PRS_CONTROL_REG = PRS_backup.dffStatus;
 139:Generated_Source\PSoC5/PRS_PM.c ****             
 140:Generated_Source\PSoC5/PRS_PM.c ****             /* Make pulse, to set trigger to defined state */
 141:Generated_Source\PSoC5/PRS_PM.c ****             PRS_EXECUTE_DFF_SET;
 142:Generated_Source\PSoC5/PRS_PM.c ****             
 143:Generated_Source\PSoC5/PRS_PM.c ****             /* Set normal dff sequence set */
 144:Generated_Source\PSoC5/PRS_PM.c ****             PRS_sleepState |= PRS_NORMAL_SEQUENCE;
 145:Generated_Source\PSoC5/PRS_PM.c ****         }
 146:Generated_Source\PSoC5/PRS_PM.c ****         
 147:Generated_Source\PSoC5/PRS_PM.c ****     #else
 148:Generated_Source\PSoC5/PRS_PM.c ****         void PRS_RestoreConfig(void) 
 149:Generated_Source\PSoC5/PRS_PM.c ****         {   
 110              		.loc 1 149 0
 111              		.cfi_startproc
 112              		@ args = 0, pretend = 0, frame = 0
 113              		@ frame_needed = 1, uses_anonymous_args = 0
 114 0000 80B5     		push	{r7, lr}
 115              		.cfi_def_cfa_offset 8
 116              		.cfi_offset 7, -8
 117              		.cfi_offset 14, -4
 118 0002 00AF     		add	r7, sp, #0
 119              		.cfi_def_cfa_register 7
 150:Generated_Source\PSoC5/PRS_PM.c ****             /* Restore A0 and A1 registers */
 151:Generated_Source\PSoC5/PRS_PM.c ****             #if (PRS_PRS_SIZE <= 32u)
 152:Generated_Source\PSoC5/PRS_PM.c ****                 PRS_WriteSeed(PRS_backup.seed);
 120              		.loc 1 152 0
 121 0004 044B     		ldr	r3, .L10
 122 0006 5B88     		ldrh	r3, [r3, #2]
 123 0008 1846     		mov	r0, r3
 124 000a FFF7FEFF 		bl	PRS_WriteSeed
 153:Generated_Source\PSoC5/PRS_PM.c ****             #else
 154:Generated_Source\PSoC5/PRS_PM.c ****                 PRS_WriteSeedUpper(PRS_backup.seedUpper);
 155:Generated_Source\PSoC5/PRS_PM.c ****                 PRS_WriteSeedLower(PRS_backup.seedLower);
 156:Generated_Source\PSoC5/PRS_PM.c ****             #endif  /* End (PRS_PRS_SIZE <= 32u) */
 157:Generated_Source\PSoC5/PRS_PM.c ****             
 158:Generated_Source\PSoC5/PRS_PM.c ****             #if (PRS_RUN_MODE == PRS__CLOCKED)
 159:Generated_Source\PSoC5/PRS_PM.c ****                 #if (PRS_PRS_SIZE <= 32u)
 160:Generated_Source\PSoC5/PRS_PM.c ****                     PRS_ResetSeedInit(PRS_DEFAULT_SEED);                        
 125              		.loc 1 160 0
ARM GAS  C:\Users\Greg\AppData\Local\Temp\cc1Ptq2h.s 			page 6


 126 000e 4FF6FF70 		movw	r0, #65535
 127 0012 FFF7FEFF 		bl	PRS_ResetSeedInit
 161:Generated_Source\PSoC5/PRS_PM.c ****                 #else
 162:Generated_Source\PSoC5/PRS_PM.c ****                     PRS_ResetSeedInitUpper(PRS_DEFAULT_SEED_UPPER);
 163:Generated_Source\PSoC5/PRS_PM.c ****                     PRS_ResetSeedInitLower(PRS_DEFAULT_SEED_LOWER); 
 164:Generated_Source\PSoC5/PRS_PM.c ****                 #endif  /* End (PRS_PRS_SIZE <= 32u) */ 
 165:Generated_Source\PSoC5/PRS_PM.c ****             #endif  /* End (PRS_RUN_MODE == PRS__CLOCKED) */
 166:Generated_Source\PSoC5/PRS_PM.c ****         }
 128              		.loc 1 166 0
 129 0016 80BD     		pop	{r7, pc}
 130              	.L11:
 131              		.align	2
 132              	.L10:
 133 0018 00000000 		.word	PRS_backup
 134              		.cfi_endproc
 135              	.LFE2:
 136              		.size	PRS_RestoreConfig, .-PRS_RestoreConfig
 137              		.section	.text.PRS_Wakeup,"ax",%progbits
 138              		.align	2
 139              		.global	PRS_Wakeup
 140              		.thumb
 141              		.thumb_func
 142              		.type	PRS_Wakeup, %function
 143              	PRS_Wakeup:
 144              	.LFB3:
 167:Generated_Source\PSoC5/PRS_PM.c ****         
 168:Generated_Source\PSoC5/PRS_PM.c ****     #endif  /* End (PRS_TIME_MULTIPLEXING_ENABLE) */
 169:Generated_Source\PSoC5/PRS_PM.c ****     
 170:Generated_Source\PSoC5/PRS_PM.c **** #else
 171:Generated_Source\PSoC5/PRS_PM.c ****     void PRS_RestoreConfig(void) 
 172:Generated_Source\PSoC5/PRS_PM.c ****     {
 173:Generated_Source\PSoC5/PRS_PM.c ****         PRS_Init();
 174:Generated_Source\PSoC5/PRS_PM.c ****     }
 175:Generated_Source\PSoC5/PRS_PM.c ****     
 176:Generated_Source\PSoC5/PRS_PM.c **** #endif  /* End (PRS_WAKEUP_BEHAVIOUR == PRS__RESUMEWORK) */
 177:Generated_Source\PSoC5/PRS_PM.c **** 
 178:Generated_Source\PSoC5/PRS_PM.c **** 
 179:Generated_Source\PSoC5/PRS_PM.c **** /*******************************************************************************
 180:Generated_Source\PSoC5/PRS_PM.c **** * Function Name: PRS_Wakeup
 181:Generated_Source\PSoC5/PRS_PM.c **** ********************************************************************************
 182:Generated_Source\PSoC5/PRS_PM.c **** *
 183:Generated_Source\PSoC5/PRS_PM.c **** * Summary:
 184:Generated_Source\PSoC5/PRS_PM.c **** *  Restores PRS configuration and starts PRS computation. 
 185:Generated_Source\PSoC5/PRS_PM.c **** *
 186:Generated_Source\PSoC5/PRS_PM.c **** * Parameters:
 187:Generated_Source\PSoC5/PRS_PM.c **** *  void
 188:Generated_Source\PSoC5/PRS_PM.c **** *
 189:Generated_Source\PSoC5/PRS_PM.c **** * Return:
 190:Generated_Source\PSoC5/PRS_PM.c **** *  void
 191:Generated_Source\PSoC5/PRS_PM.c **** *
 192:Generated_Source\PSoC5/PRS_PM.c **** *******************************************************************************/
 193:Generated_Source\PSoC5/PRS_PM.c **** #if ((PRS_WAKEUP_BEHAVIOUR == PRS__RESUMEWORK) && (PRS_TIME_MULTIPLEXING_ENABLE))
 194:Generated_Source\PSoC5/PRS_PM.c ****     void PRS_Wakeup(void) 
 195:Generated_Source\PSoC5/PRS_PM.c **** #else
 196:Generated_Source\PSoC5/PRS_PM.c ****     void PRS_Wakeup(void) 
 197:Generated_Source\PSoC5/PRS_PM.c **** #endif  /* End ((PRS_WAKEUP_BEHAVIOUR == PRS__RESUMEWORK) && 
 198:Generated_Source\PSoC5/PRS_PM.c ****                 (PRS_TIME_MULTIPLEXING_ENABLE)) */
ARM GAS  C:\Users\Greg\AppData\Local\Temp\cc1Ptq2h.s 			page 7


 199:Generated_Source\PSoC5/PRS_PM.c **** {
 145              		.loc 1 199 0
 146              		.cfi_startproc
 147              		@ args = 0, pretend = 0, frame = 0
 148              		@ frame_needed = 1, uses_anonymous_args = 0
 149 0000 80B5     		push	{r7, lr}
 150              		.cfi_def_cfa_offset 8
 151              		.cfi_offset 7, -8
 152              		.cfi_offset 14, -4
 153 0002 00AF     		add	r7, sp, #0
 154              		.cfi_def_cfa_register 7
 200:Generated_Source\PSoC5/PRS_PM.c ****     PRS_RestoreConfig();
 155              		.loc 1 200 0
 156 0004 FFF7FEFF 		bl	PRS_RestoreConfig
 201:Generated_Source\PSoC5/PRS_PM.c ****     
 202:Generated_Source\PSoC5/PRS_PM.c ****     /* Restore PRS enable state */
 203:Generated_Source\PSoC5/PRS_PM.c ****     if (PRS_backup.enableState != 0u)
 157              		.loc 1 203 0
 158 0008 034B     		ldr	r3, .L14
 159 000a 1B78     		ldrb	r3, [r3]	@ zero_extendqisi2
 160 000c 002B     		cmp	r3, #0
 161 000e 01D0     		beq	.L12
 204:Generated_Source\PSoC5/PRS_PM.c ****     {
 205:Generated_Source\PSoC5/PRS_PM.c ****         PRS_Enable();
 162              		.loc 1 205 0
 163 0010 FFF7FEFF 		bl	PRS_Enable
 164              	.L12:
 206:Generated_Source\PSoC5/PRS_PM.c ****     }
 207:Generated_Source\PSoC5/PRS_PM.c **** }
 165              		.loc 1 207 0
 166 0014 80BD     		pop	{r7, pc}
 167              	.L15:
 168 0016 00BF     		.align	2
 169              	.L14:
 170 0018 00000000 		.word	PRS_backup
 171              		.cfi_endproc
 172              	.LFE3:
 173              		.size	PRS_Wakeup, .-PRS_Wakeup
 174              		.text
 175              	.Letext0:
 176              		.file 2 "Generated_Source\\PSoC5\\cytypes.h"
 177              		.file 3 "Generated_Source\\PSoC5\\PRS.h"
 178              		.section	.debug_info,"",%progbits
 179              	.Ldebug_info0:
 180 0000 28010000 		.4byte	0x128
 181 0004 0400     		.2byte	0x4
 182 0006 00000000 		.4byte	.Ldebug_abbrev0
 183 000a 04       		.byte	0x4
 184 000b 01       		.uleb128 0x1
 185 000c 29010000 		.4byte	.LASF23
 186 0010 01       		.byte	0x1
 187 0011 E9000000 		.4byte	.LASF24
 188 0015 95000000 		.4byte	.LASF25
 189 0019 00000000 		.4byte	.Ldebug_ranges0+0
 190 001d 00000000 		.4byte	0
 191 0021 00000000 		.4byte	.Ldebug_line0
 192 0025 02       		.uleb128 0x2
ARM GAS  C:\Users\Greg\AppData\Local\Temp\cc1Ptq2h.s 			page 8


 193 0026 01       		.byte	0x1
 194 0027 06       		.byte	0x6
 195 0028 E0010000 		.4byte	.LASF0
 196 002c 02       		.uleb128 0x2
 197 002d 01       		.byte	0x1
 198 002e 08       		.byte	0x8
 199 002f 2A000000 		.4byte	.LASF1
 200 0033 02       		.uleb128 0x2
 201 0034 02       		.byte	0x2
 202 0035 05       		.byte	0x5
 203 0036 FD010000 		.4byte	.LASF2
 204 003a 02       		.uleb128 0x2
 205 003b 02       		.byte	0x2
 206 003c 07       		.byte	0x7
 207 003d CD010000 		.4byte	.LASF3
 208 0041 02       		.uleb128 0x2
 209 0042 04       		.byte	0x4
 210 0043 05       		.byte	0x5
 211 0044 20010000 		.4byte	.LASF4
 212 0048 02       		.uleb128 0x2
 213 0049 04       		.byte	0x4
 214 004a 07       		.byte	0x7
 215 004b 5A000000 		.4byte	.LASF5
 216 004f 02       		.uleb128 0x2
 217 0050 08       		.byte	0x8
 218 0051 05       		.byte	0x5
 219 0052 00000000 		.4byte	.LASF6
 220 0056 02       		.uleb128 0x2
 221 0057 08       		.byte	0x8
 222 0058 07       		.byte	0x7
 223 0059 6C000000 		.4byte	.LASF7
 224 005d 03       		.uleb128 0x3
 225 005e 04       		.byte	0x4
 226 005f 05       		.byte	0x5
 227 0060 696E7400 		.ascii	"int\000"
 228 0064 02       		.uleb128 0x2
 229 0065 04       		.byte	0x4
 230 0066 07       		.byte	0x7
 231 0067 1D000000 		.4byte	.LASF8
 232 006b 04       		.uleb128 0x4
 233 006c 54000000 		.4byte	.LASF9
 234 0070 02       		.byte	0x2
 235 0071 9201     		.2byte	0x192
 236 0073 2C000000 		.4byte	0x2c
 237 0077 04       		.uleb128 0x4
 238 0078 07020000 		.4byte	.LASF10
 239 007c 02       		.byte	0x2
 240 007d 9301     		.2byte	0x193
 241 007f 3A000000 		.4byte	0x3a
 242 0083 02       		.uleb128 0x2
 243 0084 04       		.byte	0x4
 244 0085 04       		.byte	0x4
 245 0086 EC010000 		.4byte	.LASF11
 246 008a 02       		.uleb128 0x2
 247 008b 08       		.byte	0x8
 248 008c 04       		.byte	0x4
 249 008d BC010000 		.4byte	.LASF12
ARM GAS  C:\Users\Greg\AppData\Local\Temp\cc1Ptq2h.s 			page 9


 250 0091 02       		.uleb128 0x2
 251 0092 01       		.byte	0x1
 252 0093 08       		.byte	0x8
 253 0094 09010000 		.4byte	.LASF13
 254 0098 04       		.uleb128 0x4
 255 0099 4F000000 		.4byte	.LASF14
 256 009d 02       		.byte	0x2
 257 009e 3C02     		.2byte	0x23c
 258 00a0 A4000000 		.4byte	0xa4
 259 00a4 05       		.uleb128 0x5
 260 00a5 6B000000 		.4byte	0x6b
 261 00a9 02       		.uleb128 0x2
 262 00aa 04       		.byte	0x4
 263 00ab 07       		.byte	0x7
 264 00ac 0E020000 		.4byte	.LASF15
 265 00b0 06       		.uleb128 0x6
 266 00b1 04       		.byte	0x4
 267 00b2 03       		.byte	0x3
 268 00b3 37       		.byte	0x37
 269 00b4 D1000000 		.4byte	0xd1
 270 00b8 07       		.uleb128 0x7
 271 00b9 43000000 		.4byte	.LASF16
 272 00bd 03       		.byte	0x3
 273 00be 39       		.byte	0x39
 274 00bf 6B000000 		.4byte	0x6b
 275 00c3 00       		.byte	0
 276 00c4 07       		.uleb128 0x7
 277 00c5 B7010000 		.4byte	.LASF17
 278 00c9 03       		.byte	0x3
 279 00ca 43       		.byte	0x43
 280 00cb 77000000 		.4byte	0x77
 281 00cf 02       		.byte	0x2
 282 00d0 00       		.byte	0
 283 00d1 08       		.uleb128 0x8
 284 00d2 83000000 		.4byte	.LASF18
 285 00d6 03       		.byte	0x3
 286 00d7 4D       		.byte	0x4d
 287 00d8 B0000000 		.4byte	0xb0
 288 00dc 09       		.uleb128 0x9
 289 00dd 0E000000 		.4byte	.LASF19
 290 00e1 01       		.byte	0x1
 291 00e2 2B       		.byte	0x2b
 292 00e3 00000000 		.4byte	.LFB0
 293 00e7 18000000 		.4byte	.LFE0-.LFB0
 294 00eb 01       		.uleb128 0x1
 295 00ec 9C       		.byte	0x9c
 296 00ed 09       		.uleb128 0x9
 297 00ee C3010000 		.4byte	.LASF20
 298 00f2 01       		.byte	0x1
 299 00f3 54       		.byte	0x54
 300 00f4 00000000 		.4byte	.LFB1
 301 00f8 34000000 		.4byte	.LFE1-.LFB1
 302 00fc 01       		.uleb128 0x1
 303 00fd 9C       		.byte	0x9c
 304 00fe 09       		.uleb128 0x9
 305 00ff 0E010000 		.4byte	.LASF21
 306 0103 01       		.byte	0x1
ARM GAS  C:\Users\Greg\AppData\Local\Temp\cc1Ptq2h.s 			page 10


 307 0104 94       		.byte	0x94
 308 0105 00000000 		.4byte	.LFB2
 309 0109 1C000000 		.4byte	.LFE2-.LFB2
 310 010d 01       		.uleb128 0x1
 311 010e 9C       		.byte	0x9c
 312 010f 09       		.uleb128 0x9
 313 0110 38000000 		.4byte	.LASF22
 314 0114 01       		.byte	0x1
 315 0115 C4       		.byte	0xc4
 316 0116 00000000 		.4byte	.LFB3
 317 011a 1C000000 		.4byte	.LFE3-.LFB3
 318 011e 01       		.uleb128 0x1
 319 011f 9C       		.byte	0x9c
 320 0120 0A       		.uleb128 0xa
 321 0121 F2010000 		.4byte	.LASF26
 322 0125 03       		.byte	0x3
 323 0126 51       		.byte	0x51
 324 0127 D1000000 		.4byte	0xd1
 325 012b 00       		.byte	0
 326              		.section	.debug_abbrev,"",%progbits
 327              	.Ldebug_abbrev0:
 328 0000 01       		.uleb128 0x1
 329 0001 11       		.uleb128 0x11
 330 0002 01       		.byte	0x1
 331 0003 25       		.uleb128 0x25
 332 0004 0E       		.uleb128 0xe
 333 0005 13       		.uleb128 0x13
 334 0006 0B       		.uleb128 0xb
 335 0007 03       		.uleb128 0x3
 336 0008 0E       		.uleb128 0xe
 337 0009 1B       		.uleb128 0x1b
 338 000a 0E       		.uleb128 0xe
 339 000b 55       		.uleb128 0x55
 340 000c 17       		.uleb128 0x17
 341 000d 11       		.uleb128 0x11
 342 000e 01       		.uleb128 0x1
 343 000f 10       		.uleb128 0x10
 344 0010 17       		.uleb128 0x17
 345 0011 00       		.byte	0
 346 0012 00       		.byte	0
 347 0013 02       		.uleb128 0x2
 348 0014 24       		.uleb128 0x24
 349 0015 00       		.byte	0
 350 0016 0B       		.uleb128 0xb
 351 0017 0B       		.uleb128 0xb
 352 0018 3E       		.uleb128 0x3e
 353 0019 0B       		.uleb128 0xb
 354 001a 03       		.uleb128 0x3
 355 001b 0E       		.uleb128 0xe
 356 001c 00       		.byte	0
 357 001d 00       		.byte	0
 358 001e 03       		.uleb128 0x3
 359 001f 24       		.uleb128 0x24
 360 0020 00       		.byte	0
 361 0021 0B       		.uleb128 0xb
 362 0022 0B       		.uleb128 0xb
 363 0023 3E       		.uleb128 0x3e
ARM GAS  C:\Users\Greg\AppData\Local\Temp\cc1Ptq2h.s 			page 11


 364 0024 0B       		.uleb128 0xb
 365 0025 03       		.uleb128 0x3
 366 0026 08       		.uleb128 0x8
 367 0027 00       		.byte	0
 368 0028 00       		.byte	0
 369 0029 04       		.uleb128 0x4
 370 002a 16       		.uleb128 0x16
 371 002b 00       		.byte	0
 372 002c 03       		.uleb128 0x3
 373 002d 0E       		.uleb128 0xe
 374 002e 3A       		.uleb128 0x3a
 375 002f 0B       		.uleb128 0xb
 376 0030 3B       		.uleb128 0x3b
 377 0031 05       		.uleb128 0x5
 378 0032 49       		.uleb128 0x49
 379 0033 13       		.uleb128 0x13
 380 0034 00       		.byte	0
 381 0035 00       		.byte	0
 382 0036 05       		.uleb128 0x5
 383 0037 35       		.uleb128 0x35
 384 0038 00       		.byte	0
 385 0039 49       		.uleb128 0x49
 386 003a 13       		.uleb128 0x13
 387 003b 00       		.byte	0
 388 003c 00       		.byte	0
 389 003d 06       		.uleb128 0x6
 390 003e 13       		.uleb128 0x13
 391 003f 01       		.byte	0x1
 392 0040 0B       		.uleb128 0xb
 393 0041 0B       		.uleb128 0xb
 394 0042 3A       		.uleb128 0x3a
 395 0043 0B       		.uleb128 0xb
 396 0044 3B       		.uleb128 0x3b
 397 0045 0B       		.uleb128 0xb
 398 0046 01       		.uleb128 0x1
 399 0047 13       		.uleb128 0x13
 400 0048 00       		.byte	0
 401 0049 00       		.byte	0
 402 004a 07       		.uleb128 0x7
 403 004b 0D       		.uleb128 0xd
 404 004c 00       		.byte	0
 405 004d 03       		.uleb128 0x3
 406 004e 0E       		.uleb128 0xe
 407 004f 3A       		.uleb128 0x3a
 408 0050 0B       		.uleb128 0xb
 409 0051 3B       		.uleb128 0x3b
 410 0052 0B       		.uleb128 0xb
 411 0053 49       		.uleb128 0x49
 412 0054 13       		.uleb128 0x13
 413 0055 38       		.uleb128 0x38
 414 0056 0B       		.uleb128 0xb
 415 0057 00       		.byte	0
 416 0058 00       		.byte	0
 417 0059 08       		.uleb128 0x8
 418 005a 16       		.uleb128 0x16
 419 005b 00       		.byte	0
 420 005c 03       		.uleb128 0x3
ARM GAS  C:\Users\Greg\AppData\Local\Temp\cc1Ptq2h.s 			page 12


 421 005d 0E       		.uleb128 0xe
 422 005e 3A       		.uleb128 0x3a
 423 005f 0B       		.uleb128 0xb
 424 0060 3B       		.uleb128 0x3b
 425 0061 0B       		.uleb128 0xb
 426 0062 49       		.uleb128 0x49
 427 0063 13       		.uleb128 0x13
 428 0064 00       		.byte	0
 429 0065 00       		.byte	0
 430 0066 09       		.uleb128 0x9
 431 0067 2E       		.uleb128 0x2e
 432 0068 00       		.byte	0
 433 0069 3F       		.uleb128 0x3f
 434 006a 19       		.uleb128 0x19
 435 006b 03       		.uleb128 0x3
 436 006c 0E       		.uleb128 0xe
 437 006d 3A       		.uleb128 0x3a
 438 006e 0B       		.uleb128 0xb
 439 006f 3B       		.uleb128 0x3b
 440 0070 0B       		.uleb128 0xb
 441 0071 27       		.uleb128 0x27
 442 0072 19       		.uleb128 0x19
 443 0073 11       		.uleb128 0x11
 444 0074 01       		.uleb128 0x1
 445 0075 12       		.uleb128 0x12
 446 0076 06       		.uleb128 0x6
 447 0077 40       		.uleb128 0x40
 448 0078 18       		.uleb128 0x18
 449 0079 9642     		.uleb128 0x2116
 450 007b 19       		.uleb128 0x19
 451 007c 00       		.byte	0
 452 007d 00       		.byte	0
 453 007e 0A       		.uleb128 0xa
 454 007f 34       		.uleb128 0x34
 455 0080 00       		.byte	0
 456 0081 03       		.uleb128 0x3
 457 0082 0E       		.uleb128 0xe
 458 0083 3A       		.uleb128 0x3a
 459 0084 0B       		.uleb128 0xb
 460 0085 3B       		.uleb128 0x3b
 461 0086 0B       		.uleb128 0xb
 462 0087 49       		.uleb128 0x49
 463 0088 13       		.uleb128 0x13
 464 0089 3F       		.uleb128 0x3f
 465 008a 19       		.uleb128 0x19
 466 008b 3C       		.uleb128 0x3c
 467 008c 19       		.uleb128 0x19
 468 008d 00       		.byte	0
 469 008e 00       		.byte	0
 470 008f 00       		.byte	0
 471              		.section	.debug_aranges,"",%progbits
 472 0000 34000000 		.4byte	0x34
 473 0004 0200     		.2byte	0x2
 474 0006 00000000 		.4byte	.Ldebug_info0
 475 000a 04       		.byte	0x4
 476 000b 00       		.byte	0
 477 000c 0000     		.2byte	0
ARM GAS  C:\Users\Greg\AppData\Local\Temp\cc1Ptq2h.s 			page 13


 478 000e 0000     		.2byte	0
 479 0010 00000000 		.4byte	.LFB0
 480 0014 18000000 		.4byte	.LFE0-.LFB0
 481 0018 00000000 		.4byte	.LFB1
 482 001c 34000000 		.4byte	.LFE1-.LFB1
 483 0020 00000000 		.4byte	.LFB2
 484 0024 1C000000 		.4byte	.LFE2-.LFB2
 485 0028 00000000 		.4byte	.LFB3
 486 002c 1C000000 		.4byte	.LFE3-.LFB3
 487 0030 00000000 		.4byte	0
 488 0034 00000000 		.4byte	0
 489              		.section	.debug_ranges,"",%progbits
 490              	.Ldebug_ranges0:
 491 0000 00000000 		.4byte	.LFB0
 492 0004 18000000 		.4byte	.LFE0
 493 0008 00000000 		.4byte	.LFB1
 494 000c 34000000 		.4byte	.LFE1
 495 0010 00000000 		.4byte	.LFB2
 496 0014 1C000000 		.4byte	.LFE2
 497 0018 00000000 		.4byte	.LFB3
 498 001c 1C000000 		.4byte	.LFE3
 499 0020 00000000 		.4byte	0
 500 0024 00000000 		.4byte	0
 501              		.section	.debug_line,"",%progbits
 502              	.Ldebug_line0:
 503 0000 A4000000 		.section	.debug_str,"MS",%progbits,1
 503      02004C00 
 503      00000201 
 503      FB0E0D00 
 503      01010101 
 504              	.LASF6:
 505 0000 6C6F6E67 		.ascii	"long long int\000"
 505      206C6F6E 
 505      6720696E 
 505      7400
 506              	.LASF19:
 507 000e 5052535F 		.ascii	"PRS_SaveConfig\000"
 507      53617665 
 507      436F6E66 
 507      696700
 508              	.LASF8:
 509 001d 756E7369 		.ascii	"unsigned int\000"
 509      676E6564 
 509      20696E74 
 509      00
 510              	.LASF1:
 511 002a 756E7369 		.ascii	"unsigned char\000"
 511      676E6564 
 511      20636861 
 511      7200
 512              	.LASF22:
 513 0038 5052535F 		.ascii	"PRS_Wakeup\000"
 513      57616B65 
 513      757000
 514              	.LASF16:
 515 0043 656E6162 		.ascii	"enableState\000"
 515      6C655374 
ARM GAS  C:\Users\Greg\AppData\Local\Temp\cc1Ptq2h.s 			page 14


 515      61746500 
 516              	.LASF14:
 517 004f 72656738 		.ascii	"reg8\000"
 517      00
 518              	.LASF9:
 519 0054 75696E74 		.ascii	"uint8\000"
 519      3800
 520              	.LASF5:
 521 005a 6C6F6E67 		.ascii	"long unsigned int\000"
 521      20756E73 
 521      69676E65 
 521      6420696E 
 521      7400
 522              	.LASF7:
 523 006c 6C6F6E67 		.ascii	"long long unsigned int\000"
 523      206C6F6E 
 523      6720756E 
 523      7369676E 
 523      65642069 
 524              	.LASF18:
 525 0083 5052535F 		.ascii	"PRS_BACKUP_STRUCT\000"
 525      4241434B 
 525      55505F53 
 525      54525543 
 525      5400
 526              	.LASF25:
 527 0095 433A5C53 		.ascii	"C:\\SVN\\apps\\trunk\\Cypress Academy\\PSoC-121-Ana"
 527      564E5C61 
 527      7070735C 
 527      7472756E 
 527      6B5C4379 
 528 00c3 6C6F675C 		.ascii	"log\\Scope\\KEES_Scope\\PSoC\\Scope.cydsn\000"
 528      53636F70 
 528      655C4B45 
 528      45535F53 
 528      636F7065 
 529              	.LASF24:
 530 00e9 47656E65 		.ascii	"Generated_Source\\PSoC5\\PRS_PM.c\000"
 530      72617465 
 530      645F536F 
 530      75726365 
 530      5C50536F 
 531              	.LASF13:
 532 0109 63686172 		.ascii	"char\000"
 532      00
 533              	.LASF21:
 534 010e 5052535F 		.ascii	"PRS_RestoreConfig\000"
 534      52657374 
 534      6F726543 
 534      6F6E6669 
 534      6700
 535              	.LASF4:
 536 0120 6C6F6E67 		.ascii	"long int\000"
 536      20696E74 
 536      00
 537              	.LASF23:
 538 0129 474E5520 		.ascii	"GNU C 4.9.3 20150303 (release) [ARM/embedded-4_9-br"
ARM GAS  C:\Users\Greg\AppData\Local\Temp\cc1Ptq2h.s 			page 15


 538      4320342E 
 538      392E3320 
 538      32303135 
 538      30333033 
 539 015c 616E6368 		.ascii	"anch revision 221220] -mcpu=cortex-m3 -mthumb -g -O"
 539      20726576 
 539      6973696F 
 539      6E203232 
 539      31323230 
 540 018f 30202D66 		.ascii	"0 -ffunction-sections -ffat-lto-objects\000"
 540      66756E63 
 540      74696F6E 
 540      2D736563 
 540      74696F6E 
 541              	.LASF17:
 542 01b7 73656564 		.ascii	"seed\000"
 542      00
 543              	.LASF12:
 544 01bc 646F7562 		.ascii	"double\000"
 544      6C6500
 545              	.LASF20:
 546 01c3 5052535F 		.ascii	"PRS_Sleep\000"
 546      536C6565 
 546      7000
 547              	.LASF3:
 548 01cd 73686F72 		.ascii	"short unsigned int\000"
 548      7420756E 
 548      7369676E 
 548      65642069 
 548      6E7400
 549              	.LASF0:
 550 01e0 7369676E 		.ascii	"signed char\000"
 550      65642063 
 550      68617200 
 551              	.LASF11:
 552 01ec 666C6F61 		.ascii	"float\000"
 552      7400
 553              	.LASF26:
 554 01f2 5052535F 		.ascii	"PRS_backup\000"
 554      6261636B 
 554      757000
 555              	.LASF2:
 556 01fd 73686F72 		.ascii	"short int\000"
 556      7420696E 
 556      7400
 557              	.LASF10:
 558 0207 75696E74 		.ascii	"uint16\000"
 558      313600
 559              	.LASF15:
 560 020e 73697A65 		.ascii	"sizetype\000"
 560      74797065 
 560      00
 561              		.ident	"GCC: (GNU Tools for ARM Embedded Processors) 4.9.3 20150303 (release) [ARM/embedded-4_9-br
