ARM GAS  C:\Users\Greg\AppData\Local\Temp\ccFzWfOr.s 			page 1


   1              		.syntax unified
   2              		.cpu cortex-m3
   3              		.fpu softvfp
   4              		.eabi_attribute 20, 1
   5              		.eabi_attribute 21, 1
   6              		.eabi_attribute 23, 3
   7              		.eabi_attribute 24, 1
   8              		.eabi_attribute 25, 1
   9              		.eabi_attribute 26, 1
  10              		.eabi_attribute 30, 6
  11              		.eabi_attribute 34, 1
  12              		.eabi_attribute 18, 4
  13              		.thumb
  14              		.file	"USBUART_Dm.c"
  15              		.text
  16              	.Ltext0:
  17              		.cfi_sections	.debug_frame
  18              		.section	.text.USBUART_Dm_Write,"ax",%progbits
  19              		.align	2
  20              		.global	USBUART_Dm_Write
  21              		.thumb
  22              		.thumb_func
  23              		.type	USBUART_Dm_Write, %function
  24              	USBUART_Dm_Write:
  25              	.LFB0:
  26              		.file 1 "Generated_Source\\PSoC5\\USBUART_Dm.c"
   1:Generated_Source\PSoC5/USBUART_Dm.c **** /*******************************************************************************
   2:Generated_Source\PSoC5/USBUART_Dm.c **** * File Name: USBUART_Dm.c  
   3:Generated_Source\PSoC5/USBUART_Dm.c **** * Version 2.20
   4:Generated_Source\PSoC5/USBUART_Dm.c **** *
   5:Generated_Source\PSoC5/USBUART_Dm.c **** * Description:
   6:Generated_Source\PSoC5/USBUART_Dm.c **** *  This file contains API to enable firmware control of a Pins component.
   7:Generated_Source\PSoC5/USBUART_Dm.c **** *
   8:Generated_Source\PSoC5/USBUART_Dm.c **** * Note:
   9:Generated_Source\PSoC5/USBUART_Dm.c **** *
  10:Generated_Source\PSoC5/USBUART_Dm.c **** ********************************************************************************
  11:Generated_Source\PSoC5/USBUART_Dm.c **** * Copyright 2008-2015, Cypress Semiconductor Corporation.  All rights reserved.
  12:Generated_Source\PSoC5/USBUART_Dm.c **** * You may use this file only in accordance with the license, terms, conditions, 
  13:Generated_Source\PSoC5/USBUART_Dm.c **** * disclaimers, and limitations in the end user license agreement accompanying 
  14:Generated_Source\PSoC5/USBUART_Dm.c **** * the software package with which this file was provided.
  15:Generated_Source\PSoC5/USBUART_Dm.c **** *******************************************************************************/
  16:Generated_Source\PSoC5/USBUART_Dm.c **** 
  17:Generated_Source\PSoC5/USBUART_Dm.c **** #include "cytypes.h"
  18:Generated_Source\PSoC5/USBUART_Dm.c **** #include "USBUART_Dm.h"
  19:Generated_Source\PSoC5/USBUART_Dm.c **** 
  20:Generated_Source\PSoC5/USBUART_Dm.c **** /* APIs are not generated for P15[7:6] on PSoC 5 */
  21:Generated_Source\PSoC5/USBUART_Dm.c **** #if !(CY_PSOC5A &&\
  22:Generated_Source\PSoC5/USBUART_Dm.c **** 	 USBUART_Dm__PORT == 15 && ((USBUART_Dm__MASK & 0xC0) != 0))
  23:Generated_Source\PSoC5/USBUART_Dm.c **** 
  24:Generated_Source\PSoC5/USBUART_Dm.c **** 
  25:Generated_Source\PSoC5/USBUART_Dm.c **** /*******************************************************************************
  26:Generated_Source\PSoC5/USBUART_Dm.c **** * Function Name: USBUART_Dm_Write
  27:Generated_Source\PSoC5/USBUART_Dm.c **** ****************************************************************************//**
  28:Generated_Source\PSoC5/USBUART_Dm.c **** *
  29:Generated_Source\PSoC5/USBUART_Dm.c **** * \brief Writes the value to the physical port (data output register), masking
  30:Generated_Source\PSoC5/USBUART_Dm.c **** *  and shifting the bits appropriately. 
  31:Generated_Source\PSoC5/USBUART_Dm.c **** *
ARM GAS  C:\Users\Greg\AppData\Local\Temp\ccFzWfOr.s 			page 2


  32:Generated_Source\PSoC5/USBUART_Dm.c **** * The data output register controls the signal applied to the physical pin in 
  33:Generated_Source\PSoC5/USBUART_Dm.c **** * conjunction with the drive mode parameter. This function avoids changing 
  34:Generated_Source\PSoC5/USBUART_Dm.c **** * other bits in the port by using the appropriate method (read-modify-write or
  35:Generated_Source\PSoC5/USBUART_Dm.c **** * bit banding).
  36:Generated_Source\PSoC5/USBUART_Dm.c **** *
  37:Generated_Source\PSoC5/USBUART_Dm.c **** * <b>Note</b> This function should not be used on a hardware digital output pin 
  38:Generated_Source\PSoC5/USBUART_Dm.c **** * as it is driven by the hardware signal attached to it.
  39:Generated_Source\PSoC5/USBUART_Dm.c **** *
  40:Generated_Source\PSoC5/USBUART_Dm.c **** * \param value
  41:Generated_Source\PSoC5/USBUART_Dm.c **** *  Value to write to the component instance.
  42:Generated_Source\PSoC5/USBUART_Dm.c **** *
  43:Generated_Source\PSoC5/USBUART_Dm.c **** * \return 
  44:Generated_Source\PSoC5/USBUART_Dm.c **** *  None 
  45:Generated_Source\PSoC5/USBUART_Dm.c **** *
  46:Generated_Source\PSoC5/USBUART_Dm.c **** * \sideeffect
  47:Generated_Source\PSoC5/USBUART_Dm.c **** *  If you use read-modify-write operations that are not atomic; the Interrupt 
  48:Generated_Source\PSoC5/USBUART_Dm.c **** *  Service Routines (ISR) can cause corruption of this function. An ISR that 
  49:Generated_Source\PSoC5/USBUART_Dm.c **** *  interrupts this function and performs writes to the Pins component data 
  50:Generated_Source\PSoC5/USBUART_Dm.c **** *  register can cause corrupted port data. To avoid this issue, you should 
  51:Generated_Source\PSoC5/USBUART_Dm.c **** *  either use the Per-Pin APIs (primary method) or disable interrupts around 
  52:Generated_Source\PSoC5/USBUART_Dm.c **** *  this function.
  53:Generated_Source\PSoC5/USBUART_Dm.c **** *
  54:Generated_Source\PSoC5/USBUART_Dm.c **** * \funcusage
  55:Generated_Source\PSoC5/USBUART_Dm.c **** *  \snippet USBUART_Dm_SUT.c usage_USBUART_Dm_Write
  56:Generated_Source\PSoC5/USBUART_Dm.c **** *******************************************************************************/
  57:Generated_Source\PSoC5/USBUART_Dm.c **** void USBUART_Dm_Write(uint8 value)
  58:Generated_Source\PSoC5/USBUART_Dm.c **** {
  27              		.loc 1 58 0
  28              		.cfi_startproc
  29              		@ args = 0, pretend = 0, frame = 16
  30              		@ frame_needed = 1, uses_anonymous_args = 0
  31              		@ link register save eliminated.
  32 0000 80B4     		push	{r7}
  33              		.cfi_def_cfa_offset 4
  34              		.cfi_offset 7, -4
  35 0002 85B0     		sub	sp, sp, #20
  36              		.cfi_def_cfa_offset 24
  37 0004 00AF     		add	r7, sp, #0
  38              		.cfi_def_cfa_register 7
  39 0006 0346     		mov	r3, r0
  40 0008 FB71     		strb	r3, [r7, #7]
  59:Generated_Source\PSoC5/USBUART_Dm.c ****     uint8 staticBits = (USBUART_Dm_DR & (uint8)(~USBUART_Dm_MASK));
  41              		.loc 1 59 0
  42 000a 094B     		ldr	r3, .L2
  43 000c 1B78     		ldrb	r3, [r3]
  44 000e DBB2     		uxtb	r3, r3
  45 0010 03F07F03 		and	r3, r3, #127
  46 0014 FB73     		strb	r3, [r7, #15]
  60:Generated_Source\PSoC5/USBUART_Dm.c ****     USBUART_Dm_DR = staticBits | ((uint8)(value << USBUART_Dm_SHIFT) & USBUART_Dm_MASK);
  47              		.loc 1 60 0
  48 0016 0649     		ldr	r1, .L2
  49 0018 FB79     		ldrb	r3, [r7, #7]
  50 001a DB01     		lsls	r3, r3, #7
  51 001c DAB2     		uxtb	r2, r3
  52 001e FB7B     		ldrb	r3, [r7, #15]
  53 0020 1343     		orrs	r3, r3, r2
  54 0022 DBB2     		uxtb	r3, r3
ARM GAS  C:\Users\Greg\AppData\Local\Temp\ccFzWfOr.s 			page 3


  55 0024 0B70     		strb	r3, [r1]
  61:Generated_Source\PSoC5/USBUART_Dm.c **** }
  56              		.loc 1 61 0
  57 0026 1437     		adds	r7, r7, #20
  58              		.cfi_def_cfa_offset 4
  59 0028 BD46     		mov	sp, r7
  60              		.cfi_def_cfa_register 13
  61              		@ sp needed
  62 002a 5DF8047B 		ldr	r7, [sp], #4
  63              		.cfi_restore 7
  64              		.cfi_def_cfa_offset 0
  65 002e 7047     		bx	lr
  66              	.L3:
  67              		.align	2
  68              	.L2:
  69 0030 F0510040 		.word	1073762800
  70              		.cfi_endproc
  71              	.LFE0:
  72              		.size	USBUART_Dm_Write, .-USBUART_Dm_Write
  73              		.section	.text.USBUART_Dm_SetDriveMode,"ax",%progbits
  74              		.align	2
  75              		.global	USBUART_Dm_SetDriveMode
  76              		.thumb
  77              		.thumb_func
  78              		.type	USBUART_Dm_SetDriveMode, %function
  79              	USBUART_Dm_SetDriveMode:
  80              	.LFB1:
  62:Generated_Source\PSoC5/USBUART_Dm.c **** 
  63:Generated_Source\PSoC5/USBUART_Dm.c **** 
  64:Generated_Source\PSoC5/USBUART_Dm.c **** /*******************************************************************************
  65:Generated_Source\PSoC5/USBUART_Dm.c **** * Function Name: USBUART_Dm_SetDriveMode
  66:Generated_Source\PSoC5/USBUART_Dm.c **** ****************************************************************************//**
  67:Generated_Source\PSoC5/USBUART_Dm.c **** *
  68:Generated_Source\PSoC5/USBUART_Dm.c **** * \brief Sets the drive mode for each of the Pins component's pins.
  69:Generated_Source\PSoC5/USBUART_Dm.c **** * 
  70:Generated_Source\PSoC5/USBUART_Dm.c **** * <b>Note</b> This affects all pins in the Pins component instance. Use the
  71:Generated_Source\PSoC5/USBUART_Dm.c **** * Per-Pin APIs if you wish to control individual pin's drive modes.
  72:Generated_Source\PSoC5/USBUART_Dm.c **** *
  73:Generated_Source\PSoC5/USBUART_Dm.c **** * \param mode
  74:Generated_Source\PSoC5/USBUART_Dm.c **** *  Mode for the selected signals. Valid options are documented in 
  75:Generated_Source\PSoC5/USBUART_Dm.c **** *  \ref driveMode.
  76:Generated_Source\PSoC5/USBUART_Dm.c **** *
  77:Generated_Source\PSoC5/USBUART_Dm.c **** * \return
  78:Generated_Source\PSoC5/USBUART_Dm.c **** *  None
  79:Generated_Source\PSoC5/USBUART_Dm.c **** *
  80:Generated_Source\PSoC5/USBUART_Dm.c **** * \sideeffect
  81:Generated_Source\PSoC5/USBUART_Dm.c **** *  If you use read-modify-write operations that are not atomic, the ISR can
  82:Generated_Source\PSoC5/USBUART_Dm.c **** *  cause corruption of this function. An ISR that interrupts this function 
  83:Generated_Source\PSoC5/USBUART_Dm.c **** *  and performs writes to the Pins component Drive Mode registers can cause 
  84:Generated_Source\PSoC5/USBUART_Dm.c **** *  corrupted port data. To avoid this issue, you should either use the Per-Pin
  85:Generated_Source\PSoC5/USBUART_Dm.c **** *  APIs (primary method) or disable interrupts around this function.
  86:Generated_Source\PSoC5/USBUART_Dm.c **** *
  87:Generated_Source\PSoC5/USBUART_Dm.c **** * \funcusage
  88:Generated_Source\PSoC5/USBUART_Dm.c **** *  \snippet USBUART_Dm_SUT.c usage_USBUART_Dm_SetDriveMode
  89:Generated_Source\PSoC5/USBUART_Dm.c **** *******************************************************************************/
  90:Generated_Source\PSoC5/USBUART_Dm.c **** void USBUART_Dm_SetDriveMode(uint8 mode)
  91:Generated_Source\PSoC5/USBUART_Dm.c **** {
ARM GAS  C:\Users\Greg\AppData\Local\Temp\ccFzWfOr.s 			page 4


  81              		.loc 1 91 0
  82              		.cfi_startproc
  83              		@ args = 0, pretend = 0, frame = 8
  84              		@ frame_needed = 1, uses_anonymous_args = 0
  85              		@ link register save eliminated.
  86 0000 80B4     		push	{r7}
  87              		.cfi_def_cfa_offset 4
  88              		.cfi_offset 7, -4
  89 0002 83B0     		sub	sp, sp, #12
  90              		.cfi_def_cfa_offset 16
  91 0004 00AF     		add	r7, sp, #0
  92              		.cfi_def_cfa_register 7
  93 0006 0346     		mov	r3, r0
  94 0008 FB71     		strb	r3, [r7, #7]
  92:Generated_Source\PSoC5/USBUART_Dm.c **** 	CyPins_SetPinDriveMode(USBUART_Dm_0, mode);
  95              		.loc 1 92 0
  96 000a 0A4B     		ldr	r3, .L5
  97 000c 094A     		ldr	r2, .L5
  98 000e 1278     		ldrb	r2, [r2]
  99 0010 D2B2     		uxtb	r2, r2
 100 0012 D2B2     		uxtb	r2, r2
 101 0014 22F00E02 		bic	r2, r2, #14
 102 0018 D1B2     		uxtb	r1, r2
 103 001a FA79     		ldrb	r2, [r7, #7]	@ zero_extendqisi2
 104 001c 02F00E02 		and	r2, r2, #14
 105 0020 D2B2     		uxtb	r2, r2
 106 0022 0A43     		orrs	r2, r2, r1
 107 0024 D2B2     		uxtb	r2, r2
 108 0026 D2B2     		uxtb	r2, r2
 109 0028 1A70     		strb	r2, [r3]
  93:Generated_Source\PSoC5/USBUART_Dm.c **** }
 110              		.loc 1 93 0
 111 002a 0C37     		adds	r7, r7, #12
 112              		.cfi_def_cfa_offset 4
 113 002c BD46     		mov	sp, r7
 114              		.cfi_def_cfa_register 13
 115              		@ sp needed
 116 002e 5DF8047B 		ldr	r7, [sp], #4
 117              		.cfi_restore 7
 118              		.cfi_def_cfa_offset 0
 119 0032 7047     		bx	lr
 120              	.L6:
 121              		.align	2
 122              	.L5:
 123 0034 7F500040 		.word	1073762431
 124              		.cfi_endproc
 125              	.LFE1:
 126              		.size	USBUART_Dm_SetDriveMode, .-USBUART_Dm_SetDriveMode
 127              		.section	.text.USBUART_Dm_Read,"ax",%progbits
 128              		.align	2
 129              		.global	USBUART_Dm_Read
 130              		.thumb
 131              		.thumb_func
 132              		.type	USBUART_Dm_Read, %function
 133              	USBUART_Dm_Read:
 134              	.LFB2:
  94:Generated_Source\PSoC5/USBUART_Dm.c **** 
ARM GAS  C:\Users\Greg\AppData\Local\Temp\ccFzWfOr.s 			page 5


  95:Generated_Source\PSoC5/USBUART_Dm.c **** 
  96:Generated_Source\PSoC5/USBUART_Dm.c **** /*******************************************************************************
  97:Generated_Source\PSoC5/USBUART_Dm.c **** * Function Name: USBUART_Dm_Read
  98:Generated_Source\PSoC5/USBUART_Dm.c **** ****************************************************************************//**
  99:Generated_Source\PSoC5/USBUART_Dm.c **** *
 100:Generated_Source\PSoC5/USBUART_Dm.c **** * \brief Reads the associated physical port (pin status register) and masks 
 101:Generated_Source\PSoC5/USBUART_Dm.c **** *  the required bits according to the width and bit position of the component
 102:Generated_Source\PSoC5/USBUART_Dm.c **** *  instance. 
 103:Generated_Source\PSoC5/USBUART_Dm.c **** *
 104:Generated_Source\PSoC5/USBUART_Dm.c **** * The pin's status register returns the current logic level present on the 
 105:Generated_Source\PSoC5/USBUART_Dm.c **** * physical pin.
 106:Generated_Source\PSoC5/USBUART_Dm.c **** *
 107:Generated_Source\PSoC5/USBUART_Dm.c **** * \return 
 108:Generated_Source\PSoC5/USBUART_Dm.c **** *  The current value for the pins in the component as a right justified number.
 109:Generated_Source\PSoC5/USBUART_Dm.c **** *
 110:Generated_Source\PSoC5/USBUART_Dm.c **** * \funcusage
 111:Generated_Source\PSoC5/USBUART_Dm.c **** *  \snippet USBUART_Dm_SUT.c usage_USBUART_Dm_Read  
 112:Generated_Source\PSoC5/USBUART_Dm.c **** *******************************************************************************/
 113:Generated_Source\PSoC5/USBUART_Dm.c **** uint8 USBUART_Dm_Read(void)
 114:Generated_Source\PSoC5/USBUART_Dm.c **** {
 135              		.loc 1 114 0
 136              		.cfi_startproc
 137              		@ args = 0, pretend = 0, frame = 0
 138              		@ frame_needed = 1, uses_anonymous_args = 0
 139              		@ link register save eliminated.
 140 0000 80B4     		push	{r7}
 141              		.cfi_def_cfa_offset 4
 142              		.cfi_offset 7, -4
 143 0002 00AF     		add	r7, sp, #0
 144              		.cfi_def_cfa_register 7
 115:Generated_Source\PSoC5/USBUART_Dm.c ****     return (USBUART_Dm_PS & USBUART_Dm_MASK) >> USBUART_Dm_SHIFT;
 145              		.loc 1 115 0
 146 0004 044B     		ldr	r3, .L9
 147 0006 1B78     		ldrb	r3, [r3]
 148 0008 DBB2     		uxtb	r3, r3
 149 000a DB09     		lsrs	r3, r3, #7
 150 000c DBB2     		uxtb	r3, r3
 116:Generated_Source\PSoC5/USBUART_Dm.c **** }
 151              		.loc 1 116 0
 152 000e 1846     		mov	r0, r3
 153 0010 BD46     		mov	sp, r7
 154              		.cfi_def_cfa_register 13
 155              		@ sp needed
 156 0012 5DF8047B 		ldr	r7, [sp], #4
 157              		.cfi_restore 7
 158              		.cfi_def_cfa_offset 0
 159 0016 7047     		bx	lr
 160              	.L10:
 161              		.align	2
 162              	.L9:
 163 0018 F1510040 		.word	1073762801
 164              		.cfi_endproc
 165              	.LFE2:
 166              		.size	USBUART_Dm_Read, .-USBUART_Dm_Read
 167              		.section	.text.USBUART_Dm_ReadDataReg,"ax",%progbits
 168              		.align	2
 169              		.global	USBUART_Dm_ReadDataReg
ARM GAS  C:\Users\Greg\AppData\Local\Temp\ccFzWfOr.s 			page 6


 170              		.thumb
 171              		.thumb_func
 172              		.type	USBUART_Dm_ReadDataReg, %function
 173              	USBUART_Dm_ReadDataReg:
 174              	.LFB3:
 117:Generated_Source\PSoC5/USBUART_Dm.c **** 
 118:Generated_Source\PSoC5/USBUART_Dm.c **** 
 119:Generated_Source\PSoC5/USBUART_Dm.c **** /*******************************************************************************
 120:Generated_Source\PSoC5/USBUART_Dm.c **** * Function Name: USBUART_Dm_ReadDataReg
 121:Generated_Source\PSoC5/USBUART_Dm.c **** ****************************************************************************//**
 122:Generated_Source\PSoC5/USBUART_Dm.c **** *
 123:Generated_Source\PSoC5/USBUART_Dm.c **** * \brief Reads the associated physical port's data output register and masks 
 124:Generated_Source\PSoC5/USBUART_Dm.c **** *  the correct bits according to the width and bit position of the component 
 125:Generated_Source\PSoC5/USBUART_Dm.c **** *  instance. 
 126:Generated_Source\PSoC5/USBUART_Dm.c **** *
 127:Generated_Source\PSoC5/USBUART_Dm.c **** * The data output register controls the signal applied to the physical pin in 
 128:Generated_Source\PSoC5/USBUART_Dm.c **** * conjunction with the drive mode parameter. This is not the same as the 
 129:Generated_Source\PSoC5/USBUART_Dm.c **** * preferred USBUART_Dm_Read() API because the 
 130:Generated_Source\PSoC5/USBUART_Dm.c **** * USBUART_Dm_ReadDataReg() reads the data register instead of the status 
 131:Generated_Source\PSoC5/USBUART_Dm.c **** * register. For output pins this is a useful function to determine the value 
 132:Generated_Source\PSoC5/USBUART_Dm.c **** * just written to the pin.
 133:Generated_Source\PSoC5/USBUART_Dm.c **** *
 134:Generated_Source\PSoC5/USBUART_Dm.c **** * \return 
 135:Generated_Source\PSoC5/USBUART_Dm.c **** *  The current value of the data register masked and shifted into a right 
 136:Generated_Source\PSoC5/USBUART_Dm.c **** *  justified number for the component instance.
 137:Generated_Source\PSoC5/USBUART_Dm.c **** *
 138:Generated_Source\PSoC5/USBUART_Dm.c **** * \funcusage
 139:Generated_Source\PSoC5/USBUART_Dm.c **** *  \snippet USBUART_Dm_SUT.c usage_USBUART_Dm_ReadDataReg 
 140:Generated_Source\PSoC5/USBUART_Dm.c **** *******************************************************************************/
 141:Generated_Source\PSoC5/USBUART_Dm.c **** uint8 USBUART_Dm_ReadDataReg(void)
 142:Generated_Source\PSoC5/USBUART_Dm.c **** {
 175              		.loc 1 142 0
 176              		.cfi_startproc
 177              		@ args = 0, pretend = 0, frame = 0
 178              		@ frame_needed = 1, uses_anonymous_args = 0
 179              		@ link register save eliminated.
 180 0000 80B4     		push	{r7}
 181              		.cfi_def_cfa_offset 4
 182              		.cfi_offset 7, -4
 183 0002 00AF     		add	r7, sp, #0
 184              		.cfi_def_cfa_register 7
 143:Generated_Source\PSoC5/USBUART_Dm.c ****     return (USBUART_Dm_DR & USBUART_Dm_MASK) >> USBUART_Dm_SHIFT;
 185              		.loc 1 143 0
 186 0004 044B     		ldr	r3, .L13
 187 0006 1B78     		ldrb	r3, [r3]
 188 0008 DBB2     		uxtb	r3, r3
 189 000a DB09     		lsrs	r3, r3, #7
 190 000c DBB2     		uxtb	r3, r3
 144:Generated_Source\PSoC5/USBUART_Dm.c **** }
 191              		.loc 1 144 0
 192 000e 1846     		mov	r0, r3
 193 0010 BD46     		mov	sp, r7
 194              		.cfi_def_cfa_register 13
 195              		@ sp needed
 196 0012 5DF8047B 		ldr	r7, [sp], #4
 197              		.cfi_restore 7
 198              		.cfi_def_cfa_offset 0
ARM GAS  C:\Users\Greg\AppData\Local\Temp\ccFzWfOr.s 			page 7


 199 0016 7047     		bx	lr
 200              	.L14:
 201              		.align	2
 202              	.L13:
 203 0018 F0510040 		.word	1073762800
 204              		.cfi_endproc
 205              	.LFE3:
 206              		.size	USBUART_Dm_ReadDataReg, .-USBUART_Dm_ReadDataReg
 207              		.text
 208              	.Letext0:
 209              		.file 2 "Generated_Source\\PSoC5\\cytypes.h"
 210              		.section	.debug_info,"",%progbits
 211              	.Ldebug_info0:
 212 0000 1A010000 		.4byte	0x11a
 213 0004 0400     		.2byte	0x4
 214 0006 00000000 		.4byte	.Ldebug_abbrev0
 215 000a 04       		.byte	0x4
 216 000b 01       		.uleb128 0x1
 217 000c 28000000 		.4byte	.LASF20
 218 0010 01       		.byte	0x1
 219 0011 E9010000 		.4byte	.LASF21
 220 0015 CA000000 		.4byte	.LASF22
 221 0019 00000000 		.4byte	.Ldebug_ranges0+0
 222 001d 00000000 		.4byte	0
 223 0021 00000000 		.4byte	.Ldebug_line0
 224 0025 02       		.uleb128 0x2
 225 0026 01       		.byte	0x1
 226 0027 06       		.byte	0x6
 227 0028 DD010000 		.4byte	.LASF0
 228 002c 02       		.uleb128 0x2
 229 002d 01       		.byte	0x1
 230 002e 08       		.byte	0x8
 231 002f BC000000 		.4byte	.LASF1
 232 0033 02       		.uleb128 0x2
 233 0034 02       		.byte	0x2
 234 0035 05       		.byte	0x5
 235 0036 B4010000 		.4byte	.LASF2
 236 003a 02       		.uleb128 0x2
 237 003b 02       		.byte	0x2
 238 003c 07       		.byte	0x7
 239 003d 30010000 		.4byte	.LASF3
 240 0041 02       		.uleb128 0x2
 241 0042 04       		.byte	0x4
 242 0043 05       		.byte	0x5
 243 0044 D4010000 		.4byte	.LASF4
 244 0048 02       		.uleb128 0x2
 245 0049 04       		.byte	0x4
 246 004a 07       		.byte	0x7
 247 004b 1E010000 		.4byte	.LASF5
 248 004f 02       		.uleb128 0x2
 249 0050 08       		.byte	0x8
 250 0051 05       		.byte	0x5
 251 0052 A1010000 		.4byte	.LASF6
 252 0056 02       		.uleb128 0x2
 253 0057 08       		.byte	0x8
 254 0058 07       		.byte	0x7
 255 0059 80010000 		.4byte	.LASF7
ARM GAS  C:\Users\Greg\AppData\Local\Temp\ccFzWfOr.s 			page 8


 256 005d 03       		.uleb128 0x3
 257 005e 04       		.byte	0x4
 258 005f 05       		.byte	0x5
 259 0060 696E7400 		.ascii	"int\000"
 260 0064 02       		.uleb128 0x2
 261 0065 04       		.byte	0x4
 262 0066 07       		.byte	0x7
 263 0067 5B010000 		.4byte	.LASF8
 264 006b 04       		.uleb128 0x4
 265 006c BE010000 		.4byte	.LASF12
 266 0070 02       		.byte	0x2
 267 0071 9201     		.2byte	0x192
 268 0073 2C000000 		.4byte	0x2c
 269 0077 02       		.uleb128 0x2
 270 0078 04       		.byte	0x4
 271 0079 04       		.byte	0x4
 272 007a B6000000 		.4byte	.LASF9
 273 007e 02       		.uleb128 0x2
 274 007f 08       		.byte	0x8
 275 0080 04       		.byte	0x4
 276 0081 43010000 		.4byte	.LASF10
 277 0085 02       		.uleb128 0x2
 278 0086 01       		.byte	0x1
 279 0087 08       		.byte	0x8
 280 0088 AF010000 		.4byte	.LASF11
 281 008c 04       		.uleb128 0x4
 282 008d 9C010000 		.4byte	.LASF13
 283 0091 02       		.byte	0x2
 284 0092 3C02     		.2byte	0x23c
 285 0094 98000000 		.4byte	0x98
 286 0098 05       		.uleb128 0x5
 287 0099 6B000000 		.4byte	0x6b
 288 009d 06       		.uleb128 0x6
 289 009e 4A010000 		.4byte	.LASF14
 290 00a2 01       		.byte	0x1
 291 00a3 39       		.byte	0x39
 292 00a4 00000000 		.4byte	.LFB0
 293 00a8 34000000 		.4byte	.LFE0-.LFB0
 294 00ac 01       		.uleb128 0x1
 295 00ad 9C       		.byte	0x9c
 296 00ae CF000000 		.4byte	0xcf
 297 00b2 07       		.uleb128 0x7
 298 00b3 17000000 		.4byte	.LASF16
 299 00b7 01       		.byte	0x1
 300 00b8 39       		.byte	0x39
 301 00b9 6B000000 		.4byte	0x6b
 302 00bd 02       		.uleb128 0x2
 303 00be 91       		.byte	0x91
 304 00bf 6F       		.sleb128 -17
 305 00c0 08       		.uleb128 0x8
 306 00c1 1D000000 		.4byte	.LASF23
 307 00c5 01       		.byte	0x1
 308 00c6 3B       		.byte	0x3b
 309 00c7 6B000000 		.4byte	0x6b
 310 00cb 02       		.uleb128 0x2
 311 00cc 91       		.byte	0x91
 312 00cd 77       		.sleb128 -9
ARM GAS  C:\Users\Greg\AppData\Local\Temp\ccFzWfOr.s 			page 9


 313 00ce 00       		.byte	0
 314 00cf 06       		.uleb128 0x6
 315 00d0 68010000 		.4byte	.LASF15
 316 00d4 01       		.byte	0x1
 317 00d5 5A       		.byte	0x5a
 318 00d6 00000000 		.4byte	.LFB1
 319 00da 38000000 		.4byte	.LFE1-.LFB1
 320 00de 01       		.uleb128 0x1
 321 00df 9C       		.byte	0x9c
 322 00e0 F3000000 		.4byte	0xf3
 323 00e4 07       		.uleb128 0x7
 324 00e5 97010000 		.4byte	.LASF17
 325 00e9 01       		.byte	0x1
 326 00ea 5A       		.byte	0x5a
 327 00eb 6B000000 		.4byte	0x6b
 328 00ef 02       		.uleb128 0x2
 329 00f0 91       		.byte	0x91
 330 00f1 77       		.sleb128 -9
 331 00f2 00       		.byte	0
 332 00f3 09       		.uleb128 0x9
 333 00f4 C4010000 		.4byte	.LASF18
 334 00f8 01       		.byte	0x1
 335 00f9 71       		.byte	0x71
 336 00fa 6B000000 		.4byte	0x6b
 337 00fe 00000000 		.4byte	.LFB2
 338 0102 1C000000 		.4byte	.LFE2-.LFB2
 339 0106 01       		.uleb128 0x1
 340 0107 9C       		.byte	0x9c
 341 0108 09       		.uleb128 0x9
 342 0109 00000000 		.4byte	.LASF19
 343 010d 01       		.byte	0x1
 344 010e 8D       		.byte	0x8d
 345 010f 6B000000 		.4byte	0x6b
 346 0113 00000000 		.4byte	.LFB3
 347 0117 1C000000 		.4byte	.LFE3-.LFB3
 348 011b 01       		.uleb128 0x1
 349 011c 9C       		.byte	0x9c
 350 011d 00       		.byte	0
 351              		.section	.debug_abbrev,"",%progbits
 352              	.Ldebug_abbrev0:
 353 0000 01       		.uleb128 0x1
 354 0001 11       		.uleb128 0x11
 355 0002 01       		.byte	0x1
 356 0003 25       		.uleb128 0x25
 357 0004 0E       		.uleb128 0xe
 358 0005 13       		.uleb128 0x13
 359 0006 0B       		.uleb128 0xb
 360 0007 03       		.uleb128 0x3
 361 0008 0E       		.uleb128 0xe
 362 0009 1B       		.uleb128 0x1b
 363 000a 0E       		.uleb128 0xe
 364 000b 55       		.uleb128 0x55
 365 000c 17       		.uleb128 0x17
 366 000d 11       		.uleb128 0x11
 367 000e 01       		.uleb128 0x1
 368 000f 10       		.uleb128 0x10
 369 0010 17       		.uleb128 0x17
ARM GAS  C:\Users\Greg\AppData\Local\Temp\ccFzWfOr.s 			page 10


 370 0011 00       		.byte	0
 371 0012 00       		.byte	0
 372 0013 02       		.uleb128 0x2
 373 0014 24       		.uleb128 0x24
 374 0015 00       		.byte	0
 375 0016 0B       		.uleb128 0xb
 376 0017 0B       		.uleb128 0xb
 377 0018 3E       		.uleb128 0x3e
 378 0019 0B       		.uleb128 0xb
 379 001a 03       		.uleb128 0x3
 380 001b 0E       		.uleb128 0xe
 381 001c 00       		.byte	0
 382 001d 00       		.byte	0
 383 001e 03       		.uleb128 0x3
 384 001f 24       		.uleb128 0x24
 385 0020 00       		.byte	0
 386 0021 0B       		.uleb128 0xb
 387 0022 0B       		.uleb128 0xb
 388 0023 3E       		.uleb128 0x3e
 389 0024 0B       		.uleb128 0xb
 390 0025 03       		.uleb128 0x3
 391 0026 08       		.uleb128 0x8
 392 0027 00       		.byte	0
 393 0028 00       		.byte	0
 394 0029 04       		.uleb128 0x4
 395 002a 16       		.uleb128 0x16
 396 002b 00       		.byte	0
 397 002c 03       		.uleb128 0x3
 398 002d 0E       		.uleb128 0xe
 399 002e 3A       		.uleb128 0x3a
 400 002f 0B       		.uleb128 0xb
 401 0030 3B       		.uleb128 0x3b
 402 0031 05       		.uleb128 0x5
 403 0032 49       		.uleb128 0x49
 404 0033 13       		.uleb128 0x13
 405 0034 00       		.byte	0
 406 0035 00       		.byte	0
 407 0036 05       		.uleb128 0x5
 408 0037 35       		.uleb128 0x35
 409 0038 00       		.byte	0
 410 0039 49       		.uleb128 0x49
 411 003a 13       		.uleb128 0x13
 412 003b 00       		.byte	0
 413 003c 00       		.byte	0
 414 003d 06       		.uleb128 0x6
 415 003e 2E       		.uleb128 0x2e
 416 003f 01       		.byte	0x1
 417 0040 3F       		.uleb128 0x3f
 418 0041 19       		.uleb128 0x19
 419 0042 03       		.uleb128 0x3
 420 0043 0E       		.uleb128 0xe
 421 0044 3A       		.uleb128 0x3a
 422 0045 0B       		.uleb128 0xb
 423 0046 3B       		.uleb128 0x3b
 424 0047 0B       		.uleb128 0xb
 425 0048 27       		.uleb128 0x27
 426 0049 19       		.uleb128 0x19
ARM GAS  C:\Users\Greg\AppData\Local\Temp\ccFzWfOr.s 			page 11


 427 004a 11       		.uleb128 0x11
 428 004b 01       		.uleb128 0x1
 429 004c 12       		.uleb128 0x12
 430 004d 06       		.uleb128 0x6
 431 004e 40       		.uleb128 0x40
 432 004f 18       		.uleb128 0x18
 433 0050 9742     		.uleb128 0x2117
 434 0052 19       		.uleb128 0x19
 435 0053 01       		.uleb128 0x1
 436 0054 13       		.uleb128 0x13
 437 0055 00       		.byte	0
 438 0056 00       		.byte	0
 439 0057 07       		.uleb128 0x7
 440 0058 05       		.uleb128 0x5
 441 0059 00       		.byte	0
 442 005a 03       		.uleb128 0x3
 443 005b 0E       		.uleb128 0xe
 444 005c 3A       		.uleb128 0x3a
 445 005d 0B       		.uleb128 0xb
 446 005e 3B       		.uleb128 0x3b
 447 005f 0B       		.uleb128 0xb
 448 0060 49       		.uleb128 0x49
 449 0061 13       		.uleb128 0x13
 450 0062 02       		.uleb128 0x2
 451 0063 18       		.uleb128 0x18
 452 0064 00       		.byte	0
 453 0065 00       		.byte	0
 454 0066 08       		.uleb128 0x8
 455 0067 34       		.uleb128 0x34
 456 0068 00       		.byte	0
 457 0069 03       		.uleb128 0x3
 458 006a 0E       		.uleb128 0xe
 459 006b 3A       		.uleb128 0x3a
 460 006c 0B       		.uleb128 0xb
 461 006d 3B       		.uleb128 0x3b
 462 006e 0B       		.uleb128 0xb
 463 006f 49       		.uleb128 0x49
 464 0070 13       		.uleb128 0x13
 465 0071 02       		.uleb128 0x2
 466 0072 18       		.uleb128 0x18
 467 0073 00       		.byte	0
 468 0074 00       		.byte	0
 469 0075 09       		.uleb128 0x9
 470 0076 2E       		.uleb128 0x2e
 471 0077 00       		.byte	0
 472 0078 3F       		.uleb128 0x3f
 473 0079 19       		.uleb128 0x19
 474 007a 03       		.uleb128 0x3
 475 007b 0E       		.uleb128 0xe
 476 007c 3A       		.uleb128 0x3a
 477 007d 0B       		.uleb128 0xb
 478 007e 3B       		.uleb128 0x3b
 479 007f 0B       		.uleb128 0xb
 480 0080 27       		.uleb128 0x27
 481 0081 19       		.uleb128 0x19
 482 0082 49       		.uleb128 0x49
 483 0083 13       		.uleb128 0x13
ARM GAS  C:\Users\Greg\AppData\Local\Temp\ccFzWfOr.s 			page 12


 484 0084 11       		.uleb128 0x11
 485 0085 01       		.uleb128 0x1
 486 0086 12       		.uleb128 0x12
 487 0087 06       		.uleb128 0x6
 488 0088 40       		.uleb128 0x40
 489 0089 18       		.uleb128 0x18
 490 008a 9742     		.uleb128 0x2117
 491 008c 19       		.uleb128 0x19
 492 008d 00       		.byte	0
 493 008e 00       		.byte	0
 494 008f 00       		.byte	0
 495              		.section	.debug_aranges,"",%progbits
 496 0000 34000000 		.4byte	0x34
 497 0004 0200     		.2byte	0x2
 498 0006 00000000 		.4byte	.Ldebug_info0
 499 000a 04       		.byte	0x4
 500 000b 00       		.byte	0
 501 000c 0000     		.2byte	0
 502 000e 0000     		.2byte	0
 503 0010 00000000 		.4byte	.LFB0
 504 0014 34000000 		.4byte	.LFE0-.LFB0
 505 0018 00000000 		.4byte	.LFB1
 506 001c 38000000 		.4byte	.LFE1-.LFB1
 507 0020 00000000 		.4byte	.LFB2
 508 0024 1C000000 		.4byte	.LFE2-.LFB2
 509 0028 00000000 		.4byte	.LFB3
 510 002c 1C000000 		.4byte	.LFE3-.LFB3
 511 0030 00000000 		.4byte	0
 512 0034 00000000 		.4byte	0
 513              		.section	.debug_ranges,"",%progbits
 514              	.Ldebug_ranges0:
 515 0000 00000000 		.4byte	.LFB0
 516 0004 34000000 		.4byte	.LFE0
 517 0008 00000000 		.4byte	.LFB1
 518 000c 38000000 		.4byte	.LFE1
 519 0010 00000000 		.4byte	.LFB2
 520 0014 1C000000 		.4byte	.LFE2
 521 0018 00000000 		.4byte	.LFB3
 522 001c 1C000000 		.4byte	.LFE3
 523 0020 00000000 		.4byte	0
 524 0024 00000000 		.4byte	0
 525              		.section	.debug_line,"",%progbits
 526              	.Ldebug_line0:
 527 0000 95000000 		.section	.debug_str,"MS",%progbits,1
 527      02004700 
 527      00000201 
 527      FB0E0D00 
 527      01010101 
 528              	.LASF19:
 529 0000 55534255 		.ascii	"USBUART_Dm_ReadDataReg\000"
 529      4152545F 
 529      446D5F52 
 529      65616444 
 529      61746152 
 530              	.LASF16:
 531 0017 76616C75 		.ascii	"value\000"
 531      6500
ARM GAS  C:\Users\Greg\AppData\Local\Temp\ccFzWfOr.s 			page 13


 532              	.LASF23:
 533 001d 73746174 		.ascii	"staticBits\000"
 533      69634269 
 533      747300
 534              	.LASF20:
 535 0028 474E5520 		.ascii	"GNU C 4.9.3 20150303 (release) [ARM/embedded-4_9-br"
 535      4320342E 
 535      392E3320 
 535      32303135 
 535      30333033 
 536 005b 616E6368 		.ascii	"anch revision 221220] -mcpu=cortex-m3 -mthumb -g -O"
 536      20726576 
 536      6973696F 
 536      6E203232 
 536      31323230 
 537 008e 30202D66 		.ascii	"0 -ffunction-sections -ffat-lto-objects\000"
 537      66756E63 
 537      74696F6E 
 537      2D736563 
 537      74696F6E 
 538              	.LASF9:
 539 00b6 666C6F61 		.ascii	"float\000"
 539      7400
 540              	.LASF1:
 541 00bc 756E7369 		.ascii	"unsigned char\000"
 541      676E6564 
 541      20636861 
 541      7200
 542              	.LASF22:
 543 00ca 433A5C53 		.ascii	"C:\\SVN\\apps\\trunk\\Cypress Academy\\PSoC-121-Ana"
 543      564E5C61 
 543      7070735C 
 543      7472756E 
 543      6B5C4379 
 544 00f8 6C6F675C 		.ascii	"log\\Scope\\KEES_Scope\\PSoC\\Scope.cydsn\000"
 544      53636F70 
 544      655C4B45 
 544      45535F53 
 544      636F7065 
 545              	.LASF5:
 546 011e 6C6F6E67 		.ascii	"long unsigned int\000"
 546      20756E73 
 546      69676E65 
 546      6420696E 
 546      7400
 547              	.LASF3:
 548 0130 73686F72 		.ascii	"short unsigned int\000"
 548      7420756E 
 548      7369676E 
 548      65642069 
 548      6E7400
 549              	.LASF10:
 550 0143 646F7562 		.ascii	"double\000"
 550      6C6500
 551              	.LASF14:
 552 014a 55534255 		.ascii	"USBUART_Dm_Write\000"
 552      4152545F 
ARM GAS  C:\Users\Greg\AppData\Local\Temp\ccFzWfOr.s 			page 14


 552      446D5F57 
 552      72697465 
 552      00
 553              	.LASF8:
 554 015b 756E7369 		.ascii	"unsigned int\000"
 554      676E6564 
 554      20696E74 
 554      00
 555              	.LASF15:
 556 0168 55534255 		.ascii	"USBUART_Dm_SetDriveMode\000"
 556      4152545F 
 556      446D5F53 
 556      65744472 
 556      6976654D 
 557              	.LASF7:
 558 0180 6C6F6E67 		.ascii	"long long unsigned int\000"
 558      206C6F6E 
 558      6720756E 
 558      7369676E 
 558      65642069 
 559              	.LASF17:
 560 0197 6D6F6465 		.ascii	"mode\000"
 560      00
 561              	.LASF13:
 562 019c 72656738 		.ascii	"reg8\000"
 562      00
 563              	.LASF6:
 564 01a1 6C6F6E67 		.ascii	"long long int\000"
 564      206C6F6E 
 564      6720696E 
 564      7400
 565              	.LASF11:
 566 01af 63686172 		.ascii	"char\000"
 566      00
 567              	.LASF2:
 568 01b4 73686F72 		.ascii	"short int\000"
 568      7420696E 
 568      7400
 569              	.LASF12:
 570 01be 75696E74 		.ascii	"uint8\000"
 570      3800
 571              	.LASF18:
 572 01c4 55534255 		.ascii	"USBUART_Dm_Read\000"
 572      4152545F 
 572      446D5F52 
 572      65616400 
 573              	.LASF4:
 574 01d4 6C6F6E67 		.ascii	"long int\000"
 574      20696E74 
 574      00
 575              	.LASF0:
 576 01dd 7369676E 		.ascii	"signed char\000"
 576      65642063 
 576      68617200 
 577              	.LASF21:
 578 01e9 47656E65 		.ascii	"Generated_Source\\PSoC5\\USBUART_Dm.c\000"
 578      72617465 
ARM GAS  C:\Users\Greg\AppData\Local\Temp\ccFzWfOr.s 			page 15


 578      645F536F 
 578      75726365 
 578      5C50536F 
 579              		.ident	"GCC: (GNU Tools for ARM Embedded Processors) 4.9.3 20150303 (release) [ARM/embedded-4_9-br
