ARM GAS  C:\Users\Greg\AppData\Local\Temp\ccJyRlng.s 			page 1


   1              		.syntax unified
   2              		.cpu cortex-m3
   3              		.fpu softvfp
   4              		.eabi_attribute 20, 1
   5              		.eabi_attribute 21, 1
   6              		.eabi_attribute 23, 3
   7              		.eabi_attribute 24, 1
   8              		.eabi_attribute 25, 1
   9              		.eabi_attribute 26, 1
  10              		.eabi_attribute 30, 6
  11              		.eabi_attribute 34, 1
  12              		.eabi_attribute 18, 4
  13              		.thumb
  14              		.file	"USBUART_midi.c"
  15              		.text
  16              	.Ltext0:
  17              		.cfi_sections	.debug_frame
  18              	.Letext0:
  19              		.section	.debug_info,"",%progbits
  20              	.Ldebug_info0:
  21 0000 7C000000 		.4byte	0x7c
  22 0004 0400     		.2byte	0x4
  23 0006 00000000 		.4byte	.Ldebug_abbrev0
  24 000a 04       		.byte	0x4
  25 000b 01       		.uleb128 0x1
  26 000c DA000000 		.4byte	.LASF13
  27 0010 01       		.byte	0x1
  28 0011 44000000 		.4byte	.LASF14
  29 0015 6A000000 		.4byte	.LASF15
  30 0019 00000000 		.4byte	.Ldebug_line0
  31 001d 02       		.uleb128 0x2
  32 001e 01       		.byte	0x1
  33 001f 06       		.byte	0x6
  34 0020 82010000 		.4byte	.LASF0
  35 0024 02       		.uleb128 0x2
  36 0025 01       		.byte	0x1
  37 0026 08       		.byte	0x8
  38 0027 BE000000 		.4byte	.LASF1
  39 002b 02       		.uleb128 0x2
  40 002c 02       		.byte	0x2
  41 002d 05       		.byte	0x5
  42 002e 94010000 		.4byte	.LASF2
  43 0032 02       		.uleb128 0x2
  44 0033 02       		.byte	0x2
  45 0034 07       		.byte	0x7
  46 0035 6F010000 		.4byte	.LASF3
  47 0039 02       		.uleb128 0x2
  48 003a 04       		.byte	0x4
  49 003b 05       		.byte	0x5
  50 003c D1000000 		.4byte	.LASF4
  51 0040 02       		.uleb128 0x2
  52 0041 04       		.byte	0x4
  53 0042 07       		.byte	0x7
  54 0043 1B000000 		.4byte	.LASF5
  55 0047 02       		.uleb128 0x2
  56 0048 08       		.byte	0x8
  57 0049 05       		.byte	0x5
ARM GAS  C:\Users\Greg\AppData\Local\Temp\ccJyRlng.s 			page 2


  58 004a 00000000 		.4byte	.LASF6
  59 004e 02       		.uleb128 0x2
  60 004f 08       		.byte	0x8
  61 0050 07       		.byte	0x7
  62 0051 2D000000 		.4byte	.LASF7
  63 0055 03       		.uleb128 0x3
  64 0056 04       		.byte	0x4
  65 0057 05       		.byte	0x5
  66 0058 696E7400 		.ascii	"int\000"
  67 005c 02       		.uleb128 0x2
  68 005d 04       		.byte	0x4
  69 005e 07       		.byte	0x7
  70 005f 0E000000 		.4byte	.LASF8
  71 0063 02       		.uleb128 0x2
  72 0064 04       		.byte	0x4
  73 0065 04       		.byte	0x4
  74 0066 8E010000 		.4byte	.LASF9
  75 006a 02       		.uleb128 0x2
  76 006b 08       		.byte	0x8
  77 006c 04       		.byte	0x4
  78 006d 68010000 		.4byte	.LASF10
  79 0071 02       		.uleb128 0x2
  80 0072 01       		.byte	0x1
  81 0073 08       		.byte	0x8
  82 0074 CC000000 		.4byte	.LASF11
  83 0078 02       		.uleb128 0x2
  84 0079 04       		.byte	0x4
  85 007a 07       		.byte	0x7
  86 007b 9E010000 		.4byte	.LASF12
  87 007f 00       		.byte	0
  88              		.section	.debug_abbrev,"",%progbits
  89              	.Ldebug_abbrev0:
  90 0000 01       		.uleb128 0x1
  91 0001 11       		.uleb128 0x11
  92 0002 01       		.byte	0x1
  93 0003 25       		.uleb128 0x25
  94 0004 0E       		.uleb128 0xe
  95 0005 13       		.uleb128 0x13
  96 0006 0B       		.uleb128 0xb
  97 0007 03       		.uleb128 0x3
  98 0008 0E       		.uleb128 0xe
  99 0009 1B       		.uleb128 0x1b
 100 000a 0E       		.uleb128 0xe
 101 000b 10       		.uleb128 0x10
 102 000c 17       		.uleb128 0x17
 103 000d 00       		.byte	0
 104 000e 00       		.byte	0
 105 000f 02       		.uleb128 0x2
 106 0010 24       		.uleb128 0x24
 107 0011 00       		.byte	0
 108 0012 0B       		.uleb128 0xb
 109 0013 0B       		.uleb128 0xb
 110 0014 3E       		.uleb128 0x3e
 111 0015 0B       		.uleb128 0xb
 112 0016 03       		.uleb128 0x3
 113 0017 0E       		.uleb128 0xe
 114 0018 00       		.byte	0
ARM GAS  C:\Users\Greg\AppData\Local\Temp\ccJyRlng.s 			page 3


 115 0019 00       		.byte	0
 116 001a 03       		.uleb128 0x3
 117 001b 24       		.uleb128 0x24
 118 001c 00       		.byte	0
 119 001d 0B       		.uleb128 0xb
 120 001e 0B       		.uleb128 0xb
 121 001f 3E       		.uleb128 0x3e
 122 0020 0B       		.uleb128 0xb
 123 0021 03       		.uleb128 0x3
 124 0022 08       		.uleb128 0x8
 125 0023 00       		.byte	0
 126 0024 00       		.byte	0
 127 0025 00       		.byte	0
 128              		.section	.debug_aranges,"",%progbits
 129 0000 14000000 		.4byte	0x14
 130 0004 0200     		.2byte	0x2
 131 0006 00000000 		.4byte	.Ldebug_info0
 132 000a 04       		.byte	0x4
 133 000b 00       		.byte	0
 134 000c 0000     		.2byte	0
 135 000e 0000     		.2byte	0
 136 0010 00000000 		.4byte	0
 137 0014 00000000 		.4byte	0
 138              		.section	.debug_line,"",%progbits
 139              	.Ldebug_line0:
 140 0000 19000000 		.section	.debug_str,"MS",%progbits,1
 140      02001300 
 140      00000201 
 140      FB0E0D00 
 140      01010101 
 141              	.LASF6:
 142 0000 6C6F6E67 		.ascii	"long long int\000"
 142      206C6F6E 
 142      6720696E 
 142      7400
 143              	.LASF8:
 144 000e 756E7369 		.ascii	"unsigned int\000"
 144      676E6564 
 144      20696E74 
 144      00
 145              	.LASF5:
 146 001b 6C6F6E67 		.ascii	"long unsigned int\000"
 146      20756E73 
 146      69676E65 
 146      6420696E 
 146      7400
 147              	.LASF7:
 148 002d 6C6F6E67 		.ascii	"long long unsigned int\000"
 148      206C6F6E 
 148      6720756E 
 148      7369676E 
 148      65642069 
 149              	.LASF14:
 150 0044 47656E65 		.ascii	"Generated_Source\\PSoC5\\USBUART_midi.c\000"
 150      72617465 
 150      645F536F 
 150      75726365 
ARM GAS  C:\Users\Greg\AppData\Local\Temp\ccJyRlng.s 			page 4


 150      5C50536F 
 151              	.LASF15:
 152 006a 433A5C53 		.ascii	"C:\\SVN\\apps\\trunk\\Cypress Academy\\PSoC-121-Ana"
 152      564E5C61 
 152      7070735C 
 152      7472756E 
 152      6B5C4379 
 153 0098 6C6F675C 		.ascii	"log\\Scope\\KEES_Scope\\PSoC\\Scope.cydsn\000"
 153      53636F70 
 153      655C4B45 
 153      45535F53 
 153      636F7065 
 154              	.LASF1:
 155 00be 756E7369 		.ascii	"unsigned char\000"
 155      676E6564 
 155      20636861 
 155      7200
 156              	.LASF11:
 157 00cc 63686172 		.ascii	"char\000"
 157      00
 158              	.LASF4:
 159 00d1 6C6F6E67 		.ascii	"long int\000"
 159      20696E74 
 159      00
 160              	.LASF13:
 161 00da 474E5520 		.ascii	"GNU C 4.9.3 20150303 (release) [ARM/embedded-4_9-br"
 161      4320342E 
 161      392E3320 
 161      32303135 
 161      30333033 
 162 010d 616E6368 		.ascii	"anch revision 221220] -mcpu=cortex-m3 -mthumb -g -O"
 162      20726576 
 162      6973696F 
 162      6E203232 
 162      31323230 
 163 0140 30202D66 		.ascii	"0 -ffunction-sections -ffat-lto-objects\000"
 163      66756E63 
 163      74696F6E 
 163      2D736563 
 163      74696F6E 
 164              	.LASF10:
 165 0168 646F7562 		.ascii	"double\000"
 165      6C6500
 166              	.LASF3:
 167 016f 73686F72 		.ascii	"short unsigned int\000"
 167      7420756E 
 167      7369676E 
 167      65642069 
 167      6E7400
 168              	.LASF0:
 169 0182 7369676E 		.ascii	"signed char\000"
 169      65642063 
 169      68617200 
 170              	.LASF9:
 171 018e 666C6F61 		.ascii	"float\000"
 171      7400
 172              	.LASF2:
ARM GAS  C:\Users\Greg\AppData\Local\Temp\ccJyRlng.s 			page 5


 173 0194 73686F72 		.ascii	"short int\000"
 173      7420696E 
 173      7400
 174              	.LASF12:
 175 019e 73697A65 		.ascii	"sizetype\000"
 175      74797065 
 175      00
 176              		.ident	"GCC: (GNU Tools for ARM Embedded Processors) 4.9.3 20150303 (release) [ARM/embedded-4_9-br
