ARM GAS  C:\Users\Greg\AppData\Local\Temp\ccJi8SrT.s 			page 1


   1              		.syntax unified
   2              		.cpu cortex-m3
   3              		.fpu softvfp
   4              		.eabi_attribute 20, 1
   5              		.eabi_attribute 21, 1
   6              		.eabi_attribute 23, 3
   7              		.eabi_attribute 24, 1
   8              		.eabi_attribute 25, 1
   9              		.eabi_attribute 26, 1
  10              		.eabi_attribute 30, 6
  11              		.eabi_attribute 34, 1
  12              		.eabi_attribute 18, 4
  13              		.thumb
  14              		.file	"Vtrigger.c"
  15              		.text
  16              	.Ltext0:
  17              		.cfi_sections	.debug_frame
  18              		.global	Vtrigger_initVar
  19              		.bss
  20              		.type	Vtrigger_initVar, %object
  21              		.size	Vtrigger_initVar, 1
  22              	Vtrigger_initVar:
  23 0000 00       		.space	1
  24              		.section	.text.Vtrigger_Init,"ax",%progbits
  25              		.align	2
  26              		.global	Vtrigger_Init
  27              		.thumb
  28              		.thumb_func
  29              		.type	Vtrigger_Init, %function
  30              	Vtrigger_Init:
  31              	.LFB0:
  32              		.file 1 "Generated_Source\\PSoC5\\Vtrigger.c"
   1:Generated_Source\PSoC5/Vtrigger.c **** /*******************************************************************************
   2:Generated_Source\PSoC5/Vtrigger.c **** * File Name: Vtrigger.c  
   3:Generated_Source\PSoC5/Vtrigger.c **** * Version 1.90
   4:Generated_Source\PSoC5/Vtrigger.c **** *
   5:Generated_Source\PSoC5/Vtrigger.c **** * Description:
   6:Generated_Source\PSoC5/Vtrigger.c **** *  This file provides the source code to the API for the 8-bit Voltage DAC 
   7:Generated_Source\PSoC5/Vtrigger.c **** *  (VDAC8) User Module.
   8:Generated_Source\PSoC5/Vtrigger.c **** *
   9:Generated_Source\PSoC5/Vtrigger.c **** * Note:
  10:Generated_Source\PSoC5/Vtrigger.c **** *  Any unusual or non-standard behavior should be noted here. Other-
  11:Generated_Source\PSoC5/Vtrigger.c **** *  wise, this section should remain blank.
  12:Generated_Source\PSoC5/Vtrigger.c **** *
  13:Generated_Source\PSoC5/Vtrigger.c **** ********************************************************************************
  14:Generated_Source\PSoC5/Vtrigger.c **** * Copyright 2008-2012, Cypress Semiconductor Corporation.  All rights reserved.
  15:Generated_Source\PSoC5/Vtrigger.c **** * You may use this file only in accordance with the license, terms, conditions, 
  16:Generated_Source\PSoC5/Vtrigger.c **** * disclaimers, and limitations in the end user license agreement accompanying 
  17:Generated_Source\PSoC5/Vtrigger.c **** * the software package with which this file was provided.
  18:Generated_Source\PSoC5/Vtrigger.c **** *******************************************************************************/
  19:Generated_Source\PSoC5/Vtrigger.c **** 
  20:Generated_Source\PSoC5/Vtrigger.c **** #include "cytypes.h"
  21:Generated_Source\PSoC5/Vtrigger.c **** #include "Vtrigger.h"
  22:Generated_Source\PSoC5/Vtrigger.c **** 
  23:Generated_Source\PSoC5/Vtrigger.c **** #if (CY_PSOC5A)
  24:Generated_Source\PSoC5/Vtrigger.c **** #include <CyLib.h>
  25:Generated_Source\PSoC5/Vtrigger.c **** #endif /* CY_PSOC5A */
ARM GAS  C:\Users\Greg\AppData\Local\Temp\ccJi8SrT.s 			page 2


  26:Generated_Source\PSoC5/Vtrigger.c **** 
  27:Generated_Source\PSoC5/Vtrigger.c **** uint8 Vtrigger_initVar = 0u;
  28:Generated_Source\PSoC5/Vtrigger.c **** 
  29:Generated_Source\PSoC5/Vtrigger.c **** #if (CY_PSOC5A)
  30:Generated_Source\PSoC5/Vtrigger.c ****     static uint8 Vtrigger_restoreVal = 0u;
  31:Generated_Source\PSoC5/Vtrigger.c **** #endif /* CY_PSOC5A */
  32:Generated_Source\PSoC5/Vtrigger.c **** 
  33:Generated_Source\PSoC5/Vtrigger.c **** #if (CY_PSOC5A)
  34:Generated_Source\PSoC5/Vtrigger.c ****     static Vtrigger_backupStruct Vtrigger_backup;
  35:Generated_Source\PSoC5/Vtrigger.c **** #endif /* CY_PSOC5A */
  36:Generated_Source\PSoC5/Vtrigger.c **** 
  37:Generated_Source\PSoC5/Vtrigger.c **** 
  38:Generated_Source\PSoC5/Vtrigger.c **** /*******************************************************************************
  39:Generated_Source\PSoC5/Vtrigger.c **** * Function Name: Vtrigger_Init
  40:Generated_Source\PSoC5/Vtrigger.c **** ********************************************************************************
  41:Generated_Source\PSoC5/Vtrigger.c **** * Summary:
  42:Generated_Source\PSoC5/Vtrigger.c **** *  Initialize to the schematic state.
  43:Generated_Source\PSoC5/Vtrigger.c **** * 
  44:Generated_Source\PSoC5/Vtrigger.c **** * Parameters:
  45:Generated_Source\PSoC5/Vtrigger.c **** *  void:
  46:Generated_Source\PSoC5/Vtrigger.c **** *
  47:Generated_Source\PSoC5/Vtrigger.c **** * Return:
  48:Generated_Source\PSoC5/Vtrigger.c **** *  void
  49:Generated_Source\PSoC5/Vtrigger.c **** *
  50:Generated_Source\PSoC5/Vtrigger.c **** * Theory:
  51:Generated_Source\PSoC5/Vtrigger.c **** *
  52:Generated_Source\PSoC5/Vtrigger.c **** * Side Effects:
  53:Generated_Source\PSoC5/Vtrigger.c **** *
  54:Generated_Source\PSoC5/Vtrigger.c **** *******************************************************************************/
  55:Generated_Source\PSoC5/Vtrigger.c **** void Vtrigger_Init(void) 
  56:Generated_Source\PSoC5/Vtrigger.c **** {
  33              		.loc 1 56 0
  34              		.cfi_startproc
  35              		@ args = 0, pretend = 0, frame = 0
  36              		@ frame_needed = 1, uses_anonymous_args = 0
  37 0000 80B5     		push	{r7, lr}
  38              		.cfi_def_cfa_offset 8
  39              		.cfi_offset 7, -8
  40              		.cfi_offset 14, -4
  41 0002 00AF     		add	r7, sp, #0
  42              		.cfi_def_cfa_register 7
  57:Generated_Source\PSoC5/Vtrigger.c ****     Vtrigger_CR0 = (Vtrigger_MODE_V );
  43              		.loc 1 57 0
  44 0004 064B     		ldr	r3, .L2
  45 0006 0022     		movs	r2, #0
  46 0008 1A70     		strb	r2, [r3]
  58:Generated_Source\PSoC5/Vtrigger.c **** 
  59:Generated_Source\PSoC5/Vtrigger.c ****     /* Set default data source */
  60:Generated_Source\PSoC5/Vtrigger.c ****     #if(Vtrigger_DEFAULT_DATA_SRC != 0 )
  61:Generated_Source\PSoC5/Vtrigger.c ****         Vtrigger_CR1 = (Vtrigger_DEFAULT_CNTL | Vtrigger_DACBUS_ENABLE) ;
  62:Generated_Source\PSoC5/Vtrigger.c ****     #else
  63:Generated_Source\PSoC5/Vtrigger.c ****         Vtrigger_CR1 = (Vtrigger_DEFAULT_CNTL | Vtrigger_DACBUS_DISABLE) ;
  47              		.loc 1 63 0
  48 000a 064B     		ldr	r3, .L2+4
  49 000c 0022     		movs	r2, #0
  50 000e 1A70     		strb	r2, [r3]
  64:Generated_Source\PSoC5/Vtrigger.c ****     #endif /* (Vtrigger_DEFAULT_DATA_SRC != 0 ) */
ARM GAS  C:\Users\Greg\AppData\Local\Temp\ccJi8SrT.s 			page 3


  65:Generated_Source\PSoC5/Vtrigger.c **** 
  66:Generated_Source\PSoC5/Vtrigger.c ****     /* Set default strobe mode */
  67:Generated_Source\PSoC5/Vtrigger.c ****     #if(Vtrigger_DEFAULT_STRB != 0)
  68:Generated_Source\PSoC5/Vtrigger.c ****         Vtrigger_Strobe |= Vtrigger_STRB_EN ;
  69:Generated_Source\PSoC5/Vtrigger.c ****     #endif/* (Vtrigger_DEFAULT_STRB != 0) */
  70:Generated_Source\PSoC5/Vtrigger.c **** 
  71:Generated_Source\PSoC5/Vtrigger.c ****     /* Set default range */
  72:Generated_Source\PSoC5/Vtrigger.c ****     Vtrigger_SetRange(Vtrigger_DEFAULT_RANGE); 
  51              		.loc 1 72 0
  52 0010 0420     		movs	r0, #4
  53 0012 FFF7FEFF 		bl	Vtrigger_SetRange
  73:Generated_Source\PSoC5/Vtrigger.c **** 
  74:Generated_Source\PSoC5/Vtrigger.c ****     /* Set default speed */
  75:Generated_Source\PSoC5/Vtrigger.c ****     Vtrigger_SetSpeed(Vtrigger_DEFAULT_SPEED);
  54              		.loc 1 75 0
  55 0016 0020     		movs	r0, #0
  56 0018 FFF7FEFF 		bl	Vtrigger_SetSpeed
  76:Generated_Source\PSoC5/Vtrigger.c **** }
  57              		.loc 1 76 0
  58 001c 80BD     		pop	{r7, pc}
  59              	.L3:
  60 001e 00BF     		.align	2
  61              	.L2:
  62 0020 2C580040 		.word	1073764396
  63 0024 2D580040 		.word	1073764397
  64              		.cfi_endproc
  65              	.LFE0:
  66              		.size	Vtrigger_Init, .-Vtrigger_Init
  67              		.section	.text.Vtrigger_Enable,"ax",%progbits
  68              		.align	2
  69              		.global	Vtrigger_Enable
  70              		.thumb
  71              		.thumb_func
  72              		.type	Vtrigger_Enable, %function
  73              	Vtrigger_Enable:
  74              	.LFB1:
  77:Generated_Source\PSoC5/Vtrigger.c **** 
  78:Generated_Source\PSoC5/Vtrigger.c **** 
  79:Generated_Source\PSoC5/Vtrigger.c **** /*******************************************************************************
  80:Generated_Source\PSoC5/Vtrigger.c **** * Function Name: Vtrigger_Enable
  81:Generated_Source\PSoC5/Vtrigger.c **** ********************************************************************************
  82:Generated_Source\PSoC5/Vtrigger.c **** * Summary:
  83:Generated_Source\PSoC5/Vtrigger.c **** *  Enable the VDAC8
  84:Generated_Source\PSoC5/Vtrigger.c **** * 
  85:Generated_Source\PSoC5/Vtrigger.c **** * Parameters:
  86:Generated_Source\PSoC5/Vtrigger.c **** *  void
  87:Generated_Source\PSoC5/Vtrigger.c **** *
  88:Generated_Source\PSoC5/Vtrigger.c **** * Return:
  89:Generated_Source\PSoC5/Vtrigger.c **** *  void
  90:Generated_Source\PSoC5/Vtrigger.c **** *
  91:Generated_Source\PSoC5/Vtrigger.c **** * Theory:
  92:Generated_Source\PSoC5/Vtrigger.c **** *
  93:Generated_Source\PSoC5/Vtrigger.c **** * Side Effects:
  94:Generated_Source\PSoC5/Vtrigger.c **** *
  95:Generated_Source\PSoC5/Vtrigger.c **** *******************************************************************************/
  96:Generated_Source\PSoC5/Vtrigger.c **** void Vtrigger_Enable(void) 
  97:Generated_Source\PSoC5/Vtrigger.c **** {
ARM GAS  C:\Users\Greg\AppData\Local\Temp\ccJi8SrT.s 			page 4


  75              		.loc 1 97 0
  76              		.cfi_startproc
  77              		@ args = 0, pretend = 0, frame = 0
  78              		@ frame_needed = 1, uses_anonymous_args = 0
  79              		@ link register save eliminated.
  80 0000 80B4     		push	{r7}
  81              		.cfi_def_cfa_offset 4
  82              		.cfi_offset 7, -4
  83 0002 00AF     		add	r7, sp, #0
  84              		.cfi_def_cfa_register 7
  98:Generated_Source\PSoC5/Vtrigger.c ****     Vtrigger_PWRMGR |= Vtrigger_ACT_PWR_EN;
  85              		.loc 1 98 0
  86 0004 094A     		ldr	r2, .L5
  87 0006 094B     		ldr	r3, .L5
  88 0008 1B78     		ldrb	r3, [r3]
  89 000a DBB2     		uxtb	r3, r3
  90 000c 43F00803 		orr	r3, r3, #8
  91 0010 DBB2     		uxtb	r3, r3
  92 0012 1370     		strb	r3, [r2]
  99:Generated_Source\PSoC5/Vtrigger.c ****     Vtrigger_STBY_PWRMGR |= Vtrigger_STBY_PWR_EN;
  93              		.loc 1 99 0
  94 0014 064A     		ldr	r2, .L5+4
  95 0016 064B     		ldr	r3, .L5+4
  96 0018 1B78     		ldrb	r3, [r3]
  97 001a DBB2     		uxtb	r3, r3
  98 001c 43F00803 		orr	r3, r3, #8
  99 0020 DBB2     		uxtb	r3, r3
 100 0022 1370     		strb	r3, [r2]
 100:Generated_Source\PSoC5/Vtrigger.c **** 
 101:Generated_Source\PSoC5/Vtrigger.c ****     /*This is to restore the value of register CR0 ,
 102:Generated_Source\PSoC5/Vtrigger.c ****     which is modified  in Stop API , this prevents misbehaviour of VDAC */
 103:Generated_Source\PSoC5/Vtrigger.c ****     #if (CY_PSOC5A)
 104:Generated_Source\PSoC5/Vtrigger.c ****         if(Vtrigger_restoreVal == 1u) 
 105:Generated_Source\PSoC5/Vtrigger.c ****         {
 106:Generated_Source\PSoC5/Vtrigger.c ****              Vtrigger_CR0 = Vtrigger_backup.data_value;
 107:Generated_Source\PSoC5/Vtrigger.c ****              Vtrigger_restoreVal = 0u;
 108:Generated_Source\PSoC5/Vtrigger.c ****         }
 109:Generated_Source\PSoC5/Vtrigger.c ****     #endif /* CY_PSOC5A */
 110:Generated_Source\PSoC5/Vtrigger.c **** }
 101              		.loc 1 110 0
 102 0024 BD46     		mov	sp, r7
 103              		.cfi_def_cfa_register 13
 104              		@ sp needed
 105 0026 5DF8047B 		ldr	r7, [sp], #4
 106              		.cfi_restore 7
 107              		.cfi_def_cfa_offset 0
 108 002a 7047     		bx	lr
 109              	.L6:
 110              		.align	2
 111              	.L5:
 112 002c A8430040 		.word	1073759144
 113 0030 B8430040 		.word	1073759160
 114              		.cfi_endproc
 115              	.LFE1:
 116              		.size	Vtrigger_Enable, .-Vtrigger_Enable
 117              		.section	.text.Vtrigger_Start,"ax",%progbits
 118              		.align	2
ARM GAS  C:\Users\Greg\AppData\Local\Temp\ccJi8SrT.s 			page 5


 119              		.global	Vtrigger_Start
 120              		.thumb
 121              		.thumb_func
 122              		.type	Vtrigger_Start, %function
 123              	Vtrigger_Start:
 124              	.LFB2:
 111:Generated_Source\PSoC5/Vtrigger.c **** 
 112:Generated_Source\PSoC5/Vtrigger.c **** 
 113:Generated_Source\PSoC5/Vtrigger.c **** /*******************************************************************************
 114:Generated_Source\PSoC5/Vtrigger.c **** * Function Name: Vtrigger_Start
 115:Generated_Source\PSoC5/Vtrigger.c **** ********************************************************************************
 116:Generated_Source\PSoC5/Vtrigger.c **** *
 117:Generated_Source\PSoC5/Vtrigger.c **** * Summary:
 118:Generated_Source\PSoC5/Vtrigger.c **** *  The start function initializes the voltage DAC with the default values, 
 119:Generated_Source\PSoC5/Vtrigger.c **** *  and sets the power to the given level.  A power level of 0, is the same as
 120:Generated_Source\PSoC5/Vtrigger.c **** *  executing the stop function.
 121:Generated_Source\PSoC5/Vtrigger.c **** *
 122:Generated_Source\PSoC5/Vtrigger.c **** * Parameters:
 123:Generated_Source\PSoC5/Vtrigger.c **** *  Power: Sets power level between off (0) and (3) high power
 124:Generated_Source\PSoC5/Vtrigger.c **** *
 125:Generated_Source\PSoC5/Vtrigger.c **** * Return:
 126:Generated_Source\PSoC5/Vtrigger.c **** *  void 
 127:Generated_Source\PSoC5/Vtrigger.c **** *
 128:Generated_Source\PSoC5/Vtrigger.c **** * Global variables:
 129:Generated_Source\PSoC5/Vtrigger.c **** *  Vtrigger_initVar: Is modified when this function is called for the 
 130:Generated_Source\PSoC5/Vtrigger.c **** *  first time. Is used to ensure that initialization happens only once.
 131:Generated_Source\PSoC5/Vtrigger.c **** *
 132:Generated_Source\PSoC5/Vtrigger.c **** *******************************************************************************/
 133:Generated_Source\PSoC5/Vtrigger.c **** void Vtrigger_Start(void)  
 134:Generated_Source\PSoC5/Vtrigger.c **** {
 125              		.loc 1 134 0
 126              		.cfi_startproc
 127              		@ args = 0, pretend = 0, frame = 0
 128              		@ frame_needed = 1, uses_anonymous_args = 0
 129 0000 80B5     		push	{r7, lr}
 130              		.cfi_def_cfa_offset 8
 131              		.cfi_offset 7, -8
 132              		.cfi_offset 14, -4
 133 0002 00AF     		add	r7, sp, #0
 134              		.cfi_def_cfa_register 7
 135:Generated_Source\PSoC5/Vtrigger.c ****     /* Hardware initiazation only needs to occure the first time */
 136:Generated_Source\PSoC5/Vtrigger.c ****     if(Vtrigger_initVar == 0u)
 135              		.loc 1 136 0
 136 0004 074B     		ldr	r3, .L9
 137 0006 1B78     		ldrb	r3, [r3]	@ zero_extendqisi2
 138 0008 002B     		cmp	r3, #0
 139 000a 04D1     		bne	.L8
 137:Generated_Source\PSoC5/Vtrigger.c ****     { 
 138:Generated_Source\PSoC5/Vtrigger.c ****         Vtrigger_Init();
 140              		.loc 1 138 0
 141 000c FFF7FEFF 		bl	Vtrigger_Init
 139:Generated_Source\PSoC5/Vtrigger.c ****         Vtrigger_initVar = 1u;
 142              		.loc 1 139 0
 143 0010 044B     		ldr	r3, .L9
 144 0012 0122     		movs	r2, #1
 145 0014 1A70     		strb	r2, [r3]
 146              	.L8:
ARM GAS  C:\Users\Greg\AppData\Local\Temp\ccJi8SrT.s 			page 6


 140:Generated_Source\PSoC5/Vtrigger.c ****     }
 141:Generated_Source\PSoC5/Vtrigger.c **** 
 142:Generated_Source\PSoC5/Vtrigger.c ****     /* Enable power to DAC */
 143:Generated_Source\PSoC5/Vtrigger.c ****     Vtrigger_Enable();
 147              		.loc 1 143 0
 148 0016 FFF7FEFF 		bl	Vtrigger_Enable
 144:Generated_Source\PSoC5/Vtrigger.c **** 
 145:Generated_Source\PSoC5/Vtrigger.c ****     /* Set default value */
 146:Generated_Source\PSoC5/Vtrigger.c ****     Vtrigger_SetValue(Vtrigger_DEFAULT_DATA); 
 149              		.loc 1 146 0
 150 001a 9C20     		movs	r0, #156
 151 001c FFF7FEFF 		bl	Vtrigger_SetValue
 147:Generated_Source\PSoC5/Vtrigger.c **** }
 152              		.loc 1 147 0
 153 0020 80BD     		pop	{r7, pc}
 154              	.L10:
 155 0022 00BF     		.align	2
 156              	.L9:
 157 0024 00000000 		.word	Vtrigger_initVar
 158              		.cfi_endproc
 159              	.LFE2:
 160              		.size	Vtrigger_Start, .-Vtrigger_Start
 161              		.section	.text.Vtrigger_Stop,"ax",%progbits
 162              		.align	2
 163              		.global	Vtrigger_Stop
 164              		.thumb
 165              		.thumb_func
 166              		.type	Vtrigger_Stop, %function
 167              	Vtrigger_Stop:
 168              	.LFB3:
 148:Generated_Source\PSoC5/Vtrigger.c **** 
 149:Generated_Source\PSoC5/Vtrigger.c **** 
 150:Generated_Source\PSoC5/Vtrigger.c **** /*******************************************************************************
 151:Generated_Source\PSoC5/Vtrigger.c **** * Function Name: Vtrigger_Stop
 152:Generated_Source\PSoC5/Vtrigger.c **** ********************************************************************************
 153:Generated_Source\PSoC5/Vtrigger.c **** *
 154:Generated_Source\PSoC5/Vtrigger.c **** * Summary:
 155:Generated_Source\PSoC5/Vtrigger.c **** *  Powers down DAC to lowest power state.
 156:Generated_Source\PSoC5/Vtrigger.c **** *
 157:Generated_Source\PSoC5/Vtrigger.c **** * Parameters:
 158:Generated_Source\PSoC5/Vtrigger.c **** *  void
 159:Generated_Source\PSoC5/Vtrigger.c **** *
 160:Generated_Source\PSoC5/Vtrigger.c **** * Return:
 161:Generated_Source\PSoC5/Vtrigger.c **** *  void
 162:Generated_Source\PSoC5/Vtrigger.c **** *
 163:Generated_Source\PSoC5/Vtrigger.c **** * Theory:
 164:Generated_Source\PSoC5/Vtrigger.c **** *
 165:Generated_Source\PSoC5/Vtrigger.c **** * Side Effects:
 166:Generated_Source\PSoC5/Vtrigger.c **** *
 167:Generated_Source\PSoC5/Vtrigger.c **** *******************************************************************************/
 168:Generated_Source\PSoC5/Vtrigger.c **** void Vtrigger_Stop(void) 
 169:Generated_Source\PSoC5/Vtrigger.c **** {
 169              		.loc 1 169 0
 170              		.cfi_startproc
 171              		@ args = 0, pretend = 0, frame = 0
 172              		@ frame_needed = 1, uses_anonymous_args = 0
 173              		@ link register save eliminated.
ARM GAS  C:\Users\Greg\AppData\Local\Temp\ccJi8SrT.s 			page 7


 174 0000 80B4     		push	{r7}
 175              		.cfi_def_cfa_offset 4
 176              		.cfi_offset 7, -4
 177 0002 00AF     		add	r7, sp, #0
 178              		.cfi_def_cfa_register 7
 170:Generated_Source\PSoC5/Vtrigger.c ****     /* Disble power to DAC */
 171:Generated_Source\PSoC5/Vtrigger.c ****     Vtrigger_PWRMGR &= (uint8)(~Vtrigger_ACT_PWR_EN);
 179              		.loc 1 171 0
 180 0004 094A     		ldr	r2, .L12
 181 0006 094B     		ldr	r3, .L12
 182 0008 1B78     		ldrb	r3, [r3]
 183 000a DBB2     		uxtb	r3, r3
 184 000c 23F00803 		bic	r3, r3, #8
 185 0010 DBB2     		uxtb	r3, r3
 186 0012 1370     		strb	r3, [r2]
 172:Generated_Source\PSoC5/Vtrigger.c ****     Vtrigger_STBY_PWRMGR &= (uint8)(~Vtrigger_STBY_PWR_EN);
 187              		.loc 1 172 0
 188 0014 064A     		ldr	r2, .L12+4
 189 0016 064B     		ldr	r3, .L12+4
 190 0018 1B78     		ldrb	r3, [r3]
 191 001a DBB2     		uxtb	r3, r3
 192 001c 23F00803 		bic	r3, r3, #8
 193 0020 DBB2     		uxtb	r3, r3
 194 0022 1370     		strb	r3, [r2]
 173:Generated_Source\PSoC5/Vtrigger.c **** 
 174:Generated_Source\PSoC5/Vtrigger.c ****     /* This is a work around for PSoC5A  ,
 175:Generated_Source\PSoC5/Vtrigger.c ****     this sets VDAC to current mode with output off */
 176:Generated_Source\PSoC5/Vtrigger.c ****     #if (CY_PSOC5A)
 177:Generated_Source\PSoC5/Vtrigger.c ****         Vtrigger_backup.data_value = Vtrigger_CR0;
 178:Generated_Source\PSoC5/Vtrigger.c ****         Vtrigger_CR0 = Vtrigger_CUR_MODE_OUT_OFF;
 179:Generated_Source\PSoC5/Vtrigger.c ****         Vtrigger_restoreVal = 1u;
 180:Generated_Source\PSoC5/Vtrigger.c ****     #endif /* CY_PSOC5A */
 181:Generated_Source\PSoC5/Vtrigger.c **** }
 195              		.loc 1 181 0
 196 0024 BD46     		mov	sp, r7
 197              		.cfi_def_cfa_register 13
 198              		@ sp needed
 199 0026 5DF8047B 		ldr	r7, [sp], #4
 200              		.cfi_restore 7
 201              		.cfi_def_cfa_offset 0
 202 002a 7047     		bx	lr
 203              	.L13:
 204              		.align	2
 205              	.L12:
 206 002c A8430040 		.word	1073759144
 207 0030 B8430040 		.word	1073759160
 208              		.cfi_endproc
 209              	.LFE3:
 210              		.size	Vtrigger_Stop, .-Vtrigger_Stop
 211              		.section	.text.Vtrigger_SetSpeed,"ax",%progbits
 212              		.align	2
 213              		.global	Vtrigger_SetSpeed
 214              		.thumb
 215              		.thumb_func
 216              		.type	Vtrigger_SetSpeed, %function
 217              	Vtrigger_SetSpeed:
 218              	.LFB4:
ARM GAS  C:\Users\Greg\AppData\Local\Temp\ccJi8SrT.s 			page 8


 182:Generated_Source\PSoC5/Vtrigger.c **** 
 183:Generated_Source\PSoC5/Vtrigger.c **** 
 184:Generated_Source\PSoC5/Vtrigger.c **** /*******************************************************************************
 185:Generated_Source\PSoC5/Vtrigger.c **** * Function Name: Vtrigger_SetSpeed
 186:Generated_Source\PSoC5/Vtrigger.c **** ********************************************************************************
 187:Generated_Source\PSoC5/Vtrigger.c **** *
 188:Generated_Source\PSoC5/Vtrigger.c **** * Summary:
 189:Generated_Source\PSoC5/Vtrigger.c **** *  Set DAC speed
 190:Generated_Source\PSoC5/Vtrigger.c **** *
 191:Generated_Source\PSoC5/Vtrigger.c **** * Parameters:
 192:Generated_Source\PSoC5/Vtrigger.c **** *  power: Sets speed value
 193:Generated_Source\PSoC5/Vtrigger.c **** *
 194:Generated_Source\PSoC5/Vtrigger.c **** * Return:
 195:Generated_Source\PSoC5/Vtrigger.c **** *  void
 196:Generated_Source\PSoC5/Vtrigger.c **** *
 197:Generated_Source\PSoC5/Vtrigger.c **** * Theory:
 198:Generated_Source\PSoC5/Vtrigger.c **** *
 199:Generated_Source\PSoC5/Vtrigger.c **** * Side Effects:
 200:Generated_Source\PSoC5/Vtrigger.c **** *
 201:Generated_Source\PSoC5/Vtrigger.c **** *******************************************************************************/
 202:Generated_Source\PSoC5/Vtrigger.c **** void Vtrigger_SetSpeed(uint8 speed) 
 203:Generated_Source\PSoC5/Vtrigger.c **** {
 219              		.loc 1 203 0
 220              		.cfi_startproc
 221              		@ args = 0, pretend = 0, frame = 8
 222              		@ frame_needed = 1, uses_anonymous_args = 0
 223              		@ link register save eliminated.
 224 0000 80B4     		push	{r7}
 225              		.cfi_def_cfa_offset 4
 226              		.cfi_offset 7, -4
 227 0002 83B0     		sub	sp, sp, #12
 228              		.cfi_def_cfa_offset 16
 229 0004 00AF     		add	r7, sp, #0
 230              		.cfi_def_cfa_register 7
 231 0006 0346     		mov	r3, r0
 232 0008 FB71     		strb	r3, [r7, #7]
 204:Generated_Source\PSoC5/Vtrigger.c ****     /* Clear power mask then write in new value */
 205:Generated_Source\PSoC5/Vtrigger.c ****     Vtrigger_CR0 &= (uint8)(~Vtrigger_HS_MASK);
 233              		.loc 1 205 0
 234 000a 0C4A     		ldr	r2, .L15
 235 000c 0B4B     		ldr	r3, .L15
 236 000e 1B78     		ldrb	r3, [r3]
 237 0010 DBB2     		uxtb	r3, r3
 238 0012 23F00203 		bic	r3, r3, #2
 239 0016 DBB2     		uxtb	r3, r3
 240 0018 1370     		strb	r3, [r2]
 206:Generated_Source\PSoC5/Vtrigger.c ****     Vtrigger_CR0 |=  (speed & Vtrigger_HS_MASK);
 241              		.loc 1 206 0
 242 001a 0849     		ldr	r1, .L15
 243 001c 074B     		ldr	r3, .L15
 244 001e 1B78     		ldrb	r3, [r3]
 245 0020 DAB2     		uxtb	r2, r3
 246 0022 FB79     		ldrb	r3, [r7, #7]
 247 0024 03F00203 		and	r3, r3, #2
 248 0028 DBB2     		uxtb	r3, r3
 249 002a 1343     		orrs	r3, r3, r2
 250 002c DBB2     		uxtb	r3, r3
ARM GAS  C:\Users\Greg\AppData\Local\Temp\ccJi8SrT.s 			page 9


 251 002e 0B70     		strb	r3, [r1]
 207:Generated_Source\PSoC5/Vtrigger.c **** }
 252              		.loc 1 207 0
 253 0030 0C37     		adds	r7, r7, #12
 254              		.cfi_def_cfa_offset 4
 255 0032 BD46     		mov	sp, r7
 256              		.cfi_def_cfa_register 13
 257              		@ sp needed
 258 0034 5DF8047B 		ldr	r7, [sp], #4
 259              		.cfi_restore 7
 260              		.cfi_def_cfa_offset 0
 261 0038 7047     		bx	lr
 262              	.L16:
 263 003a 00BF     		.align	2
 264              	.L15:
 265 003c 2C580040 		.word	1073764396
 266              		.cfi_endproc
 267              	.LFE4:
 268              		.size	Vtrigger_SetSpeed, .-Vtrigger_SetSpeed
 269              		.section	.text.Vtrigger_SetRange,"ax",%progbits
 270              		.align	2
 271              		.global	Vtrigger_SetRange
 272              		.thumb
 273              		.thumb_func
 274              		.type	Vtrigger_SetRange, %function
 275              	Vtrigger_SetRange:
 276              	.LFB5:
 208:Generated_Source\PSoC5/Vtrigger.c **** 
 209:Generated_Source\PSoC5/Vtrigger.c **** 
 210:Generated_Source\PSoC5/Vtrigger.c **** /*******************************************************************************
 211:Generated_Source\PSoC5/Vtrigger.c **** * Function Name: Vtrigger_SetRange
 212:Generated_Source\PSoC5/Vtrigger.c **** ********************************************************************************
 213:Generated_Source\PSoC5/Vtrigger.c **** *
 214:Generated_Source\PSoC5/Vtrigger.c **** * Summary:
 215:Generated_Source\PSoC5/Vtrigger.c **** *  Set one of three current ranges.
 216:Generated_Source\PSoC5/Vtrigger.c **** *
 217:Generated_Source\PSoC5/Vtrigger.c **** * Parameters:
 218:Generated_Source\PSoC5/Vtrigger.c **** *  Range: Sets one of Three valid ranges.
 219:Generated_Source\PSoC5/Vtrigger.c **** *
 220:Generated_Source\PSoC5/Vtrigger.c **** * Return:
 221:Generated_Source\PSoC5/Vtrigger.c **** *  void 
 222:Generated_Source\PSoC5/Vtrigger.c **** *
 223:Generated_Source\PSoC5/Vtrigger.c **** * Theory:
 224:Generated_Source\PSoC5/Vtrigger.c **** *
 225:Generated_Source\PSoC5/Vtrigger.c **** * Side Effects:
 226:Generated_Source\PSoC5/Vtrigger.c **** *
 227:Generated_Source\PSoC5/Vtrigger.c **** *******************************************************************************/
 228:Generated_Source\PSoC5/Vtrigger.c **** void Vtrigger_SetRange(uint8 range) 
 229:Generated_Source\PSoC5/Vtrigger.c **** {
 277              		.loc 1 229 0
 278              		.cfi_startproc
 279              		@ args = 0, pretend = 0, frame = 8
 280              		@ frame_needed = 1, uses_anonymous_args = 0
 281 0000 80B5     		push	{r7, lr}
 282              		.cfi_def_cfa_offset 8
 283              		.cfi_offset 7, -8
 284              		.cfi_offset 14, -4
ARM GAS  C:\Users\Greg\AppData\Local\Temp\ccJi8SrT.s 			page 10


 285 0002 82B0     		sub	sp, sp, #8
 286              		.cfi_def_cfa_offset 16
 287 0004 00AF     		add	r7, sp, #0
 288              		.cfi_def_cfa_register 7
 289 0006 0346     		mov	r3, r0
 290 0008 FB71     		strb	r3, [r7, #7]
 230:Generated_Source\PSoC5/Vtrigger.c ****     Vtrigger_CR0 &= (uint8)(~Vtrigger_RANGE_MASK);      /* Clear existing mode */
 291              		.loc 1 230 0
 292 000a 0C4A     		ldr	r2, .L18
 293 000c 0B4B     		ldr	r3, .L18
 294 000e 1B78     		ldrb	r3, [r3]
 295 0010 DBB2     		uxtb	r3, r3
 296 0012 23F00C03 		bic	r3, r3, #12
 297 0016 DBB2     		uxtb	r3, r3
 298 0018 1370     		strb	r3, [r2]
 231:Generated_Source\PSoC5/Vtrigger.c ****     Vtrigger_CR0 |= (range & Vtrigger_RANGE_MASK);      /*  Set Range  */
 299              		.loc 1 231 0
 300 001a 0849     		ldr	r1, .L18
 301 001c 074B     		ldr	r3, .L18
 302 001e 1B78     		ldrb	r3, [r3]
 303 0020 DAB2     		uxtb	r2, r3
 304 0022 FB79     		ldrb	r3, [r7, #7]
 305 0024 03F00C03 		and	r3, r3, #12
 306 0028 DBB2     		uxtb	r3, r3
 307 002a 1343     		orrs	r3, r3, r2
 308 002c DBB2     		uxtb	r3, r3
 309 002e 0B70     		strb	r3, [r1]
 232:Generated_Source\PSoC5/Vtrigger.c ****     Vtrigger_DacTrim();
 310              		.loc 1 232 0
 311 0030 FFF7FEFF 		bl	Vtrigger_DacTrim
 233:Generated_Source\PSoC5/Vtrigger.c **** }
 312              		.loc 1 233 0
 313 0034 0837     		adds	r7, r7, #8
 314              		.cfi_def_cfa_offset 8
 315 0036 BD46     		mov	sp, r7
 316              		.cfi_def_cfa_register 13
 317              		@ sp needed
 318 0038 80BD     		pop	{r7, pc}
 319              	.L19:
 320 003a 00BF     		.align	2
 321              	.L18:
 322 003c 2C580040 		.word	1073764396
 323              		.cfi_endproc
 324              	.LFE5:
 325              		.size	Vtrigger_SetRange, .-Vtrigger_SetRange
 326              		.section	.text.Vtrigger_SetValue,"ax",%progbits
 327              		.align	2
 328              		.global	Vtrigger_SetValue
 329              		.thumb
 330              		.thumb_func
 331              		.type	Vtrigger_SetValue, %function
 332              	Vtrigger_SetValue:
 333              	.LFB6:
 234:Generated_Source\PSoC5/Vtrigger.c **** 
 235:Generated_Source\PSoC5/Vtrigger.c **** 
 236:Generated_Source\PSoC5/Vtrigger.c **** /*******************************************************************************
 237:Generated_Source\PSoC5/Vtrigger.c **** * Function Name: Vtrigger_SetValue
ARM GAS  C:\Users\Greg\AppData\Local\Temp\ccJi8SrT.s 			page 11


 238:Generated_Source\PSoC5/Vtrigger.c **** ********************************************************************************
 239:Generated_Source\PSoC5/Vtrigger.c **** *
 240:Generated_Source\PSoC5/Vtrigger.c **** * Summary:
 241:Generated_Source\PSoC5/Vtrigger.c **** *  Set 8-bit DAC value
 242:Generated_Source\PSoC5/Vtrigger.c **** *
 243:Generated_Source\PSoC5/Vtrigger.c **** * Parameters:  
 244:Generated_Source\PSoC5/Vtrigger.c **** *  value:  Sets DAC value between 0 and 255.
 245:Generated_Source\PSoC5/Vtrigger.c **** *
 246:Generated_Source\PSoC5/Vtrigger.c **** * Return: 
 247:Generated_Source\PSoC5/Vtrigger.c **** *  void 
 248:Generated_Source\PSoC5/Vtrigger.c **** *
 249:Generated_Source\PSoC5/Vtrigger.c **** * Theory: 
 250:Generated_Source\PSoC5/Vtrigger.c **** *
 251:Generated_Source\PSoC5/Vtrigger.c **** * Side Effects:
 252:Generated_Source\PSoC5/Vtrigger.c **** *
 253:Generated_Source\PSoC5/Vtrigger.c **** *******************************************************************************/
 254:Generated_Source\PSoC5/Vtrigger.c **** void Vtrigger_SetValue(uint8 value) 
 255:Generated_Source\PSoC5/Vtrigger.c **** {
 334              		.loc 1 255 0
 335              		.cfi_startproc
 336              		@ args = 0, pretend = 0, frame = 8
 337              		@ frame_needed = 1, uses_anonymous_args = 0
 338              		@ link register save eliminated.
 339 0000 80B4     		push	{r7}
 340              		.cfi_def_cfa_offset 4
 341              		.cfi_offset 7, -4
 342 0002 83B0     		sub	sp, sp, #12
 343              		.cfi_def_cfa_offset 16
 344 0004 00AF     		add	r7, sp, #0
 345              		.cfi_def_cfa_register 7
 346 0006 0346     		mov	r3, r0
 347 0008 FB71     		strb	r3, [r7, #7]
 256:Generated_Source\PSoC5/Vtrigger.c ****     #if (CY_PSOC5A)
 257:Generated_Source\PSoC5/Vtrigger.c ****         uint8 Vtrigger_intrStatus = CyEnterCriticalSection();
 258:Generated_Source\PSoC5/Vtrigger.c ****     #endif /* CY_PSOC5A */
 259:Generated_Source\PSoC5/Vtrigger.c **** 
 260:Generated_Source\PSoC5/Vtrigger.c ****     Vtrigger_Data = value;                /*  Set Value  */
 348              		.loc 1 260 0
 349 000a 044A     		ldr	r2, .L21
 350 000c FB79     		ldrb	r3, [r7, #7]
 351 000e 1370     		strb	r3, [r2]
 261:Generated_Source\PSoC5/Vtrigger.c **** 
 262:Generated_Source\PSoC5/Vtrigger.c ****     /* PSOC5A requires a double write */
 263:Generated_Source\PSoC5/Vtrigger.c ****     /* Exit Critical Section */
 264:Generated_Source\PSoC5/Vtrigger.c ****     #if (CY_PSOC5A)
 265:Generated_Source\PSoC5/Vtrigger.c ****         Vtrigger_Data = value;
 266:Generated_Source\PSoC5/Vtrigger.c ****         CyExitCriticalSection(Vtrigger_intrStatus);
 267:Generated_Source\PSoC5/Vtrigger.c ****     #endif /* CY_PSOC5A */
 268:Generated_Source\PSoC5/Vtrigger.c **** }
 352              		.loc 1 268 0
 353 0010 0C37     		adds	r7, r7, #12
 354              		.cfi_def_cfa_offset 4
 355 0012 BD46     		mov	sp, r7
 356              		.cfi_def_cfa_register 13
 357              		@ sp needed
 358 0014 5DF8047B 		ldr	r7, [sp], #4
 359              		.cfi_restore 7
ARM GAS  C:\Users\Greg\AppData\Local\Temp\ccJi8SrT.s 			page 12


 360              		.cfi_def_cfa_offset 0
 361 0018 7047     		bx	lr
 362              	.L22:
 363 001a 00BF     		.align	2
 364              	.L21:
 365 001c 835B0040 		.word	1073765251
 366              		.cfi_endproc
 367              	.LFE6:
 368              		.size	Vtrigger_SetValue, .-Vtrigger_SetValue
 369              		.section	.text.Vtrigger_DacTrim,"ax",%progbits
 370              		.align	2
 371              		.global	Vtrigger_DacTrim
 372              		.thumb
 373              		.thumb_func
 374              		.type	Vtrigger_DacTrim, %function
 375              	Vtrigger_DacTrim:
 376              	.LFB7:
 269:Generated_Source\PSoC5/Vtrigger.c **** 
 270:Generated_Source\PSoC5/Vtrigger.c **** 
 271:Generated_Source\PSoC5/Vtrigger.c **** /*******************************************************************************
 272:Generated_Source\PSoC5/Vtrigger.c **** * Function Name: Vtrigger_DacTrim
 273:Generated_Source\PSoC5/Vtrigger.c **** ********************************************************************************
 274:Generated_Source\PSoC5/Vtrigger.c **** *
 275:Generated_Source\PSoC5/Vtrigger.c **** * Summary:
 276:Generated_Source\PSoC5/Vtrigger.c **** *  Set the trim value for the given range.
 277:Generated_Source\PSoC5/Vtrigger.c **** *
 278:Generated_Source\PSoC5/Vtrigger.c **** * Parameters:
 279:Generated_Source\PSoC5/Vtrigger.c **** *  range:  1V or 4V range.  See constants.
 280:Generated_Source\PSoC5/Vtrigger.c **** *
 281:Generated_Source\PSoC5/Vtrigger.c **** * Return:
 282:Generated_Source\PSoC5/Vtrigger.c **** *  void
 283:Generated_Source\PSoC5/Vtrigger.c **** *
 284:Generated_Source\PSoC5/Vtrigger.c **** * Theory: 
 285:Generated_Source\PSoC5/Vtrigger.c **** *
 286:Generated_Source\PSoC5/Vtrigger.c **** * Side Effects:
 287:Generated_Source\PSoC5/Vtrigger.c **** *
 288:Generated_Source\PSoC5/Vtrigger.c **** *******************************************************************************/
 289:Generated_Source\PSoC5/Vtrigger.c **** void Vtrigger_DacTrim(void) 
 290:Generated_Source\PSoC5/Vtrigger.c **** {
 377              		.loc 1 290 0
 378              		.cfi_startproc
 379              		@ args = 0, pretend = 0, frame = 8
 380              		@ frame_needed = 1, uses_anonymous_args = 0
 381              		@ link register save eliminated.
 382 0000 80B4     		push	{r7}
 383              		.cfi_def_cfa_offset 4
 384              		.cfi_offset 7, -4
 385 0002 83B0     		sub	sp, sp, #12
 386              		.cfi_def_cfa_offset 16
 387 0004 00AF     		add	r7, sp, #0
 388              		.cfi_def_cfa_register 7
 291:Generated_Source\PSoC5/Vtrigger.c ****     uint8 mode;
 292:Generated_Source\PSoC5/Vtrigger.c **** 
 293:Generated_Source\PSoC5/Vtrigger.c ****     mode = (uint8)((Vtrigger_CR0 & Vtrigger_RANGE_MASK) >> 2) + Vtrigger_TRIM_M7_1V_RNG_OFFSET;
 389              		.loc 1 293 0
 390 0006 0B4B     		ldr	r3, .L24
 391 0008 1B78     		ldrb	r3, [r3]
ARM GAS  C:\Users\Greg\AppData\Local\Temp\ccJi8SrT.s 			page 13


 392 000a DBB2     		uxtb	r3, r3
 393 000c 03F00C03 		and	r3, r3, #12
 394 0010 9B08     		lsrs	r3, r3, #2
 395 0012 DBB2     		uxtb	r3, r3
 396 0014 0633     		adds	r3, r3, #6
 397 0016 FB71     		strb	r3, [r7, #7]
 294:Generated_Source\PSoC5/Vtrigger.c ****     Vtrigger_TR = CY_GET_XTND_REG8((uint8 *)(Vtrigger_DAC_TRIM_BASE + mode));
 398              		.loc 1 294 0
 399 0018 074A     		ldr	r2, .L24+4
 400 001a FB79     		ldrb	r3, [r7, #7]	@ zero_extendqisi2
 401 001c 03F19243 		add	r3, r3, #1224736768
 402 0020 03F59C73 		add	r3, r3, #312
 403 0024 1B78     		ldrb	r3, [r3]
 404 0026 DBB2     		uxtb	r3, r3
 405 0028 1370     		strb	r3, [r2]
 295:Generated_Source\PSoC5/Vtrigger.c **** }
 406              		.loc 1 295 0
 407 002a 0C37     		adds	r7, r7, #12
 408              		.cfi_def_cfa_offset 4
 409 002c BD46     		mov	sp, r7
 410              		.cfi_def_cfa_register 13
 411              		@ sp needed
 412 002e 5DF8047B 		ldr	r7, [sp], #4
 413              		.cfi_restore 7
 414              		.cfi_def_cfa_offset 0
 415 0032 7047     		bx	lr
 416              	.L25:
 417              		.align	2
 418              	.L24:
 419 0034 2C580040 		.word	1073764396
 420 0038 0B460040 		.word	1073759755
 421              		.cfi_endproc
 422              	.LFE7:
 423              		.size	Vtrigger_DacTrim, .-Vtrigger_DacTrim
 424              		.text
 425              	.Letext0:
 426              		.file 2 "Generated_Source\\PSoC5\\cytypes.h"
 427              		.section	.debug_info,"",%progbits
 428              	.Ldebug_info0:
 429 0000 81010000 		.4byte	0x181
 430 0004 0400     		.2byte	0x4
 431 0006 00000000 		.4byte	.Ldebug_abbrev0
 432 000a 04       		.byte	0x4
 433 000b 01       		.uleb128 0x1
 434 000c 15000000 		.4byte	.LASF25
 435 0010 01       		.byte	0x1
 436 0011 72010000 		.4byte	.LASF26
 437 0015 DA000000 		.4byte	.LASF27
 438 0019 00000000 		.4byte	.Ldebug_ranges0+0
 439 001d 00000000 		.4byte	0
 440 0021 00000000 		.4byte	.Ldebug_line0
 441 0025 02       		.uleb128 0x2
 442 0026 01       		.byte	0x1
 443 0027 06       		.byte	0x6
 444 0028 35020000 		.4byte	.LASF0
 445 002c 02       		.uleb128 0x2
 446 002d 01       		.byte	0x1
ARM GAS  C:\Users\Greg\AppData\Local\Temp\ccJi8SrT.s 			page 14


 447 002e 08       		.byte	0x8
 448 002f CC000000 		.4byte	.LASF1
 449 0033 02       		.uleb128 0x2
 450 0034 02       		.byte	0x2
 451 0035 05       		.byte	0x5
 452 0036 FA010000 		.4byte	.LASF2
 453 003a 02       		.uleb128 0x2
 454 003b 02       		.byte	0x2
 455 003c 07       		.byte	0x7
 456 003d 40010000 		.4byte	.LASF3
 457 0041 02       		.uleb128 0x2
 458 0042 04       		.byte	0x4
 459 0043 05       		.byte	0x5
 460 0044 2C020000 		.4byte	.LASF4
 461 0048 02       		.uleb128 0x2
 462 0049 04       		.byte	0x4
 463 004a 07       		.byte	0x7
 464 004b 2E010000 		.4byte	.LASF5
 465 004f 02       		.uleb128 0x2
 466 0050 08       		.byte	0x8
 467 0051 05       		.byte	0x5
 468 0052 D9010000 		.4byte	.LASF6
 469 0056 02       		.uleb128 0x2
 470 0057 08       		.byte	0x8
 471 0058 07       		.byte	0x7
 472 0059 B2010000 		.4byte	.LASF7
 473 005d 03       		.uleb128 0x3
 474 005e 04       		.byte	0x4
 475 005f 05       		.byte	0x5
 476 0060 696E7400 		.ascii	"int\000"
 477 0064 02       		.uleb128 0x2
 478 0065 04       		.byte	0x4
 479 0066 07       		.byte	0x7
 480 0067 A5010000 		.4byte	.LASF8
 481 006b 04       		.uleb128 0x4
 482 006c 04020000 		.4byte	.LASF12
 483 0070 02       		.byte	0x2
 484 0071 9201     		.2byte	0x192
 485 0073 2C000000 		.4byte	0x2c
 486 0077 02       		.uleb128 0x2
 487 0078 04       		.byte	0x4
 488 0079 04       		.byte	0x4
 489 007a C6000000 		.4byte	.LASF9
 490 007e 02       		.uleb128 0x2
 491 007f 08       		.byte	0x8
 492 0080 04       		.byte	0x4
 493 0081 6B010000 		.4byte	.LASF10
 494 0085 02       		.uleb128 0x2
 495 0086 01       		.byte	0x1
 496 0087 08       		.byte	0x8
 497 0088 E7010000 		.4byte	.LASF11
 498 008c 04       		.uleb128 0x4
 499 008d CE010000 		.4byte	.LASF13
 500 0091 02       		.byte	0x2
 501 0092 3C02     		.2byte	0x23c
 502 0094 98000000 		.4byte	0x98
 503 0098 05       		.uleb128 0x5
ARM GAS  C:\Users\Greg\AppData\Local\Temp\ccJi8SrT.s 			page 15


 504 0099 6B000000 		.4byte	0x6b
 505 009d 06       		.uleb128 0x6
 506 009e 41020000 		.4byte	.LASF14
 507 00a2 01       		.byte	0x1
 508 00a3 37       		.byte	0x37
 509 00a4 00000000 		.4byte	.LFB0
 510 00a8 28000000 		.4byte	.LFE0-.LFB0
 511 00ac 01       		.uleb128 0x1
 512 00ad 9C       		.byte	0x9c
 513 00ae 07       		.uleb128 0x7
 514 00af 0A020000 		.4byte	.LASF15
 515 00b3 01       		.byte	0x1
 516 00b4 60       		.byte	0x60
 517 00b5 00000000 		.4byte	.LFB1
 518 00b9 34000000 		.4byte	.LFE1-.LFB1
 519 00bd 01       		.uleb128 0x1
 520 00be 9C       		.byte	0x9c
 521 00bf 06       		.uleb128 0x6
 522 00c0 00000000 		.4byte	.LASF16
 523 00c4 01       		.byte	0x1
 524 00c5 85       		.byte	0x85
 525 00c6 00000000 		.4byte	.LFB2
 526 00ca 28000000 		.4byte	.LFE2-.LFB2
 527 00ce 01       		.uleb128 0x1
 528 00cf 9C       		.byte	0x9c
 529 00d0 07       		.uleb128 0x7
 530 00d1 EC010000 		.4byte	.LASF17
 531 00d5 01       		.byte	0x1
 532 00d6 A8       		.byte	0xa8
 533 00d7 00000000 		.4byte	.LFB3
 534 00db 34000000 		.4byte	.LFE3-.LFB3
 535 00df 01       		.uleb128 0x1
 536 00e0 9C       		.byte	0x9c
 537 00e1 08       		.uleb128 0x8
 538 00e2 59010000 		.4byte	.LASF18
 539 00e6 01       		.byte	0x1
 540 00e7 CA       		.byte	0xca
 541 00e8 00000000 		.4byte	.LFB4
 542 00ec 40000000 		.4byte	.LFE4-.LFB4
 543 00f0 01       		.uleb128 0x1
 544 00f1 9C       		.byte	0x9c
 545 00f2 05010000 		.4byte	0x105
 546 00f6 09       		.uleb128 0x9
 547 00f7 D3010000 		.4byte	.LASF20
 548 00fb 01       		.byte	0x1
 549 00fc CA       		.byte	0xca
 550 00fd 6B000000 		.4byte	0x6b
 551 0101 02       		.uleb128 0x2
 552 0102 91       		.byte	0x91
 553 0103 77       		.sleb128 -9
 554 0104 00       		.byte	0
 555 0105 0A       		.uleb128 0xa
 556 0106 B4000000 		.4byte	.LASF19
 557 010a 01       		.byte	0x1
 558 010b E4       		.byte	0xe4
 559 010c 00000000 		.4byte	.LFB5
 560 0110 40000000 		.4byte	.LFE5-.LFB5
ARM GAS  C:\Users\Greg\AppData\Local\Temp\ccJi8SrT.s 			page 16


 561 0114 01       		.uleb128 0x1
 562 0115 9C       		.byte	0x9c
 563 0116 29010000 		.4byte	0x129
 564 011a 09       		.uleb128 0x9
 565 011b 53010000 		.4byte	.LASF21
 566 011f 01       		.byte	0x1
 567 0120 E4       		.byte	0xe4
 568 0121 6B000000 		.4byte	0x6b
 569 0125 02       		.uleb128 0x2
 570 0126 91       		.byte	0x91
 571 0127 77       		.sleb128 -9
 572 0128 00       		.byte	0
 573 0129 08       		.uleb128 0x8
 574 012a 1A020000 		.4byte	.LASF22
 575 012e 01       		.byte	0x1
 576 012f FE       		.byte	0xfe
 577 0130 00000000 		.4byte	.LFB6
 578 0134 20000000 		.4byte	.LFE6-.LFB6
 579 0138 01       		.uleb128 0x1
 580 0139 9C       		.byte	0x9c
 581 013a 4D010000 		.4byte	0x14d
 582 013e 09       		.uleb128 0x9
 583 013f 0F000000 		.4byte	.LASF23
 584 0143 01       		.byte	0x1
 585 0144 FE       		.byte	0xfe
 586 0145 6B000000 		.4byte	0x6b
 587 0149 02       		.uleb128 0x2
 588 014a 91       		.byte	0x91
 589 014b 77       		.sleb128 -9
 590 014c 00       		.byte	0
 591 014d 0B       		.uleb128 0xb
 592 014e 94010000 		.4byte	.LASF24
 593 0152 01       		.byte	0x1
 594 0153 2101     		.2byte	0x121
 595 0155 00000000 		.4byte	.LFB7
 596 0159 3C000000 		.4byte	.LFE7-.LFB7
 597 015d 01       		.uleb128 0x1
 598 015e 9C       		.byte	0x9c
 599 015f 73010000 		.4byte	0x173
 600 0163 0C       		.uleb128 0xc
 601 0164 C9010000 		.4byte	.LASF28
 602 0168 01       		.byte	0x1
 603 0169 2301     		.2byte	0x123
 604 016b 6B000000 		.4byte	0x6b
 605 016f 02       		.uleb128 0x2
 606 0170 91       		.byte	0x91
 607 0171 77       		.sleb128 -9
 608 0172 00       		.byte	0
 609 0173 0D       		.uleb128 0xd
 610 0174 A3000000 		.4byte	.LASF29
 611 0178 01       		.byte	0x1
 612 0179 1B       		.byte	0x1b
 613 017a 6B000000 		.4byte	0x6b
 614 017e 05       		.uleb128 0x5
 615 017f 03       		.byte	0x3
 616 0180 00000000 		.4byte	Vtrigger_initVar
 617 0184 00       		.byte	0
ARM GAS  C:\Users\Greg\AppData\Local\Temp\ccJi8SrT.s 			page 17


 618              		.section	.debug_abbrev,"",%progbits
 619              	.Ldebug_abbrev0:
 620 0000 01       		.uleb128 0x1
 621 0001 11       		.uleb128 0x11
 622 0002 01       		.byte	0x1
 623 0003 25       		.uleb128 0x25
 624 0004 0E       		.uleb128 0xe
 625 0005 13       		.uleb128 0x13
 626 0006 0B       		.uleb128 0xb
 627 0007 03       		.uleb128 0x3
 628 0008 0E       		.uleb128 0xe
 629 0009 1B       		.uleb128 0x1b
 630 000a 0E       		.uleb128 0xe
 631 000b 55       		.uleb128 0x55
 632 000c 17       		.uleb128 0x17
 633 000d 11       		.uleb128 0x11
 634 000e 01       		.uleb128 0x1
 635 000f 10       		.uleb128 0x10
 636 0010 17       		.uleb128 0x17
 637 0011 00       		.byte	0
 638 0012 00       		.byte	0
 639 0013 02       		.uleb128 0x2
 640 0014 24       		.uleb128 0x24
 641 0015 00       		.byte	0
 642 0016 0B       		.uleb128 0xb
 643 0017 0B       		.uleb128 0xb
 644 0018 3E       		.uleb128 0x3e
 645 0019 0B       		.uleb128 0xb
 646 001a 03       		.uleb128 0x3
 647 001b 0E       		.uleb128 0xe
 648 001c 00       		.byte	0
 649 001d 00       		.byte	0
 650 001e 03       		.uleb128 0x3
 651 001f 24       		.uleb128 0x24
 652 0020 00       		.byte	0
 653 0021 0B       		.uleb128 0xb
 654 0022 0B       		.uleb128 0xb
 655 0023 3E       		.uleb128 0x3e
 656 0024 0B       		.uleb128 0xb
 657 0025 03       		.uleb128 0x3
 658 0026 08       		.uleb128 0x8
 659 0027 00       		.byte	0
 660 0028 00       		.byte	0
 661 0029 04       		.uleb128 0x4
 662 002a 16       		.uleb128 0x16
 663 002b 00       		.byte	0
 664 002c 03       		.uleb128 0x3
 665 002d 0E       		.uleb128 0xe
 666 002e 3A       		.uleb128 0x3a
 667 002f 0B       		.uleb128 0xb
 668 0030 3B       		.uleb128 0x3b
 669 0031 05       		.uleb128 0x5
 670 0032 49       		.uleb128 0x49
 671 0033 13       		.uleb128 0x13
 672 0034 00       		.byte	0
 673 0035 00       		.byte	0
 674 0036 05       		.uleb128 0x5
ARM GAS  C:\Users\Greg\AppData\Local\Temp\ccJi8SrT.s 			page 18


 675 0037 35       		.uleb128 0x35
 676 0038 00       		.byte	0
 677 0039 49       		.uleb128 0x49
 678 003a 13       		.uleb128 0x13
 679 003b 00       		.byte	0
 680 003c 00       		.byte	0
 681 003d 06       		.uleb128 0x6
 682 003e 2E       		.uleb128 0x2e
 683 003f 00       		.byte	0
 684 0040 3F       		.uleb128 0x3f
 685 0041 19       		.uleb128 0x19
 686 0042 03       		.uleb128 0x3
 687 0043 0E       		.uleb128 0xe
 688 0044 3A       		.uleb128 0x3a
 689 0045 0B       		.uleb128 0xb
 690 0046 3B       		.uleb128 0x3b
 691 0047 0B       		.uleb128 0xb
 692 0048 27       		.uleb128 0x27
 693 0049 19       		.uleb128 0x19
 694 004a 11       		.uleb128 0x11
 695 004b 01       		.uleb128 0x1
 696 004c 12       		.uleb128 0x12
 697 004d 06       		.uleb128 0x6
 698 004e 40       		.uleb128 0x40
 699 004f 18       		.uleb128 0x18
 700 0050 9642     		.uleb128 0x2116
 701 0052 19       		.uleb128 0x19
 702 0053 00       		.byte	0
 703 0054 00       		.byte	0
 704 0055 07       		.uleb128 0x7
 705 0056 2E       		.uleb128 0x2e
 706 0057 00       		.byte	0
 707 0058 3F       		.uleb128 0x3f
 708 0059 19       		.uleb128 0x19
 709 005a 03       		.uleb128 0x3
 710 005b 0E       		.uleb128 0xe
 711 005c 3A       		.uleb128 0x3a
 712 005d 0B       		.uleb128 0xb
 713 005e 3B       		.uleb128 0x3b
 714 005f 0B       		.uleb128 0xb
 715 0060 27       		.uleb128 0x27
 716 0061 19       		.uleb128 0x19
 717 0062 11       		.uleb128 0x11
 718 0063 01       		.uleb128 0x1
 719 0064 12       		.uleb128 0x12
 720 0065 06       		.uleb128 0x6
 721 0066 40       		.uleb128 0x40
 722 0067 18       		.uleb128 0x18
 723 0068 9742     		.uleb128 0x2117
 724 006a 19       		.uleb128 0x19
 725 006b 00       		.byte	0
 726 006c 00       		.byte	0
 727 006d 08       		.uleb128 0x8
 728 006e 2E       		.uleb128 0x2e
 729 006f 01       		.byte	0x1
 730 0070 3F       		.uleb128 0x3f
 731 0071 19       		.uleb128 0x19
ARM GAS  C:\Users\Greg\AppData\Local\Temp\ccJi8SrT.s 			page 19


 732 0072 03       		.uleb128 0x3
 733 0073 0E       		.uleb128 0xe
 734 0074 3A       		.uleb128 0x3a
 735 0075 0B       		.uleb128 0xb
 736 0076 3B       		.uleb128 0x3b
 737 0077 0B       		.uleb128 0xb
 738 0078 27       		.uleb128 0x27
 739 0079 19       		.uleb128 0x19
 740 007a 11       		.uleb128 0x11
 741 007b 01       		.uleb128 0x1
 742 007c 12       		.uleb128 0x12
 743 007d 06       		.uleb128 0x6
 744 007e 40       		.uleb128 0x40
 745 007f 18       		.uleb128 0x18
 746 0080 9742     		.uleb128 0x2117
 747 0082 19       		.uleb128 0x19
 748 0083 01       		.uleb128 0x1
 749 0084 13       		.uleb128 0x13
 750 0085 00       		.byte	0
 751 0086 00       		.byte	0
 752 0087 09       		.uleb128 0x9
 753 0088 05       		.uleb128 0x5
 754 0089 00       		.byte	0
 755 008a 03       		.uleb128 0x3
 756 008b 0E       		.uleb128 0xe
 757 008c 3A       		.uleb128 0x3a
 758 008d 0B       		.uleb128 0xb
 759 008e 3B       		.uleb128 0x3b
 760 008f 0B       		.uleb128 0xb
 761 0090 49       		.uleb128 0x49
 762 0091 13       		.uleb128 0x13
 763 0092 02       		.uleb128 0x2
 764 0093 18       		.uleb128 0x18
 765 0094 00       		.byte	0
 766 0095 00       		.byte	0
 767 0096 0A       		.uleb128 0xa
 768 0097 2E       		.uleb128 0x2e
 769 0098 01       		.byte	0x1
 770 0099 3F       		.uleb128 0x3f
 771 009a 19       		.uleb128 0x19
 772 009b 03       		.uleb128 0x3
 773 009c 0E       		.uleb128 0xe
 774 009d 3A       		.uleb128 0x3a
 775 009e 0B       		.uleb128 0xb
 776 009f 3B       		.uleb128 0x3b
 777 00a0 0B       		.uleb128 0xb
 778 00a1 27       		.uleb128 0x27
 779 00a2 19       		.uleb128 0x19
 780 00a3 11       		.uleb128 0x11
 781 00a4 01       		.uleb128 0x1
 782 00a5 12       		.uleb128 0x12
 783 00a6 06       		.uleb128 0x6
 784 00a7 40       		.uleb128 0x40
 785 00a8 18       		.uleb128 0x18
 786 00a9 9642     		.uleb128 0x2116
 787 00ab 19       		.uleb128 0x19
 788 00ac 01       		.uleb128 0x1
ARM GAS  C:\Users\Greg\AppData\Local\Temp\ccJi8SrT.s 			page 20


 789 00ad 13       		.uleb128 0x13
 790 00ae 00       		.byte	0
 791 00af 00       		.byte	0
 792 00b0 0B       		.uleb128 0xb
 793 00b1 2E       		.uleb128 0x2e
 794 00b2 01       		.byte	0x1
 795 00b3 3F       		.uleb128 0x3f
 796 00b4 19       		.uleb128 0x19
 797 00b5 03       		.uleb128 0x3
 798 00b6 0E       		.uleb128 0xe
 799 00b7 3A       		.uleb128 0x3a
 800 00b8 0B       		.uleb128 0xb
 801 00b9 3B       		.uleb128 0x3b
 802 00ba 05       		.uleb128 0x5
 803 00bb 27       		.uleb128 0x27
 804 00bc 19       		.uleb128 0x19
 805 00bd 11       		.uleb128 0x11
 806 00be 01       		.uleb128 0x1
 807 00bf 12       		.uleb128 0x12
 808 00c0 06       		.uleb128 0x6
 809 00c1 40       		.uleb128 0x40
 810 00c2 18       		.uleb128 0x18
 811 00c3 9742     		.uleb128 0x2117
 812 00c5 19       		.uleb128 0x19
 813 00c6 01       		.uleb128 0x1
 814 00c7 13       		.uleb128 0x13
 815 00c8 00       		.byte	0
 816 00c9 00       		.byte	0
 817 00ca 0C       		.uleb128 0xc
 818 00cb 34       		.uleb128 0x34
 819 00cc 00       		.byte	0
 820 00cd 03       		.uleb128 0x3
 821 00ce 0E       		.uleb128 0xe
 822 00cf 3A       		.uleb128 0x3a
 823 00d0 0B       		.uleb128 0xb
 824 00d1 3B       		.uleb128 0x3b
 825 00d2 05       		.uleb128 0x5
 826 00d3 49       		.uleb128 0x49
 827 00d4 13       		.uleb128 0x13
 828 00d5 02       		.uleb128 0x2
 829 00d6 18       		.uleb128 0x18
 830 00d7 00       		.byte	0
 831 00d8 00       		.byte	0
 832 00d9 0D       		.uleb128 0xd
 833 00da 34       		.uleb128 0x34
 834 00db 00       		.byte	0
 835 00dc 03       		.uleb128 0x3
 836 00dd 0E       		.uleb128 0xe
 837 00de 3A       		.uleb128 0x3a
 838 00df 0B       		.uleb128 0xb
 839 00e0 3B       		.uleb128 0x3b
 840 00e1 0B       		.uleb128 0xb
 841 00e2 49       		.uleb128 0x49
 842 00e3 13       		.uleb128 0x13
 843 00e4 3F       		.uleb128 0x3f
 844 00e5 19       		.uleb128 0x19
 845 00e6 02       		.uleb128 0x2
ARM GAS  C:\Users\Greg\AppData\Local\Temp\ccJi8SrT.s 			page 21


 846 00e7 18       		.uleb128 0x18
 847 00e8 00       		.byte	0
 848 00e9 00       		.byte	0
 849 00ea 00       		.byte	0
 850              		.section	.debug_aranges,"",%progbits
 851 0000 54000000 		.4byte	0x54
 852 0004 0200     		.2byte	0x2
 853 0006 00000000 		.4byte	.Ldebug_info0
 854 000a 04       		.byte	0x4
 855 000b 00       		.byte	0
 856 000c 0000     		.2byte	0
 857 000e 0000     		.2byte	0
 858 0010 00000000 		.4byte	.LFB0
 859 0014 28000000 		.4byte	.LFE0-.LFB0
 860 0018 00000000 		.4byte	.LFB1
 861 001c 34000000 		.4byte	.LFE1-.LFB1
 862 0020 00000000 		.4byte	.LFB2
 863 0024 28000000 		.4byte	.LFE2-.LFB2
 864 0028 00000000 		.4byte	.LFB3
 865 002c 34000000 		.4byte	.LFE3-.LFB3
 866 0030 00000000 		.4byte	.LFB4
 867 0034 40000000 		.4byte	.LFE4-.LFB4
 868 0038 00000000 		.4byte	.LFB5
 869 003c 40000000 		.4byte	.LFE5-.LFB5
 870 0040 00000000 		.4byte	.LFB6
 871 0044 20000000 		.4byte	.LFE6-.LFB6
 872 0048 00000000 		.4byte	.LFB7
 873 004c 3C000000 		.4byte	.LFE7-.LFB7
 874 0050 00000000 		.4byte	0
 875 0054 00000000 		.4byte	0
 876              		.section	.debug_ranges,"",%progbits
 877              	.Ldebug_ranges0:
 878 0000 00000000 		.4byte	.LFB0
 879 0004 28000000 		.4byte	.LFE0
 880 0008 00000000 		.4byte	.LFB1
 881 000c 34000000 		.4byte	.LFE1
 882 0010 00000000 		.4byte	.LFB2
 883 0014 28000000 		.4byte	.LFE2
 884 0018 00000000 		.4byte	.LFB3
 885 001c 34000000 		.4byte	.LFE3
 886 0020 00000000 		.4byte	.LFB4
 887 0024 40000000 		.4byte	.LFE4
 888 0028 00000000 		.4byte	.LFB5
 889 002c 40000000 		.4byte	.LFE5
 890 0030 00000000 		.4byte	.LFB6
 891 0034 20000000 		.4byte	.LFE6
 892 0038 00000000 		.4byte	.LFB7
 893 003c 3C000000 		.4byte	.LFE7
 894 0040 00000000 		.4byte	0
 895 0044 00000000 		.4byte	0
 896              		.section	.debug_line,"",%progbits
 897              	.Ldebug_line0:
 898 0000 ED000000 		.section	.debug_str,"MS",%progbits,1
 898      02004500 
 898      00000201 
 898      FB0E0D00 
 898      01010101 
ARM GAS  C:\Users\Greg\AppData\Local\Temp\ccJi8SrT.s 			page 22


 899              	.LASF16:
 900 0000 56747269 		.ascii	"Vtrigger_Start\000"
 900      67676572 
 900      5F537461 
 900      727400
 901              	.LASF23:
 902 000f 76616C75 		.ascii	"value\000"
 902      6500
 903              	.LASF25:
 904 0015 474E5520 		.ascii	"GNU C 4.9.3 20150303 (release) [ARM/embedded-4_9-br"
 904      4320342E 
 904      392E3320 
 904      32303135 
 904      30333033 
 905 0048 616E6368 		.ascii	"anch revision 221220] -mcpu=cortex-m3 -mthumb -g -O"
 905      20726576 
 905      6973696F 
 905      6E203232 
 905      31323230 
 906 007b 30202D66 		.ascii	"0 -ffunction-sections -ffat-lto-objects\000"
 906      66756E63 
 906      74696F6E 
 906      2D736563 
 906      74696F6E 
 907              	.LASF29:
 908 00a3 56747269 		.ascii	"Vtrigger_initVar\000"
 908      67676572 
 908      5F696E69 
 908      74566172 
 908      00
 909              	.LASF19:
 910 00b4 56747269 		.ascii	"Vtrigger_SetRange\000"
 910      67676572 
 910      5F536574 
 910      52616E67 
 910      6500
 911              	.LASF9:
 912 00c6 666C6F61 		.ascii	"float\000"
 912      7400
 913              	.LASF1:
 914 00cc 756E7369 		.ascii	"unsigned char\000"
 914      676E6564 
 914      20636861 
 914      7200
 915              	.LASF27:
 916 00da 433A5C53 		.ascii	"C:\\SVN\\apps\\trunk\\Cypress Academy\\PSoC-121-Ana"
 916      564E5C61 
 916      7070735C 
 916      7472756E 
 916      6B5C4379 
 917 0108 6C6F675C 		.ascii	"log\\Scope\\KEES_Scope\\PSoC\\Scope.cydsn\000"
 917      53636F70 
 917      655C4B45 
 917      45535F53 
 917      636F7065 
 918              	.LASF5:
 919 012e 6C6F6E67 		.ascii	"long unsigned int\000"
ARM GAS  C:\Users\Greg\AppData\Local\Temp\ccJi8SrT.s 			page 23


 919      20756E73 
 919      69676E65 
 919      6420696E 
 919      7400
 920              	.LASF3:
 921 0140 73686F72 		.ascii	"short unsigned int\000"
 921      7420756E 
 921      7369676E 
 921      65642069 
 921      6E7400
 922              	.LASF21:
 923 0153 72616E67 		.ascii	"range\000"
 923      6500
 924              	.LASF18:
 925 0159 56747269 		.ascii	"Vtrigger_SetSpeed\000"
 925      67676572 
 925      5F536574 
 925      53706565 
 925      6400
 926              	.LASF10:
 927 016b 646F7562 		.ascii	"double\000"
 927      6C6500
 928              	.LASF26:
 929 0172 47656E65 		.ascii	"Generated_Source\\PSoC5\\Vtrigger.c\000"
 929      72617465 
 929      645F536F 
 929      75726365 
 929      5C50536F 
 930              	.LASF24:
 931 0194 56747269 		.ascii	"Vtrigger_DacTrim\000"
 931      67676572 
 931      5F446163 
 931      5472696D 
 931      00
 932              	.LASF8:
 933 01a5 756E7369 		.ascii	"unsigned int\000"
 933      676E6564 
 933      20696E74 
 933      00
 934              	.LASF7:
 935 01b2 6C6F6E67 		.ascii	"long long unsigned int\000"
 935      206C6F6E 
 935      6720756E 
 935      7369676E 
 935      65642069 
 936              	.LASF28:
 937 01c9 6D6F6465 		.ascii	"mode\000"
 937      00
 938              	.LASF13:
 939 01ce 72656738 		.ascii	"reg8\000"
 939      00
 940              	.LASF20:
 941 01d3 73706565 		.ascii	"speed\000"
 941      6400
 942              	.LASF6:
 943 01d9 6C6F6E67 		.ascii	"long long int\000"
 943      206C6F6E 
ARM GAS  C:\Users\Greg\AppData\Local\Temp\ccJi8SrT.s 			page 24


 943      6720696E 
 943      7400
 944              	.LASF11:
 945 01e7 63686172 		.ascii	"char\000"
 945      00
 946              	.LASF17:
 947 01ec 56747269 		.ascii	"Vtrigger_Stop\000"
 947      67676572 
 947      5F53746F 
 947      7000
 948              	.LASF2:
 949 01fa 73686F72 		.ascii	"short int\000"
 949      7420696E 
 949      7400
 950              	.LASF12:
 951 0204 75696E74 		.ascii	"uint8\000"
 951      3800
 952              	.LASF15:
 953 020a 56747269 		.ascii	"Vtrigger_Enable\000"
 953      67676572 
 953      5F456E61 
 953      626C6500 
 954              	.LASF22:
 955 021a 56747269 		.ascii	"Vtrigger_SetValue\000"
 955      67676572 
 955      5F536574 
 955      56616C75 
 955      6500
 956              	.LASF4:
 957 022c 6C6F6E67 		.ascii	"long int\000"
 957      20696E74 
 957      00
 958              	.LASF0:
 959 0235 7369676E 		.ascii	"signed char\000"
 959      65642063 
 959      68617200 
 960              	.LASF14:
 961 0241 56747269 		.ascii	"Vtrigger_Init\000"
 961      67676572 
 961      5F496E69 
 961      7400
 962              		.ident	"GCC: (GNU Tools for ARM Embedded Processors) 4.9.3 20150303 (release) [ARM/embedded-4_9-br
