--------------- Clean Started: 04/04/2022 09:51:09 Project: Scope_KitProg, Configuration: ARM GCC 5.4-2016-q2-update Debug ---------------
Deleting file ".\CortexM3\ARM_GCC_541\Debug\main.o"
Deleting file ".\CortexM3\ARM_GCC_541\Debug\cyfitter_cfg.o"
Deleting file ".\CortexM3\ARM_GCC_541\Debug\Cm3Start.o"
Deleting file ".\CortexM3\ARM_GCC_541\Debug\CyBootAsmGnu.o"
Deleting file ".\CortexM3\ARM_GCC_541\Debug\CyDmac.o"
Deleting file ".\CortexM3\ARM_GCC_541\Debug\CyFlash.o"
Deleting file ".\CortexM3\ARM_GCC_541\Debug\CyLib.o"
Deleting file ".\CortexM3\ARM_GCC_541\Debug\cyPm.o"
Deleting file ".\CortexM3\ARM_GCC_541\Debug\CySpc.o"
Deleting file ".\CortexM3\ARM_GCC_541\Debug\cyutils.o"
Deleting file ".\CortexM3\ARM_GCC_541\Debug\ADC_2.o"
Deleting file ".\CortexM3\ARM_GCC_541\Debug\ADC_2_INT.o"
Deleting file ".\CortexM3\ARM_GCC_541\Debug\ADC_2_PM.o"
Deleting file ".\CortexM3\ARM_GCC_541\Debug\ADC_1.o"
Deleting file ".\CortexM3\ARM_GCC_541\Debug\ADC_1_INT.o"
Deleting file ".\CortexM3\ARM_GCC_541\Debug\ADC_1_PM.o"
Deleting file ".\CortexM3\ARM_GCC_541\Debug\USBUART.o"
Deleting file ".\CortexM3\ARM_GCC_541\Debug\USBUART_audio.o"
Deleting file ".\CortexM3\ARM_GCC_541\Debug\USBUART_boot.o"
Deleting file ".\CortexM3\ARM_GCC_541\Debug\USBUART_cdc.o"
Deleting file ".\CortexM3\ARM_GCC_541\Debug\USBUART_cls.o"
Deleting file ".\CortexM3\ARM_GCC_541\Debug\USBUART_descr.o"
Deleting file ".\CortexM3\ARM_GCC_541\Debug\USBUART_drv.o"
Deleting file ".\CortexM3\ARM_GCC_541\Debug\USBUART_episr.o"
Deleting file ".\CortexM3\ARM_GCC_541\Debug\USBUART_hid.o"
Deleting file ".\CortexM3\ARM_GCC_541\Debug\USBUART_pm.o"
Deleting file ".\CortexM3\ARM_GCC_541\Debug\USBUART_std.o"
Deleting file ".\CortexM3\ARM_GCC_541\Debug\USBUART_vnd.o"
Deleting file ".\CortexM3\ARM_GCC_541\Debug\USBUART_midi.o"
Deleting file ".\CortexM3\ARM_GCC_541\Debug\USBUART_msc.o"
Deleting file ".\CortexM3\ARM_GCC_541\Debug\SampleClock.o"
Deleting file ".\CortexM3\ARM_GCC_541\Debug\ADCClock.o"
Deleting file ".\CortexM3\ARM_GCC_541\Debug\Vtrigger.o"
Deleting file ".\CortexM3\ARM_GCC_541\Debug\Vtrigger_PM.o"
Deleting file ".\CortexM3\ARM_GCC_541\Debug\Amux_Trigger.o"
Deleting file ".\CortexM3\ARM_GCC_541\Debug\DMA_Channel_1_dma.o"
Deleting file ".\CortexM3\ARM_GCC_541\Debug\DMA_Channel_2_dma.o"
Deleting file ".\CortexM3\ARM_GCC_541\Debug\PWM_Sample_Buffer.o"
Deleting file ".\CortexM3\ARM_GCC_541\Debug\PWM_Sample_Buffer_PM.o"
Deleting file ".\CortexM3\ARM_GCC_541\Debug\ADC_2_IRQ.o"
Deleting file ".\CortexM3\ARM_GCC_541\Debug\ADC_2_Bypass.o"
Deleting file ".\CortexM3\ARM_GCC_541\Debug\ADC_1_IRQ.o"
Deleting file ".\CortexM3\ARM_GCC_541\Debug\ADC_1_Bypass.o"
Deleting file ".\CortexM3\ARM_GCC_541\Debug\USBUART_Dm.o"
Deleting file ".\CortexM3\ARM_GCC_541\Debug\USBUART_Dp.o"
Deleting file ".\CortexM3\ARM_GCC_541\Debug\Trigger_Control.o"
Deleting file ".\CortexM3\ARM_GCC_541\Debug\Trigger_Control_PM.o"
Deleting file ".\CortexM3\ARM_GCC_541\Debug\Trigger_Status.o"
Deleting file ".\CortexM3\ARM_GCC_541\Debug\Trigger_Comp.o"
Deleting file ".\CortexM3\ARM_GCC_541\Debug\Trigger_Comp_PM.o"
Deleting file ".\CortexM3\ARM_GCC_541\Debug\Wave_DAC.o"
Deleting file ".\CortexM3\ARM_GCC_541\Debug\Wave_DAC_PM.o"
Deleting file ".\CortexM3\ARM_GCC_541\Debug\Wave_Buf.o"
Deleting file ".\CortexM3\ARM_GCC_541\Debug\Wave_Buf_PM.o"
Deleting file ".\CortexM3\ARM_GCC_541\Debug\Wave_Clock.o"
Deleting file ".\CortexM3\ARM_GCC_541\Debug\PRS.o"
Deleting file ".\CortexM3\ARM_GCC_541\Debug\PRS_PM.o"
Deleting file ".\CortexM3\ARM_GCC_541\Debug\Wave_DAC_Wave1_DMA_dma.o"
Deleting file ".\CortexM3\ARM_GCC_541\Debug\Wave_DAC_Wave2_DMA_dma.o"
Deleting file ".\CortexM3\ARM_GCC_541\Debug\Wave_DAC_VDAC8.o"
Deleting file ".\CortexM3\ARM_GCC_541\Debug\Wave_DAC_VDAC8_PM.o"
Deleting file ".\CortexM3\ARM_GCC_541\Debug\Wave_Control.o"
Deleting file ".\CortexM3\ARM_GCC_541\Debug\Wave_Control_PM.o"
Deleting file ".\CortexM3\ARM_GCC_541\Debug\Noise_Clock.o"
Deleting file ".\CortexM3\ARM_GCC_541\Debug\Trig_Buf.o"
Deleting file ".\CortexM3\ARM_GCC_541\Debug\Trig_Buf_PM.o"
Deleting file ".\CortexM3\ARM_GCC_541\Debug\cymetadata.o"
Deleting file ".\CortexM3\ARM_GCC_541\Debug\Wave_Out.o"
Deleting file ".\CortexM3\ARM_GCC_541\Debug\Trig_Out.o"
Deleting file ".\CortexM3\ARM_GCC_541\Debug\External_Trigger.o"
Deleting file ".\CortexM3\ARM_GCC_541\Debug\Scope_A.o"
Deleting file ".\CortexM3\ARM_GCC_541\Debug\Scope_B.o"
Deleting file ".\CortexM3\ARM_GCC_541\Debug\Wave_Gnd.o"
Deleting file ".\CortexM3\ARM_GCC_541\Debug\CyTriggerClock.o"
Deleting file ".\CortexM3\ARM_GCC_541\Debug\Scope_B_Gnd.o"
Deleting file ".\CortexM3\ARM_GCC_541\Debug\cy_em_eeprom.o"
Deleting file ".\CortexM3\ARM_GCC_541\Debug\cybootloader.o"
Deleting file ".\CortexM3\ARM_GCC_541\Debug\Bootloadable.o"
Deleting file ".\CortexM3\ARM_GCC_541\Debug\Scope_KitProg.hex"
Deleting file ".\CortexM3\ARM_GCC_541\Debug\Scope_KitProg.elf"
Deleting file ".\CortexM3\ARM_GCC_541\Debug\Scope_KitProg.map"
Deleting file ".\CortexM3\ARM_GCC_541\Debug\Scope_KitProg.cyacd"
Deleting file ".\Scope_KitProg.cycdx"
Deleting file ".\Scope_KitProg.svd"
Deleting file ".\Scope_KitProg.rpt"
Deleting file ".\Scope_KitProg_timing.html"
Deleting file ".\CortexM3\ARM_GCC_541\Debug\.deps\SOURCE_C__ARM_GCC_GENERIC.P"
Deleting file ".\CortexM3\ARM_GCC_541\Debug\.deps\SOURCE_ASM__ARM_GCC_GENERIC.P"
--------------- Clean Succeeded: 04/04/2022 09:51:10 ---------------
